imported modules
unpickled corpus and dictionary files
Number of unique tokens: 1466
Number of documents: 316769
logging setup successful
LDA run time: 9225.871386051178
Average topic coherence: -1.7379.
[([(0.03913969, 'citizens united'),
   (0.03319174, 'pass'),
   (0.030997219, 'end citizens united'),
   (0.026846198, 'end'),
   (0.02355005, 'democrats'),
   (0.022619283, 'our movement'),
   (0.02261039, 'fund'),
   (0.02148582, 'sweeping campaign finance reform'),
   (0.021453053, 'end citizens united pac'),
   (0.02143769, 'few email'),
   (0.014715219, 'donald trump'),
   (0.014151555, 'win'),
   (0.012684368, 'build'),
   (0.012637341, 'ask'),
   (0.012331402, 'know'),
   (0.012190432, 'overturn'),
   (0.012127176, 'the next generation'),
   (0.011869573, 'history'),
   (0.011783471, 'the constitutional amendment'),
   (0.011717584, 'fuel')],
  -0.8368967527652486),
 ([(0.03711491, 'nrcc'),
   (0.035470176, 'text'),
   (0.021444693, 'that number'),
   (0.020950466, 'visit'),
   (0.02091566, 'the national republican congressional committee'),
   (0.01916805, 'consent'),
   (0.018790232, 'the nrcc'),
   (0.018123202, 'provide'),
   (0.018113283, 'autodiale and automate call'),
   (0.017838828, '[[url redacted'),
   (0.017507976, 'call'),
   (0.0171028, 'include'),
   (0.017033935, 'end'),
   (0.016705146, 'term'),
   (0.016697317, 'stop'),
   (0.01586786, 'privacy policy'),
   (0.015744265, 'reach'),
   (0.0151038915, 'authorize'),
   (0.0147719355, "any candidate or candidate's committee"),
   (0.01474508, 'your support')],
  -0.8554059097828165),
 ([(0.035747863, 'the nra'),
   (0.03518344, 'end'),
   (0.029517097, 'brady pac'),
   (0.02463611, 'gun violence'),
   (0.024614746, 'pass'),
   (0.022331743, 'lose'),
   (0.022128696, 'life'),
   (0.020749597, '4x-match'),
   (0.020633647, 'power'),
   (0.020099474, 'our work'),
   (0.019675512, 'few email'),
   (0.017361654, 'pac'),
   (0.016727807, 'fund'),
   (0.013111193, 'brady'),
   (0.012880984, 'elect'),
   (0.012606977, 'save'),
   (0.012454474, 'know'),
   (0.011361203, 'care'),
   (0.01116038, 'gun safety activist'),
   (0.011111035, 'go')],
  -0.8713058963321558),
 ([(0.048047844, 'progressive turnout project'),
   (0.027145727, 'democratic voter turnout'),
   (0.020348523, 'increase'),
   (0.01937503, 'few email'),
   (0.016578067, 'election'),
   (0.016481074, 'win'),
   (0.015124575, 'democrats'),
   (0.013860038, 'boost'),
   (0.01370831, 'change'),
   (0.013632051, 'afford'),
   (0.0135656735, 'your help'),
   (0.013488171, 'a 100% grassroots-fund organization'),
   (0.013308947, 'fight'),
   (0.013060339, 'matter'),
   (0.013056449, 'the progressive turnout project'),
   (0.012787961, 'republicans'),
   (0.010819005, 'follow'),
   (0.008588657, 'donald trump'),
   (0.0076670675, 'save'),
   (0.007448836, 'today')],
  -0.8887541177299325),
 ([(0.061911337, 'the dscc'),
   (0.04585006, 'flip'),
   (0.045179635, 'the senate'),
   (0.04056077, 'democrats'),
   (0.026106693, 'the u.s. senate'),
   (0.021440562, 'any candidate or candidate’s committee'),
   (0.020460129, 'a contribution'),
   (0.02016651, 'our work'),
   (0.02008076, 'grassroots supporter'),
   (0.019620555, 'solely'),
   (0.019609489, 'authorize'),
   (0.019547045, 'washington'),
   (0.01953521, 'dedicated'),
   (0.019431485, 'rely'),
   (0.019408807, 'rush'),
   (0.019281978, '[[url redacted'),
   (0.019179158, 'few email'),
   (0.018928649, 'the only committee'),
   (0.01885877, '| po box 96047'),
   (0.018725945, 'gift')],
  -0.9275618092950738),
 ([(0.040002275, 'our campaign'),
   (0.038593646, 'african americans'),
   (0.0385785, 'the political process'),
   (0.036877673, 'pac'),
   (0.027064973, 'promote'),
   (0.025718722, 'supporter'),
   (0.025668813, 'the congressional black caucus'),
   (0.025450677, 'this message'),
   (0.025348965, 'african american participation'),
   (0.025059849, 'few email'),
   (0.021464046, 'congressional black caucus'),
   (0.014663432, 'elect'),
   (0.014648337, 'the poll'),
   (0.014290938, 'washington dc'),
   (0.01400745, 'activate'),
   (0.01400377, 'massachusetts ave'),
   (0.013644174, 'congress'),
   (0.013592503, 'work'),
   (0.013557763, 'our community'),
   (0.013495141, 'non-black ally')],
  -0.9514515281588027),
 ([(0.055430055, 'the dscc'),
   (0.031905703, 'democrats'),
   (0.027877921, 'vote'),
   (0.025487907, 'any candidate or candidate’s committee'),
   (0.023457306, 'your response'),
   (0.023171585, 'record'),
   (0.022872515, 'authorize'),
   (0.022178046, 'a contribution'),
   (0.021249104, 'rely'),
   (0.020712897, '[[url redacted'),
   (0.020706804, 'solely'),
   (0.020640904, 'our work'),
   (0.020301243, 'the u.s. senate'),
   (0.020158142, 'washington'),
   (0.020075925, 'grassroots supporter'),
   (0.019818846, 'few email'),
   (0.019391444, 'dedicated'),
   (0.019364063, 'contribution'),
   (0.019274643, 'deductible'),
   (0.01902548, 'gift')],
  -0.9972633267549578),
 ([(0.065902025, 'wendy davis'),
   (0.038308512, 'congress'),
   (0.02880546, 'flip'),
   (0.023483796, 'wendy'),
   (0.022126012, 'tx-21'),
   (0.021887565, 'our democratic house majority'),
   (0.021607043, 'a donation'),
   (0.02057113, 'our campaign'),
   (0.018619906, 'stay'),
   (0.01818718, 'texas'),
   (0.017741987, 'blue'),
   (0.01689536, 'touch'),
   (0.016775416, 'supporter'),
   (0.016668761, 'believe'),
   (0.016516712, 'the good way'),
   (0.016497523, 'this email'),
   (0.016327914, 'congress email list'),
   (0.016327914, 'the wendy davis'),
   (0.016111558, 'few email'),
   (0.015599786, 'right')],
  -1.0160863958852582),
 ([(0.13611495, '→ chip'),
   (0.04785696, 'chip'),
   (0.046809494, 'the voter protection project'),
   (0.0338103, 'other amount'),
   (0.029969174, 'any candidate'),
   (0.025980614, 'stay'),
   (0.025063992, 'a donation'),
   (0.024022684, 'authorize'),
   (0.02392626, 'believe'),
   (0.02357485, 'supporter'),
   (0.023035659, 'all our email'),
   (0.022518508, "any candidate's committee"),
   (0.02232721, 'few email'),
   (0.022179104, 'the good way'),
   (0.022159792, 'touch'),
   (0.021356806, 'our campaign'),
   (0.017678069, 'today'),
   (0.017079571, 'count'),
   (0.011486114, 'save'),
   (0.009519363, 'the senate')],
  -1.0293071804630831),
 ([(0.05893474, '500%-match'),
   (0.027369773, 'citizens united'),
   (0.024706706, 'pass'),
   (0.020113492, 'win'),
   (0.019307364, 'end citizens united'),
   (0.018688401, 'democrats'),
   (0.017657742, 'fund'),
   (0.017327443, 'end'),
   (0.017000042, 'mark kelly'),
   (0.016353073, 'elect'),
   (0.015939567, 'end citizens united pac'),
   (0.015939122, 'few email'),
   (0.015930394, 'sweeping campaign finance reform'),
   (0.015798727, 'our movement'),
   (0.012115927, 'stop'),
   (0.011842996, 'mcconnell'),
   (0.011743955, 'custom amount'),
   (0.0105286455, 'ask'),
   (0.010378553, 'run'),
   (0.009845311, 'know')],
  -1.0464399365102153),
 ([(0.06444348, 'bold democrats'),
   (0.028508184, 'diverse democrats'),
   (0.02708052, 'elect'),
   (0.018873213, 'the senate'),
   (0.018142167, 'today'),
   (0.017865326, 'change'),
   (0.017314026, 'democrats'),
   (0.017241435, 'victory'),
   (0.01629041, 'few email'),
   (0.016260717, 'trump'),
   (0.014660357, 'bold'),
   (0.010115298, 'win'),
   (0.009266545, 'take'),
   (0.009205374, 'get'),
   (0.009187534, 'flip'),
   (0.00915628, 'raise'),
   (0.009036075, 'end'),
   (0.008955914, 'identify'),
   (0.008907028, 'work'),
   (0.00882602, 'good')],
  -1.0544968161147075),
 ([(0.11457316, 'contribute'),
   (0.023133686, 'president trump'),
   (0.023105226, 'the trump make america great again committee'),
   (0.018989174, 'reach'),
   (0.018442888, 'any amount'),
   (0.018396933, 'team trump'),
   (0.017795607, 'donald j. trump'),
   (0.01680704, 'information'),
   (0.016423954, 'date'),
   (0.01589821, 'make america great again'),
   (0.015591541, 'your support'),
   (0.015541213, 'grassroots supporter'),
   (0.015346699, 'the republican national committee'),
   (0.0139223, 'trump make america great again committee'),
   (0.013618603, 'the effort'),
   (0.013369806, 'appreciate'),
   (0.012917328, 'our grassroots supporter'),
   (0.012767698, 'our team'),
   (0.012514902, 'believe'),
   (0.012350572, 'step')],
  -1.0550528266339492),
 ([(0.38258496, '400%-match'),
   (0.043730337, 'option'),
   (0.017984014, 'end'),
   (0.01730887, 'democrats'),
   (0.017163176, 'our campaign'),
   (0.014399189, 'custom amount'),
   (0.013911411, 'few email'),
   (0.013334343, 'pass'),
   (0.01139046, 'rush'),
   (0.010845229, 'donation'),
   (0.010533807, 'beg'),
   (0.010059795, 'chip'),
   (0.009040515, 'fund'),
   (0.008425052, 'win'),
   (0.008399139, 'elect'),
   (0.007918593, 'citizens united'),
   (0.007803407, 'not authorized'),
   (0.0077938596, 'run'),
   (0.007429889, '| click'),
   (0.0072146445, 'dedicate')],
  -1.100639686988053),
 ([(0.0006821286, 'today'),
   (0.0006821286, 'win'),
   (0.0006821286, 'know'),
   (0.00068212854, 'fight'),
   (0.0006821284, 'save'),
   (0.0006821284, 'few email'),
   (0.0006821284, 'build'),
   (0.0006821284, 'elect'),
   (0.0006821284, 'this email'),
   (0.0006821284, 'go'),
   (0.0006821284, 'friend'),
   (0.0006821284, 'our entire team'),
   (0.0006821284, 'get'),
   (0.0006821284, 'right'),
   (0.0006821284, 'run'),
   (0.0006821284, 'work'),
   (0.0006821284, 'our campaign'),
   (0.0006821284, 'democrats'),
   (0.0006821284, 'chip'),
   (0.0006821284, 'the senate')],
  -1.1281718917633416),
 ([(0.10615671, '500%-match'),
   (0.028661322, 'few email'),
   (0.027075414, 'trump'),
   (0.024127053, 'defeat'),
   (0.022422014, 'end'),
   (0.01888902, 'another amount'),
   (0.018717032, 'afford'),
   (0.017566068, 'today'),
   (0.017424233, 'victory'),
   (0.015313433, 'the senate'),
   (0.014762888, 'po box'),
   (0.014646891, 'this message'),
   (0.0146318935, 'our email'),
   (0.014569227, 'update'),
   (0.014175137, '| click'),
   (0.014105165, 'your email address'),
   (0.014093099, 'work'),
   (0.013857172, 'a contribution'),
   (0.013315506, 'take'),
   (0.013068371, 'a wave')],
  -1.1339466296515424),
 ([(0.06727164, 'this message'),
   (0.062543795, 'few email'),
   (0.055635978, 'our campaign'),
   (0.05052572, 'prefer'),
   (0.04656122, 'supporter'),
   (0.046049953, 'stay'),
   (0.042707194, 'a crucial way'),
   (0.041317202, 'touch'),
   (0.039974816, 'believe'),
   (0.036339447, 'update'),
   (0.033630047, 'your email address'),
   (0.03360087, '[[email_redacted]] | change'),
   (0.024099808, 'reform'),
   (0.023033641, 'elect'),
   (0.022937866, '| click'),
   (0.022676447, 'your support'),
   (0.020956302, 'state'),
   (0.018681776, 'critical'),
   (0.016291862, 'democrats'),
   (0.01482639, 'fight')],
  -1.134783407668367),
 ([(0.00068212877, 'chip'),
   (0.0006821286, 'know'),
   (0.0006821285, '→ chip'),
   (0.0006821285, 'few email'),
   (0.0006821285, 'win'),
   (0.0006821285, 'our campaign'),
   (0.0006821285, 'today'),
   (0.0006821285, 'stay'),
   (0.0006821285, 'save'),
   (0.0006821285, 'congress'),
   (0.0006821284, 'donald trump'),
   (0.0006821284, 'actblue express'),
   (0.0006821284, 'work'),
   (0.0006821284, 'defeat'),
   (0.0006821284, 'this email'),
   (0.0006821284, 'trump'),
   (0.0006821284, 'get'),
   (0.0006821284, 'go'),
   (0.0006821284, 'touch'),
   (0.0006821284, 'sure')],
  -1.161251503949481),
 ([(0.036738843, 'democrats'),
   (0.03408271, 'win'),
   (0.031523876, 'train'),
   (0.02523794, 'fund'),
   (0.023559771, 'the national democratic training committee'),
   (0.02261117, 'imagine'),
   (0.02153241, 'office'),
   (0.021298058, 'run'),
   (0.019979635, 'few email'),
   (0.013394983, '100%'),
   (0.013163151, 'your help'),
   (0.012711283, 'elect'),
   (0.011980855, 'know'),
   (0.011194657, 'dignity'),
   (0.011080465, 'promise'),
   (0.011019639, 'small'),
   (0.01101626, 'honest'),
   (0.0110053085, 'a world'),
   (0.010971939, 'expensive'),
   (0.010893525, 'try')],
  -1.163327373499119),
 ([(0.04385091, 'the nrsc'),
   (0.031867445, 'text'),
   (0.023822857, 'president trump'),
   (0.019895088, 'apply'),
   (0.018983234, 'republicans'),
   (0.018788867, 'great'),
   (0.017179416, 'opt-out'),
   (0.01683143, 'stop'),
   (0.016756136, 'agree'),
   (0.016460095, 'make'),
   (0.016422484, 'prefer'),
   (0.0162983, 'visit'),
   (0.016029522, 'america'),
   (0.015857438, 'federal income tax purpose'),
   (0.015810885, 'charitable contribution'),
   (0.015433171, 'message and datum rate'),
   (0.015306617, 'maga'),
   (0.015277477, 'deductible'),
   (0.015064295, 'contribution'),
   (0.014517808, 'mobile alert')],
  -1.1842355876788175),
 ([(0.03902359, 'texas'),
   (0.03188879, 'express'),
   (0.030109493, 'endorsement'),
   (0.028451703, 'imply'),
   (0.027028272, 'uniform'),
   (0.026807046, 'photograph'),
   (0.02621947, 'know'),
   (0.024693126, 'the department of defense'),
   (0.022322671, 'time'),
   (0.021749398, 'use'),
   (0.016859721, 'win'),
   (0.016164076, 'job title'),
   (0.015081264, 'her military rank'),
   (0.014617654, 'sen. cornyn'),
   (0.0145165855, 'a member'),
   (0.013690726, 'let'),
   (0.012927665, 'november'),
   (0.011917451, 'long'),
   (0.0116981575, 'believe'),
   (0.011620403, 'greatly')],
  -1.2534401104599162),
 ([(0.059459288, 'mark'),
   (0.03954521, 'learn'),
   (0.03120818, 'content'),
   (0.027562695, 'base'),
   (0.026443668, 'alert'),
   (0.024277704, 'special'),
   (0.023410697, 'endorse'),
   (0.02169687, 'read'),
   (0.021385718, 'website'),
   (0.020421153, 'the people'),
   (0.020225538, 'publish'),
   (0.019974858, 'right'),
   (0.019456554, 'take'),
   (0.019357054, 'official'),
   (0.019217895, 'sure'),
   (0.019163119, 'check'),
   (0.019146249, 'find'),
   (0.019036448, 'and/or'),
   (0.018931037, 'subject'),
   (0.01823496, 'united')],
  -1.2686515041431214),
 ([(0.049312446, 'stop'),
   (0.04220206, 'republicans'),
   (0.029725416, 'supporter'),
   (0.029412953, 'this message'),
   (0.028888287, 'few email'),
   (0.022449547, 'order'),
   (0.01706204, 'trump'),
   (0.015832976, 'go'),
   (0.015726639, 'the country'),
   (0.01568653, 'the republican party'),
   (0.015654203, 'chicago'),
   (0.015580091, 'stop republican'),
   (0.015483136, 'stay'),
   (0.015392879, 'power'),
   (0.015391318, 'resist'),
   (0.015329168, 'believe'),
   (0.015305378, 'prefer'),
   (0.0152541045, 'defeat'),
   (0.015069007, '([[url redacted'),
   (0.015064889, 'update')],
  -1.3172115805232185),
 ([(0.025659496, 'joe biden'),
   (0.023443589, 'file'),
   (0.022821166, 'sorry'),
   (0.020967036, 'elect'),
   (0.019725265, 'this email'),
   (0.017530795, 'know'),
   (0.014508818, 'this campaign'),
   (0.01330241, 'friend'),
   (0.012715027, 'president'),
   (0.012082098, 'the soul'),
   (0.011885812, 'get'),
   (0.01133536, 'this nation'),
   (0.011289008, 'fight'),
   (0.011090347, 'today'),
   (0.010959384, 'a lot'),
   (0.010931682, 'reflect'),
   (0.01085752, 'grassroots supporter'),
   (0.010697802, 'complacent'),
   (0.010566662, 'biden'),
   (0.010522512, 'a check')],
  -1.3261414146568347),
 ([(0.039783362, 'end'),
   (0.027032744, 'citizens united'),
   (0.025594827, 'democrats'),
   (0.024307746, 'fund'),
   (0.02349702, 'wonder'),
   (0.022359261, 'billionaire'),
   (0.020182028, 'few email'),
   (0.017618038, 'ultimately'),
   (0.015977126, 'fix'),
   (0.014513184, 'transform'),
   (0.014031926, 'win'),
   (0.013688407, 'know'),
   (0.013528485, 'instead'),
   (0.013393913, 'run'),
   (0.013225146, 'advocate'),
   (0.013150507, 'pass'),
   (0.01253664, 'push'),
   (0.012305734, 'fuel'),
   (0.012156643, 'd.c.'),
   (0.012125913, 'fundraise')],
  -1.3344516693720407),
 ([(0.29128185, 'chip'),
   (0.18780856, 'rush'),
   (0.12232968, 'immediately'),
   (0.0455472, 'another amount'),
   (0.026606038, 'right'),
   (0.022405231, 'raise'),
   (0.020251358, 'defeat'),
   (0.01829921, 'lose'),
   (0.013432515, 'fight'),
   (0.013362407, 'save'),
   (0.013157669, 'your help'),
   (0.008167875, 'step'),
   (0.008165058, 'win'),
   (0.0072290353, 'a donation'),
   (0.0071731596, 'afford'),
   (0.006959842, 'republicans'),
   (0.006062725, 'donation'),
   (0.006003578, 'count'),
   (0.0058944197, 'stop'),
   (0.0050050886, 'donald trump')],
  -1.3581127399036834),
 ([(0.16548571, 'lindsey graham'),
   (0.08975151, 'south carolina'),
   (0.0629985, 'jaime harrison'),
   (0.03981886, 'defeat'),
   (0.03081856, 'the senate'),
   (0.030139271, 'graham'),
   (0.027181333, 'u.s. senate'),
   (0.027078938, 'lindsey'),
   (0.0221709, 'right'),
   (0.021971477, 'chip'),
   (0.0148543995, 'update'),
   (0.01201437, 'run'),
   (0.011448098, 'beat'),
   (0.010795013, 'go'),
   (0.01038288, 'follow'),
   (0.010328035, 'leave'),
   (0.01030316, 'raise'),
   (0.010154273, 'tie'),
   (0.010144522, 'bring'),
   (0.010052863, 'win')],
  -1.369186007110252),
 ([(0.107661664, 'chip'),
   (0.08146655, 'your donation'),
   (0.073720105, 'immediately'),
   (0.07050472, 'save'),
   (0.068935245, 'actblue express'),
   (0.06278811, 'your payment information'),
   (0.020745145, 'another amount'),
   (0.016744649, 'right'),
   (0.015656857, 'win'),
   (0.0128445905, 'fight'),
   (0.012468019, 'go'),
   (0.012402286, 'express donate'),
   (0.01175669, 'our campaign'),
   (0.011704222, 'today'),
   (0.0086531155, 'a donation'),
   (0.007912295, 'pitch'),
   (0.0068389233, 'this election'),
   (0.006832748, 'come'),
   (0.0064971554, 'let'),
   (0.0063394974, 'take')],
  -1.407418484747733),
 ([(0.00068212877, 'vote'),
   (0.0006821287, 'democrats'),
   (0.00068212865, 'few email'),
   (0.00068212865, 'win'),
   (0.00068212865, 'chip'),
   (0.00068212865, 'know'),
   (0.0006821286, 'right'),
   (0.00068212854, 'the dscc'),
   (0.00068212854, 'the senate'),
   (0.00068212854, 'mail'),
   (0.00068212854, 'save'),
   (0.00068212854, 'pass'),
   (0.00068212854, '400%-match'),
   (0.00068212854, 'end'),
   (0.00068212854, 'elect'),
   (0.00068212854, 'trump'),
   (0.00068212854, 'let'),
   (0.00068212854, 'fight'),
   (0.0006821285, 'flip'),
   (0.0006821285, 'donald trump')],
  -1.4368752168619445),
 ([(0.08233832, 'montana'),
   (0.053423148, 'governor'),
   (0.04021417, 'elect'),
   (0.028640477, 'win'),
   (0.022928584, 'thankful'),
   (0.022015834, 'run'),
   (0.019358566, 'fight'),
   (0.0190586, 'dark money'),
   (0.016645547, 'affordable health care'),
   (0.016244838, 'stop'),
   (0.016146777, 'this message'),
   (0.01605185, 'update'),
   (0.015525213, 'right'),
   (0.015335101, 'let'),
   (0.0144620165, 'hope'),
   (0.013884737, 'expand'),
   (0.013430767, 'ensure'),
   (0.013403639, 'know'),
   (0.013282707, 'follow'),
   (0.0132094305, 'continue')],
  -1.4378292794423206),
 ([(0.100434065, 'michigan'),
   (0.029396158, 'the senate'),
   (0.026309023, 'win'),
   (0.020970603, 'right'),
   (0.020606035, 'democrats'),
   (0.019911697, 'protect'),
   (0.019873684, 'the senate blue'),
   (0.019192217, 'stand'),
   (0.01720681, 'the path'),
   (0.016916709, 'few email'),
   (0.016373111, 'fight'),
   (0.015485005, 'know'),
   (0.0146664735, 'take'),
   (0.014348571, 'stay'),
   (0.013681258, 'friend'),
   (0.013478582, 'our value'),
   (0.013459756, 'our top supporter'),
   (0.013129555, 'our email'),
   (0.012959172, 'believe'),
   (0.012021192, 'touch')],
  -1.4517933812647474),
 ([(0.120303065, 'president obama'),
   (0.04800711, 'barack obama'),
   (0.041952714, 'obama'),
   (0.033009693, 'montana'),
   (0.032754313, 'the majority'),
   (0.024757436, 'fight'),
   (0.024610875, 'today'),
   (0.02263922, 'work'),
   (0.020111846, 'win'),
   (0.018021682, 'protect'),
   (0.015002752, 'right'),
   (0.014970428, 'step'),
   (0.014385108, 'know'),
   (0.014332416, 'the senate'),
   (0.013207945, 'real change'),
   (0.012972829, 'chip'),
   (0.012485027, 'our country'),
   (0.012429811, 'our email'),
   (0.012131474, 'lose'),
   (0.011883894, 'order')],
  -1.4600833523451788),
 ([(0.06389874, 'equality'),
   (0.043609742, 'democrats'),
   (0.039717812, 'pac'),
   (0.030014513, 'elect'),
   (0.028683897, 'trump'),
   (0.02744404, 'go'),
   (0.02617128, 'win'),
   (0.024814956, 'defeat'),
   (0.02392401, 'few email'),
   (0.022183819, 'night'),
   (0.021807402, 'president obama'),
   (0.01655301, 'donald trump'),
   (0.016217649, 'day'),
   (0.015763782, 'let'),
   (0.015613706, 'right'),
   (0.015563448, 'important'),
   (0.015323289, 'know'),
   (0.01506736, 'd.c.'),
   (0.014746174, 'november'),
   (0.014708919, 'this one')],
  -1.4653806627011352),
 ([(0.094367854, 'deductible'),
   (0.09109841, 'tax'),
   (0.08288249, 'gift'),
   (0.08190204, 'contribution'),
   (0.04632634, 'this email'),
   (0.036224935, 'amy'),
   (0.034610428, 'authorize'),
   (0.030716665, 'washington'),
   (0.022672987, "any candidate or candidate's committee"),
   (0.01692439, 'team'),
   (0.015987197, 'right'),
   (0.0137819275, 'win'),
   (0.012681229, '[[url redacted'),
   (0.012314634, 'show'),
   (0.01228931, 'stop'),
   (0.012197609, 'take'),
   (0.011210825, 'let'),
   (0.008682526, 'america'),
   (0.008122861, 'pitch'),
   (0.007999398, 'time')],
  -1.4844696672009958),
 ([(0.5662085, 'our movement'),
   (0.42196086, 'dedicate'),
   (0.01010615, 'our most important email'),
   (0.0005189597, 'elect'),
   (0.00020735405, 'feel'),
   (3.8484995e-06, 'chip'),
   (2.0582024e-06, 'save'),
   (7.355503e-07, 'get'),
   (7.086999e-07, 'know'),
   (6.96385e-07, 'go'),
   (6.943238e-07, 'this email'),
   (6.930364e-07, 'change'),
   (6.8207584e-07, 'update'),
   (6.8126764e-07, 'run'),
   (6.8070244e-07, '[[url redacted'),
   (6.80564e-07, 'today'),
   (6.8029664e-07, 'a lot'),
   (6.80248e-07, 'altogether'),
   (6.802334e-07, 'believe'),
   (6.8022325e-07, 'hope')],
  -1.4882333912723051),
 ([(0.052354217, 'high'),
   (0.044855785, 'the stake'),
   (0.044734012, 'woman'),
   (0.044645596, 'elect'),
   (0.037905727, 'our effort'),
   (0.03349998, 'congress'),
   (0.031608317, 'few email'),
   (0.028029088, 'today'),
   (0.022466931, 'this message'),
   (0.022451978, 'our email'),
   (0.018381853, 'hillary clinton'),
   (0.016132921, 'rapidly'),
   (0.015523025, 'let'),
   (0.0149354255, 'go'),
   (0.014675868, 'donald trump'),
   (0.014655878, 'the way'),
   (0.014514754, 'protect'),
   (0.013912886, 'finally'),
   (0.013771253, 'away'),
   (0.013641998, 'every step')],
  -1.5328937981873438),
 ([(0.038822446, 'republicans'),
   (0.037655707, 'stop'),
   (0.026192874, 'supporter'),
   (0.025374822, 'this message'),
   (0.02522365, 'few email'),
   (0.022413695, 'win'),
   (0.017927898, '500%-match'),
   (0.017511455, 'critical'),
   (0.0155242765, 'the republican party'),
   (0.015465885, 'the country'),
   (0.015374313, 'our campaign'),
   (0.015374048, 'defeat'),
   (0.013865224, 'democratic voter turnout'),
   (0.013666664, 'believe'),
   (0.0133938985, 'stop republican'),
   (0.013253802, "candidate's committee"),
   (0.013168443, 'any candidate'),
   (0.013146785, 'your grassroots support'),
   (0.013080072, 'resist'),
   (0.013054183, 'a crucial way')],
  -1.5399153964729748),
 ([(0.23440811, 'mitch mcconnell'),
   (0.1151396, 'mcconnell'),
   (0.058144774, 'the senate'),
   (0.054599486, 'defeat'),
   (0.04414195, 'amy mcgrath'),
   (0.030092964, 'republicans'),
   (0.0278562, 'kentucky'),
   (0.027158745, 'mitch'),
   (0.01941278, 'replace'),
   (0.014321833, 'beat'),
   (0.012823594, 'the poll'),
   (0.012695013, 'win'),
   (0.011777711, 'a vote'),
   (0.011383653, 'right'),
   (0.01065609, 'flip'),
   (0.010551805, 'chip'),
   (0.010233216, 'lose'),
   (0.007954486, 'amy'),
   (0.007773019, 'run'),
   (0.007346949, 'another amount')],
  -1.559079544465259),
 ([(0.08829005, 'chip'),
   (0.054977313, 'the good way'),
   (0.04962123, 'touch'),
   (0.049532983, 'stay'),
   (0.045115516, 'supporter'),
   (0.044429038, 'our campaign'),
   (0.040989466, 'believe'),
   (0.036949787, '→ chip'),
   (0.0366233, 'a donation'),
   (0.027610978, 'few email'),
   (0.02241988, 'other amount'),
   (0.021667318, 'all our email'),
   (0.013953954, 'win'),
   (0.013855087, 'folk'),
   (0.013118163, 'this fall'),
   (0.011513802, 'congress po box'),
   (0.010391449, 'stand'),
   (0.0102607105, 'congress'),
   (0.009417437, 'let'),
   (0.008688572, 'get')],
  -1.579894481597009),
 ([(0.056068424, 'chip'),
   (0.05562224, 'elect'),
   (0.039994575, 'progressives'),
   (0.023182705, 'our work'),
   (0.022751741, 'pass'),
   (0.022515366, 'the progressive caucus'),
   (0.022463655, 'few email'),
   (0.022239154, 'trump'),
   (0.019348599, 'raise'),
   (0.01902761, 'congress'),
   (0.016554454, 'work family'),
   (0.016292775, 'the minimum wage'),
   (0.015861018, 'authorized'),
   (0.01543814, 'a part'),
   (0.014926416, 'progressive caucus'),
   (0.014810007, 'any candidate'),
   (0.014517054, 'congressional progressive caucus pac'),
   (0.014498104, 'candidate’s committee'),
   (0.013532636, 'bernie sanders'),
   (0.012848329, 'republicans')],
  -1.5976971387082124),
 ([(0.23558357, 'president trump'),
   (0.06769379, 'the president'),
   (0.031072129, 'stand'),
   (0.020100003, 'our president'),
   (0.018449854, 'america'),
   (0.015046332, 'president'),
   (0.015008185, 'today'),
   (0.014233514, 'know'),
   (0.013979963, 'endorse'),
   (0.01361793, 'the american people'),
   (0.013547488, 'trump'),
   (0.013211217, '[[url redacted'),
   (0.01091214, 'join'),
   (0.010178229, 'defend'),
   (0.009943647, 'authorize'),
   (0.009264545, 'the white house'),
   (0.009068475, 'work'),
   (0.008303159, 'continue'),
   (0.00808231, 'tonight'),
   (0.007807918, 'stop')],
  -1.615538110011289),
 ([(0.08166401, 'contribution'),
   (0.05167754, 'contribute'),
   (0.040492807, 'report'),
   (0.039002966, 'deductible'),
   (0.03753908, 'require'),
   (0.034566585, 'individual'),
   (0.0334859, 'corporation'),
   (0.03294296, 'prohibit'),
   (0.03173944, 'federal income tax purpose'),
   (0.030078629, 'use'),
   (0.028351374, 'federal law'),
   (0.02759723, 'employer'),
   (0.026864704, 'occupation'),
   (0.02629616, 'the name'),
   (0.023252182, 'charitable contribution'),
   (0.02177226, 'exceed'),
   (0.0214559, 'collect'),
   (0.019586729, 'election'),
   (0.018627709, 'foreign national'),
   (0.018499196, 'mail address')],
  -1.6172108866208335),
 ([(0.06833629, 'ask'),
   (0.060609285, 'know'),
   (0.043223724, 'completely'),
   (0.033478726, 'a lot'),
   (0.022104328, 'people'),
   (0.020742552, 'the u.s. house of representatives'),
   (0.020011503, 'protect'),
   (0.019252025, 'endorse'),
   (0.018634371, 'politic'),
   (0.018162614, 'money'),
   (0.01754579, 'work'),
   (0.017508605, 'run'),
   (0.017438056, 'understand'),
   (0.01732949, 'count'),
   (0.016301155, 'democrats'),
   (0.015960189, 'midnight'),
   (0.013778006, 'fund'),
   (0.0136255715, 'take'),
   (0.013441313, 'let'),
   (0.012845322, 'proud')],
  -1.6414921865337282),
 ([(0.0438858, 'deck'),
   (0.042117067, 'all hand'),
   (0.03523119, 'triple'),
   (0.030269261, 'match'),
   (0.02676431, 'stay'),
   (0.026232604, 'contact'),
   (0.023418931, 'supporter'),
   (0.022528423, 'believe'),
   (0.022323072, 'gift'),
   (0.021035224, 'tax'),
   (0.020859387, 'deductible'),
   (0.018581832, 'democrats'),
   (0.017582774, 'few email'),
   (0.01700962, 'sure'),
   (0.015987607, 'come'),
   (0.015813245, 'your information'),
   (0.015681129, 'update'),
   (0.015613125, 'protect'),
   (0.014978075, 'fight'),
   (0.014505654, 'any question')],
  -1.6433498963251667),
 ([(0.04305984, 'know'),
   (0.028717728, 'work'),
   (0.023524266, 'go'),
   (0.022549229, 'this campaign'),
   (0.020662151, 'come'),
   (0.019673698, 'sure'),
   (0.019166268, 'today'),
   (0.0185114, 'your support'),
   (0.016511481, 'our campaign'),
   (0.015975345, 'hard'),
   (0.014884805, 'let'),
   (0.014247085, 'make'),
   (0.013658658, 'grateful'),
   (0.0129422, 'build'),
   (0.0127651105, 'strong'),
   (0.012603757, 'mean'),
   (0.0125898, 'able'),
   (0.012496563, 'get'),
   (0.011414381, 'hope'),
   (0.011245502, 'see')],
  -1.6563641038892214),
 ([(0.038620766, 'happy'),
   (0.027420439, 'mitch'),
   (0.025688078, 'fellow conservative'),
   (0.024934538, 'reach'),
   (0.022253964, 'order'),
   (0.021627434, 'term'),
   (0.020394351, 'stop'),
   (0.019639984, 'end'),
   (0.019596172, 'today'),
   (0.018909952, 'vary'),
   (0.017544175, 'reply help'),
   (0.01746623, 'conditions'),
   (0.017374085, 'go'),
   (0.017072128, 'msg&dataratesmayapply'),
   (0.01705073, 'message frequency'),
   (0.016918259, 'mobile alert'),
   (0.015587205, 'impact'),
   (0.014702633, 'chuck schumer'),
   (0.014417197, 'count'),
   (0.014304253, 'know')],
  -1.6568341021779611),
 ([(0.04617066, 'contribute'),
   (0.04310048, 'agree'),
   (0.027839014, 'our democratic majority'),
   (0.02277358, 'our democracy'),
   (0.020893069, 'few email'),
   (0.020119008, 'republicans'),
   (0.018496659, 'democrats'),
   (0.017155264, 'trump'),
   (0.016605154, 'his republicans'),
   (0.014921815, '5x-match'),
   (0.014308897, 'everyday'),
   (0.01427382, 'friends'),
   (0.013804424, 'let'),
   (0.013755348, 'different'),
   (0.0136773, 'right'),
   (0.013625838, 'majority'),
   (0.0135704735, 'follow'),
   (0.0129913185, 'result'),
   (0.0129105905, 'protect'),
   (0.012578061, 'the rest')],
  -1.6628307960194841),
 ([(0.058923718, 'this email'),
   (0.058664557, 'update'),
   (0.05564542, 'your preference'),
   (0.054841936, 'this list'),
   (0.054389253, 'change'),
   (0.05354682, 'these email'),
   (0.051110674, 'reserve'),
   (0.045036532, 'our mailing address'),
   (0.044950567, 'all right'),
   (0.033810336, 'your address book'),
   (0.032552216, 'add'),
   (0.030924277, 'mailchimp'),
   (0.02846326, 'view'),
   (0.026593389, 'email marketing powered'),
   (0.02436492, 'your browser'),
   (0.023046913, 'opt'),
   (0.021867575, 'our website'),
   (0.012624806, 'copyright'),
   (0.007694476, 'copyright ©'),
   (0.0067122895, 'this list update subscription preference')],
  -1.6684758119626446),
 ([(0.13421205, 'wish'),
   (0.11871718, 'long'),
   (0.10428898, 'believe'),
   (0.103503406, 'this message'),
   (0.08719675, 'error'),
   (0.03154175, 'united states'),
   (0.028671285, 'today'),
   (0.018375862, 'run'),
   (0.016647851, 'contribute'),
   (0.009496735, 'your support'),
   (0.009247847, 'people'),
   (0.008701518, 'know'),
   (0.008492337, 'friend'),
   (0.0071800845, 'congress po box'),
   (0.007090815, 'go'),
   (0.00674248, 'leave'),
   (0.0062303487, 'get'),
   (0.0055226046, 'united'),
   (0.0053948928, 'order'),
   (0.005367234, 'elect')],
  -1.684378867840579),
 ([(0.045066, 'process'),
   (0.044469908, 'congress'),
   (0.037512057, 'actblue express'),
   (0.03506351, 'your donation'),
   (0.027852388, 'save'),
   (0.027651222, 'anymore'),
   (0.024296535, 'your payment information'),
   (0.023594983, 'immediately'),
   (0.022498898, 'these email'),
   (0.021693038, 'this email'),
   (0.019308044, 'right'),
   (0.018612834, 'store'),
   (0.017859394, 'raise'),
   (0.014487142, 'instantly'),
   (0.013823922, 'united states'),
   (0.013435943, 'fight'),
   (0.012879295, 'your contribution'),
   (0.012103382, 'run'),
   (0.011950262, 'rush'),
   (0.011767259, 'sure')],
  -1.7138706466749472),
 ([(0.08323641, 'vote'),
   (0.06619884, 'let'),
   (0.035294924, 'let america vote'),
   (0.032207895, 'donald trump'),
   (0.032026444, 'america'),
   (0.026699573, 'voting right'),
   (0.023740489, 'defeat'),
   (0.022218306, 'our email'),
   (0.02133432, 'few email'),
   (0.015957927, 'attention'),
   (0.015762052, 'politician'),
   (0.014691383, 'shatter'),
   (0.014469535, 'start'),
   (0.014280995, 'a commitment'),
   (0.014254995, 'earn'),
   (0.014230679, 'the fight'),
   (0.013949399, 'the 2020 election'),
   (0.013805369, 'the time'),
   (0.0137406, 'hit'),
   (0.013713965, 'our constitutional right')],
  -1.7160591281503157),
 ([(0.042971406, 'win'),
   (0.042486247, 'our country'),
   (0.039527252, 'democrats'),
   (0.033888247, 'this election'),
   (0.032879878, 'donald trump'),
   (0.027865665, 'the white house'),
   (0.025422582, 'elect'),
   (0.021826722, 'right'),
   (0.019960834, 'our nation'),
   (0.018773044, 'know'),
   (0.017595591, 'the future'),
   (0.016918546, 'stake'),
   (0.016299406, 'fight'),
   (0.015813148, 'november'),
   (0.015455166, 'america'),
   (0.014106502, 'turn'),
   (0.01321129, 'this country'),
   (0.012904584, 'today'),
   (0.012589151, 'leave'),
   (0.010825263, 'our democracy')],
  -1.744596135418506),
 ([(0.035577983, 'fight'),
   (0.029184096, 'stand'),
   (0.026726766, 'nancy pelosi'),
   (0.025196126, 'today'),
   (0.022912782, 'get'),
   (0.019208396, 'the democrats'),
   (0.01906327, 'congress'),
   (0.018721744, 'know'),
   (0.016607866, 'stop'),
   (0.016173558, 'thing'),
   (0.015543138, 'your help'),
   (0.015188505, 'defeat'),
   (0.014717503, 'count'),
   (0.014366476, 'the left'),
   (0.014239242, 'the house'),
   (0.013452541, 'washington'),
   (0.013388535, 'chip'),
   (0.013061332, 'let'),
   (0.012037556, 'attack'),
   (0.010730775, 'spend')],
  -1.745373732136772),
 ([(0.049410593, 'train'),
   (0.037664656, 'defeat'),
   (0.033743266, 'a wave'),
   (0.03177619, 'nationwide'),
   (0.02753493, 'democratic candidate'),
   (0.024731258, 'the country'),
   (0.024704888, 'depend'),
   (0.023499666, 'fund'),
   (0.023160622, 'elect'),
   (0.022834731, 'our work'),
   (0.020729756, 'few email'),
   (0.019667942, 'trump'),
   (0.015542312, 'republicans'),
   (0.014962672, 'win'),
   (0.01413655, 'staff'),
   (0.013928346, 'the democratic party'),
   (0.013926173, 'money'),
   (0.013909434, 'your part'),
   (0.013791015, 'cost'),
   (0.013248249, 'end')],
  -1.7573124424037576),
 ([(0.0775107, 'georgia'),
   (0.046483472, 'the senate'),
   (0.035177175, 'flip'),
   (0.03488699, 'friend'),
   (0.032662965, 'democrats'),
   (0.03131853, 'win'),
   (0.019764774, 'this email list'),
   (0.01966824, 'run'),
   (0.018834634, 'blue'),
   (0.018295828, 'fight'),
   (0.01706059, 'right'),
   (0.016243331, 'this email'),
   (0.015670843, 'neck'),
   (0.0137424255, 'this race'),
   (0.013462576, 'this seat'),
   (0.012552282, 'provide'),
   (0.012090366, 'elect'),
   (0.0119904475, 'title'),
   (0.0111369975, 'spend'),
   (0.010269256, 'save')],
  -1.7602122989212023),
 ([(0.06046436, 'stand'),
   (0.03738201, 'call'),
   (0.036128234, 'action'),
   (0.025052002, 'america'),
   (0.022429882, 'justice'),
   (0.021729345, 'demand'),
   (0.020542134, 'take'),
   (0.020183083, 'speak'),
   (0.019681225, 'right'),
   (0.018697299, 'let'),
   (0.015586955, 'time'),
   (0.012123259, 'the truth'),
   (0.010939221, 'go'),
   (0.0108615225, 'lose'),
   (0.010743141, 'happen'),
   (0.0106593, 'this email'),
   (0.01048865, 'force'),
   (0.0104019, 'clear'),
   (0.0103513105, 'the country'),
   (0.0092965895, 'join')],
  -1.7667100941198244),
 ([(0.03841026, 'work'),
   (0.029228345, 'serve'),
   (0.025368588, 'fight'),
   (0.017472219, 'today'),
   (0.016863361, 'the people'),
   (0.014942647, 'represent'),
   (0.0145034455, 'continue'),
   (0.013939807, 'join'),
   (0.01333891, 'run'),
   (0.013272238, 'know'),
   (0.01281737, 'proud'),
   (0.012502125, 'our community'),
   (0.012396083, 'people'),
   (0.012115986, 'endorse'),
   (0.0115575595, 'honor'),
   (0.01046618, 'well'),
   (0.010378348, 'deserve'),
   (0.010316338, 'elect'),
   (0.009536284, 'stand'),
   (0.009252084, 'believe')],
  -1.7705391175712741),
 ([(0.269463, 'trump'),
   (0.051966894, 'donald trump'),
   (0.04648642, 'florida'),
   (0.04464685, 'win'),
   (0.03898223, 'biden'),
   (0.031485595, 'joe biden'),
   (0.024685794, 'the election'),
   (0.023655925, 'lose'),
   (0.021576457, 'defeat'),
   (0.021546964, 'democrats'),
   (0.020562313, 'the electoral college'),
   (0.015488517, 'turn'),
   (0.012534554, 'november'),
   (0.011613572, 'go'),
   (0.011006859, 'president'),
   (0.010504955, 'authorize'),
   (0.009853911, 'steal'),
   (0.009664475, 'beat'),
   (0.0086741, 'lie'),
   (0.008515015, 'let')],
  -1.8090407000588034),
 ([(0.07263378, 'our goal'),
   (0.069027685, 'hit'),
   (0.057893556, 'reach'),
   (0.046556763, 'short'),
   (0.040001046, 'raise'),
   (0.03964136, 'close'),
   (0.036438424, 'midnight'),
   (0.026534071, 'right'),
   (0.023666857, 'chip'),
   (0.023572171, 'fall'),
   (0.01941544, 'count'),
   (0.018843254, 'meet'),
   (0.016616525, 'tonight'),
   (0.014977278, 'track'),
   (0.01460022, 'away'),
   (0.013946801, 'this goal'),
   (0.012882473, 'leave'),
   (0.012319161, 'step'),
   (0.011929592, 'afford'),
   (0.011907112, 'important')],
  -1.8155356678545889),
 ([(0.11466644, 'begin'),
   (0.057815965, 'select'),
   (0.049620975, 'complete'),
   (0.048324898, 'your response'),
   (0.037711382, 'respond'),
   (0.030180043, 'your input'),
   (0.027601987, 'survey'),
   (0.02501967, 'the survey'),
   (0.024730725, 'participate'),
   (0.023613043, 'represent'),
   (0.018702101, 'our strategy'),
   (0.018624581, 'choose'),
   (0.017479127, 'know'),
   (0.016770132, 'bryceville'),
   (0.016662974, 'the button'),
   (0.016121794, 'hear'),
   (0.015880402, 'answer'),
   (0.015248967, 'florida'),
   (0.014922184, 'immediately'),
   (0.013128081, 'use')],
  -1.817661730500883),
 ([(0.046489038, 'elect'),
   (0.035277314, 'our country'),
   (0.032383364, 'our house majority'),
   (0.03161576, 'this message'),
   (0.023400905, 'your support'),
   (0.023091083, 'hope'),
   (0.022438431, 'stay'),
   (0.020848427, 'elect democrats'),
   (0.020320095, 'few email'),
   (0.019221675, 'protect'),
   (0.019086534, 'chip'),
   (0.017201474, 'democrats'),
   (0.015764829, 'a moment'),
   (0.014613641, 'key'),
   (0.013723178, 'desperately'),
   (0.013425461, 'important'),
   (0.013185202, 'the fund'),
   (0.013161322, 'found'),
   (0.012815644, 'day'),
   (0.012711464, 'deserve')],
  -1.8251117919111828),
 ([(0.05076638, 'say'),
   (0.012447405, 'come'),
   (0.011890553, 'tell'),
   (0.011738932, 'go'),
   (0.010797439, 'people'),
   (0.0102824075, 'know'),
   (0.009790217, 'write'),
   (0.008996152, 'include'),
   (0.008338237, 'take'),
   (0.008064528, 'call'),
   (0.00785112, 'give'),
   (0.0077980505, 'read'),
   (0.007380584, 'find'),
   (0.0073723863, 'allow'),
   (0.0073255845, 'look'),
   (0.007223519, 'get'),
   (0.0070180953, 'time'),
   (0.0069716517, 'ask'),
   (0.0068905056, 'see'),
   (0.0068287714, 'live')],
  -1.8354586288044055),
 ([(0.25090274, 'congress'),
   (0.05323137, 'run'),
   (0.028813293, 'fight'),
   (0.017031966, 'today'),
   (0.01661529, 'take'),
   (0.015852934, 'represent'),
   (0.014167423, 'win'),
   (0.013909165, 'washington'),
   (0.013549298, 'our campaign'),
   (0.011906605, 'chip'),
   (0.011581045, 'know'),
   (0.011065634, 'your support'),
   (0.010401404, 'congress p.o. box'),
   (0.010183277, 'count'),
   (0.009956, 'a contribution'),
   (0.009455518, 'grow'),
   (0.008993429, 'corporate pac money'),
   (0.008487464, 'your help'),
   (0.008461719, 'pitch'),
   (0.007987457, 'make')],
  -1.8521019952229718),
 ([(0.10234009, 'medicare'),
   (0.034941558, 'pass'),
   (0.029823517, 'glad'),
   (0.029040925, 'our work'),
   (0.028870493, 'our team'),
   (0.02839145, 'long'),
   (0.026594436, 'few email'),
   (0.025425531, 'chip'),
   (0.01692434, 'stand'),
   (0.016467111, 'fight'),
   (0.016398216, 'know'),
   (0.015515611, 'healthcare'),
   (0.015403357, 'die'),
   (0.015329085, 'rise'),
   (0.015323092, 'entirely'),
   (0.01531978, 'grassroots activist'),
   (0.015226306, 'any candidate or candidate committee'),
   (0.0151968105, 'big pharma'),
   (0.015146675, 'the only way'),
   (0.0150708305, 'lot')],
  -1.876735702238303),
 ([(0.12112903, 'safe'),
   (0.11314136, 'stay'),
   (0.05429499, 'north carolina'),
   (0.05357346, 'wisconsin'),
   (0.039571743, 'cancel'),
   (0.03866232, 'hope'),
   (0.036539104, 'person'),
   (0.035654895, 'healthy'),
   (0.031727646, 'work'),
   (0.026894484, 'event'),
   (0.026581788, 'online'),
   (0.022262994, 'fundraise'),
   (0.017510476, 'able'),
   (0.016951028, 'make'),
   (0.015686437, 'take'),
   (0.015121654, 'keep'),
   (0.013479314, 'continue'),
   (0.013325887, 'fight'),
   (0.0127422, 'social distancing'),
   (0.0127396425, 'our campaign')],
  -1.8890255916619008),
 ([(0.1865293, 'save'),
   (0.08791588, 'the usps'),
   (0.06693729, 'the post office'),
   (0.056695495, 'trump'),
   (0.05512524, 'the postal service'),
   (0.035248835, 'mail'),
   (0.029311815, 'vote'),
   (0.01767704, 'destroy'),
   (0.013923036, 'donald trump'),
   (0.012173134, 'fund'),
   (0.010735296, 'right'),
   (0.00953302, 'stop'),
   (0.009449308, 'try'),
   (0.009359102, 'close'),
   (0.009326037, 'congress'),
   (0.009284346, 'shut'),
   (0.008923795, 'run'),
   (0.008142268, 'impossible'),
   (0.007796766, 'act'),
   (0.00773038, 'deliver')],
  -1.907303794825487),
 ([(0.11678596, 'voter'),
   (0.057802323, 'reach'),
   (0.031646684, 'election day'),
   (0.022455469, 'your help'),
   (0.019293062, 'sure'),
   (0.0190749, 'win'),
   (0.018606156, 'cast'),
   (0.016014058, 'their ballot'),
   (0.014185582, 'make'),
   (0.014060574, 'know'),
   (0.013466776, 'our message'),
   (0.012185186, 'volunteer'),
   (0.012138679, 'the district'),
   (0.012096506, 'possible'),
   (0.012074394, 'leave'),
   (0.011849377, 'the vote'),
   (0.011803471, 'call'),
   (0.011249931, 'count'),
   (0.011210567, 'run'),
   (0.010443097, 'your support')],
  -1.9106345280590924),
 ([(0.087071374, 'hear'),
   (0.06402803, 'social security'),
   (0.049739275, 'inform'),
   (0.0481946, 'this email'),
   (0.046371836, 'congress'),
   (0.04367718, 'concern'),
   (0.04030922, 'long'),
   (0.031884983, 'an important way'),
   (0.03176759, 'supporter'),
   (0.030477844, 'instantly'),
   (0.030359486, 'build'),
   (0.027054308, 'question'),
   (0.025451366, 'fight'),
   (0.022474525, 'cut'),
   (0.020338044, 'contact'),
   (0.018102888, 'all our list'),
   (0.016063426, 'protect'),
   (0.012561355, 'washington'),
   (0.012158281, 'medicare'),
   (0.012033729, 'work')],
  -1.9434640474523917),
 ([(0.23586169, 'flip'),
   (0.15504605, 'texas'),
   (0.060693588, 'blue'),
   (0.050184067, 'win'),
   (0.04943272, 'this seat'),
   (0.046618547, 'red'),
   (0.02447891, 'turn'),
   (0.01981053, 'texans'),
   (0.016932603, 'go'),
   (0.016041866, 'democrats'),
   (0.01360715, 'chip'),
   (0.011127991, 'seat'),
   (0.009722432, 'come'),
   (0.0092133265, 'november'),
   (0.008958132, 'your help'),
   (0.008652688, 'this district'),
   (0.007523264, 'close'),
   (0.0075224494, 'ready'),
   (0.00657872, 'the house'),
   (0.0065515074, 'this race')],
  -1.944947875815794),
 ([(0.14206435, 'yes'),
   (0.08484819, 'respond'),
   (0.052718412, 'approve'),
   (0.03887892, 'your response'),
   (0.03878338, 'poll'),
   (0.031898573, 'this poll'),
   (0.029262535, 'no >> unsure'),
   (0.029243946, 'know'),
   (0.025529578, 'donald trump'),
   (0.021823255, 'conduct'),
   (0.021124521, 'open'),
   (0.019662915, 'this email'),
   (0.019039815, 'unsure'),
   (0.018935112, 'represent'),
   (0.018592902, 'think'),
   (0.018060861, 'submit'),
   (0.017099924, 'your input'),
   (0.01588613, 'register'),
   (0.015534802, '30 minute'),
   (0.015213511, 'select')],
  -1.960625472225945),
 ([(0.10693348, 'the senate'),
   (0.06391605, 'democrats'),
   (0.032834064, 'senate'),
   (0.0279796, 'control'),
   (0.020930752, 'flip'),
   (0.01985646, 'stop'),
   (0.018974328, 'outraise'),
   (0.018822942, 'republicans'),
   (0.017513817, 'chuck schumer'),
   (0.015516007, 'sponsor'),
   (0.014452113, 'the senate majority'),
   (0.014347461, 'the daily grind news'),
   (0.014027688, 'defend'),
   (0.013471395, 'fight'),
   (0.012665121, 'lose'),
   (0.011637114, 'million'),
   (0.011415688, 'dr. suite'),
   (0.011397346, 'opt'),
   (0.01108486, '120-137 tucson, az'),
   (0.010808468, 'win')],
  -1.962074149262948),
 ([(0.08061582, 'elect'),
   (0.07747225, 'the ballot'),
   (0.076314524, 'office'),
   (0.0663611, 'ohio'),
   (0.06591525, 'win'),
   (0.06277309, 'this year'),
   (0.061990496, 'run'),
   (0.05300603, 'iowa'),
   (0.036819473, 'candidate'),
   (0.020510536, 'november'),
   (0.019191904, 'our candidate'),
   (0.01819273, 'remove'),
   (0.01788027, 'include'),
   (0.01709432, 'today'),
   (0.01627669, 'election'),
   (0.013149761, 'your support'),
   (0.013059444, 'change'),
   (0.011876049, 'power'),
   (0.008512223, 'state'),
   (0.008460292, 'this email')],
  -1.9686454140365042),
 ([(0.14609572, '600%-match'),
   (0.06507126, 'defeat'),
   (0.03276462, 'graham'),
   (0.031941466, 'crush'),
   (0.030306274, 'win'),
   (0.021987977, 'rush'),
   (0.020818979, 'save'),
   (0.019714978, 'vulnerable'),
   (0.018409643, 'tie'),
   (0.018251175, 'lose'),
   (0.016507609, 'lindsey graham'),
   (0.016463421, 'tied'),
   (0.01645557, 'beg'),
   (0.016070519, 'the poll'),
   (0.015711138, 'the verge'),
   (0.015701188, 'raise'),
   (0.015371826, 'ruin'),
   (0.014827162, 'the supreme court'),
   (0.014078679, 'destroy'),
   (0.013541485, 'november')],
  -1.9708335391222875),
 ([(0.16709529, 'arizona'),
   (0.077472754, 'our ad'),
   (0.07147198, 'the air'),
   (0.068811014, 'mark kelly'),
   (0.04464234, 'win'),
   (0.04119277, 'launch'),
   (0.037119552, 'ad'),
   (0.025100395, 'flip'),
   (0.022371287, 'the airwave'),
   (0.018978573, 'this race'),
   (0.01762805, 'mark'),
   (0.016822746, 'right'),
   (0.015331206, 'run'),
   (0.013804631, 'spend'),
   (0.011691098, 'drown'),
   (0.009666942, 'lose'),
   (0.009594387, 'attack ad'),
   (0.009288662, 'flood'),
   (0.008819954, 'rush'),
   (0.008742381, 'authorize')],
  -1.9917929152049834),
 ([(0.25042102, 'end'),
   (0.15933695, 'month'),
   (0.120026335, 'deadline'),
   (0.09465098, 'goal'),
   (0.06558016, 'quarter'),
   (0.05552522, 'fundraising'),
   (0.030281998, 'final'),
   (0.022245627, 'hit'),
   (0.013822351, 'reach'),
   (0.012643202, 'critical'),
   (0.0086604385, 'august'),
   (0.0077635925, 'meet'),
   (0.0072830357, 'raise'),
   (0.0063145966, 'come'),
   (0.004824742, 'crucial'),
   (0.004739671, 'count'),
   (0.0039539533, 'year'),
   (0.0037958203, 'short'),
   (0.0036614593, 'the election'),
   (0.0036437132, 'away')],
  -1.9963071736897886),
 ([(0.047680885, 'the state'),
   (0.03849587, 'democrats'),
   (0.031248571, 'elect'),
   (0.028186373, 'maine'),
   (0.028066577, 'the country'),
   (0.02683994, 'republicans'),
   (0.0218041, 'authorize'),
   (0.020433709, 'our success'),
   (0.019440474, 'maintain'),
   (0.018832583, 'critical'),
   (0.016780956, 'contribute'),
   (0.016556192, 'our supporter'),
   (0.016511098, 'a contribution'),
   (0.016411271, 'advance'),
   (0.015592689, 'focus'),
   (0.015588992, 'ensure'),
   (0.015450154, 'our effort'),
   (0.015408074, "any candidate or candidate's committee"),
   (0.015127277, 'visit'),
   (0.015122199, 'stop')],
  -2.059915446214649),
 ([(0.073879726, 'join'),
   (0.02880337, '[[url redacted'),
   (0.026679255, 'sign'),
   (0.020496113, 'volunteer'),
   (0.01856589, 'host'),
   (0.017940084, 'rsvp'),
   (0.017371094, 'hope'),
   (0.014713798, '[url redacted'),
   (0.013353037, 'forward'),
   (0.0127547, 'look'),
   (0.012295814, 'share'),
   (0.012091732, 'meet'),
   (0.012078652, 'know'),
   (0.01161206, 'attend'),
   (0.011449451, 'invite'),
   (0.010397914, 'this email'),
   (0.010345965, 'let'),
   (0.010241654, 'talk'),
   (0.009982282, 'discuss'),
   (0.009382856, 'this week')],
  -2.074059496581178),
 ([(0.11115196, 'bring'),
   (0.059916947, 'contribute'),
   (0.04467451, 'home'),
   (0.039349098, 'our community'),
   (0.03564523, 'fight'),
   (0.033082433, 'work'),
   (0.026360469, 'washington'),
   (0.025002765, 'friend'),
   (0.021140197, 'our family'),
   (0.020401582, 'congress'),
   (0.019394767, 'long'),
   (0.018249407, 'stay'),
   (0.018212793, 'the cost'),
   (0.018004268, 'safe'),
   (0.017339494, 'visit'),
   (0.017220592, 'experience'),
   (0.016836006, 'learn'),
   (0.016781906, 'lower'),
   (0.01630884, 'protect'),
   (0.015749408, 'face')],
  -2.080803848813578),
 ([(0.1719671, 'read'),
   (0.05156943, 'this email'),
   (0.04221407, 'know'),
   (0.036433216, 'feel'),
   (0.03321075, 'love'),
   (0.027670242, 'free'),
   (0.021665731, 'keep'),
   (0.020053161, 'reply'),
   (0.018259976, 'post'),
   (0.01795319, 'stop'),
   (0.01605915, '[url redacted'),
   (0.014759904, 'ready'),
   (0.01322947, 'come'),
   (0.013049837, 'protect'),
   (0.012969078, 'proud'),
   (0.01282826, 'find'),
   (0.0123262815, '[[url redacted'),
   (0.012020576, 'friend'),
   (0.011891004, 'replace'),
   (0.011583292, 'check')],
  -2.094441887803802),
 ([(0.3898307, 'sign'),
   (0.07374656, 'demand'),
   (0.039875202, 'the petition'),
   (0.032858364, 'our petition'),
   (0.029753752, 'stand'),
   (0.02862066, 'your name'),
   (0.017845921, 'your signature'),
   (0.01660765, 'trump'),
   (0.014273443, 'collect'),
   (0.012979433, 'signature'),
   (0.01251803, 'stop'),
   (0.011927753, 'immediately'),
   (0.011020261, 'force'),
   (0.010293192, 'my name'),
   (0.009601144, 'allow'),
   (0.008543212, 'the american people'),
   (0.008036662, 'congress'),
   (0.00792144, 'deserve'),
   (0.0077227727, 'love'),
   (0.007525282, 'lie')],
  -2.202757042656715),
 ([(0.07921828, '[[url redacted'),
   (0.06989583, 'change'),
   (0.06280902, 'address'),
   (0.048094995, 'update'),
   (0.04398935, 'stop'),
   (0.037806924, 'your email address'),
   (0.030447451, 'your name'),
   (0.025500812, 'organize'),
   (0.02513426, 'people'),
   (0.02356391, 'build'),
   (0.021599934, 'today'),
   (0.01971996, 'contribute'),
   (0.014745733, 'solidarity'),
   (0.010651999, 'authorize'),
   (0.010324754, 'create'),
   (0.010027974, 'power'),
   (0.009989582, 'remove'),
   (0.00977275, 'our email list'),
   (0.009500434, 'this movement'),
   (0.009316529, 'start')],
  -2.2107579847761665),
 ([(0.087692834, 'president'),
   (0.086785346, 'enter'),
   (0.060452618, 'split'),
   (0.038407654, 'win'),
   (0.028056568, 'automatically'),
   (0.018103678, 'contribution'),
   (0.017413473, 'the primary'),
   (0.0141805755, 'accept'),
   (0.014042538, 'democrats'),
   (0.012012643, 'this email'),
   (0.011903701, 'join'),
   (0.0117051, 'designate'),
   (0.010417451, 'biden'),
   (0.010074678, 'majority'),
   (0.009939795, 'meet'),
   (0.009759776, 'a chance'),
   (0.009612722, 'any amount'),
   (0.0093977, 'chip'),
   (0.008778919, 'elect'),
   (0.008673458, 'list')],
  -2.2131575088015096),
 ([(0.03441929, 'covid-19'),
   (0.025285771, 'pandemic'),
   (0.023098769, 'provide'),
   (0.01817401, 'continue'),
   (0.017176365, 'work'),
   (0.017173965, 'include'),
   (0.012636463, 'school'),
   (0.011797818, 'wear'),
   (0.010828389, '[[url redacted'),
   (0.009580924, 'the coronavirus'),
   (0.009535191, 'business'),
   (0.008911939, 'stay'),
   (0.008841697, 'people'),
   (0.008553563, 'reopen'),
   (0.008369167, 'home'),
   (0.0078327535, 'available'),
   (0.0076475893, 'open'),
   (0.007561953, 'student'),
   (0.007436044, 'require'),
   (0.007358092, 'find')],
  -2.245139988006371),
 ([(0.11922029, 'protect'),
   (0.05097674, 'fight'),
   (0.039735936, 'expand'),
   (0.031752795, 'our democracy'),
   (0.031461272, 'ensure'),
   (0.02296599, 'access'),
   (0.020908419, 'the right'),
   (0.018949876, 'pass'),
   (0.01705688, 'defend'),
   (0.016350824, 'join'),
   (0.016136255, 'our election'),
   (0.01445838, 'work'),
   (0.013565025, 'restore'),
   (0.013538464, 'state'),
   (0.013467343, 'the house'),
   (0.012837942, 'secure'),
   (0.012749109, 'voting right'),
   (0.0113412645, 'today'),
   (0.010540063, 'hard'),
   (0.010474262, 'the fight')],
  -2.2551395169996242),
 ([(0.15818474, 'vote'),
   (0.030264825, 'sure'),
   (0.027226081, 'register'),
   (0.026741732, 'election day'),
   (0.025677627, 'person'),
   (0.024455301, 'mail'),
   (0.02443881, 'your ballot'),
   (0.022783354, 'find'),
   (0.02064093, 'early'),
   (0.019549035, 'today'),
   (0.019446686, 'request'),
   (0.017363036, 'cast'),
   (0.016803514, 'your vote'),
   (0.016281398, 'early voting'),
   (0.015468675, 'count'),
   (0.015338177, 'voting'),
   (0.014882606, 'the poll'),
   (0.012805491, 'check'),
   (0.01237071, 'return'),
   (0.011716678, 'tomorrow')],
  -2.2605588185787413),
 ([(0.14068112, 'express'),
   (0.03101339, 'congress'),
   (0.021670146, 'know'),
   (0.021158025, 'our campaign'),
   (0.02002004, 'our community'),
   (0.01838686, 'stay'),
   (0.017937258, 'represent'),
   (0.017319709, 'visit'),
   (0.017252754, 'run'),
   (0.01657677, 'covid-19'),
   (0.015905466, 'a difficult time'),
   (0.015468057, 'learn'),
   (0.015038571, 'your family'),
   (0.014283738, 'able'),
   (0.013760487, 'this message'),
   (0.0136934295, 'directly'),
   (0.012801874, 'team'),
   (0.012496878, 'pause'),
   (0.012192526, 'safe'),
   (0.012138938, 'little')],
  -2.3257889958264277),
 ([(0.23093675, 'vote'),
   (0.15179239, 'mail'),
   (0.09801563, 'pass'),
   (0.03311561, 'voting'),
   (0.015307951, 'voter'),
   (0.014691642, 'safely'),
   (0.01283909, 'republicans'),
   (0.012712447, 'know'),
   (0.0109922355, 'november'),
   (0.010596613, 'expand'),
   (0.010084005, 'force'),
   (0.010014972, 'bill'),
   (0.0095943, 'suppress'),
   (0.009568696, 'trump'),
   (0.009463023, 'democrats'),
   (0.008425134, 'the bill'),
   (0.008395509, 'cast'),
   (0.008120114, 'block'),
   (0.008023356, 'nationwide'),
   (0.007713027, 'sponsor')],
  -2.325956121943056),
 ([(0.11330224, 'the supreme court'),
   (0.06570495, 'americans'),
   (0.04968097, 'million'),
   (0.02850362, 'fill'),
   (0.028007835, 'the affordable care act'),
   (0.027393267, 'deserve'),
   (0.026510859, 'protect'),
   (0.02392076, 'block'),
   (0.022518264, 'the court'),
   (0.022403229, 'nominate'),
   (0.021702139, 'health care'),
   (0.018678978, 'stop'),
   (0.016939003, 'appoint'),
   (0.01612862, 'fight'),
   (0.016045725, 'away'),
   (0.013760058, 'try'),
   (0.013727426, 'pack'),
   (0.012895795, 'lose'),
   (0.012710552, 'confirm'),
   (0.011902665, 'the american people')],
  -2.35135941696192),
 ([(0.37650266, 'joe biden'),
   (0.18061262, 'kamala harris'),
   (0.0781935, 'joe'),
   (0.042871825, 'kamala'),
   (0.03480692, 'mike pence'),
   (0.030610168, 'biden'),
   (0.029886112, 'vice president'),
   (0.015081533, 'know'),
   (0.012416966, 'pick'),
   (0.012032902, 'announce'),
   (0.012014349, 'choose'),
   (0.011408076, 'president'),
   (0.009641273, 'endorse'),
   (0.009350107, 'officially'),
   (0.009200314, 'head'),
   (0.00910981, 'stand'),
   (0.009015766, 'elizabeth warren'),
   (0.0074947663, 'the white house'),
   (0.005397667, 'bryceville'),
   (0.00518481, 'elect')],
  -2.374783207211521),
 ([(0.3348244, 'face'),
   (0.15780318, 'fully'),
   (0.12165718, 'california'),
   (0.10428091, 'fund'),
   (0.057182122, 'this crisis'),
   (0.048718907, 'tackle'),
   (0.017294563, 'the work'),
   (0.01593801, 'pass'),
   (0.014244847, 'continue'),
   (0.0111997835, 'the united states'),
   (0.009518776, 'washington, dc'),
   (0.00923101, 'fight'),
   (0.008965813, 'the way'),
   (0.008134118, 'create'),
   (0.0069186054, 'authorize'),
   (0.0063322894, 'learn'),
   (0.0061323065, 'any candidate or candidate’s committee'),
   (0.0053223576, 'the nation'),
   (0.0051227137, 'bring'),
   (0.0049130963, 'healthy')],
  -2.381158345769353),
 ([(0.057760917, 'today'),
   (0.042951528, 'win'),
   (0.040933076, 'my campaign'),
   (0.0402979, 'this race'),
   (0.03025222, 'my opponent'),
   (0.029118929, 'try'),
   (0.02030135, 'your help'),
   (0.020250807, 'ask'),
   (0.019444754, '[[url redacted'),
   (0.018539762, 'our campaign'),
   (0.017548434, 'go'),
   (0.01750363, 'your support'),
   (0.016697198, 'know'),
   (0.015326581, 'power'),
   (0.015243407, 'raise'),
   (0.013394023, 'free today'),
   (0.0133313, 'email marketing'),
   (0.012802253, 'constant contact - try'),
   (0.012802253, 'trusted email'),
   (0.012097051, 'free')],
  -2.403894033303087),
 ([(0.0818478, 'colorado'),
   (0.06138498, 'progress'),
   (0.049930245, 'fight'),
   (0.049249575, 'climate change'),
   (0.04754478, 'trust'),
   (0.046505656, 'elect'),
   (0.027742852, 'district'),
   (0.021408765, 'history'),
   (0.019131472, 'authorize'),
   (0.017124217, 'science'),
   (0.016801864, 'expand'),
   (0.016342942, 'ready'),
   (0.0152879, 'getting'),
   (0.014539157, 'congress'),
   (0.014298471, 'fact'),
   (0.013813977, 'our fight'),
   (0.013388087, 'involve'),
   (0.011556972, 'rely'),
   (0.011365073, 'end'),
   (0.011346253, 'your help')],
  -2.4389396233579435),
 ([(0.12929682, 'facebook'),
   (0.11717565, 'twitter'),
   (0.05742955, 'follow'),
   (0.047553267, 'this email'),
   (0.036220983, 'stop'),
   (0.03175875, '[[url redacted'),
   (0.031160515, 'instagram'),
   (0.030084014, 'share'),
   (0.028580578, 'leader'),
   (0.027897585, 'today'),
   (0.024085723, 'united states'),
   (0.023987584, 'join'),
   (0.023804007, 'create'),
   (0.01738961, 'message'),
   (0.015751434, 'friend'),
   (0.014967963, 'a friend'),
   (0.014053037, 'your inbox'),
   (0.013890067, 'directly'),
   (0.013381742, 'check'),
   (0.0120799765, 'social medium')],
  -2.4422327503551653),
 ([(0.34321812, 'add'),
   (0.2705497, 'your name'),
   (0.05583322, 'my name'),
   (0.016938275, 'agree'),
   (0.016899314, 'the list'),
   (0.016546817, 'demand'),
   (0.015829427, 'join'),
   (0.013641611, 'sign'),
   (0.011940689, 'act'),
   (0.011718473, 'sponsor'),
   (0.011016714, 'stand'),
   (0.009239136, 'our petition'),
   (0.009009123, 'americans'),
   (0.0075977123, 'let'),
   (0.0059674224, 'deliver'),
   (0.005633374, 'tell'),
   (0.005330435, 'quickly'),
   (0.0052211937, 'prove'),
   (0.005009518, 'your voice'),
   (0.0047704866, 'thousand')],
  -2.448725665861769),
 ([(0.29109055, 'watch'),
   (0.13059795, 'tonight'),
   (0.10486544, 'celebrate'),
   (0.047417507, 'the debate'),
   (0.04282072, 'debate'),
   (0.039820597, 'live'),
   (0.029945178, 'tune'),
   (0.01784951, 'plan'),
   (0.013136713, 'benefit'),
   (0.0130836805, 'share'),
   (0.012933021, 'miss'),
   (0.012503078, 'small business'),
   (0.011615759, '[[url redacted'),
   (0.010403342, 'last night'),
   (0.010112806, 'close'),
   (0.009528458, 'this email'),
   (0.0095252, 'reclaim'),
   (0.0081335595, 'tomorrow'),
   (0.006587271, 'corporation'),
   (0.00640829, 'hear')],
  -2.594503736697808),
 ([(0.48008105, 'think'),
   (0.13511388, 'tell'),
   (0.080315016, 'wrong'),
   (0.051247407, 'no one'),
   (0.035299037, 'moment'),
   (0.03265382, 'lose'),
   (0.025052007, 'worth'),
   (0.023789221, 'care'),
   (0.02161037, 'believe'),
   (0.015587288, 'deal'),
   (0.014458445, 'prove'),
   (0.013274043, 'away'),
   (0.012660859, 'refuse'),
   (0.011644095, 'late'),
   (0.0073525864, 'progressives'),
   (0.005508194, 'drown'),
   (0.004122924, 'money'),
   (0.0035569167, 'well'),
   (0.0029169088, 'remember'),
   (0.0026455177, 'suffer')],
  -2.728018590763883),
 ([(0.17297293, 'vote'),
   (0.1512954, 'commit'),
   (0.12984273, 'pledge'),
   (0.11314956, 'our lifetime'),
   (0.07818893, 'the most important election'),
   (0.06420001, 'november'),
   (0.052088346, 'florida democrats'),
   (0.038160358, 'our life'),
   (0.03563061, 'the general election'),
   (0.01102776, 'committed'),
   (0.009836378, 'take'),
   (0.0077861072, 'depend'),
   (0.0073803985, 'right'),
   (0.007355371, 'clear'),
   (0.006971735, 'way'),
   (0.0066349762, 'the line'),
   (0.006283803, '100%'),
   (0.005637591, 'this november'),
   (0.005379202, 'ignore'),
   (0.0048616347, 'mark')],
  -2.7364572358138233),
 ([(0.33922368, 'url'),
   (0.3288633, 'redacted'),
   (0.057147942, 'subscribe'),
   (0.046860993, 'this email'),
   (0.03923079, 'this list'),
   (0.03354761, '[[url redacted'),
   (0.030177917, '([[url redacted'),
   (0.021973623, 'contact'),
   (0.017479692, 'simply'),
   (0.017432041, 'question'),
   (0.016709229, 'ignore'),
   (0.01107299, 'this link'),
   (0.010677467, 'mailchimp'),
   (0.0072281216, 'the button'),
   (0.0059090583, 'the link'),
   (0.0038863923, 'use'),
   (0.0029131782, 'visit'),
   (0.0015566654, 'authorize'),
   (0.0010733755, 'miss'),
   (0.0010264544, 'slow')],
  -2.7847167036395053),
 ([(0.7264446, 'hold'),
   (0.18812677, 'accountable'),
   (0.028021447, 'the house'),
   (0.006947075, 'office'),
   (0.0065488676, 'the american people'),
   (0.0030681123, 'pause'),
   (0.0030674536, 'refuse'),
   (0.002612313, 'return'),
   (0.0025137288, 'steal'),
   (0.002485451, 'make'),
   (0.0024810496, 'hear'),
   (0.002231858, 'yesterday'),
   (0.0020545304, 'let'),
   (0.001956408, 'say'),
   (0.0016481789, 'leave'),
   (0.0015573826, 'cover'),
   (0.0015404405, 'the united states senate'),
   (0.0010245099, 'the fact'),
   (0.00090976903, 'answer'),
   (0.00088159856, 'understand')],
  -2.793937921710852),
 ([(0.22524728, 'confirm'),
   (0.10839313, 'finish'),
   (0.07947516, 'expect'),
   (0.06983237, 'last week'),
   (0.054187, 'notice'),
   (0.05159467, 'check'),
   (0.036731467, 'strong'),
   (0.036161672, 'remain'),
   (0.02211929, 'our record'),
   (0.01938449, 'correct'),
   (0.01809449, 'your time'),
   (0.014830989, 'review'),
   (0.014749367, 'track'),
   (0.012721558, 'your record'),
   (0.012657723, 'prepare'),
   (0.011948302, 'open'),
   (0.010803185, 'officially'),
   (0.009593917, 'date'),
   (0.009494282, 'give'),
   (0.009304915, 'come')],
  -2.805011184208149),
 ([(0.31352842, 'match'),
   (0.045056675, 'double'),
   (0.026821924, 'rush'),
   (0.022598919, 'raise'),
   (0.020836923, 'matched'),
   (0.019259296, 'expire'),
   (0.019003836, 'right'),
   (0.017930802, 'all donation'),
   (0.017039588, 'dollar'),
   (0.017023565, 'midnight'),
   (0.016923083, 'offer'),
   (0.01614818, 'a group'),
   (0.015172534, 'your gift'),
   (0.014278005, '5x-match'),
   (0.013053253, 'step'),
   (0.012925942, 'extend'),
   (0.012800518, 'every dollar'),
   (0.012436357, 'triple'),
   (0.01171648, 'advantage'),
   (0.011596132, 'donor')],
  -2.8509082405363153)]
LDA on full corpus complete!
