imported modules
unpickled corpus and dictionary files
Number of unique tokens: 1477
Number of documents: 316769
logging setup successful
LDA run time: 8910.8374376297
Average topic coherence: -1.6040.
[([(0.04147266, 'click'),
   (0.032971922, 'like'),
   (0.030742755, 'citizens united'),
   (0.028015984, 'donate'),
   (0.026717592, 'pass'),
   (0.023289744, 'end citizens united'),
   (0.020925574, 'end'),
   (0.018819587, 'fund'),
   (0.01861137, 'democrats'),
   (0.017750993, 'our movement'),
   (0.01758799, 'email'),
   (0.017495237, 'thank'),
   (0.01737867, 'send'),
   (0.016719142, 'sweeping campaign finance reform'),
   (0.01669964, 'end citizens united pac'),
   (0.016492436, 'few email'),
   (0.012018069, 'win'),
   (0.010344963, 'know'),
   (0.010180883, 'donald trump'),
   (0.010133481, 'build')],
  -0.8085668583046294),
 ([(0.09301582, 'click'),
   (0.08854887, 'like'),
   (0.04382575, 'this message'),
   (0.03864785, 'send'),
   (0.03780586, 'few email'),
   (0.035325542, 'our campaign'),
   (0.028956132, 'supporter'),
   (0.027140453, 'stay'),
   (0.02706048, 'touch'),
   (0.02612318, 'believe'),
   (0.026063463, 'a crucial way'),
   (0.023086982, 'thank'),
   (0.022206103, 'update'),
   (0.02196057, 'elect'),
   (0.021241426, 'your email address'),
   (0.020680653, 'email'),
   (0.020335784, '[[email_redacted]] | change'),
   (0.019089108, 'support'),
   (0.018760381, 'prefer'),
   (0.018268427, 'email_redacted')],
  -0.8435023016655974),
 ([(0.39897555, 'chip'),
   (0.114211954, 'immediately'),
   (0.035529125, 'save'),
   (0.02597182, 'your donation'),
   (0.025366401, 'another amount'),
   (0.022234758, 'actblue express'),
   (0.020623181, 'your payment information'),
   (0.019548569, 'right'),
   (0.015409554, 'need'),
   (0.012032174, 'help'),
   (0.011176602, 'like'),
   (0.01068497, 'fight'),
   (0.008527179, 'win'),
   (0.008293187, 'few email'),
   (0.008099657, 'count'),
   (0.0078714425, 'ask'),
   (0.00749113, 'today'),
   (0.0072806343, 'send'),
   (0.0058528557, 'step'),
   (0.005467285, 'go')],
  -0.8868048153918896),
 ([(0.056670193, 'click'),
   (0.04707789, 'like'),
   (0.028917385, 'democrats'),
   (0.026496835, 'win'),
   (0.024706217, 'train'),
   (0.023858534, 'donate'),
   (0.020064037, 'fund'),
   (0.018501427, 'the national democratic training committee'),
   (0.018189969, 'support'),
   (0.017669562, 'imagine'),
   (0.01703423, 'office'),
   (0.017008811, 'run'),
   (0.0166294, 'want'),
   (0.016428214, 'thank'),
   (0.015453474, 'few email'),
   (0.01109569, 'email_redacted'),
   (0.010526095, 'your help'),
   (0.01051155, '100%'),
   (0.009963957, 'know'),
   (0.009682677, 'elect')],
  -0.901059566999563),
 ([(0.034426574, 'click'),
   (0.030108396, 'the nra'),
   (0.029188754, 'end'),
   (0.024879823, 'brady pac'),
   (0.021532277, 'pass'),
   (0.021233913, 'donate'),
   (0.020649696, 'thank'),
   (0.020039324, 'gun violence'),
   (0.018790344, 'life'),
   (0.018588671, 'lose'),
   (0.017437458, 'support'),
   (0.017295629, 'power'),
   (0.017184203, 'send'),
   (0.01694857, 'our work'),
   (0.016754547, 'like'),
   (0.016348062, 'few email'),
   (0.01566438, '4x-match'),
   (0.014602815, 'pac'),
   (0.014177597, 'fund'),
   (0.013854633, 'help')],
  -0.9614415802849264),
 ([(0.0430288, 'help'),
   (0.03700463, 'nrcc'),
   (0.035247836, 'text'),
   (0.020853726, 'the national republican congressional committee'),
   (0.018976439, 'the nrcc'),
   (0.018851714, 'term'),
   (0.018727876, 'that number'),
   (0.01815722, '[[url redacted'),
   (0.016995275, 'call'),
   (0.016773978, 'stop'),
   (0.016625473, 'consent'),
   (0.016468447, 'president trump'),
   (0.016240017, 'visit'),
   (0.015941432, 'include'),
   (0.01584546, 'autodiale and automate call'),
   (0.01565292, "any candidate or candidate's committee"),
   (0.015649434, 'authorize'),
   (0.014957798, 'provide'),
   (0.014861469, 'end'),
   (0.014060996, 'thank')],
  -1.0092609518107065),
 ([(0.0719191, 'the dscc'),
   (0.06319851, 'click'),
   (0.04712212, 'like'),
   (0.045146476, 'support'),
   (0.034363892, 'democrats'),
   (0.034224827, 'donate'),
   (0.02874166, 'the u.s. senate'),
   (0.026943857, 'any candidate or candidate’s committee'),
   (0.024770776, 'a contribution'),
   (0.024475798, 'our work'),
   (0.024227086, 'grassroots supporter'),
   (0.023994908, 'solely'),
   (0.023627384, '[[url redacted'),
   (0.023598392, 'dedicated'),
   (0.023567932, 'rely'),
   (0.023380617, 'washington'),
   (0.023171863, 'contribution'),
   (0.023157077, 'gift'),
   (0.023109313, 'tax'),
   (0.023028314, 'deductible')],
  -1.0246176314487419),
 ([(0.047149487, 'click'),
   (0.046200063, 'bold democrats'),
   (0.036503885, 'like'),
   (0.03231496, 'donate'),
   (0.02121867, 'diverse democrats'),
   (0.021175163, 'elect'),
   (0.015969004, 'today'),
   (0.015560452, 'the senate'),
   (0.015282175, 'change'),
   (0.015216988, 'few email'),
   (0.014837973, 'victory'),
   (0.01409831, 'email'),
   (0.0140058575, 'democrats'),
   (0.013047026, 'trump'),
   (0.012862117, 'thank'),
   (0.01052361, 'bold'),
   (0.009608458, 'email_redacted'),
   (0.00953004, 'donald trump’s presidency'),
   (0.0092786625, 'want'),
   (0.008939308, 'engage')],
  -1.0882401655135328),
 ([(0.042307764, 'like'),
   (0.040383607, 'click'),
   (0.035300028, 'elect'),
   (0.027818007, 'our country'),
   (0.024638087, 'need'),
   (0.024612404, 'our house majority'),
   (0.024065852, 'this message'),
   (0.017988091, 'donate'),
   (0.0178049, 'support'),
   (0.017413745, 'your support'),
   (0.017312448, 'send'),
   (0.017295483, 'thank'),
   (0.01702487, 'help'),
   (0.016833287, 'stay'),
   (0.016758466, 'hope'),
   (0.016376182, 'email'),
   (0.015584547, 'elect democrats'),
   (0.015293844, 'few email'),
   (0.015021219, 'protect'),
   (0.013770454, 'chip')],
  -1.0966165491230817),
 ([(0.049446646, 'click'),
   (0.039897677, 'like'),
   (0.032304306, 'our campaign'),
   (0.031455386, 'african americans'),
   (0.031443026, 'the political process'),
   (0.029993853, 'pac'),
   (0.022031715, 'promote'),
   (0.021350661, 'send'),
   (0.020921292, 'the congressional black caucus'),
   (0.020767068, 'supporter'),
   (0.020660842, 'african american participation'),
   (0.020554414, 'this message'),
   (0.02013021, 'donate'),
   (0.020062208, 'few email'),
   (0.017494174, 'congressional black caucus'),
   (0.012645841, 'help'),
   (0.012341575, 'thank'),
   (0.012094409, 'washington dc'),
   (0.011654894, 'the poll'),
   (0.011600498, 'activate')],
  -1.1007528828292765),
 ([(0.040471695, 'progressive turnout project'),
   (0.038604237, 'click'),
   (0.03843313, 'donate'),
   (0.026338471, 'like'),
   (0.022859013, 'democratic voter turnout'),
   (0.017125282, 'increase'),
   (0.016329976, 'few email'),
   (0.015177385, 'need'),
   (0.014028026, 'election'),
   (0.013687736, 'win'),
   (0.012854176, 'democrats'),
   (0.012302257, 'thank'),
   (0.011804629, 'boost'),
   (0.011724633, 'change'),
   (0.01156176, 'afford'),
   (0.011364004, 'a 100% grassroots-fund organization'),
   (0.011326573, 'your help'),
   (0.011154849, 'fight'),
   (0.010999605, 'the progressive turnout project'),
   (0.010995668, 'matter')],
  -1.117433544233359),
 ([(0.19922921, 'match'),
   (0.048152283, 'like'),
   (0.037554618, 'click'),
   (0.034889594, 'triple'),
   (0.02979867, 'email'),
   (0.027508315, 'deck'),
   (0.02639976, 'all hand'),
   (0.01944847, 'thank'),
   (0.018614106, 'democrats'),
   (0.01796972, 'need'),
   (0.016560432, 'double'),
   (0.01343766, 'come'),
   (0.01204122, 'protect'),
   (0.011295388, 'go'),
   (0.01126057, 'email_redacted'),
   (0.011140727, 'fight'),
   (0.010935314, 'your support'),
   (0.010596455, 'rush'),
   (0.009957974, 'end'),
   (0.009810127, 'send')],
  -1.1260399065235673),
 ([(0.03644063, 'president trump'),
   (0.034354385, 'the nrsc'),
   (0.029419474, 'text'),
   (0.025865262, 'republicans'),
   (0.02347316, 'stop'),
   (0.019853598, 'great'),
   (0.017630734, 'opt-out'),
   (0.016967695, 'apply'),
   (0.016763426, 'need'),
   (0.01668824, 'agree'),
   (0.016495565, 'defend'),
   (0.016416524, 'make'),
   (0.015597176, "any candidate or candidate's committee"),
   (0.015375143, 'message and datum rate'),
   (0.015297646, 'authorize'),
   (0.015248753, 'maga'),
   (0.0149884885, 'america'),
   (0.014843976, 'charitable contribution'),
   (0.014828123, 'federal income tax purpose'),
   (0.014785599, 'url')],
  -1.149933573911306),
 ([(0.12639605, 'vote'),
   (0.06921594, 'mail'),
   (0.039489724, 'pass'),
   (0.03752463, 'let'),
   (0.032427445, 'click'),
   (0.02666506, 'need'),
   (0.026257936, 'donate'),
   (0.021397755, 'donald trump'),
   (0.018046927, 'let america vote'),
   (0.017470758, 'voting right'),
   (0.016837109, 'want'),
   (0.016346259, 'america'),
   (0.015330229, 'few email'),
   (0.015296115, 'like'),
   (0.01344275, 'republicans'),
   (0.013415616, 'our email'),
   (0.012636686, 'defeat'),
   (0.011357144, 'the 2020 election'),
   (0.010324194, 'fight'),
   (0.010000925, 'support')],
  -1.1545961534097529),
 ([(0.04729753, 'equality'),
   (0.04453886, 'like'),
   (0.040177464, 'click'),
   (0.033823263, 'pac'),
   (0.033554416, 'democrats'),
   (0.031116206, 'donate'),
   (0.028410507, 'email'),
   (0.022854336, 'elect'),
   (0.021858595, 'trump'),
   (0.021746367, 'go'),
   (0.020369144, 'win'),
   (0.019451486, 'defeat'),
   (0.019007262, 'thank'),
   (0.018393256, 'few email'),
   (0.017915664, 'president obama'),
   (0.017478406, 'night'),
   (0.012848685, 'know'),
   (0.0128436405, 'donald trump'),
   (0.012533063, 'day'),
   (0.012516478, 'right')],
  -1.1623751404164484),
 ([(0.094308585, 'south carolina'),
   (0.06848621, 'lindsey graham'),
   (0.05689968, 'like'),
   (0.05094114, 'click'),
   (0.044989415, 'jaime harrison'),
   (0.03156893, 'u.s. senate'),
   (0.022972496, 'defeat'),
   (0.020206414, 'need'),
   (0.020073522, 'chip'),
   (0.01954938, 'lindsey'),
   (0.018104317, 'right'),
   (0.01651707, 'update'),
   (0.015290997, 'bring'),
   (0.014502054, 'help'),
   (0.014097928, 'donate'),
   (0.013557263, 'the senate'),
   (0.0135475295, 'run'),
   (0.013192514, 'follow'),
   (0.011918275, 'go'),
   (0.011794107, 'leave')],
  -1.1635286623707422),
 ([(0.174243, 'the senate'),
   (0.08344928, 'flip'),
   (0.076176964, 'arizona'),
   (0.045588978, 'democrats'),
   (0.04335412, 'mark kelly'),
   (0.033665624, 'win'),
   (0.03064386, 'donate'),
   (0.022740353, 'any candidate or candidate committee'),
   (0.022588443, 'elect'),
   (0.021680012, 'rush'),
   (0.016831415, 'help'),
   (0.016798371, 'lose'),
   (0.015640702, 'mitch mcconnell'),
   (0.014286147, 'control'),
   (0.013591254, 'like'),
   (0.013312397, 'save'),
   (0.011605713, 'right'),
   (0.009798608, 'authorize'),
   (0.009488082, 'need'),
   (0.009214879, 'thank')],
  -1.1757077704216283),
 ([(0.1318873, 'wish'),
   (0.11754269, 'long'),
   (0.10271232, 'email'),
   (0.10079, 'this message'),
   (0.09670483, 'believe'),
   (0.0868451, 'error'),
   (0.029670086, 'united states'),
   (0.024754656, 'today'),
   (0.015781384, 'run'),
   (0.014238508, 'contribute'),
   (0.011573788, 'need'),
   (0.010873649, 'thank'),
   (0.007792875, 'congress po box'),
   (0.0077694138, 'friend'),
   (0.007610127, 'donate'),
   (0.006694681, 'help'),
   (0.0065207966, 'your support'),
   (0.0065149525, 'elect'),
   (0.005603207, 'go'),
   (0.0053212624, 'represent')],
  -1.1877070074937794),
 ([(0.21353275, 'donate'),
   (0.075078286, 'your donation'),
   (0.06364443, 'immediately'),
   (0.05960968, 'actblue express'),
   (0.05824732, 'save'),
   (0.051595353, 'your payment information'),
   (0.028402131, 'click'),
   (0.022307815, 'help'),
   (0.022075288, 'another amount'),
   (0.019877264, 'process'),
   (0.017111305, 'need'),
   (0.013480367, 'chip'),
   (0.012680347, 'right'),
   (0.011741635, 'rush'),
   (0.011194721, 'thank'),
   (0.010896098, 'express donate'),
   (0.009905268, 'a donation'),
   (0.0094218245, 'fight'),
   (0.008183691, 'congress'),
   (0.007850606, 'support')],
  -1.18773417652701),
 ([(0.03773688, 'democrats'),
   (0.03241762, 'fight'),
   (0.03104281, 'donate'),
   (0.030240057, 'win'),
   (0.026919216, 'like'),
   (0.026438273, 'the country'),
   (0.025547802, 'elect'),
   (0.021765973, 'today'),
   (0.021521471, 'help'),
   (0.018726189, 'a contribution'),
   (0.01685255, 'build'),
   (0.015934395, 'authorize'),
   (0.015159598, 'send'),
   (0.013228563, 'email'),
   (0.01290864, 'need'),
   (0.012209683, 'republicans'),
   (0.01155768, 'split'),
   (0.010494148, 'go'),
   (0.010023168, 'a part'),
   (0.009736269, 'stop')],
  -1.1995709846819342),
 ([(0.055080287, 'click'),
   (0.04185292, 'donate'),
   (0.035776112, 'like'),
   (0.02862247, 'republicans'),
   (0.028286453, 'stop'),
   (0.019814689, 'send'),
   (0.01911422, 'supporter'),
   (0.01910267, 'this message'),
   (0.018907266, 'few email'),
   (0.018548122, '([[url redacted'),
   (0.017666185, '600%-match'),
   (0.016005373, 'win'),
   (0.012890333, 'critical'),
   (0.012869603, '500%-match'),
   (0.012729825, 'email_redacted'),
   (0.011450672, 'our campaign'),
   (0.011244703, 'the country'),
   (0.011061908, 'help'),
   (0.010727555, 'email'),
   (0.010542381, 'believe')],
  -1.209745544269705),
 ([(0.07115403, 'contact'),
   (0.068203196, 'the campaign'),
   (0.065541536, 'like'),
   (0.055787817, 'pennsylvania'),
   (0.042056624, 'click'),
   (0.03993226, 'update'),
   (0.038665235, 'concern'),
   (0.034174863, 'email'),
   (0.032601636, 'appreciate'),
   (0.0315913, 'stay'),
   (0.030499805, 'supporter'),
   (0.029331736, 'any question'),
   (0.027087683, 'hate'),
   (0.026631324, 'your information'),
   (0.026110116, 'this email'),
   (0.025333183, 'believe'),
   (0.023785574, 'email_redacted'),
   (0.023611102, 'send'),
   (0.021561487, 'need'),
   (0.020151649, 'know')],
  -1.2168378576316206),
 ([(0.06725531, 'defeat'),
   (0.055409193, 'donate'),
   (0.042543806, 'help'),
   (0.038263176, 'win'),
   (0.03725123, 'your help'),
   (0.03718041, 'need'),
   (0.035316, 'rush'),
   (0.031259622, 'fight'),
   (0.030746622, 'like'),
   (0.029185018, 'buy'),
   (0.026662132, 'california'),
   (0.024468487, 'spend'),
   (0.02142472, 'november'),
   (0.020116484, 'try'),
   (0.019969828, 'right'),
   (0.019580916, 'click'),
   (0.016561434, 'elect'),
   (0.01592143, 'stop'),
   (0.015126314, 'republicans'),
   (0.014105037, 'your support')],
  -1.2504438755485092),
 ([(0.14708456, 'save'),
   (0.110426575, 'rush'),
   (0.06906968, 'the usps'),
   (0.05295489, 'the post office'),
   (0.046318572, 'trump'),
   (0.043634232, 'the postal service'),
   (0.038259838, 'mail'),
   (0.02905207, 'vote'),
   (0.021356605, 'donate'),
   (0.015898814, 'destroy'),
   (0.014207957, 'right'),
   (0.011210963, 'tell'),
   (0.011143929, 'need'),
   (0.010512853, 'fund'),
   (0.01046975, 'raise'),
   (0.010016509, 'donald trump'),
   (0.009236531, 'close'),
   (0.008654948, 'another amount'),
   (0.008525581, 'run'),
   (0.0083697215, 'stop')],
  -1.2547490603190028),
 ([(0.07435093, 'like'),
   (0.07110466, 'click'),
   (0.042413592, 'donate'),
   (0.03711172, 'high'),
   (0.03225742, 'the stake'),
   (0.031639688, 'elect'),
   (0.03005515, 'our effort'),
   (0.024404848, 'congress'),
   (0.023375528, 'few email'),
   (0.023326049, 'woman'),
   (0.019877817, 'support'),
   (0.019778525, 'today'),
   (0.017522365, 'send'),
   (0.017281773, 'email_redacted'),
   (0.016894981, 'this message'),
   (0.016551023, 'our email'),
   (0.013271655, 'need'),
   (0.0121263815, 'hillary clinton'),
   (0.01199634, 'help'),
   (0.011639848, 'rapidly')],
  -1.3193991464951573),
 ([(0.052135188, 'wendy davis'),
   (0.048552737, 'like'),
   (0.03772919, 'click'),
   (0.02976026, 'congress'),
   (0.02852811, 'donate'),
   (0.023557058, 'flip'),
   (0.018577939, 'wendy'),
   (0.017503941, 'tx-21'),
   (0.017326597, 'our democratic house majority'),
   (0.017216237, 'a donation'),
   (0.01631472, 'our campaign'),
   (0.014757458, 'stay'),
   (0.014287658, 'blue'),
   (0.014058612, 'texas'),
   (0.013523699, 'this email'),
   (0.013454456, 'supporter'),
   (0.013378322, 'touch'),
   (0.0132815465, 'believe'),
   (0.01318285, 'the good way'),
   (0.012916815, 'congress email list')],
  -1.329524929215461),
 ([(0.1150424, 'like'),
   (0.079102576, '→ chip'),
   (0.077927075, 'click'),
   (0.053084943, 'chip'),
   (0.0413234, 'the good way'),
   (0.032303236, 'stay'),
   (0.031424884, 'supporter'),
   (0.02997718, 'touch'),
   (0.029933443, 'believe'),
   (0.029702289, 'a donation'),
   (0.029188883, 'our campaign'),
   (0.028644877, 'support'),
   (0.028443508, 'email'),
   (0.025453787, 'other amount'),
   (0.024524294, 'few email'),
   (0.02277159, 'all our email'),
   (0.019554196, 'the voter protection project'),
   (0.011305006, "any candidate's committee"),
   (0.011227558, 'any candidate'),
   (0.010501703, 'help')],
  -1.3362917712185387),
 ([(0.10679929, 'mark'),
   (0.09098785, 'check'),
   (0.034150597, 'base'),
   (0.03184722, 'sure'),
   (0.028735522, 'subject'),
   (0.028557703, 'take'),
   (0.02803641, 'endorse'),
   (0.027911156, 'action'),
   (0.027335566, 'the people'),
   (0.02620065, 'website'),
   (0.025475772, 'like'),
   (0.024910722, 'safeguard'),
   (0.02483119, 'special'),
   (0.024427373, 'and/or'),
   (0.023539547, 'find'),
   (0.021437474, 'send'),
   (0.021393087, 'united'),
   (0.019316422, 'publish'),
   (0.017571557, 'our email'),
   (0.017085895, 'this email')],
  -1.34020710951197),
 ([(0.17910446, 'mitch mcconnell'),
   (0.09944413, 'mcconnell'),
   (0.05202643, 'defeat'),
   (0.04626734, 'donate'),
   (0.0420684, 'the senate'),
   (0.03404359, 'amy mcgrath'),
   (0.030810203, 'like'),
   (0.025847308, 'republicans'),
   (0.019798191, 'kentucky'),
   (0.01541205, 'mitch'),
   (0.014432935, 'need'),
   (0.014134504, 'win'),
   (0.01356412, 'right'),
   (0.0127230305, 'beat'),
   (0.012326397, 'rush'),
   (0.0119758, 'another amount'),
   (0.011081551, 'the poll'),
   (0.01089939, 'lose'),
   (0.009912819, 'click'),
   (0.009572645, 'replace')],
  -1.3431087001400266),
 ([(0.058204334, 'this email'),
   (0.055449866, 'update'),
   (0.0522461, 'your preference'),
   (0.051697385, 'this list'),
   (0.05138814, 'change'),
   (0.0497694, 'these email'),
   (0.047235157, 'reserve'),
   (0.04645329, 'want'),
   (0.04249625, 'our mailing address'),
   (0.04199625, 'all right'),
   (0.031975776, 'your address book'),
   (0.030532505, 'add'),
   (0.029151583, 'mailchimp'),
   (0.02709173, 'view'),
   (0.02509362, 'email marketing powered'),
   (0.02377754, 'your browser'),
   (0.021126177, 'opt'),
   (0.020920964, 'our website'),
   (0.016809095, 'donate'),
   (0.011912674, 'copyright')],
  -1.3526655799420657),
 ([(0.084709525, 'this email'),
   (0.07792495, 'send'),
   (0.072699025, 'email_redacted'),
   (0.05145692, 'click'),
   (0.03837348, 'email'),
   (0.030908754, 'united states'),
   (0.030213313, 'create'),
   (0.029459633, 'like'),
   (0.027709324, 'leader'),
   (0.026241299, 'stop'),
   (0.0241164, 'people'),
   (0.021499783, 'remove'),
   (0.02117975, 'thank'),
   (0.020905655, '[[url redacted'),
   (0.019117879, 'contribute'),
   (0.017762966, 'need'),
   (0.016232006, 'check'),
   (0.014683498, 'touch'),
   (0.014426829, 'today'),
   (0.013759951, 'want')],
  -1.3832295567626354),
 ([(0.11910155, 'contribute'),
   (0.030494243, 'president trump'),
   (0.024678793, 'thank'),
   (0.023303768, 'the trump make america great again committee'),
   (0.021667205, 'like'),
   (0.019361721, 'donald j. trump'),
   (0.019079154, 'want'),
   (0.018401958, 'reach'),
   (0.018070282, 'any amount'),
   (0.017542884, 'team trump'),
   (0.016514508, 'make america great again'),
   (0.015804734, 'grassroots supporter'),
   (0.01569248, 'your support'),
   (0.015478718, 'the republican national committee'),
   (0.014574693, 'email_redacted'),
   (0.014138803, 'information'),
   (0.014042057, 'trump make america great again committee'),
   (0.013745881, 'appreciate'),
   (0.013448817, 'authorize'),
   (0.013361874, 'date')],
  -1.384526218587202),
 ([(0.035866823, 'our campaign'),
   (0.029716328, 'thank'),
   (0.028907374, 'need'),
   (0.025131848, 'this campaign'),
   (0.025096262, 'help'),
   (0.02440091, 'win'),
   (0.021160176, 'your support'),
   (0.020573601, 'today'),
   (0.019595478, 'know'),
   (0.018406644, 'go'),
   (0.017697603, 'this race'),
   (0.014140337, 'want'),
   (0.014057577, 'strong'),
   (0.012126146, 'like'),
   (0.012027386, 'donate'),
   (0.011323318, 'election day'),
   (0.011259107, 'come'),
   (0.011008238, 'count'),
   (0.010991129, 'finish'),
   (0.010698774, 'build')],
  -1.3884612208178797),
 ([(0.07549564, 'maine'),
   (0.06832691, 'amy'),
   (0.059890736, 'susan collins'),
   (0.043606848, 'mitch'),
   (0.03975522, 'show'),
   (0.032851316, 'help'),
   (0.024172964, 'chip'),
   (0.023708943, 'authorize'),
   (0.022062996, 'save'),
   (0.021242645, 'good'),
   (0.01912578, 'polling'),
   (0.0153452195, 'send'),
   (0.01506338, '[[url redacted'),
   (0.014680357, 'this race'),
   (0.013484337, 'your donation'),
   (0.012893718, 'america'),
   (0.011553248, 'get'),
   (0.01130901, 'the senate'),
   (0.010389566, 'like'),
   (0.010103804, 'immediately')],
  -1.3991600601063399),
 ([(0.30414912, 'congress'),
   (0.038435727, 'run'),
   (0.035914104, 'fight'),
   (0.029341081, 'send'),
   (0.02815422, 'help'),
   (0.026125195, 'washington'),
   (0.022870334, 'need'),
   (0.019872608, 'today'),
   (0.018021252, 'represent'),
   (0.016142743, 'donate'),
   (0.013444366, 'like'),
   (0.012705969, 'the people'),
   (0.011663547, 'bring'),
   (0.009746604, 'a contribution'),
   (0.008967696, 'email_redacted'),
   (0.0088605005, '[[url redacted'),
   (0.008704544, 'work'),
   (0.008499492, 'our district'),
   (0.008355492, 'thank'),
   (0.00811231, 'pitch')],
  -1.424106479926053),
 ([(0.1121914, '500%-match'),
   (0.09072587, 'lindsey graham'),
   (0.049395647, 'defeat'),
   (0.04433575, 'donate'),
   (0.034353957, 'graham'),
   (0.025829813, 'the senate'),
   (0.024972422, 'win'),
   (0.022766307, 'rush'),
   (0.021471318, 'jaime harrison'),
   (0.016120542, 'tie'),
   (0.014852499, 'crush'),
   (0.0147575885, 'lindsey'),
   (0.014725157, 'right'),
   (0.014248051, 'raise'),
   (0.014004583, 'the poll'),
   (0.012396411, 'south carolina'),
   (0.010982293, 'save'),
   (0.010913383, 'lose'),
   (0.009786889, 'destroy'),
   (0.0096531445, 'like')],
  -1.4409076288127836),
 ([(0.044398297, 'click'),
   (0.041982297, 'train'),
   (0.038998388, 'donate'),
   (0.032652196, 'like'),
   (0.028450474, 'a wave'),
   (0.028332818, 'defeat'),
   (0.028197553, 'thank'),
   (0.024377218, 'nationwide'),
   (0.02304447, 'democratic candidate'),
   (0.020399546, 'depend'),
   (0.020233959, 'the country'),
   (0.020071583, 'fund'),
   (0.01948709, 'our work'),
   (0.01873124, 'elect'),
   (0.018429289, 'want'),
   (0.017732678, 'few email'),
   (0.014367588, 'need'),
   (0.012577658, 'republicans'),
   (0.011844142, 'money'),
   (0.011541622, 'candidate')],
  -1.446942761235437),
 ([(0.06327954, 'our goal'),
   (0.05669016, 'hit'),
   (0.044124924, 'short'),
   (0.04399431, 'help'),
   (0.04137181, 'need'),
   (0.041233007, 'reach'),
   (0.03626855, 'raise'),
   (0.03428105, 'midnight'),
   (0.030638516, 'close'),
   (0.024365162, 'right'),
   (0.022429626, 'fall'),
   (0.018002143, 'tonight'),
   (0.017547823, 'thank'),
   (0.015849913, 'chip'),
   (0.01546788, 'donate'),
   (0.01506404, 'count'),
   (0.013412729, 'ask'),
   (0.013346321, 'meet'),
   (0.012269595, 'track'),
   (0.011797452, 'away')],
  -1.4558886044308448),
 ([(0.08932308, 'click'),
   (0.07674774, 'state'),
   (0.05262329, 'like'),
   (0.043374427, 'reform'),
   (0.031506743, 'few email'),
   (0.03070563, 'help'),
   (0.02619207, 'thank'),
   (0.02600651, 'your support'),
   (0.025872255, 'send'),
   (0.02463538, 'd.c.'),
   (0.022375112, 'this message'),
   (0.02161688, 'prefer'),
   (0.020517595, 'washington'),
   (0.019647125, 'reject'),
   (0.018640341, 'democrats'),
   (0.0177882, 'city'),
   (0.016612865, 'the country'),
   (0.015070949, 'end'),
   (0.014665934, 'elect'),
   (0.014364284, 'transform')],
  -1.4605551087781914),
 ([(0.053330414, 'president trump'),
   (0.036257796, 'stand'),
   (0.029839706, 'need'),
   (0.023096558, 'america'),
   (0.02241446, 'help'),
   (0.021740874, 'want'),
   (0.021492666, 'fight'),
   (0.01907754, 'today'),
   (0.018641787, 'nancy pelosi'),
   (0.016980398, 'know'),
   (0.016806757, 'let'),
   (0.015251538, 'stop'),
   (0.01513064, 'our country'),
   (0.014756666, 'defend'),
   (0.014283605, 'the president'),
   (0.012571228, 'support'),
   (0.012434465, 'the democrats'),
   (0.011769211, 'send'),
   (0.011099504, 'the house'),
   (0.010834429, 'like')],
  -1.4760118579883008),
 ([(0.05185429, 'like'),
   (0.042794295, 'president obama'),
   (0.0373917, 'click'),
   (0.031163095, 'contribute'),
   (0.02464081, 'send'),
   (0.020801973, 'obama'),
   (0.020037426, 'our democratic majority'),
   (0.01989062, 'need'),
   (0.019399246, 'agree'),
   (0.018520959, 'our democracy'),
   (0.015894383, 'donate'),
   (0.0158472, 'few email'),
   (0.014463698, 'democrats'),
   (0.014267713, 'republicans'),
   (0.01359433, 'trump'),
   (0.011512328, '5x-match'),
   (0.010994635, 'right'),
   (0.0106166685, 'barack obama'),
   (0.010496658, 'president'),
   (0.010394775, 'let')],
  -1.4767317150148678),
 ([(0.063870616, 'click'),
   (0.04580031, 'like'),
   (0.032261726, 'thank'),
   (0.024515625, 'donate'),
   (0.02146247, 'support'),
   (0.019595556, 'email'),
   (0.019095184, 'joe biden'),
   (0.017533142, 'sorry'),
   (0.017242508, 'file'),
   (0.015773203, 'elect'),
   (0.015212385, 'this email'),
   (0.014910581, 'send'),
   (0.014161536, 'want'),
   (0.013510398, 'know'),
   (0.011200161, 'president'),
   (0.010755465, 'this campaign'),
   (0.010258058, 'the soul'),
   (0.0099622775, 'friend'),
   (0.009140191, 'get'),
   (0.008904794, 'this nation')],
  -1.4838667712890314),
 ([(0.044163793, 'need'),
   (0.041949127, 'voter'),
   (0.03277878, 'win'),
   (0.032770563, 'cast'),
   (0.032253284, 'election day'),
   (0.028510554, 'the ballot'),
   (0.027212169, 'this election'),
   (0.025647875, 'sure'),
   (0.02490904, 'the vote'),
   (0.024522614, 'help'),
   (0.024318574, 'their ballot'),
   (0.02302983, 'turn'),
   (0.022350473, 'vote'),
   (0.020299591, 'ensure'),
   (0.017610412, 'count'),
   (0.016207607, 'democrats'),
   (0.01553455, 'work'),
   (0.015017873, 'leave'),
   (0.013581298, 'elect'),
   (0.012231168, 'reach')],
  -1.522552509179587),
 ([(0.03572798, 'fight'),
   (0.022263875, 'work'),
   (0.019676115, 'need'),
   (0.018003125, 'today'),
   (0.01623395, 'people'),
   (0.014423459, 'stand'),
   (0.013953566, 'continue'),
   (0.013921287, 'woman'),
   (0.013902946, 'justice'),
   (0.011932584, 'our community'),
   (0.011132981, 'the people'),
   (0.010450178, 'change'),
   (0.010000654, 'healthcare'),
   (0.0099058375, 'our country'),
   (0.00986521, 'support'),
   (0.009743787, 'believe'),
   (0.009621532, 'elect'),
   (0.0089964485, 'join'),
   (0.008828864, 'build'),
   (0.008743106, 'like')],
  -1.5245612186719426),
 ([(0.04652266, 'help'),
   (0.026512146, 'donate'),
   (0.025697784, 'chuck schumer'),
   (0.021788968, 'match'),
   (0.021311374, 'fellow conservative'),
   (0.020443292, 'reach'),
   (0.0202109, 'happy'),
   (0.019270908, 'mitch'),
   (0.018910654, 'stop'),
   (0.015799927, 'the senate'),
   (0.015477524, 'today'),
   (0.014567622, 'order'),
   (0.0143864, 'term'),
   (0.0141596785, 'end'),
   (0.014105259, 'need'),
   (0.013997355, 'go'),
   (0.013528603, 'senate'),
   (0.013516465, 'click'),
   (0.012994546, 'vary'),
   (0.012834267, 'count')],
  -1.5324149234988083),
 ([(0.057181064, 'contribution'),
   (0.052099537, 'contribute'),
   (0.046716716, 'report'),
   (0.044113614, 'individual'),
   (0.03956132, 'require'),
   (0.037791222, 'corporation'),
   (0.034970425, 'prohibit'),
   (0.033393096, 'use'),
   (0.03144282, 'federal law'),
   (0.031360827, 'employer'),
   (0.0302912, 'the name'),
   (0.029528338, 'occupation'),
   (0.02892877, 'click'),
   (0.025578195, 'exceed'),
   (0.02555753, 'collect'),
   (0.021042736, 'the link'),
   (0.020782266, 'mail address'),
   (0.019842457, 'whose contribution'),
   (0.019832587, 'thank'),
   (0.019688852, 'foreign national')],
  -1.5346993251125376),
 ([(0.23772518, '400%-match'),
   (0.04422476, 'click'),
   (0.030380266, 'like'),
   (0.02501549, 'donate'),
   (0.024831088, 'end'),
   (0.024249764, 'option'),
   (0.01897347, 'few email'),
   (0.017785756, 'email'),
   (0.017139299, 'send'),
   (0.016167805, 'chip'),
   (0.015139023, 'trump'),
   (0.014322542, 'email_redacted'),
   (0.013745364, 'democrats'),
   (0.013334862, 'donation'),
   (0.013056364, 'rush'),
   (0.012934054, 'want'),
   (0.0123743145, 'match'),
   (0.010817743, 'all gift'),
   (0.01053598, 'all contribution'),
   (0.0099681495, '| click')],
  -1.5510284182756064),
 ([(0.07441852, 'georgia'),
   (0.042007733, 'the senate'),
   (0.038642142, 'donate'),
   (0.032850854, 'friend'),
   (0.031857863, 'democrats'),
   (0.026001303, 'win'),
   (0.023397708, 'flip'),
   (0.018673597, 'iowa'),
   (0.01729535, 'fight'),
   (0.017183425, 'run'),
   (0.016329793, 'right'),
   (0.015483835, 'this email'),
   (0.0154592795, 'this email list'),
   (0.015053538, 'blue'),
   (0.014448676, 'email_redacted'),
   (0.0141601395, 'send'),
   (0.013220259, 'click'),
   (0.011756106, 'need'),
   (0.011103383, 'provide'),
   (0.010993751, 'title')],
  -1.5552061497290472),
 ([(0.12163784, 'vote'),
   (0.051982526, 'joe biden'),
   (0.041113015, 'pledge'),
   (0.032608043, 'record'),
   (0.031337444, 'support'),
   (0.029887585, 'your response'),
   (0.029657638, 'yes'),
   (0.024215411, 'november'),
   (0.023671044, 'plan'),
   (0.023132393, 'thank'),
   (0.022777611, 'recently'),
   (0.022481823, 'confirm'),
   (0.02145549, 'trump'),
   (0.020107891, 'click'),
   (0.018549586, 'worry'),
   (0.018421035, 'date'),
   (0.01539444, 'democrats'),
   (0.014968619, 'donald trump'),
   (0.014917361, 'like'),
   (0.014715141, 'a different email address')],
  -1.5607844709433463),
 ([(0.21342011, 'read'),
   (0.033315968, 'learn'),
   (0.026369292, 'content'),
   (0.024325963, 'america'),
   (0.02400132, 'alert'),
   (0.022312304, 'right'),
   (0.02147755, 'this email'),
   (0.021383943, 'like'),
   (0.020011976, 'official'),
   (0.01610091, 'president trump'),
   (0.012706156, 'your name'),
   (0.012585166, 'confirm'),
   (0.012199162, 'the left'),
   (0.011773933, '[[url redacted'),
   (0.010692337, 'stand'),
   (0.010378649, 'go'),
   (0.010315973, 'the radical left'),
   (0.009751583, 'need'),
   (0.009260807, 'patriot'),
   (0.009184403, 'send')],
  -1.5661488275553104),
 ([(0.030177731, 'know'),
   (0.028164923, 'share'),
   (0.02513634, 'want'),
   (0.024718411, 'help'),
   (0.021184439, 'thank'),
   (0.018304229, 'work'),
   (0.016648088, 'like'),
   (0.013241843, 'talk'),
   (0.013085615, 'look'),
   (0.012242807, 'come'),
   (0.012171832, 'feel'),
   (0.011999019, 'forward'),
   (0.011872722, 'let'),
   (0.011225644, 'people'),
   (0.010998588, 'hope'),
   (0.009572615, 'get'),
   (0.009434954, 'support'),
   (0.009039434, 'go'),
   (0.00900773, 'friend'),
   (0.008830321, 'love')],
  -1.5676010964485054),
 ([(0.046692505, 'know'),
   (0.04290547, 'ask'),
   (0.03067528, 'like'),
   (0.029414536, 'a lot'),
   (0.028235214, 'completely'),
   (0.018495835, 'take'),
   (0.018339297, 'corporate pac money'),
   (0.017575137, 'need'),
   (0.017252127, 'email'),
   (0.016888438, 'run'),
   (0.016043067, 'count'),
   (0.0150467465, 'click'),
   (0.014640041, 'rush'),
   (0.0143569335, 'money'),
   (0.014299716, 'help'),
   (0.01412151, 'people'),
   (0.013473614, 'a dime'),
   (0.012676071, 'midnight'),
   (0.012501483, 'protect'),
   (0.012473673, 'democrats')],
  -1.5713000802689354),
 ([(0.10996141, 'safe'),
   (0.09711235, 'stay'),
   (0.042213466, 'hope'),
   (0.033565406, 'healthy'),
   (0.033057857, 'work'),
   (0.023310097, 'cancel'),
   (0.02286761, 'covid-19'),
   (0.022835687, 'person'),
   (0.022821298, 'like'),
   (0.020117145, 'our community'),
   (0.019846236, 'your family'),
   (0.018587554, 'continue'),
   (0.018272571, 'thank'),
   (0.016041847, 'event'),
   (0.015481967, 'able'),
   (0.01523051, 'make'),
   (0.015204566, 'online'),
   (0.014970852, 'need'),
   (0.013838439, 'home'),
   (0.013160935, 'support')],
  -1.5749964249127408),
 ([(0.047496445, 'help'),
   (0.040255804, 'need'),
   (0.03486147, 'the majority'),
   (0.027026743, 'today'),
   (0.026648315, 'commit'),
   (0.02614465, 'montana'),
   (0.021803658, 'work'),
   (0.021530455, 'likely'),
   (0.020878144, 'fight'),
   (0.020678177, 'win'),
   (0.019559475, 'target'),
   (0.018372169, 'lose'),
   (0.016772797, 'want'),
   (0.014666172, 'protect'),
   (0.014611108, 'track'),
   (0.014210562, 'step'),
   (0.01407505, 'support'),
   (0.013936614, 'right'),
   (0.013832137, 'our country'),
   (0.013791871, 'put')],
  -1.5795420511294322),
 ([(0.077212095, 'medicare'),
   (0.045452103, 'click'),
   (0.04194524, 'like'),
   (0.031952374, 'pass'),
   (0.02582915, 'glad'),
   (0.024828227, 'chip'),
   (0.024124034, 'our team'),
   (0.023994248, 'long'),
   (0.023990843, 'our work'),
   (0.02276903, 'email_redacted'),
   (0.022401536, 'send'),
   (0.021586694, 'few email'),
   (0.01490183, 'know'),
   (0.014147262, 'stand'),
   (0.013266006, 'thank'),
   (0.013139853, 'die'),
   (0.013065718, 'fight'),
   (0.0130373, 'entirely'),
   (0.012741712, 'the button'),
   (0.01271041, 'healthcare')],
  -1.582213406348182),
 ([(0.28472352, 'trump'),
   (0.09231616, 'donald trump'),
   (0.04252194, 'joe biden'),
   (0.038962297, 'defeat'),
   (0.034325693, 'biden'),
   (0.0304817, 'win'),
   (0.02011837, 'lose'),
   (0.02006657, 'florida'),
   (0.017107682, 'president'),
   (0.016885564, 'the electoral college'),
   (0.0132179605, 'the white house'),
   (0.01295713, 'need'),
   (0.012794095, 'the democratic party'),
   (0.011507103, 'the election'),
   (0.010703687, 'donate'),
   (0.0105461385, 'right'),
   (0.010442062, 'let'),
   (0.009766125, 'click'),
   (0.009212309, 'away'),
   (0.009068971, 'beat')],
  -1.5830102912634931),
 ([(0.109176934, 'contribution'),
   (0.10439795, 'deductible'),
   (0.09628566, 'tax'),
   (0.071836255, 'gift'),
   (0.056208815, 'this email'),
   (0.048052225, 'email_redacted'),
   (0.04770545, 'send'),
   (0.032053832, 'help'),
   (0.030069701, 'washington'),
   (0.020704068, 'federal income tax purpose'),
   (0.017668663, 'authorize'),
   (0.016037073, 'want'),
   (0.015062138, 'stop'),
   (0.014437786, 'win'),
   (0.013972594, 'charitable contribution'),
   (0.011974891, 'stay'),
   (0.009654608, 'follow'),
   (0.008989818, "any candidate or candidate's committee"),
   (0.0088066, 'include'),
   (0.008719543, 'this year')],
  -1.595756510491911),
 ([(0.09100792, 'michigan'),
   (0.043948866, 'click'),
   (0.031110786, 'like'),
   (0.030275986, 'donate'),
   (0.025755117, 'the senate'),
   (0.021309637, 'win'),
   (0.018487712, 'democrats'),
   (0.018416658, 'right'),
   (0.017391209, 'protect'),
   (0.016779056, 'stand'),
   (0.015129025, 'few email'),
   (0.014611485, 'the path'),
   (0.014066304, 'the senate blue'),
   (0.014034964, 'fight'),
   (0.013206253, 'know'),
   (0.012923071, 'take'),
   (0.012094137, 'our value'),
   (0.011894175, 'friend'),
   (0.011808639, 'believe'),
   (0.011783386, 'our top supporter')],
  -1.596424868391777),
 ([(0.073404, 'click'),
   (0.043816008, 'like'),
   (0.03724364, 'stop'),
   (0.032184143, 'republicans'),
   (0.024003265, 'send'),
   (0.022605991, 'supporter'),
   (0.02230807, 'this message'),
   (0.022030836, 'few email'),
   (0.017487543, 'order'),
   (0.016897675, 'thank'),
   (0.012952432, 'trump'),
   (0.012235276, 'help'),
   (0.012177717, 'go'),
   (0.012135423, 'want'),
   (0.012115543, 'the republican party'),
   (0.011834325, 'the country'),
   (0.011831732, 'stop republican'),
   (0.011733514, 'prefer'),
   (0.01171132, 'resist'),
   (0.01166994, 'chicago')],
  -1.596441411548567),
 ([(0.08588405, 'montana'),
   (0.050434336, 'click'),
   (0.03312871, 'like'),
   (0.027220914, 'elect'),
   (0.02118986, 'immediately'),
   (0.020558592, 'chip'),
   (0.019832777, 'affordable health care'),
   (0.019488735, 'donate'),
   (0.019485334, 'dark money'),
   (0.018267881, 'fight'),
   (0.017903313, 'thankful'),
   (0.014476161, 'win'),
   (0.014101133, 'governor'),
   (0.013662527, 'run'),
   (0.013036964, 'hope'),
   (0.01289658, 'continue'),
   (0.012202859, 'need'),
   (0.012192185, 'this message'),
   (0.012168507, 'expand'),
   (0.012016131, 'ensure')],
  -1.5991143072525913),
 ([(0.0833724, 'endorsement'),
   (0.06300893, 'use'),
   (0.058196377, 'imply'),
   (0.055564057, 'uniform'),
   (0.053089015, 'photograph'),
   (0.05006181, 'job title'),
   (0.046490967, 'the department of defense'),
   (0.027365498, 'fly'),
   (0.027134502, 'want'),
   (0.016427616, 'her military rank'),
   (0.012204586, 'run'),
   (0.012138924, 'contribute'),
   (0.011756107, 'congress'),
   (0.011506237, 'know'),
   (0.011275116, 'serve'),
   (0.010289448, 'a member'),
   (0.008314903, 'need'),
   (0.0077415523, 'put'),
   (0.0075995964, 'connect'),
   (0.007089236, 'learn')],
  -1.59977390029716),
 ([(0.050695896, 'donate'),
   (0.041760594, 'texas'),
   (0.028911259, 'need'),
   (0.028594231, 'express'),
   (0.02465743, 'know'),
   (0.022584165, 'time'),
   (0.0159099, 'win'),
   (0.015889294, 'sen. cornyn'),
   (0.01298456, 'greatly'),
   (0.012936148, 'mj hegar'),
   (0.01289518, 'let'),
   (0.012871142, 'november'),
   (0.012761475, 'like'),
   (0.012260954, 'the next few week'),
   (0.0119652925, 'your thought'),
   (0.011863272, 'job'),
   (0.011797977, 'our health care'),
   (0.011681246, 'a member'),
   (0.011625405, 'title'),
   (0.011594786, 'the campaign')],
  -1.613846792646961),
 ([(0.058143407, 'click'),
   (0.044470698, 'elect'),
   (0.04407558, 'chip'),
   (0.04309304, 'like'),
   (0.036253627, 'progressives'),
   (0.024545548, 'email'),
   (0.024181072, 'want'),
   (0.020224055, 'our work'),
   (0.020004254, 'the progressive caucus'),
   (0.019731889, 'trump'),
   (0.016745951, 'thank'),
   (0.016545188, 'few email'),
   (0.01603949, 'raise'),
   (0.015129897, 'need'),
   (0.015115339, 'pass'),
   (0.014806775, 'the minimum wage'),
   (0.014602044, 'authorized'),
   (0.014494015, 'work family'),
   (0.013261716, 'progressive caucus'),
   (0.013092784, 'any candidate')],
  -1.636683246612961),
 ([(0.044445325, 'the candidate'),
   (0.039765377, 'maintain'),
   (0.038272373, 'the state'),
   (0.03791722, 'focus'),
   (0.03359845, 'invest'),
   (0.033327777, 'click'),
   (0.031418588, 'visit'),
   (0.029498355, 'behalf'),
   (0.02822211, 'contribute'),
   (0.024690425, 'critical'),
   (0.022294905, 'resource'),
   (0.021275796, 'committee'),
   (0.018173086, 'our website'),
   (0.017944667, 'elect'),
   (0.017538209, 'learn'),
   (0.016912902, '[url redacted'),
   (0.016354656, 'support'),
   (0.015977813, 'happen'),
   (0.015555838, 'accomplish'),
   (0.014763854, 'your support')],
  -1.674182974398358),
 ([(0.0702831, 'need'),
   (0.06675311, 'help'),
   (0.059524976, 'reach'),
   (0.05923393, 'voter'),
   (0.024832226, 'your help'),
   (0.02247048, 'sure'),
   (0.021318676, 'raise'),
   (0.019207116, 'our message'),
   (0.01824605, 'thank'),
   (0.018223317, 'know'),
   (0.018140538, 'the air'),
   (0.017957933, 'spread'),
   (0.017785214, 'run'),
   (0.016071355, 'our ad'),
   (0.014624809, 'today'),
   (0.013866189, 'launch'),
   (0.011565106, 'fund'),
   (0.01139743, 'election day'),
   (0.011350605, 'get'),
   (0.010590223, 'right')],
  -1.6856734699001579),
 ([(0.063869014, 'support'),
   (0.058277253, 'endorse'),
   (0.056912255, 'serve'),
   (0.03659369, 'proud'),
   (0.034682386, 'work'),
   (0.02936033, 'run'),
   (0.0279206, 'join'),
   (0.027264893, 'today'),
   (0.022131039, 'elect'),
   (0.021793213, 'know'),
   (0.01900168, 'honor'),
   (0.018027745, 'represent'),
   (0.016524348, 'my campaign'),
   (0.014427605, 'need'),
   (0.012640727, 'grow'),
   (0.011788553, 'announce'),
   (0.0115419235, 'fight'),
   (0.0114749, 'help'),
   (0.010409224, 'earn'),
   (0.009412307, 'ask')],
  -1.7005290937879185),
 ([(0.113412365, 'join'),
   (0.026356075, 'rsvp'),
   (0.026138918, 'host'),
   (0.022852756, '[[url redacted'),
   (0.021363424, 'hope'),
   (0.018484186, 'invite'),
   (0.017263688, 'sign'),
   (0.01713337, 'click'),
   (0.016649107, 'attend'),
   (0.015435786, 'want'),
   (0.014378852, 'discuss'),
   (0.0140804, '[url redacted'),
   (0.013423631, 'thank'),
   (0.013418597, 'the event'),
   (0.012599437, 'forward'),
   (0.012502156, 'register'),
   (0.012077833, 'look'),
   (0.011353994, 'send'),
   (0.010902222, 'this week'),
   (0.010659889, 'email')],
  -1.7128516996691217),
 ([(0.16536815, 'donate'),
   (0.13991441, 'express'),
   (0.027088568, 'chip'),
   (0.019373784, 'represent'),
   (0.018688723, 'our campaign'),
   (0.01700967, 'congress'),
   (0.016948732, 'help'),
   (0.016126018, 'run'),
   (0.015859282, 'know'),
   (0.015512775, 'save'),
   (0.015052936, 'able'),
   (0.014154085, 'your donation'),
   (0.014106117, 'actblue express'),
   (0.013859725, 'immediately'),
   (0.013797405, 'any amount'),
   (0.013417372, 'learn'),
   (0.013213368, 'your payment information'),
   (0.012341919, 'visit'),
   (0.011119924, 'our community'),
   (0.01070629, 'team')],
  -1.716298254103519),
 ([(0.1997029, 'sign'),
   (0.077167585, 'your name'),
   (0.07691917, 'add'),
   (0.056599814, 'demand'),
   (0.03728703, 'need'),
   (0.032996107, 'stand'),
   (0.025147736, 'thank'),
   (0.023599701, 'the petition'),
   (0.021488262, 'our petition'),
   (0.020260457, 'click'),
   (0.01956063, 'my name'),
   (0.013581429, 'send'),
   (0.011611654, 'call'),
   (0.011025097, 'force'),
   (0.010984546, 'join'),
   (0.0103506055, 'your signature'),
   (0.010135383, 'pass'),
   (0.009439884, 'action'),
   (0.009090496, 'immediately'),
   (0.0082458835, 'let')],
  -1.7278691723987956),
 ([(0.08714684, 'thing'),
   (0.06483676, 'get'),
   (0.055830732, 'my opponent'),
   (0.041956116, 'want'),
   (0.026920704, 'raise'),
   (0.025937919, 'today'),
   (0.02171019, 'senator'),
   (0.016847337, 'help'),
   (0.01618273, 'washington'),
   (0.016001703, 'control'),
   (0.015755638, 'outraise'),
   (0.015557481, 'a leader'),
   (0.014890907, 'sure'),
   (0.014603197, 'the united states senate'),
   (0.013855188, 'like'),
   (0.013580855, 'know'),
   (0.013147862, 'cut'),
   (0.01311122, 'support'),
   (0.013107866, 'click'),
   (0.011976658, 'inc.')],
  -1.8058728230138232),
 ([(0.18931416, 'vote'),
   (0.043745983, 'mail'),
   (0.027270667, 'person'),
   (0.026536802, 'voting'),
   (0.025275642, 'sure'),
   (0.023224004, 'your ballot'),
   (0.023141153, 'register'),
   (0.022077484, 'election day'),
   (0.019578204, 'request'),
   (0.019466985, 'find'),
   (0.019013805, 'early'),
   (0.017241172, 'today'),
   (0.014789501, 'early voting'),
   (0.013575897, 'ballot'),
   (0.013171496, 'cast'),
   (0.012268359, 'count'),
   (0.012036556, 'the poll'),
   (0.0114807775, 'check'),
   (0.011374549, 'click'),
   (0.011111046, 'voter')],
  -1.819175529967722),
 ([(0.27580267, 'approve'),
   (0.17429255, 'ohio'),
   (0.09276271, 'message'),
   (0.050721206, 'your inbox'),
   (0.045328494, 'a friend'),
   (0.03872127, 'this email'),
   (0.03410742, 'click'),
   (0.031124933, 'directly'),
   (0.027917752, 'send'),
   (0.015060979, 'let'),
   (0.013685307, 'time'),
   (0.012836992, 'today'),
   (0.009937527, 'break'),
   (0.009247752, 'follow'),
   (0.008212575, 'our campaign'),
   (0.0076797176, 'represent'),
   (0.0074215494, 'take'),
   (0.007176586, 'the coronavirus'),
   (0.005957688, 'ahead'),
   (0.0058798636, 'community')],
  -1.8421916027793128),
 ([(0.1525619, 'flip'),
   (0.0708794, 'win'),
   (0.055942573, 'this seat'),
   (0.04577726, 'help'),
   (0.04189488, 'blue'),
   (0.0328675, 'need'),
   (0.030084113, 'red'),
   (0.027312418, 'this race'),
   (0.019990033, 'go'),
   (0.018761717, 'run'),
   (0.017211659, 'your help'),
   (0.01432293, 'pitch'),
   (0.012911104, 'right'),
   (0.011482418, 'neck'),
   (0.01080949, 'show'),
   (0.010506632, 'know'),
   (0.010261753, 'come'),
   (0.010103793, 'our race'),
   (0.009760416, 'this district'),
   (0.009572228, 'close')],
  -1.8530304182153503),
 ([(0.0921103, 'americans'),
   (0.06791374, 'million'),
   (0.061849684, 'social security'),
   (0.05505441, 'protect'),
   (0.044026818, 'cut'),
   (0.038152333, 'climate change'),
   (0.03316567, 'fight'),
   (0.032321073, 'medicare'),
   (0.030994713, 'health care'),
   (0.023590392, 'like'),
   (0.018599924, 'support'),
   (0.017357491, 'the affordable care act'),
   (0.015228535, 'depend'),
   (0.014575621, 'work'),
   (0.014477931, 'our country'),
   (0.01319065, 'threaten'),
   (0.012674752, 'care'),
   (0.011987483, 'donate'),
   (0.011452413, 'rely'),
   (0.011238323, 'the trump administration')],
  -1.8735365227549563),
 ([(0.12992567, 'yes'),
   (0.10447085, 'elizabeth warren'),
   (0.07461513, 'wisconsin'),
   (0.07319625, '[[url redacted'),
   (0.054455962, 'drop'),
   (0.042546738, 'help'),
   (0.037361152, 'feel'),
   (0.03235788, 'elect'),
   (0.032113098, '[url redacted'),
   (0.02988415, 'bernie sanders'),
   (0.027942799, 'thank'),
   (0.02716992, 'reply'),
   (0.02467604, 'want'),
   (0.02260488, 'free'),
   (0.02039465, "any candidate or candidate's committee"),
   (0.02018649, 'authorize'),
   (0.019765338, 'this email'),
   (0.019610796, 'sign'),
   (0.017696364, 'office'),
   (0.017686592, 'simply')],
  -1.8837688958375864),
 ([(0.28765553, 'joe biden'),
   (0.16965482, 'kamala harris'),
   (0.068240725, 'joe'),
   (0.04548686, 'the debate'),
   (0.041365437, 'kamala'),
   (0.035363976, 'mike pence'),
   (0.025566343, 'vice president'),
   (0.024162026, 'need'),
   (0.024021236, 'know'),
   (0.023451425, 'biden'),
   (0.01838104, 'democrats'),
   (0.018285466, 'debate'),
   (0.015664527, 'the white house'),
   (0.013205542, 'head'),
   (0.01046397, 'announce'),
   (0.009739518, 'pick'),
   (0.009622627, 'donald trump'),
   (0.009109199, 'tonight'),
   (0.00781914, 'win'),
   (0.007331731, 'stand')],
  -1.9065315314064755),
 ([(0.03860523, 'covid-19'),
   (0.029244673, 'wear'),
   (0.025686951, 'help'),
   (0.022096498, 'provide'),
   (0.019947747, 'available'),
   (0.017457254, 'include'),
   (0.016954226, '[[url redacted'),
   (0.015708834, 'information'),
   (0.014236348, 'visit'),
   (0.012558278, 'find'),
   (0.012526364, 'continue'),
   (0.012272785, 'click'),
   (0.011940179, 'apply'),
   (0.011190104, 'need'),
   (0.011149213, '[url redacted'),
   (0.010432994, 'offer'),
   (0.010128668, 'more information'),
   (0.009798164, 'open'),
   (0.009794688, 'contact'),
   (0.009736756, 'update')],
  -1.9137031975256658),
 ([(0.065859705, 'respond'),
   (0.056346484, 'begin'),
   (0.047928, 'your response'),
   (0.042669628, 'click'),
   (0.041968558, 'select'),
   (0.028447533, 'complete'),
   (0.027926257, 'thank'),
   (0.02662325, 'yes'),
   (0.026100991, 'your input'),
   (0.023019625, 'represent'),
   (0.01955838, 'need'),
   (0.01845033, 'this poll'),
   (0.017009247, 'poll'),
   (0.016115198, 'immediately'),
   (0.015820503, 'know'),
   (0.0150861535, 'survey'),
   (0.014850852, 'open'),
   (0.014698182, 'submit'),
   (0.014299008, 'conduct'),
   (0.013830704, 'answer')],
  -1.9144563914906156),
 ([(0.070118345, 'say'),
   (0.018134253, 'go'),
   (0.017907497, 'tell'),
   (0.017021304, 'call'),
   (0.013221651, 'take'),
   (0.012054744, 'come'),
   (0.011888615, 'know'),
   (0.010532756, 'try'),
   (0.0105145415, 'want'),
   (0.009124346, 'happen'),
   (0.008638853, 'turn'),
   (0.008103054, 'get'),
   (0.008030493, 'see'),
   (0.007816503, 'time'),
   (0.007690937, 'like'),
   (0.0071752537, 'allow'),
   (0.007073322, 'accord'),
   (0.0070568356, 'give'),
   (0.006956528, 'people'),
   (0.0069232266, 'claim')],
  -1.9407275968892617),
 ([(0.059917934, 'visit'),
   (0.05803125, 'prefer'),
   (0.04129932, 'like'),
   (0.03435254, 'future email'),
   (0.0326564, 'donation'),
   (0.029566027, 'friend'),
   (0.028542, 'mail'),
   (0.027569817, 'this email'),
   (0.02756298, 'this cycle'),
   (0.026964517, 'send'),
   (0.025411105, 'supporter'),
   (0.021639843, 'washington d.c. 20002'),
   (0.019476453, 'communicate'),
   (0.019065497, 'our republican senate majority'),
   (0.01861158, 'the nrsc'),
   (0.017739126, 'effective'),
   (0.01763333, 'print'),
   (0.017032616, 'the future'),
   (0.016349308, 'this message'),
   (0.015991457, 'reflect')],
  -1.9489332419564807),
 ([(0.16245137, 'facebook'),
   (0.14904493, 'twitter'),
   (0.07859782, 'follow'),
   (0.06433131, 'like'),
   (0.04168423, 'click'),
   (0.037375163, 'start'),
   (0.03701401, 'join'),
   (0.035325833, 'sign'),
   (0.03521501, 'instagram'),
   (0.024625573, 'directly'),
   (0.01673182, 'support'),
   (0.015754452, 'date'),
   (0.013889441, 'volunteer'),
   (0.013719964, 'your help'),
   (0.013509256, 'spread'),
   (0.012050354, 'the fight'),
   (0.011466389, 'order'),
   (0.010696787, 'earn'),
   (0.010400913, 'able'),
   (0.010202954, 'our effort')],
  -1.9633251179752458),
 ([(0.6834274, 'hold'),
   (0.18094125, 'accountable'),
   (0.037263744, 'forget'),
   (0.024540078, 'currently'),
   (0.011407919, 'ahead'),
   (0.010170067, 'the help'),
   (0.0071907756, 'prove'),
   (0.006727528, 'the challenge'),
   (0.00445216, 'run'),
   (0.0035274911, 'overcome'),
   (0.0025245447, 'like'),
   (0.0024106102, 'come'),
   (0.0019587718, 'special interest'),
   (0.001660876, 'click'),
   (0.0016347675, 'cover'),
   (0.0014706962, 'follow'),
   (0.0013345998, 'directly'),
   (0.0013222937, 'represent'),
   (0.0012555614, 'play'),
   (0.0012469165, 'want')],
  -1.9929632967035373),
 ([(0.037569314, 'pandemic'),
   (0.021118538, 'work'),
   (0.019328145, 'need'),
   (0.019321738, 'pass'),
   (0.01806415, 'provide'),
   (0.01632257, 'school'),
   (0.016060228, 'include'),
   (0.015255703, 'continue'),
   (0.012778306, 'the coronavirus'),
   (0.0112212775, 'covid-19'),
   (0.011006229, 'student'),
   (0.010894176, 'reopen'),
   (0.010255758, 'allow'),
   (0.010089396, 'support'),
   (0.009884187, 'people'),
   (0.009653625, 'create'),
   (0.009540583, 'help'),
   (0.009330155, 'the covid-19'),
   (0.009132006, 'ensure'),
   (0.009083621, 'the state')],
  -2.019167464276196),
 ([(0.14397676, 'url'),
   (0.13914882, 'redacted'),
   (0.092021845, '[[url redacted'),
   (0.05018638, 'colorado'),
   (0.049242813, 'send'),
   (0.046643354, 'free'),
   (0.04567277, 'today'),
   (0.035815787, 'try'),
   (0.029250044, 'free today'),
   (0.029127197, 'subscribe'),
   (0.029110309, 'email marketing'),
   (0.027780257, 'constant contact - try'),
   (0.027780257, 'trusted email'),
   (0.024775537, 'click'),
   (0.0231651, 'power'),
   (0.019965112, 'this list'),
   (0.019654818, 'this email'),
   (0.013514649, 'donate'),
   (0.012229536, 'contact'),
   (0.011462937, 'email')],
  -2.0300273878451125),
 ([(0.07419942, 'want'),
   (0.07069151, 'send'),
   (0.06278783, 'this email'),
   (0.04617605, 'email_redacted'),
   (0.041624296, 'congress'),
   (0.036221497, 'anymore'),
   (0.030820925, 'long'),
   (0.02765996, 'these email'),
   (0.027237814, 'instantly'),
   (0.026471868, 'hear'),
   (0.02363887, 'like'),
   (0.021579482, 'your contribution'),
   (0.019774783, 'build'),
   (0.019501012, 'inform'),
   (0.018247264, 'email'),
   (0.01792626, 'supporter'),
   (0.017633997, 'an important way'),
   (0.01746204, 'concern'),
   (0.016562516, 'question'),
   (0.016226083, 'today')],
  -2.0462613120805084),
 ([(0.099256605, 'volunteer'),
   (0.086329825, 'sign'),
   (0.07633193, 'help'),
   (0.05993041, 'call'),
   (0.058073603, 'voter'),
   (0.05154534, 'door'),
   (0.04777561, 'knock'),
   (0.046657436, 'florida'),
   (0.038673613, 'need'),
   (0.035792068, 'this weekend'),
   (0.028692186, 'phone call'),
   (0.02591598, 'bryceville'),
   (0.02303221, 'win'),
   (0.020254327, 'reach'),
   (0.01658857, 'thank'),
   (0.016216772, 'make'),
   (0.013347466, 'your help'),
   (0.013179764, 'november'),
   (0.011167279, 'your time'),
   (0.010482328, 'thousand')],
  -2.0475654414524818),
 ([(0.108583376, 'enter'),
   (0.10695533, 'meet'),
   (0.105599985, 'new york'),
   (0.088253096, 'win'),
   (0.049989935, 'love'),
   (0.046924885, 'open'),
   (0.027223306, 'your chance'),
   (0.026303457, 'cover'),
   (0.019646369, 'automatically'),
   (0.017580112, 'a chance'),
   (0.01586173, 'apply'),
   (0.015719183, 'majority'),
   (0.01565844, 'click'),
   (0.014671024, 'send'),
   (0.013994759, 'contribute'),
   (0.01394941, 'depend'),
   (0.012886329, 'improve'),
   (0.010565221, 'sponsor'),
   (0.010058954, 'require'),
   (0.009863633, 'include')],
  -2.079038072256203),
 ([(0.26536044, 'texas'),
   (0.036240682, 'texans'),
   (0.034952432, 'know'),
   (0.025260016, 'turn'),
   (0.024830941, 'progress'),
   (0.023888327, 'ready'),
   (0.022345984, 'help'),
   (0.021281041, 'keep'),
   (0.017194908, 'proud'),
   (0.016205793, 'come'),
   (0.01450538, 'friend'),
   (0.014182586, 'sure'),
   (0.014038167, 'want'),
   (0.013758066, 'protect'),
   (0.013552328, 'head'),
   (0.013039156, 'close'),
   (0.012514497, 'stop'),
   (0.011553462, 'suggest'),
   (0.011528511, 'stick'),
   (0.011066192, 'oppose')],
  -2.086004313679211),
 ([(0.12783056, 'sponsor'),
   (0.07480339, 'email'),
   (0.057474196, 'the daily grind news'),
   (0.05536771, 'opt'),
   (0.045846555, 'dr. suite'),
   (0.044670682, '120-137 tucson, az'),
   (0.0357942, 'click'),
   (0.029536443, 'e. sunrise'),
   (0.020244937, 'donate'),
   (0.02006641, 'extend'),
   (0.019071596, 'your record'),
   (0.01763606, 'fellow conservative'),
   (0.01702512, 'correct'),
   (0.01606155, 'help'),
   (0.013417815, 'retake'),
   (0.01251593, 'claim'),
   (0.012321305, 'warn'),
   (0.0122865895, 'the house'),
   (0.011098253, 'reply'),
   (0.011048141, 'reach')],
  -2.0994554484881847),
 ([(0.2632571, 'attack'),
   (0.1197466, 'lie'),
   (0.06789944, 'expect'),
   (0.0662651, 'stand'),
   (0.050920904, 'this fall'),
   (0.04425165, 'the truth'),
   (0.033969015, 'desperate'),
   (0.028607031, 'low'),
   (0.021551589, 'counter'),
   (0.01469228, 'afford'),
   (0.014507009, 'spend'),
   (0.012546867, 'win'),
   (0.012374101, 'look'),
   (0.012081932, 'sit'),
   (0.011777857, 'protect'),
   (0.011757533, 'simply'),
   (0.0105500305, 'help'),
   (0.009406675, 'respond'),
   (0.008037221, 'afraid'),
   (0.007440227, 'launch')],
  -2.1674770918600124),
 ([(0.13333999, 'change'),
   (0.11607766, '[[url redacted'),
   (0.09887888, 'stop'),
   (0.08605538, 'address'),
   (0.083959036, 'click'),
   (0.08147358, 'update'),
   (0.06279162, 'your email address'),
   (0.06102587, 'email'),
   (0.053093687, 'your name'),
   (0.052230842, 'send'),
   (0.015339932, 'donate'),
   (0.01407791, 'authorize'),
   (0.013867541, 'thank'),
   (0.011533833, 'support'),
   (0.011292276, 'image'),
   (0.0085692685, 'po box'),
   (0.00761386, 'action'),
   (0.0065032933, 'the 2020 election'),
   (0.006182012, 'control'),
   (0.006138594, 'solidarity')],
  -2.17900023610974),
 ([(0.10344934, 'protect'),
   (0.05239517, 'expand'),
   (0.044213872, 'fight'),
   (0.03196951, 'work'),
   (0.029499995, 'contribute'),
   (0.028484475, 'access'),
   (0.024431556, 'ensure'),
   (0.020086763, 'need'),
   (0.017456075, 'our election'),
   (0.017224435, 'bring'),
   (0.01700711, 'friend'),
   (0.014999335, 'stand'),
   (0.013369307, 'know'),
   (0.012864933, 'her campaign'),
   (0.011423348, 'support'),
   (0.010540199, 'washington'),
   (0.010109562, 'visit'),
   (0.010066966, 'lower'),
   (0.00957806, 'home'),
   (0.009354422, 'the cost')],
  -2.26362094124669),
 ([(0.13376711, 'the supreme court'),
   (0.094058424, 'confirm'),
   (0.043784678, 'block'),
   (0.03942693, 'fill'),
   (0.03098455, 'the election'),
   (0.026449254, 'delay'),
   (0.025206568, 'need'),
   (0.023884306, 'the court'),
   (0.022689559, 'appoint'),
   (0.021923402, 'stop'),
   (0.019212984, 'trump'),
   (0.01862466, 'a vote'),
   (0.01858709, 'steal'),
   (0.016256586, 'vote'),
   (0.014895857, 'protect'),
   (0.013587838, 'our democracy'),
   (0.013123697, 'nominate'),
   (0.012841349, 'the senate'),
   (0.012683801, 'roe v. wade'),
   (0.012519001, 'replace')],
  -2.311175254887499),
 ([(0.2573157, 'end'),
   (0.17571664, 'month'),
   (0.12146614, 'deadline'),
   (0.095751606, 'goal'),
   (0.066378094, 'quarter'),
   (0.055717442, 'fundraising'),
   (0.031265266, 'final'),
   (0.022901714, 'hit'),
   (0.014275328, 'help'),
   (0.013137981, 'critical'),
   (0.0107408045, 'reach'),
   (0.009343362, 'august'),
   (0.005997325, 'meet'),
   (0.005235755, 'come'),
   (0.005217827, 'crucial'),
   (0.004592426, 'wednesday'),
   (0.003848164, 'raise'),
   (0.0037996762, 'year'),
   (0.0035369173, 'big'),
   (0.0032466657, 'crush')],
  -2.3332977260058554),
 ([(0.37130412, 'watch'),
   (0.07727095, 'north carolina'),
   (0.07119259, 'live'),
   (0.04922924, 'governor'),
   (0.041448563, 'tune'),
   (0.03220372, 'our state'),
   (0.03091262, 'tonight'),
   (0.027891649, 'last night'),
   (0.017975131, 'plan'),
   (0.016110856, 'like'),
   (0.014657252, 'fox news'),
   (0.01377467, 'know'),
   (0.013398987, 'debate'),
   (0.010065814, 'stay'),
   (0.009316214, 'see'),
   (0.009244164, 'let'),
   (0.008690813, 'open'),
   (0.008202882, 'the table'),
   (0.0068910075, 'people'),
   (0.006876682, 'share')],
  -2.3817566546246725),
 ([(0.24641867, 'hear'),
   (0.073096134, 'speak'),
   (0.050666954, 'your voice'),
   (0.02712393, 'our lifetime'),
   (0.026176747, 'need'),
   (0.022230394, 'choose'),
   (0.020921376, 'tell'),
   (0.019095568, 'the most important election'),
   (0.018705845, 'stand'),
   (0.01836978, 'miss'),
   (0.017138321, 'close'),
   (0.016782792, 'know'),
   (0.014816037, 'friend'),
   (0.013137641, 'tonight'),
   (0.012665307, 'our democracy'),
   (0.012039982, 'silence'),
   (0.011930862, 'the country'),
   (0.011043886, 'important'),
   (0.010912688, 'stake'),
   (0.010435142, 'the ballot box')],
  -2.4530841480017624),
 ([(0.61855716, 'tomorrow'),
   (0.099660106, 'secure'),
   (0.065436855, 'grant'),
   (0.064970106, 'the list'),
   (0.055846065, 'hurt'),
   (0.04049328, 'the momentum'),
   (0.02351546, 'surge'),
   (0.011313798, 'the lead'),
   (0.006600915, 'go'),
   (0.0048452746, 'the poll'),
   (0.0014539711, 'prevent'),
   (0.0010067538, 'take'),
   (0.0009700814, 'every dollar'),
   (0.0009321739, 'instead'),
   (0.0008774208, 'the truth'),
   (0.00064895005, 'want'),
   (0.00055665476, 'break'),
   (0.0005067705, 'appoint'),
   (0.0004059982, 'our country'),
   (0.00039587423, 'make')],
  -2.493306154814232),
 ([(0.47718838, 'think'),
   (0.08625879, 'deserve'),
   (0.08047386, 'kick'),
   (0.057584435, 'agree'),
   (0.040428262, 'wrong'),
   (0.036996786, 'yes'),
   (0.029803038, 'well'),
   (0.024922084, 'nominate'),
   (0.024448115, 'release'),
   (0.018511057, 'prove'),
   (0.015217832, 'know'),
   (0.012170876, 'office'),
   (0.01041547, 'believe'),
   (0.008801825, 'actually'),
   (0.008530079, 'no >> unsure'),
   (0.007336926, 'break'),
   (0.0073178094, 'the american people'),
   (0.0062855175, 'poll'),
   (0.0056486325, 'absolutely'),
   (0.0041195946, 'let')],
  -2.5368212681127518),
 ([(0.28391096, 'worried'),
   (0.25078627, 'your vote'),
   (0.20196247, 'our future'),
   (0.09542101, 'an honor'),
   (0.05440666, 'complacent'),
   (0.021610614, 'lose'),
   (0.015597147, 'your support'),
   (0.013488432, 'proudly'),
   (0.007940648, 'our democracy'),
   (0.0068102353, 'take'),
   (0.005913608, 'this november'),
   (0.005041017, 'action'),
   (0.004733198, 'election'),
   (0.0045159957, 'currently'),
   (0.0044536307, 'track'),
   (0.0040770294, 'confirm'),
   (0.0037958259, 'grow'),
   (0.0037828782, 'represent'),
   (0.0029937562, 'immediately'),
   (0.00227762, 'our house majority')],
  -2.6663040887890816),
 ([(0.5747524, 'face'),
   (0.18330693, 'fact'),
   (0.05926214, 'science'),
   (0.05340654, 'walk'),
   (0.036826834, 'policy'),
   (0.02741393, 'the first time'),
   (0.019087546, 'spare'),
   (0.015550584, 'fix'),
   (0.0064820307, 'datum'),
   (0.0055460655, 'challenge'),
   (0.0053197737, 'honest'),
   (0.004643789, 'use'),
   (0.0016611568, 'our family'),
   (0.0015568876, 'the house'),
   (0.0005677812, 'break'),
   (0.00052587327, 'fuel'),
   (0.0004655389, 'my name'),
   (0.0004184129, 'introduce'),
   (0.00034101482, 'spend'),
   (0.00029763547, 'like')],
  -2.7713207553392305)]
LDA on full corpus complete!
initialized dictionary for top topics
populated dictionary with documents
{3: [('afced6165ad96307a544c3a43bf97b0a', 0.92523575), ('c4f70938e7f6f8b2a34f86b4bb878697', 0.9211868), ('e01abf92c1d6823dddee7cb529adf1e1', 0.9211868), ('4d839be8ba7906ba0a08fa81069a77a0', 0.91667634), ('b6551101b4b8f6fa077c58d348a0fa58', 0.91667634)], 7: [('853c87f0c3420c0dc96faa0b1feeb8b7', 0.7336805), ('906f1be28c8e403830dde4f3e3d13074', 0.670986), ('d9e7e161a699fb0b953207d08a5317b9', 0.64635634), ('f796be377b7afe518dc860180c868eed', 0.640774), ('236099283a14f3edf720a159dbb86d6c', 0.6392684)], 9: [('ecd1192c3a94ec0bef98696b8cba5093', 0.29310894), ('34f9fb95e75021ff9b5951590873c675', 0.29306272), ('e037f9303abbd4608ee599231672eb77', 0.24196635), ('d9898cba681c9a03a66fe3aad0b999c0', 0.23811209), ('2d02eb07172964093a8e055e5cc98795', 0.23684387)], 12: [('ba082d7c445098767eafc116ef0f06cb', 0.77541447), ('8889e1f9e52c93857b75dc983d49a729', 0.76341987), ('7d967e97f1680bc13f84b2c862c51966', 0.75794774), ('4e4b1914f613e404e889e6d503705225', 0.74422103), ('09565f06812bd964b0c021ad634b53e8', 0.7239293)], 29: [('c4abfcb5e2e66a5cf975cb92bed639c2', 0.5816864), ('4047a2d2d32ee87d91fdeb79d2e8df6a', 0.53431), ('6f56b5af6ed9748f5e5e6a77c7688aeb', 0.5319778), ('971c699e47b8203fceae4c5517ff5df7', 0.4933209), ('96cbba95bb6aeb055f7d8ee2f0473485', 0.4826825)], 71: [('9a24dfd7a0a72e9788bbb55ae6fd2539', 0.96397895), ('40ed95be26255f62860a24294a72d88c', 0.9639781), ('a3b589794da4a42ce17049b40bf95b6e', 0.96237856), ('d1309c882a49e32bfaff395573d5928f', 0.96227926), ('f72cc7e395a9cdb8de32d8157a496317', 0.96226597)], 96: [('a55cc6ae04514046326676366f4acd86', 0.8434407), ('472d165ae65218855c825409ca0bba58', 0.8434389), ('1fce4a21807aeb3dcedfae3db30b4310', 0.83957195), ('8e359e54abe38555aed500fbb10fc585', 0.8395103), ('58f6c458ebcf7161475155754afdd09d', 0.83948547)]}
Time to retrieve top documents per topic: 412.77287673950195
