imported modules
unpickled corpus and dictionary files
Number of unique tokens: 1436
Number of documents: 316769
logging setup successful
LDA run time: 7014.97646188736
Average topic coherence: -1.9482.
[([(0.04200287, 'train'),
   (0.03335233, 'fund'),
   (0.031341176, 'the national democratic training committee'),
   (0.030269297, 'imagine'),
   (0.029071812, 'office'),
   (0.019520277, 'national democratic training committee'),
   (0.017651716, '100%'),
   (0.014863353, 'small'),
   (0.014798717, 'dignity'),
   (0.014786873, 'promise'),
   (0.014655451, 'expensive'),
   (0.014603536, 'listen'),
   (0.014546287, 'try'),
   (0.01453749, 'honest'),
   (0.014468417, 'the clock'),
   (0.014455129, 'incredibly'),
   (0.014399186, 'uphold'),
   (0.014387007, 'explore'),
   (0.014348855, 'compassion'),
   (0.014283706, 'a world')],
  -0.6012342920930918),
 ([(0.03979714, 'pass'),
   (0.03932532, 'end citizens united'),
   (0.029010966, 'citizens united'),
   (0.02793037, 'fund'),
   (0.026466394, 'our movement'),
   (0.0259105, 'sweeping campaign finance reform'),
   (0.025889928, 'end citizens united pac'),
   (0.024251519, 'united ➞'),
   (0.017868033, 'donald trump'),
   (0.016691308, 'end'),
   (0.015277378, 'build'),
   (0.014688199, 'ask'),
   (0.014479265, 'billionaire'),
   (0.014423827, 'wonder'),
   (0.014364949, 'ultimately'),
   (0.014288272, 'the most competitive race'),
   (0.0140890265, 'fuel'),
   (0.014036429, 'spend'),
   (0.013956958, 'efficiently'),
   (0.0139346905, 'push')],
  -0.6321781799518664),
 ([(0.052448764, 'african americans'),
   (0.05242941, 'the political process'),
   (0.037538625, 'promote'),
   (0.03501944, 'supporter'),
   (0.03445062, 'african american participation'),
   (0.020240946, 'the poll'),
   (0.020239152, 'immediately'),
   (0.020119468, 'the congressional black caucus pac'),
   (0.01890103, 'committed'),
   (0.018759089, 'the congressional black caucus'),
   (0.018632432, 'our community'),
   (0.018431691, 'champion'),
   (0.018340709, 'non-black ally'),
   (0.018316068, 'the number'),
   (0.018249162, 'increase'),
   (0.018236868, 'combat'),
   (0.0181805, 'get'),
   (0.018139903, 'uplift'),
   (0.01788165, 'the trump administration'),
   (0.017833719, 'matter')],
  -0.7434115892112922),
 ([(0.06623495, 'progressive turnout project'),
   (0.033266824, 'democratic voter turnout'),
   (0.020616839, 'election'),
   (0.017640559, 'boost'),
   (0.016896518, 'afford'),
   (0.016688766, 'increase'),
   (0.01651801, 'a 100% grassroots-fund organization'),
   (0.015820272, 'republicans'),
   (0.01579789, 'the progressive turnout project'),
   (0.013246917, 'follow'),
   (0.012053019, 'matter'),
   (0.0109027345, 'donald trump'),
   (0.008967827, 'voter turnout'),
   (0.0088444725, 'the poll'),
   (0.008783875, 'our plan'),
   (0.008735771, 'guarantee'),
   (0.00870888, 'the only way'),
   (0.008670106, 'remember'),
   (0.008555758, 'use'),
   (0.008554442, 'design')],
  -0.8264342338251268),
 ([(0.1341867, '600%-match'),
   (0.024329152, 'pass'),
   (0.020691484, 'end citizens united'),
   (0.018330969, 'fund'),
   (0.017199155, 'our movement'),
   (0.017159918, 'citizens united'),
   (0.01639704, 'sweeping campaign finance reform'),
   (0.016319657, 'end citizens united pac'),
   (0.015311399, 'end'),
   (0.011721433, 'ask'),
   (0.011069093, 'november'),
   (0.010698978, 'graham'),
   (0.009701851, 'donald trump'),
   (0.009154138, 'spend'),
   (0.009020476, 'our effort'),
   (0.008986371, 'history'),
   (0.008985988, "any candidate or candidate's committee"),
   (0.008945622, 'our democracy'),
   (0.00893422, 'depend'),
   (0.008905645, 'fuel')],
  -0.9671363871458754),
 ([(0.11988016, 'contribute'),
   (0.041725636, 'president trump'),
   (0.03415244, 'the trump make america great again committee'),
   (0.03266858, 'any amount'),
   (0.03265079, 'trump make america great again committee'),
   (0.023466963, 'reach'),
   (0.023259968, 'donald j. trump'),
   (0.022972446, 'the republican national committee'),
   (0.021625696, 'grassroots supporter'),
   (0.020582534, 'the effort'),
   (0.020212626, 'team trump'),
   (0.01932356, 'make america great again'),
   (0.018651798, 'our team'),
   (0.01854578, 'appreciate'),
   (0.01835429, 'our grassroots supporter'),
   (0.017742565, 'an important way'),
   (0.017523274, 'glad'),
   (0.017201426, 'president, inc.'),
   (0.016927592, 'information'),
   (0.016573297, 'federal income tax purpose')],
  -0.9713631396378697),
 ([(0.086090535, 'the dscc'),
   (0.052977994, 'flip'),
   (0.042582083, 'the senate'),
   (0.03648424, 'the u.s. senate'),
   (0.028403759, 'solely'),
   (0.028086377, 'any candidate or candidate’s committee'),
   (0.027944501, 'our work'),
   (0.027724072, 'a contribution'),
   (0.027564494, 'grassroots supporter'),
   (0.027425708, 'rely'),
   (0.027209304, 'dedicated'),
   (0.026975963, 'gift'),
   (0.026869623, 'washington'),
   (0.026856951, 'contribution'),
   (0.026754143, 'tax'),
   (0.026657937, 'deductible'),
   (0.02641248, 'the only committee'),
   (0.026311515, '| po box 96047'),
   (0.010525565, 'mitch mcconnell'),
   (0.010209122, 'democratic senatorial campaign committee')],
  -0.9792333487683774),
 ([(0.05831716, 'the dscc'),
   (0.03633584, 'record'),
   (0.03270037, 'vote'),
   (0.030215409, 'your response'),
   (0.026546976, 'worry'),
   (0.024350716, 'recently'),
   (0.022663048, 'any candidate or candidate’s committee'),
   (0.021949396, 'a contribution'),
   (0.021882147, 'rely'),
   (0.02110629, 'grassroots supporter'),
   (0.021097472, 'our work'),
   (0.02080817, 'contribution'),
   (0.020807847, 'the u.s. senate'),
   (0.020745335, 'solely'),
   (0.020628892, 'washington'),
   (0.020490253, 'deductible'),
   (0.020392934, 'tax'),
   (0.020147089, 'dedicated'),
   (0.019974098, 'joe biden'),
   (0.01996998, 'gift')],
  -0.9907938559693931),
 ([(0.05404936, 'texas'),
   (0.035579503, 'express'),
   (0.028167728, 'time'),
   (0.020310793, 'sen. cornyn'),
   (0.017174685, 'mj hegar'),
   (0.016994325, 'november'),
   (0.016525656, 'greatly'),
   (0.015699865, 'title'),
   (0.015681889, 'the next few week'),
   (0.015528873, 'job'),
   (0.015443812, 'our health care'),
   (0.015046213, 'the campaign'),
   (0.014694601, 'a member'),
   (0.014506765, 'build'),
   (0.0144606205, 'long'),
   (0.014244079, 'clear'),
   (0.014192611, 'appreciate'),
   (0.014175986, 'use'),
   (0.014154566, 'a real leader'),
   (0.014113419, 'prioritize')],
  -0.9949666206699748),
 ([(0.03877005, 'supporter'),
   (0.0351203, 'stop republicans'),
   (0.02875245, 'order'),
   (0.025063016, 'republicans'),
   (0.02294987, 'the republican party'),
   (0.021557592, '([[url redacted'),
   (0.021117363, 'not authorized'),
   (0.02084378, 'chicago'),
   (0.020830637, 'resist'),
   (0.020369818, 'the country'),
   (0.020248031, 'pac'),
   (0.020052355, 'any candidate'),
   (0.02000534, "candidate's committee"),
   (0.019868633, 'stay'),
   (0.01975823, 'power'),
   (0.019672042, 'critical'),
   (0.019618114, 'stop republican'),
   (0.019603945, 'our movement'),
   (0.019555947, 'a grassroots-fund effort'),
   (0.019551592, "donald trump's radical right wing agenda")],
  -1.0231556261044978),
 ([(0.07249239, 'bold democrats'),
   (0.031687412, 'diverse democrats'),
   (0.022192515, 'the senate'),
   (0.0209846, 'victory'),
   (0.011907445, 'reclaim'),
   (0.011704136, 'flip'),
   (0.01129642, 'raise'),
   (0.011269373, 'get'),
   (0.011239783, 'identify'),
   (0.011212495, 'helped'),
   (0.01115529, '42%'),
   (0.011133884, 'good'),
   (0.01110817, 'spark'),
   (0.011075793, 'start'),
   (0.011028948, 'color'),
   (0.0110003, 'every penny'),
   (0.010991895, 'order'),
   (0.010979691, 'take'),
   (0.010968707, 'target'),
   (0.010875716, 'an average')],
  -1.0421338497910717),
 ([(0.08098436, 'wendy davis'),
   (0.03896418, 'flip'),
   (0.02743133, 'wendy'),
   (0.02712309, 'our democratic house majority'),
   (0.027116919, 'a donation'),
   (0.027053364, 'tx-21'),
   (0.026924578, 'austin'),
   (0.023051858, 'stay'),
   (0.022840597, 'blue'),
   (0.022564787, 'texas'),
   (0.021338584, 'touch'),
   (0.021263218, 'supporter'),
   (0.020709151, 'the good way'),
   (0.02022361, 'the wendy davis'),
   (0.02022361, 'congress email list'),
   (0.019244669, '3112 windsor rd'),
   (0.019071234, 'ste a'),
   (0.0132726235, 'defend'),
   (0.012993542, 'rush'),
   (0.0126181, 'show')],
  -1.0528194738561094),
 ([(0.043250486, 'the nra'),
   (0.042190786, 'end'),
   (0.038687304, 'brady pac'),
   (0.029494183, 'gun violence'),
   (0.02924775, 'pass'),
   (0.027585542, 'lose'),
   (0.026870385, 'life'),
   (0.024860268, 'power'),
   (0.024507092, 'our work'),
   (0.020054182, 'fund'),
   (0.017868856, 'match'),
   (0.013917243, 'care'),
   (0.013555613, 'gun safety activist'),
   (0.013310505, 'sit'),
   (0.013161413, 'idly'),
   (0.013116113, 'the life'),
   (0.013059574, 'continue'),
   (0.012824532, 'no one'),
   (0.012746676, 'your part'),
   (0.012690805, 'thousand')],
  -1.0898612456740782),
 ([(0.029683292, 'joe biden'),
   (0.028369727, 'sorry'),
   (0.025040802, 'file'),
   (0.016713826, 'president'),
   (0.015953476, 'the soul'),
   (0.015666187, 'this campaign'),
   (0.015498434, 'friend'),
   (0.014653234, 'get'),
   (0.014111978, 'this nation'),
   (0.013183446, 'a lot'),
   (0.0131087, 'grassroots supporter'),
   (0.012941525, 'biden'),
   (0.012778171, 'complacent'),
   (0.012706715, 'ready'),
   (0.01231691, 'start'),
   (0.0123139145, 'the reason'),
   (0.012124465, 'wrong'),
   (0.011955942, 'your donation'),
   (0.011727334, 'bother'),
   (0.011725988, 'the time')],
  -1.0939390829202353),
 ([(0.050499734, 'text'),
   (0.02945176, 'nrcc'),
   (0.025380766, 'that number'),
   (0.02472907, 'the national republican congressional committee'),
   (0.023581065, 'call'),
   (0.02293729, 'the nrcc'),
   (0.022928461, 'provide'),
   (0.022606289, 'consent'),
   (0.022464054, 'visit'),
   (0.021420088, 'autodiale and automate call'),
   (0.021036942, 'include'),
   (0.020877255, 'term'),
   (0.02075741, 'president trump'),
   (0.020071441, 'end'),
   (0.019927882, 'reach'),
   (0.019738393, 'reply'),
   (0.018994767, "any candidate or candidate's committee"),
   (0.018637896, 'privacy policy'),
   (0.016131224, 'conditions'),
   (0.016035518, 'happy')],
  -1.1258034832707937),
 ([(0.051818117, 'the nrsc'),
   (0.04495741, 'president trump'),
   (0.036706228, 'text'),
   (0.03028536, 'republicans'),
   (0.022291362, 'great'),
   (0.021465363, 'apply'),
   (0.020465402, 'america'),
   (0.02020752, 'make'),
   (0.020079361, 'agree'),
   (0.018691469, 'federal income tax purpose'),
   (0.01859209, 'defend'),
   (0.018363621, 'charitable contribution'),
   (0.018255332, "any candidate or candidate's committee"),
   (0.018235719, 'message and datum rate'),
   (0.018194513, 'maga'),
   (0.01805498, 'deductible'),
   (0.017226813, 'mobile alert'),
   (0.017070223, 't&c/privacy policy'),
   (0.016484806, 'opt-out'),
   (0.016386572, '[url redacted]]\ncontribution')],
  -1.1454936499392496),
 ([(0.12839006, '500%-match'),
   (0.04132189, '400%-match'),
   (0.026808025, 'end'),
   (0.02544443, 'bold democrats'),
   (0.021162452, 'afford'),
   (0.019849658, 'the senate'),
   (0.018693559, 'bold'),
   (0.018342786, 'victory'),
   (0.018156271, 'donald trump’s presidency'),
   (0.018046523, 'another amount'),
   (0.017889988, 'our email'),
   (0.017333232, 'engage'),
   (0.017161455, 'pac'),
   (0.01681491, 'diverse democrats'),
   (0.016760726, 'dedicate'),
   (0.01622149, 'your email address'),
   (0.01598737, 'take'),
   (0.015955715, 'a contribution'),
   (0.015554361, 'only our most urgent email'),
   (0.015412895, 'latino voter')],
  -1.151200606613057),
 ([(0.035291262, 'progressives'),
   (0.02943381, 'our work'),
   (0.028919358, 'the progressive caucus'),
   (0.028147602, 'social security'),
   (0.026726577, 'raise'),
   (0.021399947, 'the minimum wage'),
   (0.021046631, 'november'),
   (0.020819359, 'work family'),
   (0.02027609, 'authorized'),
   (0.019831741, 'touch'),
   (0.019752888, 'a part'),
   (0.019259624, 'pass'),
   (0.01917844, 'any candidate'),
   (0.019143376, 'progressive caucus'),
   (0.01864322, 'congressional progressive caucus pac'),
   (0.018631486, 'candidate’s committee'),
   (0.018084586, 'republicans'),
   (0.017229399, 'bernie sanders'),
   (0.01711764, 'progressive'),
   (0.016288478, '-progressive caucus\nthis message')],
  -1.413016422531685),
 ([(0.0256516, 'content'),
   (0.024265325, 'learn'),
   (0.022480967, 'stand'),
   (0.022430928, 'alert'),
   (0.02213862, 'take'),
   (0.01950936, 'base'),
   (0.019275382, 'subject'),
   (0.019121995, 'publish'),
   (0.018461842, 'america'),
   (0.018347226, 'official'),
   (0.018292582, 'action'),
   (0.01731202, 'president trump'),
   (0.01712839, 'united'),
   (0.016269725, 'find'),
   (0.016101986, 'and/or'),
   (0.016040273, 'website'),
   (0.015847545, 'endorse'),
   (0.014851605, 'sure'),
   (0.014827226, 'check'),
   (0.014818468, 'special')],
  -1.4359268231469364),
 ([(0.050996326, 'our country'),
   (0.044036344, 'our house majority'),
   (0.041899886, 'protect'),
   (0.03021695, 'hope'),
   (0.02992144, 'stay'),
   (0.026044533, 'elect democrats'),
   (0.021262243, 'desperately'),
   (0.020317454, 'a moment'),
   (0.018239738, 'found'),
   (0.017659344, 'key'),
   (0.017609054, 'important'),
   (0.017066939, 'the way'),
   (0.017001105, 'recruit'),
   (0.016336711, 'americans'),
   (0.01614965, 'these time'),
   (0.016115187, 'each day'),
   (0.01593247, 'the country'),
   (0.015801571, 'our top supporter'),
   (0.015779963, 'committed'),
   (0.015718102, 'our email')],
  -1.456555759235587),
 ([(0.057601415, 'equality'),
   (0.03801713, 'night'),
   (0.03429702, 'day'),
   (0.030620998, 'donald trump'),
   (0.029863631, 'our mission'),
   (0.029669093, 'pac'),
   (0.029104646, 'this one'),
   (0.02902993, 'important'),
   (0.028377654, 'november'),
   (0.027472828, 'crucial'),
   (0.027438348, 'drive'),
   (0.0270595, 'the power'),
   (0.026401592, 'ahead'),
   (0.02594406, 'fail'),
   (0.025601745, 'this year'),
   (0.025406217, 'your continued support'),
   (0.025367428, 'unlike'),
   (0.025069496, 'remember'),
   (0.024776349, 'raise'),
   (0.02362409, "any candidate or candidate's committee")],
  -1.4682480066935313),
 ([(0.08140222, 'vote'),
   (0.059549123, 'let america vote'),
   (0.04455921, 'donald trump'),
   (0.039450385, 'voting right'),
   (0.02800235, 'our email'),
   (0.022197198, 'america'),
   (0.021261381, 'attention'),
   (0.02083425, 'politician'),
   (0.019902488, 'a difference'),
   (0.019533083, 'washington, dc'),
   (0.019324921, 'the 2020 election'),
   (0.018981466, 'shatter'),
   (0.018913163, 'the fight'),
   (0.018676963, 'punish'),
   (0.01866313, 'start'),
   (0.018083699, 'hit'),
   (0.01805835, 'this election'),
   (0.017986124, 'the poll'),
   (0.017970104, 'every voter'),
   (0.017815925, 'expose')],
  -1.4875285589162528),
 ([(0.09059112, 'contribution'),
   (0.04841611, 'report'),
   (0.043042924, 'contribute'),
   (0.041793954, 'require'),
   (0.039460506, 'individual'),
   (0.037009068, 'deductible'),
   (0.03664003, 'prohibit'),
   (0.032850266, 'federal law'),
   (0.032801993, 'the name'),
   (0.032510616, 'use'),
   (0.0316602, 'employer'),
   (0.031083673, 'occupation'),
   (0.029736461, 'corporation'),
   (0.026758978, 'federal income tax purpose'),
   (0.026639849, 'exceed'),
   (0.026144765, 'collect'),
   (0.021872237, 'mail address'),
   (0.021173267, 'election'),
   (0.02088343, 'whose contribution'),
   (0.020753656, 'foreign national')],
  -1.4967687792134698),
 ([(0.049939733, 'supporter'),
   (0.030751942, 'critical'),
   (0.029458927, 'a crucial way'),
   (0.028966062, 'touch'),
   (0.02834436, '[[email_redacted]] | change'),
   (0.027734157, 'stay'),
   (0.027360376, 'republicans'),
   (0.026454737, 'your email address'),
   (0.025130583, 'your grassroots support'),
   (0.024336487, 'prefer'),
   (0.022981344, 'power'),
   (0.022792423, '500%-match'),
   (0.0187897, 'the country'),
   (0.017823586, 'dedicate'),
   (0.016886951, 'another amount'),
   (0.014964018, 'our movement'),
   (0.013588991, 'democratic voter turnout'),
   (0.013506584, 'stop republicans'),
   (0.013121661, 'our most important email update'),
   (0.01307368, "candidate's committee")],
  -1.4999991634464032),
 ([(0.07205837, 'the good way'),
   (0.060149185, 'touch'),
   (0.05919354, 'stay'),
   (0.05506175, 'a donation'),
   (0.05154493, 'supporter'),
   (0.039955642, 'all our email'),
   (0.03528601, '$25 →\nchip'),
   (0.035205357, 'the voter protection project'),
   (0.03513415, '$50 →\nchip'),
   (0.03449376, '$100 →\nchip'),
   (0.03063726, '$200 →\nchip'),
   (0.019743891, 'any candidate'),
   (0.018135145, "any candidate's committee"),
   (0.0153763415, 'count'),
   (0.012337135, 'get'),
   (0.010468905, 'folk'),
   (0.009948185, 'friend'),
   (0.009780341, 'flip'),
   (0.008352175, 'team'),
   (0.0077363616, 'election day')],
  -1.5567052941347352),
 ([(0.07615513, 'high'),
   (0.061893977, 'the stake'),
   (0.057917763, 'woman'),
   (0.051602956, 'our effort'),
   (0.03068453, 'our email'),
   (0.024981434, 'protect'),
   (0.023211174, 'rapidly'),
   (0.022822008, 'the republicans'),
   (0.021506205, 'the way'),
   (0.021039624, 'the trump administration'),
   (0.020966932, 'donald trump'),
   (0.020761142, 'away'),
   (0.019238196, 'finally'),
   (0.018901123, 'every step'),
   (0.018595539, 'form'),
   (0.018554771, 'roe v. wade'),
   (0.01836766, 'stay'),
   (0.017329946, 'a group'),
   (0.017229592, 'accomplish'),
   (0.017222125, 'pass')],
  -1.564667614652951),
 ([(0.08270973, 'reserve'),
   (0.08092386, 'your preference'),
   (0.079458654, 'this list'),
   (0.078273736, 'these email'),
   (0.06928659, 'our mailing address'),
   (0.06284136, 'all right'),
   (0.059289437, 'add'),
   (0.057574026, 'your address book'),
   (0.04254049, 'email marketing powered'),
   (0.041477803, 'mailchimp'),
   (0.037920203, 'opt'),
   (0.036793113, 'view'),
   (0.035253253, 'our website'),
   (0.018551908, 'copyright'),
   (0.018176336, 'your browser'),
   (0.0077929157, 'website'),
   (0.0047462895, 'join'),
   (0.0045427973, 'po box'),
   (0.0042465907, 'senate'),
   (0.0038014695, 'volunteer')],
  -1.6371627669511954),
 ([(0.00069637905, 'pass'),
   (0.00069637905, 'donald trump'),
   (0.00069637905, 'fund'),
   (0.00069637905, 'mitch mcconnell'),
   (0.00069637905, 'end citizens united'),
   (0.000696379, 'fuel'),
   (0.000696379, 'not authorized'),
   (0.000696379, 'stay'),
   (0.000696379, 'stand'),
   (0.000696379, 'spend'),
   (0.000696379, 'the most competitive race'),
   (0.000696379, 'take'),
   (0.000696379, 'voter'),
   (0.000696379, 'history'),
   (0.000696379, 'flip'),
   (0.000696379, 'the senate'),
   (0.000696379, 'our break campaign finance system'),
   (0.000696379, 'friend'),
   (0.000696379, 'the country'),
   (0.000696379, 'transform')],
  -1.6936853309807232),
 ([(0.10852622, 'medicare'),
   (0.04452114, 'pass'),
   (0.038717106, 'glad'),
   (0.036106303, 'our work'),
   (0.035770956, 'long'),
   (0.03573116, 'our team'),
   (0.021952339, 'stand'),
   (0.019770132, 'healthcare'),
   (0.019461265, 'regardless'),
   (0.019447217, 'entirely'),
   (0.019193592, 'the only way'),
   (0.018916728, 'access'),
   (0.018879531, 'rise'),
   (0.01885175, 'lot'),
   (0.0188277, 'every american'),
   (0.018753199, 'special interest group'),
   (0.018668061, 'die'),
   (0.018436417, 'afford'),
   (0.018319583, 'put'),
   (0.01829052, 'little')],
  -1.7337585602508205),
 ([(0.21324317, 'lindsey graham'),
   (0.11402198, 'south carolina'),
   (0.082745284, 'jaime harrison'),
   (0.053846806, 'graham'),
   (0.044243082, 'the senate'),
   (0.03580186, 'lindsey'),
   (0.01920856, 'tie'),
   (0.019092523, 'raise'),
   (0.014302867, 'beat'),
   (0.014050626, 'flip'),
   (0.013072752, 'this race'),
   (0.012049725, 'another amount'),
   (0.010981954, 'the poll'),
   (0.010679745, 'confirm'),
   (0.010380993, 'crush'),
   (0.008196392, 'money'),
   (0.007939938, 'hate'),
   (0.0077639874, 'lose'),
   (0.0069501353, 'voter'),
   (0.0068340185, 'tied')],
  -1.7871822175417265),
 ([(0.042960238, 'match'),
   (0.033254147, 'fellow conservative'),
   (0.029130748, 'happy'),
   (0.028553255, 'mitch'),
   (0.027130434, 'reach'),
   (0.026181417, 'chuck schumer'),
   (0.02197333, 'term'),
   (0.019430734, 'order'),
   (0.018836077, 'end'),
   (0.01862022, 'impact'),
   (0.018150842, 'vary'),
   (0.017873531, 'matched'),
   (0.017794417, 'the senate'),
   (0.017410444, 'reply help'),
   (0.017358016, 'conditions'),
   (0.01714466, 'msg&dataratesmayapply'),
   (0.0171395, 'message frequency'),
   (0.016618025, 'mobile alert'),
   (0.016447892, 'president trump'),
   (0.016197423, 'count')],
  -1.7880357133175429),
 ([(0.103487715, 'our goal'),
   (0.09853389, 'hit'),
   (0.072769776, 'short'),
   (0.0585974, 'reach'),
   (0.04715826, 'midnight'),
   (0.04441676, 'close'),
   (0.03643998, 'raise'),
   (0.035681617, 'fall'),
   (0.023772592, 'meet'),
   (0.019706894, 'tell'),
   (0.019564563, 'track'),
   (0.019205302, 'this goal'),
   (0.016899286, 'step'),
   (0.016625397, 'count'),
   (0.015730012, 'time'),
   (0.015142692, 'ask'),
   (0.0150787365, 'away'),
   (0.015031518, 'leave'),
   (0.0148283, 'miss'),
   (0.013907131, 'afford')],
  -1.81171026689284),
 ([(0.03952724, 'friend'),
   (0.032460954, 'this race'),
   (0.026768282, 'show'),
   (0.025138121, 'neck'),
   (0.024289003, 'double'),
   (0.02326983, 'buy'),
   (0.022263464, 'the senate'),
   (0.022167021, 'every dollar'),
   (0.02075668, 'your donation'),
   (0.019792348, 'lose'),
   (0.019562237, 'payment information'),
   (0.018938707, 'dollar'),
   (0.018201526, 'short'),
   (0.018139476, 'fall'),
   (0.017961979, 'immediately'),
   (0.016529694, 'this email list'),
   (0.015260976, 'actblue express'),
   (0.015071635, 'protect'),
   (0.014512294, 'take'),
   (0.013521932, 'another amount')],
  -1.8218450283992669),
 ([(0.058286667, 'the state'),
   (0.04898656, 'the candidate'),
   (0.046774734, 'invest'),
   (0.040401176, 'maintain'),
   (0.038248587, 'committee'),
   (0.034460604, 'candidate'),
   (0.033731718, 'behalf'),
   (0.03364365, 'focus'),
   (0.031503584, 'resource'),
   (0.026949624, 'critical'),
   (0.025970204, 'visit'),
   (0.024237396, 'contribute'),
   (0.022626484, 'suite'),
   (0.020796804, 'happen'),
   (0.02005095, 'learn'),
   (0.0196595, 'funding'),
   (0.01705084, 'republicans'),
   (0.016776646, '[url redacted'),
   (0.01668246, 'provide'),
   (0.016453179, 'our website')],
  -1.8354147511186791),
 ([(0.14394313, 'wish'),
   (0.13392398, 'long'),
   (0.09252416, 'error'),
   (0.023268338, 'united states'),
   (0.018395523, 'represent'),
   (0.016612176, 'bring'),
   (0.015257331, 'people'),
   (0.014940003, 'contribute'),
   (0.013541314, 'learn'),
   (0.011579844, 'stand'),
   (0.011244105, 'friend'),
   (0.011030484, 'our community'),
   (0.008922598, 'stay'),
   (0.008803307, 'continue'),
   (0.008570908, 'able'),
   (0.008475761, 'visit'),
   (0.00804899, 'see'),
   (0.007976084, 'grateful'),
   (0.00796336, 'leave'),
   (0.007260008, 'flip')],
  -1.8499840272973953),
 ([(0.14485648, 'michigan'),
   (0.034800474, 'the senate'),
   (0.029727867, 'protect'),
   (0.029474413, 'stand'),
   (0.027942399, 'the path'),
   (0.025258385, 'our top supporter'),
   (0.023189237, 'our value'),
   (0.021038257, 'our email'),
   (0.020411398, 'stay'),
   (0.018318156, 'take'),
   (0.017591573, 'touch'),
   (0.017367039, 'funnel'),
   (0.016583988, 'a crucial way'),
   (0.016259851, 'hard'),
   (0.015745241, 'america'),
   (0.015591114, 'the senate blue'),
   (0.015048995, 'po box'),
   (0.014577429, 'friend'),
   (0.014103663, 'day'),
   (0.0132614225, 'increase')],
  -1.860201971296507),
 ([(0.05848926, 'train'),
   (0.0397542, 'a wave'),
   (0.03728179, 'nationwide'),
   (0.033531368, 'democratic candidate'),
   (0.028779117, 'the country'),
   (0.028243762, 'depend'),
   (0.027862186, 'our work'),
   (0.026735036, 'fund'),
   (0.025145842, 'progressives'),
   (0.018645126, 'republicans'),
   (0.018340586, 'the democratic party'),
   (0.017683193, 'staff'),
   (0.016267585, 'donald trump'),
   (0.015924174, 'money'),
   (0.015831066, 'your part'),
   (0.0152000915, 'donor'),
   (0.0151058985, 'end'),
   (0.014947656, 'candidate'),
   (0.014876964, 'cut'),
   (0.014810669, 'build')],
  -1.8609837340354158),
 ([(0.19767107, 'yes'),
   (0.0847374, 'approve'),
   (0.07216643, 'think'),
   (0.042452425, 'no >>\nunsure'),
   (0.026218224, 'state'),
   (0.024329338, 'reform'),
   (0.022955492, 'unsure'),
   (0.022482747, 'prefer'),
   (0.017064054, 'poll'),
   (0.016420346, 'donald trump'),
   (0.016227584, 'your response'),
   (0.015729249, 'critical'),
   (0.015072124, 'respond'),
   (0.014827888, 'the country'),
   (0.0125970645, 'end'),
   (0.012407443, 'city'),
   (0.012199106, 'provide'),
   (0.011823946, 'd.c.'),
   (0.011511384, 'your email address'),
   (0.011174466, 'washington')],
  -1.9051045372859299),
 ([(0.11588009, 'start'),
   (0.054686658, 'directly'),
   (0.04867631, 'join'),
   (0.048311684, 'date'),
   (0.03999239, 'follow'),
   (0.039184555, 'member'),
   (0.03836486, 'secure'),
   (0.037606545, 'sign'),
   (0.034989435, 'the fight'),
   (0.0326927, 'twitter'),
   (0.031750027, 'facebook'),
   (0.02700052, 'information'),
   (0.02562153, 'step'),
   (0.02450924, 'intend'),
   (0.024131112, 'november'),
   (0.023814756, 'order'),
   (0.022788879, 'consistently'),
   (0.021565368, 'point'),
   (0.021480322, 'our effort'),
   (0.020603556, 'able')],
  -1.9177086248224857),
 ([(0.12657316, 'now\nchip'),
   (0.038831297, 'immediately'),
   (0.038674664, 'your donation'),
   (0.038663235, 'actblue express'),
   (0.038036447, 'your payment information'),
   (0.027089195, 'pitch'),
   (0.023842916, 'corporate pac money'),
   (0.021084134, 'a dime'),
   (0.018506397, 'take'),
   (0.01556963, 'flip'),
   (0.0142508065, 'ask'),
   (0.01301058, 'colorado'),
   (0.012895136, 'another amount'),
   (0.012589208, 'this race'),
   (0.011837302, 'spend'),
   (0.011253383, 'this election'),
   (0.010263801, 'a contribution'),
   (0.010201483, 'accept'),
   (0.010036052, 'folk'),
   (0.008681787, 'count')],
  -1.9288619586559141),
 ([(0.08653653, 'prefer'),
   (0.08118895, 'visit'),
   (0.047504712, 'donation'),
   (0.04534469, 'future email'),
   (0.042145185, 'friend'),
   (0.03358501, 'this cycle'),
   (0.033235684, 'mail'),
   (0.031972885, 'supporter'),
   (0.028978199, 'accept'),
   (0.022858845, 'the future'),
   (0.022423057, 'our republican senate majority'),
   (0.021716645, 'strengthen'),
   (0.021484949, 'campaign'),
   (0.02147703, 'online'),
   (0.021197045, 'effective'),
   (0.020915367, 'break'),
   (0.020060526, 'view'),
   (0.019586496, 'print'),
   (0.019552361, 'a member'),
   (0.017747506, 'issue')],
  -1.9299458302267496),
 ([(0.26763907, '400%-match'),
   (0.04966202, 'option'),
   (0.024891425, 'end'),
   (0.021275124, 'custom amount'),
   (0.01836964, 'match'),
   (0.016278507, 'fund'),
   (0.01584778, 'all contribution'),
   (0.012855375, 'citizens united'),
   (0.012445795, 'nationwide'),
   (0.011678894, 'fundraise'),
   (0.011248479, 'fuel'),
   (0.010637128, 'understand'),
   (0.010624372, 'advocate'),
   (0.010427525, 'our country'),
   (0.010246565, 'a difficult time'),
   (0.010002439, 'personally'),
   (0.009978482, 'instead'),
   (0.009909631, 'stand'),
   (0.0095582325, 'justice'),
   (0.009447921, 'dedicate')],
  -1.9389233075320864),
 ([(0.04429713, 'sure'),
   (0.02925422, 'raise'),
   (0.027479833, 'election day'),
   (0.02633528, 'the resource'),
   (0.026297055, 'count'),
   (0.023278954, 'set'),
   (0.022015925, 'ensure'),
   (0.018387089, 'november'),
   (0.016892014, 'reach'),
   (0.015801433, 'team'),
   (0.013642189, 'away'),
   (0.013510646, 'make'),
   (0.013442743, 'tomorrow'),
   (0.011612776, 'the election'),
   (0.011402492, 'mean'),
   (0.0112673575, 'midnight'),
   (0.011003475, 'pitch'),
   (0.01092549, 'build'),
   (0.010697093, 'leave'),
   (0.01034802, 'see')],
  -1.9412258467730834),
 ([(0.06703852, 'voter'),
   (0.064780176, 'reach'),
   (0.033229116, 'this race'),
   (0.020034835, 'our message'),
   (0.0176614, 'raise'),
   (0.017646104, 'election day'),
   (0.017145159, 'my opponent'),
   (0.01505602, 'sure'),
   (0.014416689, 'get'),
   (0.014004751, 'the district'),
   (0.0129018575, 'ask'),
   (0.012881816, 'count'),
   (0.012678775, 'mean'),
   (0.012204692, 'possible'),
   (0.012184338, 'this campaign'),
   (0.012122095, 'our district'),
   (0.011651296, 'make'),
   (0.01131881, 'close'),
   (0.010484894, 'able'),
   (0.009891591, 'this election')],
  -1.9629219541776497),
 ([(0.08958878, 'montana'),
   (0.06313098, 'governor'),
   (0.03783092, 'affordable health care'),
   (0.03713884, 'access'),
   (0.034413017, 'thankful'),
   (0.034378488, 'expand'),
   (0.019954685, 'protect'),
   (0.019687347, 'ensure'),
   (0.019684048, 'grassroots supporter'),
   (0.017605314, 'continue'),
   (0.017428065, 'hope'),
   (0.017120719, 'alongside'),
   (0.015753929, 'date'),
   (0.015748682, 'immediately'),
   (0.015359719, 'value'),
   (0.01364279, 'follow'),
   (0.013381178, 'blue'),
   (0.013321639, 'the entire country'),
   (0.013304196, 'your information'),
   (0.013193941, 'touch')],
  -1.9763772138844087),
 ([(0.29793996, 'texas'),
   (0.04176193, 'texans'),
   (0.03282221, 'head'),
   (0.02402588, 'keep'),
   (0.021328555, 'ready'),
   (0.019885268, 'protect'),
   (0.019434126, 'proud'),
   (0.016135413, 'friend'),
   (0.01595454, 'fighting'),
   (0.015850337, 'turn'),
   (0.015538551, 'oppose'),
   (0.0154616, 'stand'),
   (0.015339837, 'sure'),
   (0.014402108, 'close'),
   (0.0126924515, 'inc.'),
   (0.012557752, 'exactly'),
   (0.012534144, 'join'),
   (0.012503132, 'stick'),
   (0.012052302, 'step'),
   (0.011972164, 'red')],
  -1.9997987986791426),
 ([(0.07489137, 'president obama'),
   (0.041455172, 'contribute'),
   (0.030213572, 'agree'),
   (0.0301789, 'obama'),
   (0.02791331, 'our democratic majority'),
   (0.02737295, 'protect'),
   (0.026564986, 'his republicans'),
   (0.025264017, 'our democracy'),
   (0.024129417, 'every cent'),
   (0.023437485, 'our average online donation'),
   (0.02058323, 'republicans'),
   (0.015804145, 'president'),
   (0.0145142535, 'barack obama'),
   (0.014063202, 'follow'),
   (0.013803591, 'say'),
   (0.013621662, 'sure'),
   (0.013502419, 'everyday'),
   (0.013204004, 'friends'),
   (0.013155769, 'ruin'),
   (0.0130438, 'a dedicated supporter')],
  -2.025885671311576),
 ([(0.27130914, 'end'),
   (0.124792606, 'month'),
   (0.123550445, 'deadline'),
   (0.09583718, 'goal'),
   (0.067491405, 'quarter'),
   (0.055762853, 'fundraising'),
   (0.03015628, 'final'),
   (0.023415912, 'hit'),
   (0.016860664, 'reach'),
   (0.016648086, 'critical'),
   (0.010549144, 'meet'),
   (0.008007078, 'count'),
   (0.0072947647, 'raise'),
   (0.005801531, 'the election'),
   (0.0056656967, 'crucial'),
   (0.005221402, 'away'),
   (0.0051102564, 'ask'),
   (0.0049805036, 'year'),
   (0.0041682734, 'approach'),
   (0.0039829626, 'important')],
  -2.0329020779547124),
 ([(0.046008166, 'people'),
   (0.019697633, 'tell'),
   (0.017507171, 'think'),
   (0.01706048, 'feel'),
   (0.015000649, 'time'),
   (0.01489383, 'talk'),
   (0.014786327, 'get'),
   (0.012411049, 'write'),
   (0.012391649, 'happen'),
   (0.0123026455, 'say'),
   (0.011801745, 'ask'),
   (0.011521676, 'start'),
   (0.01134115, 'mean'),
   (0.010897408, 'take'),
   (0.010854248, 'see'),
   (0.010743367, 'hear'),
   (0.010572581, 'love'),
   (0.009855241, 'organize'),
   (0.009347011, 'find'),
   (0.009300471, 'look')],
  -2.039668755610731),
 ([(0.22283998, 'florida'),
   (0.10517912, 'biden'),
   (0.084317125, 'wisconsin'),
   (0.080931805, 'pennsylvania'),
   (0.031754114, 'lose'),
   (0.03159501, 'president'),
   (0.016571192, 'battleground state'),
   (0.015977113, 'november'),
   (0.014437335, 'beat'),
   (0.014143103, "any candidate or candidate's committee"),
   (0.01392399, 'donald trump'),
   (0.01282449, 'flip'),
   (0.012569699, 'long'),
   (0.012192888, 'the election'),
   (0.012011876, 'joe biden'),
   (0.010970101, 'hard'),
   (0.010521407, 'decide'),
   (0.010498285, 'our email'),
   (0.010309093, 'poll'),
   (0.010024463, 'tie')],
  -2.048828634900584),
 ([(0.07157874, 'president trump'),
   (0.059320744, 'stand'),
   (0.026558196, 'the president'),
   (0.024217352, 'nancy pelosi'),
   (0.024015928, 'america'),
   (0.01862301, 'defend'),
   (0.012939653, 'americans'),
   (0.012902478, 'try'),
   (0.012473075, 'attack'),
   (0.012462091, 'the democrats'),
   (0.012434578, 'say'),
   (0.012227328, 'take'),
   (0.0120553365, 'continue'),
   (0.0111805145, 'our country'),
   (0.010941689, 'conservative'),
   (0.010430896, 'join'),
   (0.009962705, 'destroy'),
   (0.009772273, 'see'),
   (0.009459963, 'the radical left'),
   (0.009293073, 'time')],
  -2.0768465486806487),
 ([(0.24456228, 'mitch mcconnell'),
   (0.13690571, 'mcconnell'),
   (0.053075287, 'amy mcgrath'),
   (0.048731003, 'the senate'),
   (0.036735684, 'republicans'),
   (0.034856606, 'mitch'),
   (0.031436354, 'kentucky'),
   (0.028301302, 'replace'),
   (0.018569311, 'beat'),
   (0.015003538, 'the poll'),
   (0.012820706, 'another amount'),
   (0.011702004, 'amy'),
   (0.009531849, 'lose'),
   (0.008458546, 'flip'),
   (0.008092983, 'end'),
   (0.007920845, 'raise'),
   (0.0077847126, 'vulnerable'),
   (0.0076561263, 'cnn'),
   (0.0073105744, 'a vote'),
   (0.0066949585, 'crush')],
  -2.0875453925964083),
 ([(0.03647671, 'the majority'),
   (0.03262053, 'montana'),
   (0.029507704, 'outraise'),
   (0.024989447, 'commit'),
   (0.023749419, 'the democrats'),
   (0.023274489, 'likely'),
   (0.022291895, 'our country'),
   (0.019904066, 'the senate'),
   (0.01920839, 'protect'),
   (0.018857619, 'step'),
   (0.018737197, 'lose'),
   (0.018090019, 'our email'),
   (0.01808145, 'the senate majority'),
   (0.017328449, 'my opponent'),
   (0.016503122, 'target'),
   (0.016381834, 'washington'),
   (0.016181402, 'chuck schumer'),
   (0.01615738, 'this election'),
   (0.016114602, 'put'),
   (0.0159723, 'control')],
  -2.0956960323148985),
 ([(0.14360194, 'begin'),
   (0.06148621, 'complete'),
   (0.050146554, 'select'),
   (0.03670902, 'your response'),
   (0.03407648, 'your input'),
   (0.03218492, 'answer'),
   (0.032001372, 'survey'),
   (0.029895442, 'hear'),
   (0.027275039, 'participate'),
   (0.02363127, 'the survey'),
   (0.022849018, 'represent'),
   (0.022805903, 'choose'),
   (0.02085811, 'our strategy'),
   (0.017848222, 'ask'),
   (0.01563689, 'respond'),
   (0.015336157, 'your thought'),
   (0.014775177, 'share'),
   (0.014726502, 'the button'),
   (0.014437315, 'review'),
   (0.014013146, 'important')],
  -2.0961195077543286),
 ([(0.12061511, 'this campaign'),
   (0.060729556, 'north carolina'),
   (0.048932213, 'grateful'),
   (0.030986864, 'able'),
   (0.029135989, 'hope'),
   (0.02849825, 'this fight'),
   (0.028437085, 'the team'),
   (0.024628831, 'this team'),
   (0.02341375, 'a contribution'),
   (0.019459834, 'make'),
   (0.019326793, 'a part'),
   (0.019199075, 'friend'),
   (0.018123755, 'supporter'),
   (0.016889704, 'build'),
   (0.016870951, 'take'),
   (0.016698614, 'count'),
   (0.01623008, 'this movement'),
   (0.014777448, 'strong'),
   (0.014035975, 'possible'),
   (0.013459605, 'proud')],
  -2.111831163964068),
 ([(0.029310698, 'provide'),
   (0.02433515, 'include'),
   (0.015721293, 'continue'),
   (0.01475575, 'school'),
   (0.013144078, 'allow'),
   (0.011897386, 'business'),
   (0.010423651, 'covid-19'),
   (0.0100808665, 'the state'),
   (0.009977346, 'student'),
   (0.009977186, 'access'),
   (0.009925019, 'create'),
   (0.009919475, 'available'),
   (0.009825963, 'require'),
   (0.009798253, 'pass'),
   (0.009721475, 'find'),
   (0.009543574, 'pandemic'),
   (0.009434443, 'small business'),
   (0.009394389, 'learn'),
   (0.009193287, 'ensure'),
   (0.009177493, 'open')],
  -2.118774659858547),
 ([(0.08673373, 'join'),
   (0.030601747, 'sign'),
   (0.027878905, 'volunteer'),
   (0.020960674, 'host'),
   (0.019438922, 'rsvp'),
   (0.01911901, 'hope'),
   (0.014915756, 'call'),
   (0.013499103, 'attend'),
   (0.013054746, 'invite'),
   (0.013020635, '[url redacted'),
   (0.0128126545, 'look'),
   (0.012443773, 'door'),
   (0.012198988, 'meet'),
   (0.012076057, 'forward'),
   (0.012057461, 'talk'),
   (0.011841556, 'this week'),
   (0.011329461, 'voter'),
   (0.010888667, 'reach'),
   (0.010687377, 'share'),
   (0.010607275, 'discuss')],
  -2.1340461728869276),
 ([(0.17471781, 'match'),
   (0.033625714, 'any candidate or candidate committee'),
   (0.03290373, 'deck'),
   (0.031570617, 'all hand'),
   (0.029804822, 'protect'),
   (0.021686831, 'triple'),
   (0.020262307, 'midnight'),
   (0.018257858, 'count'),
   (0.017754648, 'another amount'),
   (0.017506799, 'expand'),
   (0.015747685, 'completely'),
   (0.01567321, 'ask'),
   (0.015106221, 'less email'),
   (0.010204072, 'sure'),
   (0.009600713, 'rush'),
   (0.009409847, 'end'),
   (0.009386344, 'a lot'),
   (0.009319157, 'hard'),
   (0.009185066, 'washington, dc'),
   (0.009009617, 'people')],
  -2.1495738377580125),
 ([(0.13774627, 'the usps'),
   (0.10834289, 'the post office'),
   (0.09075697, 'the postal service'),
   (0.05502248, 'mail'),
   (0.043540183, 'vote'),
   (0.029811062, 'destroy'),
   (0.022858588, 'shut'),
   (0.018475585, 'warn'),
   (0.015978944, 'donald trump'),
   (0.014754611, 'close'),
   (0.014705841, 'fund'),
   (0.011400714, 'deliver'),
   (0.010620509, 'tell'),
   (0.010382944, 'ruin'),
   (0.010261482, 'elizabeth warren'),
   (0.010045111, 'try'),
   (0.00988765, 'act'),
   (0.009811051, 'americans'),
   (0.009794776, 'impossible'),
   (0.009156026, 'able')],
  -2.1509792373142376),
 ([(0.09333471, 'safe'),
   (0.09000288, 'stay'),
   (0.038730927, 'covid-19'),
   (0.028922584, 'hope'),
   (0.02804921, 'healthy'),
   (0.027605051, 'our community'),
   (0.023433385, 'home'),
   (0.022660805, 'continue'),
   (0.018519651, 'cancel'),
   (0.01740501, 'your family'),
   (0.016809776, 'person'),
   (0.016707152, 'protect'),
   (0.014449602, 'visit'),
   (0.013999354, 'pandemic'),
   (0.012186357, 'make'),
   (0.012023652, 'event'),
   (0.012021104, 'sure'),
   (0.01199934, 'online'),
   (0.011118494, 'this crisis'),
   (0.010727817, 'social distancing')],
  -2.1525893058338803),
 ([(0.022458687, 'join'),
   (0.02042506, 'our country'),
   (0.018984517, 'protect'),
   (0.017824087, 'continue'),
   (0.017370416, 'honor'),
   (0.0159817, 'serve'),
   (0.015813679, 'stand'),
   (0.014525116, 'justice'),
   (0.013738036, 'bring'),
   (0.013704827, 'face'),
   (0.012533655, 'build'),
   (0.01221253, 'woman'),
   (0.012062662, 'our nation'),
   (0.011808107, 'america'),
   (0.011684541, 'ensure'),
   (0.011503914, 'celebrate'),
   (0.011218659, 'lead'),
   (0.009985588, 'hope'),
   (0.0099835005, 'people'),
   (0.009806171, 'the fight')],
  -2.1528395974141423),
 ([(0.14548391, 'express'),
   (0.07235332, 'endorsement'),
   (0.05301171, 'imply'),
   (0.050531447, 'uniform'),
   (0.04903825, 'use'),
   (0.04827696, 'photograph'),
   (0.045855, 'job title'),
   (0.0422671, 'the department of defense'),
   (0.03298706, 'anymore'),
   (0.026807992, 'these email'),
   (0.016013768, 'fly'),
   (0.014907355, 'her military rank'),
   (0.014170833, 'serve'),
   (0.009447978, 'this race'),
   (0.0086701, 'a member'),
   (0.0071840165, 'your contribution'),
   (0.0071469895, 'spend'),
   (0.006384706, 'our race'),
   (0.0062787374, 'the country'),
   (0.0062497277, 'service')],
  -2.1630574330599432),
 ([(0.22007935, 'immediately'),
   (0.14573103, 'your donation'),
   (0.12688123, 'actblue express'),
   (0.11409294, 'your payment information'),
   (0.041347805, 'another amount'),
   (0.029790808, 'express donate'),
   (0.028326828, 'process'),
   (0.011776943, 'flip'),
   (0.011561207, 'a donation'),
   (0.0091409115, 'other amount'),
   (0.008879921, 'away'),
   (0.007427951, 'store'),
   (0.005481846, 'count'),
   (0.0054695825, 'donald trump'),
   (0.005340496, 'leave'),
   (0.005307532, 'power'),
   (0.0050268658, 'election day'),
   (0.004827597, 'any amount'),
   (0.00418347, 'the gop'),
   (0.004120355, 'po box')],
  -2.1720840581825014),
 ([(0.46967986, 'sign'),
   (0.06813767, 'demand'),
   (0.046448614, 'the petition'),
   (0.043911044, 'my name'),
   (0.039660215, 'our petition'),
   (0.02318986, 'stand'),
   (0.022583684, 'your name'),
   (0.020580452, 'your signature'),
   (0.016625697, 'collect'),
   (0.015131988, 'signature'),
   (0.014982749, 'force'),
   (0.009448358, 'act'),
   (0.009237905, 'add'),
   (0.0091732275, 'allow'),
   (0.009052826, 'love'),
   (0.008891839, 'immediately'),
   (0.006435718, 'call'),
   (0.0058442852, 'gather'),
   (0.0054380237, 'tell'),
   (0.0053282357, 'wait')],
  -2.175122163268551),
 ([(0.24100935, 'your name'),
   (0.21177399, 'add'),
   (0.057087235, 'address'),
   (0.055089332, 'your email address'),
   (0.043914, 'stand'),
   (0.028308665, 'action'),
   (0.024379222, 'demand'),
   (0.023667045, 'join'),
   (0.0160218, 'americans'),
   (0.015249333, 'call'),
   (0.013874697, 'take'),
   (0.009158844, 'agree'),
   (0.008829889, 'the trump administration'),
   (0.008808179, 'million'),
   (0.008486695, 'time'),
   (0.00812651, 'thousand'),
   (0.007751442, 'sign'),
   (0.0071694786, 'act'),
   (0.006941907, 'the country'),
   (0.006900196, 'the list')],
  -2.18069507187066),
 ([(0.15132096, 'respond'),
   (0.08147851, 'confirm'),
   (0.06543968, 'your response'),
   (0.04437515, 'select'),
   (0.039040282, 'poll'),
   (0.03849848, 'this poll'),
   (0.036501206, 'submit'),
   (0.034552895, 'immediately'),
   (0.03417034, 'open'),
   (0.03147538, 'represent'),
   (0.026535723, 'bryceville'),
   (0.0182584, 'response'),
   (0.017981816, '30 minute'),
   (0.017840602, 'begin'),
   (0.017364072, 'conduct'),
   (0.017071076, 'register'),
   (0.014197211, 'the button'),
   (0.012333541, 'your input'),
   (0.011830496, 'use'),
   (0.010641538, 'gauge')],
  -2.181635878223521),
 ([(0.63577884, 'rush'),
   (0.038827207, 'a donation'),
   (0.032672483, 'lose'),
   (0.025969716, 'raise'),
   (0.015817652, 'republicans'),
   (0.014019727, 'another amount'),
   (0.010662592, 'million'),
   (0.009219334, 'tell'),
   (0.007392292, 'destroy'),
   (0.0069794925, 'a $5 donation'),
   (0.006330513, 'spend'),
   (0.0061647557, 'november'),
   (0.005530528, 'late'),
   (0.0054653143, 'critical'),
   (0.005400412, 'issue'),
   (0.0048137833, 'ready'),
   (0.004610657, 'set'),
   (0.0045862407, 'step'),
   (0.0041028205, 'determine'),
   (0.0038125955, 'flip')],
  -2.182835687024469),
 ([(0.045492396, 'concern'),
   (0.045257185, 'hear'),
   (0.044567496, 'climate change'),
   (0.041645974, 'instantly'),
   (0.040515874, 'long'),
   (0.038097028, 'an important way'),
   (0.03386135, 'supporter'),
   (0.033058207, 'protect'),
   (0.0289572, 'build'),
   (0.027051581, 'question'),
   (0.0269594, 'contact'),
   (0.02592902, 'inform'),
   (0.024393281, 'your contribution'),
   (0.023370288, 'process'),
   (0.022527758, 'store'),
   (0.022333914, 'health care'),
   (0.015917242, 'all our list'),
   (0.015850771, 'the affordable care act'),
   (0.015335146, 'washington'),
   (0.014643394, 'actblue express')],
  -2.1838470754830634),
 ([(0.13334325, 'mail'),
   (0.09132989, 'vote'),
   (0.035638757, 'voting'),
   (0.028773613, 'voter'),
   (0.02748124, 'protect'),
   (0.023024188, 'cast'),
   (0.021369, 'safely'),
   (0.021358304, 'expand'),
   (0.02062075, 'our democracy'),
   (0.017007181, 'their ballot'),
   (0.016947147, 'ensure'),
   (0.01636735, 'suppress'),
   (0.01556431, 'republicans'),
   (0.014746715, 'our election'),
   (0.012197491, 'state'),
   (0.012075679, 'every american'),
   (0.011828503, 'hear'),
   (0.010841617, 'voting right'),
   (0.010487091, 'people'),
   (0.010404875, 'stand')],
  -2.185156436954864),
 ([(0.36052728, 'joe biden'),
   (0.15091334, 'kamala harris'),
   (0.07320018, 'joe'),
   (0.038819052, 'donald trump'),
   (0.0374999, 'biden'),
   (0.03616992, 'kamala'),
   (0.025641367, 'mike pence'),
   (0.023727678, 'vice president'),
   (0.020918401, 'the white house'),
   (0.016821422, 'president'),
   (0.0127721, 'november'),
   (0.010359528, 'stand'),
   (0.00981799, 'announce'),
   (0.008898295, 'this election'),
   (0.0084728915, 'pick'),
   (0.0071325996, 'sure'),
   (0.007128994, 'officially'),
   (0.006273191, 'choose'),
   (0.0052308016, 'history'),
   (0.0049104574, 'lead')],
  -2.214599126795997),
 ([(0.11826944, 'endorse'),
   (0.036088217, 'proud'),
   (0.035094306, 'deliver'),
   (0.02810965, 'grow'),
   (0.027748523, 'california'),
   (0.026291959, 'serve'),
   (0.023736136, 'november'),
   (0.023637047, 'excited'),
   (0.017495833, 'count'),
   (0.017341599, 'make'),
   (0.016007913, 'election'),
   (0.014993219, 'announce'),
   (0.014581907, 'a contribution'),
   (0.014575304, 'join'),
   (0.014186587, 'continue'),
   (0.01417145, 'flip'),
   (0.013175038, 'congress\npo box'),
   (0.012278067, 'unseat'),
   (0.010920903, 'ask'),
   (0.010588994, 'this race')],
  -2.2149493248652106),
 ([(0.31836313, 'the senate'),
   (0.06126886, 'flip'),
   (0.059863366, 'maine'),
   (0.056132406, 'susan collins'),
   (0.05596877, 'mitch mcconnell'),
   (0.0327407, 'control'),
   (0.024027688, 'republicans'),
   (0.02120503, 'retake'),
   (0.019156892, 'senator'),
   (0.018391266, 'senate republicans'),
   (0.015206078, 'tie'),
   (0.014689981, 'our chance'),
   (0.012289575, 'the late poll'),
   (0.011877676, 'million'),
   (0.0116046155, 'take'),
   (0.011231645, 'see'),
   (0.00910456, 'ahead'),
   (0.008307468, 'track'),
   (0.008096878, 'include'),
   (0.007999445, 'lose')],
  -2.242058878220107),
 ([(0.185986, 'facebook'),
   (0.1709301, 'twitter'),
   (0.1073176, 'follow'),
   (0.04281303, 'instagram'),
   (0.03760062, 'u.s. senate'),
   (0.037175946, 'leader'),
   (0.03339986, 'united states'),
   (0.019515973, 'bring'),
   (0.017676396, 'the campaign'),
   (0.016195323, 'leave'),
   (0.013530071, 'visit'),
   (0.012665915, 'grateful'),
   (0.0125324065, 'the people'),
   (0.011475741, 'check'),
   (0.009885217, 'social medium'),
   (0.0097914655, 'november'),
   (0.009649114, 'spread'),
   (0.009547151, 'touch'),
   (0.009124277, 'forget'),
   (0.009107503, 'hope')],
  -2.2538355738427525),
 ([(0.13019246, 'vote'),
   (0.034875568, 'election day'),
   (0.034175117, 'sure'),
   (0.0270997, 'cast'),
   (0.026256436, 'register'),
   (0.024968637, 'person'),
   (0.02458653, 'your ballot'),
   (0.02251284, 'mail'),
   (0.022068119, 'find'),
   (0.020642119, 'early'),
   (0.020099238, 'early voting'),
   (0.019674208, 'request'),
   (0.018733017, 'the poll'),
   (0.01648149, 'count'),
   (0.01524182, 'voter'),
   (0.015132815, 'your vote'),
   (0.014728782, 'ballot'),
   (0.014223216, 'check'),
   (0.014070857, 'voting'),
   (0.0129208015, 'their ballot')],
  -2.2793995182368936),
 ([(0.10580247, 'deductible'),
   (0.10545723, 'tax'),
   (0.104759514, 'gift'),
   (0.0797581, 'contribution'),
   (0.050953086, 'stay'),
   (0.03639723, 'supporter'),
   (0.030865207, 'touch'),
   (0.028476898, 'amy'),
   (0.022738133, 'hate'),
   (0.02189071, "any candidate or candidate's committee"),
   (0.020382883, 'a crucial way'),
   (0.01584105, 'your information'),
   (0.015214761, 'appreciate'),
   (0.01468017, 'washington'),
   (0.013563634, 'contact'),
   (0.011973435, 'any question'),
   (0.009544499, 'sure'),
   (0.00799913, 'team'),
   (0.0073635713, 'end'),
   (0.0063354485, 'show')],
  -2.30493625307276),
 ([(0.33384913, 'turn'),
   (0.08557845, 'progress'),
   (0.0279447, 'the vote'),
   (0.025264913, 'the white house'),
   (0.024829175, 'mobilize'),
   (0.020230036, '15320\nwashington'),
   (0.016960252, 'november'),
   (0.016363254, 'donald trump'),
   (0.012249453, 'crucial'),
   (0.011556505, 'any time'),
   (0.011473752, 'our work'),
   (0.011386601, 'build'),
   (0.010607899, 'fund'),
   (0.010223251, 'this election'),
   (0.009762021, 'po box'),
   (0.00954042, 'our country'),
   (0.009538784, 'course'),
   (0.009132471, 'rely'),
   (0.00908636, 'voter'),
   (0.008925637, 'communicate')],
  -2.3124329582486447),
 ([(0.081413954, 'the country'),
   (0.06576348, 'waste'),
   (0.056452584, 'advance'),
   (0.054237433, 'republicans'),
   (0.05321845, 'depend'),
   (0.04636337, 'our supporter'),
   (0.044770513, 'no time'),
   (0.038701545, 'a contribution'),
   (0.033028785, 'defend'),
   (0.030222172, 'the state'),
   (0.029970763, 'ensure'),
   (0.029527772, 'our effort'),
   (0.024786562, 'our success'),
   (0.02451189, 'involve'),
   (0.023939902, 'the impact'),
   (0.022079488, 'a part'),
   (0.02003692, "any candidate or candidate's committee"),
   (0.018475585, 'grassroots donor'),
   (0.01766753, 'dedicated'),
   (0.01580079, 'washington')],
  -2.325305499987417),
 ([(0.112937205, 'our movement'),
   (0.08270567, 'politic'),
   (0.08023314, 'fix'),
   (0.049915012, 'join'),
   (0.042300962, 'candidate'),
   (0.041422818, 'end'),
   (0.038866136, 'corruption'),
   (0.038088147, 'reform'),
   (0.029929236, 'our democracy'),
   (0.025937334, 'climate change'),
   (0.019405175, 'our election'),
   (0.015249021, 'an end'),
   (0.014546291, 'overturn'),
   (0.013331228, 'rely'),
   (0.012396235, 'the people'),
   (0.011535233, 'build'),
   (0.011241873, 'citizens united'),
   (0.010114875, 'contribute'),
   (0.01002833, 'fuel'),
   (0.009258778, 'represent')],
  -2.389091863442028),
 ([(0.09040753, 'get'),
   (0.07008905, 'thing'),
   (0.056416795, 'finish'),
   (0.03808629, 'strong'),
   (0.024302455, 'sure'),
   (0.02267521, 'bring'),
   (0.02054113, 'serve'),
   (0.01939681, 'congress\np.o. box'),
   (0.01853616, 'close'),
   (0.017673705, 'the job'),
   (0.016023537, 'cut'),
   (0.015902871, 'count'),
   (0.01433411, 'this race'),
   (0.013867737, 'washington'),
   (0.013358548, 'stand'),
   (0.012313085, 'break'),
   (0.011919989, 'forward'),
   (0.011472829, 'a champion'),
   (0.011431819, 'the state'),
   (0.010974667, 'look')],
  -2.398036785388885),
 ([(0.16837496, 'the supreme court'),
   (0.12467167, 'arizona'),
   (0.0670802, 'mark kelly'),
   (0.044655822, 'the senate'),
   (0.044010095, 'mark'),
   (0.041474238, 'confirm'),
   (0.037036896, 'fill'),
   (0.02757181, 'block'),
   (0.026261255, 'the court'),
   (0.018216977, 'appoint'),
   (0.016638007, 'nominate'),
   (0.014158098, 'flip'),
   (0.012735667, 'the election'),
   (0.012215924, 'a vote'),
   (0.011929417, 'pack'),
   (0.011875767, 'the future'),
   (0.011247723, 'lose'),
   (0.01119565, 'say'),
   (0.011171945, 'protect'),
   (0.011000438, 'replace')],
  -2.4014776923354093),
 ([(0.038894624, 'share'),
   (0.02771444, 'district'),
   (0.024124114, 'colorado'),
   (0.023611512, 'our community'),
   (0.022898246, 'represent'),
   (0.021543797, 'serve'),
   (0.02151876, 'forward'),
   (0.017378662, 'continue'),
   (0.0163292, 'view'),
   (0.013004209, 'look'),
   (0.012892191, 'these email'),
   (0.01228531, 'the people'),
   (0.0115329465, 'proud'),
   (0.011334525, 'our district'),
   (0.011222345, 'the issue'),
   (0.010872674, 'this list'),
   (0.010721279, 'your preference'),
   (0.010614283, 'hear'),
   (0.010439685, 'the word'),
   (0.009597751, 'listen')],
  -2.4103551614625385),
 ([(0.14280248, 'the ballot'),
   (0.074283704, 'iowa'),
   (0.057851106, 'this year'),
   (0.040823046, 'split'),
   (0.028736986, 'the general election'),
   (0.025511922, 'our candidate'),
   (0.02520065, 'office'),
   (0.021978494, 'remove'),
   (0.020926297, 'contribution'),
   (0.020438284, 'the primary'),
   (0.017194718, 'include'),
   (0.016918622, 'follow'),
   (0.016223947, 'deductible'),
   (0.01600395, 'november'),
   (0.014413806, 'power'),
   (0.014147659, 'the country'),
   (0.013591116, 'list'),
   (0.012731554, 'president'),
   (0.012539442, 'candidate'),
   (0.012185359, 'federal income tax purpose')],
  -2.431621622261334),
 ([(0.19036327, 'flip'),
   (0.109027795, 'georgia'),
   (0.06325141, 'blue'),
   (0.05804116, 'the senate'),
   (0.04646406, 'this seat'),
   (0.033254985, 'red'),
   (0.030672874, 'senate'),
   (0.027462479, 'friend'),
   (0.020190392, 'provide'),
   (0.01771483, 'title'),
   (0.014016626, 'expand'),
   (0.011465371, 'access'),
   (0.011462412, 'a fight'),
   (0.011262529, 'health care'),
   (0.010440735, 'spend'),
   (0.009854305, 'the soul'),
   (0.0085554365, 'take'),
   (0.008423093, 'this email list'),
   (0.007990723, 'defend'),
   (0.0077471286, 'seat')],
  -2.4564631229793963),
 ([(0.4831879, 'read'),
   (0.04348481, 'learn'),
   (0.021373678, 'the day'),
   (0.020245867, 'america'),
   (0.019412244, 'say'),
   (0.01939917, 'lose'),
   (0.016198305, 'ask'),
   (0.013128438, 'ste'),
   (0.012690021, 'get'),
   (0.012635411, 'explain'),
   (0.012278785, 'completely'),
   (0.012155318, 'share'),
   (0.009759216, 'look'),
   (0.008856983, 'think'),
   (0.0073752473, 'tell'),
   (0.0071384977, 'write'),
   (0.0069346707, 'make'),
   (0.0068068374, 'a lot'),
   (0.006519935, 'sick'),
   (0.0059157773, 'inspire')],
  -2.5047140053390624),
 ([(0.46060154, 'vote'),
   (0.19447815, 'pass'),
   (0.04135049, 'mail'),
   (0.026335126, 'november'),
   (0.02330218, 'pledge'),
   (0.018768033, 'commit'),
   (0.0145756025, 'the bill'),
   (0.011802128, 'plan'),
   (0.009332038, 'introduce'),
   (0.009033302, 'ignore'),
   (0.008866296, 'voting'),
   (0.008773245, 'law'),
   (0.00829862, 'guarantee'),
   (0.007271587, 'the 2020 election'),
   (0.0057569733, 'voter turnout'),
   (0.0053731194, 'voter'),
   (0.0052126474, 'a vote'),
   (0.0047446783, 'tell'),
   (0.0045627146, 'lose'),
   (0.0044950508, 'republicans')],
  -2.508787134024303),
 ([(0.09443602, 'launch'),
   (0.07661805, 'our ad'),
   (0.07197323, 'the air'),
   (0.06571003, 'attack'),
   (0.061340157, 'spend'),
   (0.04667755, 'ad'),
   (0.032553207, 'the airwave'),
   (0.03123248, 'flood'),
   (0.028291726, 'raise'),
   (0.021380754, 'drown'),
   (0.020413954, 'attack ad'),
   (0.017896453, 'counter'),
   (0.014989991, 'hate'),
   (0.014244393, 'get'),
   (0.012564407, 'voter'),
   (0.0104090385, 'million of dollar'),
   (0.010089614, 'million'),
   (0.009631588, 'live'),
   (0.009575067, 'straight'),
   (0.009564096, 'this week')],
  -2.5453844891523265),
 ([(0.25411072, 'try'),
   (0.1263896, 'free'),
   (0.10114291, 'new york'),
   (0.06536136, 'free today'),
   (0.065048896, 'email marketing'),
   (0.06207677, 'constant contact - try'),
   (0.06009647, 'power'),
   (0.032757178, 'love'),
   (0.013142608, 'suite'),
   (0.011322335, 'chicago'),
   (0.010548975, 'join'),
   (0.0103876265, 'open'),
   (0.009694128, 'sincerely'),
   (0.0074981265, 'consider'),
   (0.006645916, 'share'),
   (0.0059620487, 'news'),
   (0.005645034, 'find'),
   (0.0054875696, 'the button'),
   (0.004888513, 'quickly'),
   (0.004398694, 'look')],
  -2.5480188814703157),
 ([(0.19633804, 'claim'),
   (0.18896848, 'sponsor'),
   (0.09188289, 'single'),
   (0.05323009, 'sell'),
   (0.039161243, 'correct'),
   (0.039046053, 'your record'),
   (0.036667258, '120-137 tucson, az'),
   (0.035762604, 'opt'),
   (0.034959953, 'dr. suite'),
   (0.034133077, '6890 e. sunrise'),
   (0.032473326, 'the daily grind news'),
   (0.016957514, 'easy'),
   (0.016299607, 'offer'),
   (0.011657709, 'fast'),
   (0.011288799, 'join'),
   (0.009837742, 'wait'),
   (0.0084346235, 'extend'),
   (0.008089641, 'miss'),
   (0.0074250256, 'order'),
   (0.006861438, 'fellow conservative')],
  -2.55668338212628),
 ([(0.14940135, 'the people'),
   (0.14727639, 'washington'),
   (0.084617995, 'take'),
   (0.08301992, 'represent'),
   (0.077767946, 'instead'),
   (0.0702549, 'time'),
   (0.058023628, 'special interest'),
   (0.04675137, 'refuse'),
   (0.037942737, 'work family'),
   (0.036012974, 'corporation'),
   (0.02935139, 'spend'),
   (0.028186744, 'benefit'),
   (0.025581555, 'deserve'),
   (0.022662064, 'power'),
   (0.019767229, 'money'),
   (0.017876238, 'corporate pac'),
   (0.0076279785, 'rely'),
   (0.0069568097, 'prioritize'),
   (0.006021939, 'politic'),
   (0.005785396, 'people')],
  -2.57385426144224),
 ([(0.32050976, 'url'),
   (0.30986765, 'redacted'),
   (0.056967128, 'drop'),
   (0.042105015, '[url redacted'),
   (0.027415333, 'free'),
   (0.025671866, 'feel'),
   (0.017580697, "any candidate or candidate's committee"),
   (0.017427063, 'reply'),
   (0.015507543, 'office'),
   (0.013893775, 'simply'),
   (0.012198889, 'this link'),
   (0.009509592, 'use'),
   (0.008383698, 'able'),
   (0.0061626593, 'share'),
   (0.0057770847, 'check'),
   (0.0057270397, 'appreciate'),
   (0.0056257215, 'great'),
   (0.0054965685, 'fly'),
   (0.005092297, 'replace'),
   (0.0049194633, 'election')],
  -2.6364808331699328),
 ([(0.33017662, 'my campaign'),
   (0.19348165, 'ask'),
   (0.12485196, 'my team'),
   (0.05936573, 'tough'),
   (0.03628081, 'return'),
   (0.035633136, 'hope'),
   (0.030406255, 'compete'),
   (0.029573904, 'struggle'),
   (0.028363727, 'personally'),
   (0.013306073, 'corruption'),
   (0.013278714, 'easy'),
   (0.012598228, 'able'),
   (0.012078022, 'folk'),
   (0.011730588, 'bring'),
   (0.008301065, 'a lot'),
   (0.0069273883, 'a time'),
   (0.0046435795, 'just $5'),
   (0.004532558, 'proud'),
   (0.0034985512, 'people'),
   (0.0032690936, 'a difference')],
  -2.662075761361405),
 ([(0.34699672, 'watch'),
   (0.099390715, 'enter'),
   (0.05962916, 'the debate'),
   (0.05701878, 'debate'),
   (0.053214695, 'last night'),
   (0.038159534, 'meet'),
   (0.035094444, 'tune'),
   (0.01818903, 'live'),
   (0.017232561, 'plan'),
   (0.015059633, 'open'),
   (0.014448964, 'automatically'),
   (0.013575651, 'majority'),
   (0.0123523185, 'a chance'),
   (0.012298486, 'apply'),
   (0.011922237, 'miss'),
   (0.011044318, 'improve'),
   (0.010928667, 'cover'),
   (0.010540821, 'depend'),
   (0.007863518, 'require'),
   (0.007172358, 'share')],
  -2.6662055394244097),
 ([(0.097327046, 'ready'),
   (0.0813875, 'trust'),
   (0.044882935, 'message'),
   (0.04440206, 'history'),
   (0.037691623, 'expand'),
   (0.025930896, 'your inbox'),
   (0.023656106, 'a friend'),
   (0.02364657, 'a leader'),
   (0.023248816, 'directly'),
   (0.021987809, 'place'),
   (0.021217123, 'forward'),
   (0.020884069, 'a campaign'),
   (0.02028662, 'well'),
   (0.019450141, 'getting'),
   (0.018882865, 'deserve'),
   (0.017162422, 'build'),
   (0.015227222, 'your time'),
   (0.01305682, 'push'),
   (0.012930697, 'put'),
   (0.012818265, 'leadership')],
  -2.7377520217653335),
 ([(0.056976274, 'donald trump'),
   (0.055223066, 'lie'),
   (0.046991076, 'deserve'),
   (0.038858127, 'the american people'),
   (0.03461668, 'demand'),
   (0.02999965, 'stand'),
   (0.029103663, 'the truth'),
   (0.02483898, 'call'),
   (0.02358881, 'agree'),
   (0.020088311, 'refuse'),
   (0.01732879, 'break'),
   (0.017221607, 'clear'),
   (0.016564542, 'delay'),
   (0.01627129, 'americans'),
   (0.016006874, 'tell'),
   (0.01570479, 'release'),
   (0.014916196, 'fox news'),
   (0.013765224, 'threaten'),
   (0.013256659, 'ignore'),
   (0.012314385, 'fire')],
  -2.7968303084790764),
 ([(0.25075647, 'fund'),
   (0.12033525, 'raise'),
   (0.07225155, 'fully'),
   (0.06879702, 'pull'),
   (0.059959996, 'roll'),
   (0.046607092, 'willing'),
   (0.033353593, 'september'),
   (0.030470615, 'crush'),
   (0.02905329, 'succeed'),
   (0.02678063, 'victory'),
   (0.016523702, 'give'),
   (0.013483246, 'the verge'),
   (0.01303937, 'money'),
   (0.0122021455, 'agree'),
   (0.011541743, 'donation'),
   (0.011188865, 'away'),
   (0.009979037, 'our ad'),
   (0.009976803, 'elizabeth warren'),
   (0.008179366, 'his campaign'),
   (0.007936647, 'all donation')],
  -2.797487732213592),
 ([(0.3973195, 'ohio'),
   (0.19731215, 'activate'),
   (0.18237823, 'august'),
   (0.072000064, 'impossible'),
   (0.016963933, 'join'),
   (0.016392604, 'happen'),
   (0.0107199745, 'wait'),
   (0.009573809, 'leader'),
   (0.0093024075, 'united states'),
   (0.00876722, 'the 2020 election'),
   (0.008388717, 'this week'),
   (0.0077679786, 'track'),
   (0.0073400442, 'your donation'),
   (0.006530902, 'september'),
   (0.0055258023, 'last week'),
   (0.0054996926, 'break'),
   (0.00489483, 'flip'),
   (0.0041300403, 'crush'),
   (0.0034126854, 'victory'),
   (0.0033222747, 'year')],
  -2.8251488061935466),
 ([(0.38411778, 'hold'),
   (0.20069821, 'the house'),
   (0.11549774, 'accountable'),
   (0.06631695, 'elizabeth warren'),
   (0.031393647, 'republicans'),
   (0.013823927, 'the country'),
   (0.011162801, 'take'),
   (0.008267033, 'our majority'),
   (0.0076649943, 'a donation'),
   (0.007164885, 'the gop'),
   (0.0060689524, 'big'),
   (0.0058458806, 'the white house'),
   (0.0048748134, 'pac'),
   (0.004827264, 'expand'),
   (0.0044480534, 'directly'),
   (0.003880592, 'ask'),
   (0.003767725, 'box'),
   (0.0037494765, 'the line'),
   (0.0037133072, 'currently'),
   (0.003703415, 'split')],
  -2.866768804549927),
 ([(0.48389232, 'contribute'),
   (0.29239854, 'tonight'),
   (0.035007477, '11:59 pm'),
   (0.028182607, 'your contribution'),
   (0.019125555, 'join'),
   (0.009653685, 'view'),
   (0.008304636, 'any amount'),
   (0.00600065, 'offer'),
   (0.005853733, 'a message'),
   (0.005800664, 'state'),
   (0.005002638, 'miss'),
   (0.0046151807, 'every dollar'),
   (0.004598589, 'policy'),
   (0.0044018263, 'victory'),
   (0.0042267083, 'a contribution'),
   (0.003827702, 'your chance'),
   (0.0034882077, 'happen'),
   (0.0034252328, 'appreciate'),
   (0.003243086, 'impact'),
   (0.0029080312, 'notice')],
  -2.936915383219221),
 ([(0.13708849, 'the link'),
   (0.12417135, 'subscribe'),
   (0.09821187, 'url redacted'),
   (0.08448867, 'post'),
   (0.065595396, 'any time'),
   (0.06516474, 'contact'),
   (0.059870154, 'this list'),
   (0.05390182, 'follow'),
   (0.048412148, '([[url redacted'),
   (0.044737987, 'your browser'),
   (0.04067673, 'question'),
   (0.038976476, 'simply'),
   (0.033759452, 'provide'),
   (0.023968387, 'ignore'),
   (0.02013132, 'yes'),
   (0.017434299, 'activate'),
   (0.011431605, 'view'),
   (0.009974629, '[url redacted'),
   (0.0052460344, 'usa'),
   (0.002338946, 'hello')],
  -2.9828904251676644),
 ([(0.0747807, 'say'),
   (0.0453944, 'pandemic'),
   (0.03894663, 'wear'),
   (0.038814668, 'covid-19'),
   (0.027674505, 'month'),
   (0.024612192, 'the coronavirus'),
   (0.016463883, 'test'),
   (0.014200018, 'coronavirus'),
   (0.013783402, 'accord'),
   (0.013090757, 'the virus'),
   (0.012742065, 'report'),
   (0.012373713, 'announce'),
   (0.011723682, 'friday'),
   (0.011392156, 'the covid-19'),
   (0.011117789, 'monday'),
   (0.010638336, 'die'),
   (0.0104829045, 'tuesday'),
   (0.009764199, 'florida democrats'),
   (0.009225317, 'the spread'),
   (0.008613641, 'case')],
  -3.1500904134159065)]
LDA on full corpus complete!
