imported modules
unpickled corpus and dictionary files
Number of unique tokens: 16194
Number of documents: 316769
logging setup successful
LDA run time: 9803.161080121994
Average topic coherence: -2.5370.
[([(0.039787002, 'elections'),
   (0.028133558, 'win'),
   (0.027091982, 'change'),
   (0.026614862, 'afford'),
   (0.022710642, 'boosting'),
   (0.0198107, 'follow'),
   (0.015353158, 'best'),
   (0.015116485, 'use'),
   (0.014884624, 'data'),
   (0.014415281, 'remember'),
   (0.014401692, 'defeat'),
   (0.014292533, 'going'),
   (0.014185779, 'saving'),
   (0.014184138, 'matters'),
   (0.014124802, 'knock'),
   (0.014092453, 'voters'),
   (0.013868151, 'fight'),
   (0.013864949, 'update'),
   (0.01378074, 'getting'),
   (0.013685031, 'stop')],
  -0.9383886797748684),
 ([(0.066707775, 'pass'),
   (0.04365818, 'emails'),
   (0.028047668, 'win'),
   (0.026415769, 'pushing'),
   (0.025483608, 'fix'),
   (0.025270397, 'know'),
   (0.024701409, 'running'),
   (0.024377638, 'history'),
   (0.024293562, 'fuel'),
   (0.024208669, 'send'),
   (0.024185361, 'giving'),
   (0.024074083, 'billionaires'),
   (0.023995856, 'fund'),
   (0.023956088, 'hard'),
   (0.023924321, 'overturn'),
   (0.02387837, 'want'),
   (0.023744376, 'spend'),
   (0.02358298, 'ultimately'),
   (0.0235299, 'building'),
   (0.023456782, 'wondering')],
  -0.9652895315800015),
 ([(0.055558495, 'supporters'),
   (0.0346149, 'issues'),
   (0.031179499, 'joining'),
   (0.030901654, 'works'),
   (0.030686833, 'elected'),
   (0.030321578, 'promote'),
   (0.029739056, 'advance'),
   (0.029707957, 'matter'),
   (0.029553613, 'committed'),
   (0.029402696, 'getting'),
   (0.028536774, 'critical'),
   (0.028358642, 'promoting'),
   (0.027879613, 'immediately'),
   (0.027868593, 'helping'),
   (0.02758977, 'champion'),
   (0.027548919, 'support'),
   (0.027525874, 'believe'),
   (0.026980419, 'increase'),
   (0.026911227, 'activated'),
   (0.026694324, 'combating')],
  -1.0238941241406971),
 ([(0.038329985, 'office'),
   (0.036963597, 'imagine'),
   (0.036912035, 'win'),
   (0.03621128, 'run'),
   (0.034890328, 'want'),
   (0.0337834, 'train'),
   (0.021333765, 'funded'),
   (0.021184381, 'fund'),
   (0.020571608, 'supporting'),
   (0.020368861, 'elect'),
   (0.02016232, 'promise'),
   (0.01980623, 'know'),
   (0.019087259, 'honest'),
   (0.018790156, 'small'),
   (0.018491615, 'incredibly'),
   (0.018469866, 'expensive'),
   (0.018424409, 'listen'),
   (0.018381745, 'dignity'),
   (0.018003004, 'thanks'),
   (0.017874742, 'spend')],
  -1.0374027325040498),
 ([(0.034499314, 'win'),
   (0.033694934, 'elections'),
   (0.029447336, 'afford'),
   (0.028597977, 'change'),
   (0.02676882, 'boosting'),
   (0.023573186, 'follow'),
   (0.015088128, 'defeat'),
   (0.015070476, 'guarantee'),
   (0.014773322, 'build'),
   (0.014738874, 'remember'),
   (0.014649599, 'run'),
   (0.014611178, 'execute'),
   (0.014608594, 'use'),
   (0.014541326, 'working'),
   (0.014500856, 'sure'),
   (0.014461743, 'means'),
   (0.014394863, 'knock'),
   (0.014374218, 'going'),
   (0.014251053, 'matters'),
   (0.0142314695, 'comes')],
  -1.046152527224193),
 ([(0.06771228, 'mj'),
   (0.04356822, 'endorsement'),
   (0.0415451, 'imply'),
   (0.040948894, 'uniform'),
   (0.03952475, 'photographs'),
   (0.037960287, 'know'),
   (0.033700485, 'use'),
   (0.03361098, 'time'),
   (0.02320566, 'win'),
   (0.020940436, 'let'),
   (0.02012674, 'greatly'),
   (0.01743096, 'believe'),
   (0.016688662, 'appreciate'),
   (0.016560549, 'clear'),
   (0.016454756, 'tax'),
   (0.016388701, 'deductible'),
   (0.016337348, 'email'),
   (0.016239217, 'ask'),
   (0.016185896, 'relying'),
   (0.016138421, 'gifts')],
  -1.048818655886054),
 ([(0.04008651, 'power'),
   (0.03889101, 'lives'),
   (0.038645517, 'pass'),
   (0.038319647, 'lose'),
   (0.035926413, 'end'),
   (0.03124514, 'fund'),
   (0.02563687, 'save'),
   (0.021109067, 'care'),
   (0.02086659, 'know'),
   (0.020565862, 'elect'),
   (0.019965136, 'cost'),
   (0.019514602, 'turning'),
   (0.019398756, 'sit'),
   (0.019118708, 'continue'),
   (0.018916193, 'want'),
   (0.018735839, 'support'),
   (0.018600201, 'simply'),
   (0.018570637, 'matter'),
   (0.018237783, 'going'),
   (0.018183803, 'instead')],
  -1.061431815621033),
 ([(0.03389937, 'content'),
   (0.028182434, 'based'),
   (0.024767784, 'find'),
   (0.024484875, 'alert'),
   (0.023899985, 'united'),
   (0.022998365, 'check'),
   (0.02288785, 'taking'),
   (0.022793787, 'marked'),
   (0.022483991, 'official'),
   (0.022219189, 'endorsed'),
   (0.021711426, 'published'),
   (0.02162669, 'sure'),
   (0.021585636, 'action'),
   (0.02108858, 'right'),
   (0.021030502, 'special'),
   (0.02097675, 'safeguard'),
   (0.020846043, 'website'),
   (0.020642977, 'subject'),
   (0.019644197, 'stand'),
   (0.017775066, 'freedoms')],
  -1.1051153443210557),
 ([(0.04424197, 'victory'),
   (0.041053105, 'elect'),
   (0.038952004, 'change'),
   (0.02522968, 'helped'),
   (0.02332112, 'flipped'),
   (0.023229964, 'win'),
   (0.02282919, 'target'),
   (0.022458425, 'started'),
   (0.022207946, 'created'),
   (0.021733709, 'color'),
   (0.021053636, 'build'),
   (0.021018686, 'strong'),
   (0.020916365, 'giving'),
   (0.020884959, 'order'),
   (0.020884074, 'want'),
   (0.02069789, 'raised'),
   (0.020629548, 'people'),
   (0.0206122, 'got'),
   (0.020601638, 'getting'),
   (0.020069612, 'identify')],
  -1.1965215895721173),
 ([(0.031436343, 'dedicated'),
   (0.031331938, 'supporters'),
   (0.028999269, 'win'),
   (0.027227303, 'defeat'),
   (0.022651613, 'critical'),
   (0.019691007, 'believe'),
   (0.019260539, 'chip'),
   (0.017800152, 'helping'),
   (0.01730242, 'update'),
   (0.017158637, 'thanks'),
   (0.016422026, 'stay'),
   (0.01636113, 'pac'),
   (0.015831005, 'increase'),
   (0.015776224, 'touch'),
   (0.015755827, 'clicking'),
   (0.015632708, 'fund'),
   (0.015604922, 'powered'),
   (0.015503236, 'voters'),
   (0.0154331075, 'emails'),
   (0.015311581, 'prefer')],
  -1.2792933684566863),
 ([(0.051866937, 'equality'),
   (0.04670399, 'democrats'),
   (0.039209187, 'day'),
   (0.033233993, 'emails'),
   (0.030877173, 'night'),
   (0.026896529, 'right'),
   (0.025718108, 'going'),
   (0.025586506, 'important'),
   (0.025364865, 'winning'),
   (0.025330374, 'let'),
   (0.025186814, 'unlike'),
   (0.024506835, 'know'),
   (0.02442099, 'crucial'),
   (0.024411034, 'elect'),
   (0.02427367, 'chip'),
   (0.02411302, 'drive'),
   (0.022929879, 'raise'),
   (0.022635695, 'working'),
   (0.022048764, 'fail'),
   (0.021715304, 'defeating')],
  -1.3855576530263165),
 ([(0.036389884, 'emails'),
   (0.03555095, 'sorry'),
   (0.03259368, 'elect'),
   (0.031378414, 'file'),
   (0.028445855, 'want'),
   (0.028342504, 'supporting'),
   (0.027633365, 'know'),
   (0.020558229, 'president'),
   (0.017595852, 'got'),
   (0.017255843, 'begins'),
   (0.01704547, 'donated'),
   (0.016849637, 'ready'),
   (0.016330864, 'send'),
   (0.016140234, 'start'),
   (0.01584302, 'reflects'),
   (0.015765892, 'wrong'),
   (0.015257978, 'correct'),
   (0.015251869, 'complacent'),
   (0.015096761, 'donating'),
   (0.014739661, 'sincerely')],
  -1.4162241076068773),
 ([(0.11436653, 'contribute'),
   (0.032308362, 'date'),
   (0.0293241, 'information'),
   (0.02663472, 'receiving'),
   (0.0245925, 'reach'),
   (0.024400858, 'want'),
   (0.024094556, 'appreciate'),
   (0.020341842, 'authorized'),
   (0.02026546, 'believe'),
   (0.01963326, 'start'),
   (0.019125627, 'ny'),
   (0.018603422, 'glad'),
   (0.016816732, 'going'),
   (0.01649867, 'deductible'),
   (0.01608438, 'step'),
   (0.01607662, 'sure'),
   (0.015811373, 'composed'),
   (0.013667682, 'know'),
   (0.0134201925, 'contributions'),
   (0.013213436, 'right')],
  -1.4250080617353966),
 ([(0.088326044, 'ameripac'),
   (0.06102082, 'elect'),
   (0.036597364, 'protect'),
   (0.030242566, 'supporting'),
   (0.029238239, 'stay'),
   (0.026127735, 'chip'),
   (0.024435239, 'stopping'),
   (0.021376692, 'desperately'),
   (0.01941937, 'key'),
   (0.018122239, 'important'),
   (0.0180995, 'gain'),
   (0.017777042, 'founded'),
   (0.016968764, 'needs'),
   (0.016700502, 'right'),
   (0.01660675, 'let'),
   (0.016471466, 'going'),
   (0.016335135, 'hoping'),
   (0.016319018, 'recruiting'),
   (0.015393944, 'working'),
   (0.015386928, 'safe')],
  -1.4331666309572142),
 ([(0.06621185, 'supporters'),
   (0.047455132, 'dedicated'),
   (0.037440497, 'thanks'),
   (0.035998344, 'critical'),
   (0.03424455, 'helping'),
   (0.033215582, 'believe'),
   (0.033199884, 'powered'),
   (0.03133263, 'emails'),
   (0.031235803, 'stay'),
   (0.03090141, 'clicking'),
   (0.030379348, 'touch'),
   (0.030282397, 'prefer'),
   (0.029950732, 'update'),
   (0.02769689, 'defeat'),
   (0.027530607, 'gone'),
   (0.025717573, 'want'),
   (0.025193883, 'order'),
   (0.024077412, 'best'),
   (0.02239141, 'pac'),
   (0.021040056, 'resisting')],
  -1.436917654074261),
 ([(0.13517831, 'flip'),
   (0.028649991, 'authorized'),
   (0.0277001, 'gifts'),
   (0.027462993, 'deductible'),
   (0.026883764, 'tax'),
   (0.026730541, 'support'),
   (0.024282457, 'supporting'),
   (0.022510083, 'dc'),
   (0.021839092, 'relies'),
   (0.021788247, 'dedicated'),
   (0.01993231, 'defeat'),
   (0.019821746, 'solely'),
   (0.019753696, 'right'),
   (0.01803514, 'win'),
   (0.01441408, 'short'),
   (0.012412635, 'fight'),
   (0.012039154, 'rush'),
   (0.011523582, 'immediately'),
   (0.01050718, 'team'),
   (0.01010451, 'pitch')],
  -1.4455207961395107),
 ([(0.28154242, 'chip'),
   (0.0575023, 'immediately'),
   (0.03563852, 'pass'),
   (0.034967817, 'electing'),
   (0.02757472, 'raise'),
   (0.025353882, 'protect'),
   (0.023475837, 'thanks'),
   (0.023345718, 'supporting'),
   (0.019769756, 'stay'),
   (0.019221386, 'stand'),
   (0.018445669, 'believe'),
   (0.018269174, 'leaders'),
   (0.018108098, 'emails'),
   (0.01799774, 'authorized'),
   (0.017668273, 'expand'),
   (0.017453158, 'supporters'),
   (0.017222695, 'update'),
   (0.017053597, 'clicking'),
   (0.016903242, 'touch'),
   (0.01651568, 'possible')],
  -1.486892482943693),
 ([(0.06308485, 'agree'),
   (0.062294103, 'contribute'),
   (0.032097302, 'send'),
   (0.020915894, 'invest'),
   (0.020633787, 'right'),
   (0.020621492, 'everyday'),
   (0.019951038, 'different'),
   (0.018873943, 'let'),
   (0.01876287, 'protect'),
   (0.01846065, 'following'),
   (0.018439995, 'makes'),
   (0.01827113, 'chip'),
   (0.017945284, 'result'),
   (0.01774918, 'win'),
   (0.017504157, 'said'),
   (0.017246487, 'know'),
   (0.016974002, 'grateful'),
   (0.016671836, 'president'),
   (0.016558161, 'best'),
   (0.0161502, 'ruin')],
  -1.5056586308031306),
 ([(0.058915183, 'text'),
   (0.044648666, 'stop'),
   (0.041010503, 'great'),
   (0.031032048, 'america'),
   (0.030175973, 'defend'),
   (0.0291036, 'making'),
   (0.028606841, 'apply'),
   (0.026443912, 'agree'),
   (0.024769288, 'deductible'),
   (0.02368528, 'authorized'),
   (0.022664718, 'sponsored'),
   (0.015072138, 'email'),
   (0.012702121, 'let'),
   (0.011545875, 'act'),
   (0.011084968, 'step'),
   (0.010937569, 'right'),
   (0.010925702, 'chip'),
   (0.010247852, 'fight'),
   (0.009863011, 'effective'),
   (0.009068836, 'rush')],
  -1.549435526636862),
 ([(0.07126944, 'immediately'),
   (0.0661383, 'saved'),
   (0.0536001, 'chip'),
   (0.049575068, 'win'),
   (0.03149559, 'right'),
   (0.029206475, 'pitch'),
   (0.028203221, 'going'),
   (0.024012353, 'fight'),
   (0.01672248, 'sure'),
   (0.014439761, 'people'),
   (0.013862224, 'let'),
   (0.013093637, 'flip'),
   (0.011721086, 'thanks'),
   (0.010705104, 'ready'),
   (0.00986552, 'work'),
   (0.009639155, 'taking'),
   (0.009416559, 'send'),
   (0.009146242, 'fighting'),
   (0.008131576, 'running'),
   (0.007926463, 'means')],
  -1.5554788684376801),
 ([(0.081843436, 'vote'),
   (0.07887479, 'let'),
   (0.037722614, 'want'),
   (0.03548273, 'defeat'),
   (0.032349255, 'harder'),
   (0.031819746, 'starts'),
   (0.030233677, 'pay'),
   (0.024964476, 'voting'),
   (0.02436382, 'leading'),
   (0.023872556, 'setting'),
   (0.022849381, 'politicians'),
   (0.022525087, 'attention'),
   (0.022064608, 'earned'),
   (0.021977963, 'going'),
   (0.020088749, 'updated'),
   (0.019243782, 'creating'),
   (0.01904071, 'media'),
   (0.019037476, 'got'),
   (0.019032445, 'hit'),
   (0.01896553, 'fight')],
  -1.6009509538390025),
 ([(0.17364813, 'url'),
   (0.16794702, 'redacted'),
   (0.066249676, 'women'),
   (0.04037975, 'elect'),
   (0.024839157, 'support'),
   (0.024524592, 'let'),
   (0.023850117, 'higher'),
   (0.02216389, 'going'),
   (0.021055942, 'away'),
   (0.019419203, 'finally'),
   (0.019176079, 'rapidly'),
   (0.018839315, 'change'),
   (0.018436197, 'protect'),
   (0.01826546, 'able'),
   (0.017313393, 'stay'),
   (0.017217545, 'update'),
   (0.016749041, 'committed'),
   (0.016445005, 'supporting'),
   (0.01593653, 'electing'),
   (0.015421993, 'accomplish')],
  -1.6078700232101075),
 ([(0.05105158, 'pass'),
   (0.048230093, 'chip'),
   (0.046109095, 'glad'),
   (0.027170498, 'know'),
   (0.027027516, 'standing'),
   (0.026635395, 'lot'),
   (0.02641081, 'regardless'),
   (0.026288223, 'access'),
   (0.025808826, 'entirely'),
   (0.025308207, 'long'),
   (0.024805833, 'putting'),
   (0.02464811, 'little'),
   (0.02454263, 'rise'),
   (0.024246823, 'driven'),
   (0.024188457, 'people'),
   (0.02287411, 'longer'),
   (0.022860814, 'afford'),
   (0.022777993, 'forward'),
   (0.022746872, 'patients'),
   (0.022717113, 'thanks')],
  -1.611622651370664),
 ([(0.08437272, 'head'),
   (0.05231797, 'reform'),
   (0.044016752, 'state'),
   (0.031246495, 'prefer'),
   (0.028767942, 'states'),
   (0.02339553, 'ending'),
   (0.02256311, 'thanks'),
   (0.021299964, 'fund'),
   (0.020190505, 'electing'),
   (0.01977306, 'moment'),
   (0.0194067, 'kind'),
   (0.018301962, 'supporting'),
   (0.01823324, 'update'),
   (0.018011445, 'reject'),
   (0.017923681, 'dedicated'),
   (0.017654035, 'cities'),
   (0.017592521, 'stay'),
   (0.01750504, 'critical'),
   (0.017502291, 'fight'),
   (0.017046211, 'helping')],
  -1.6342375197382),
 ([(0.0822925, 'flip'),
   (0.079998925, 'blue'),
   (0.04094872, 'red'),
   (0.026981492, 'flipping'),
   (0.026048815, 'right'),
   (0.020924287, 'rush'),
   (0.01996658, 'support'),
   (0.019465331, 'stay'),
   (0.016096415, 'believe'),
   (0.015689462, 'doubled'),
   (0.015588476, 'emails'),
   (0.0155738145, 'supporters'),
   (0.014530886, 'immediately'),
   (0.014063954, 'saved'),
   (0.0134410225, 'touch'),
   (0.013017648, 'got'),
   (0.012468278, 'win'),
   (0.01202085, 'short'),
   (0.011860485, 'defend'),
   (0.011695733, 'donors')],
  -1.6826978482511838),
 ([(0.095205106, 'chip'),
   (0.061356224, 'touch'),
   (0.05776134, 'stay'),
   (0.052556746, 'believe'),
   (0.048147332, 'supporters'),
   (0.047466997, 'emails'),
   (0.04279389, 'support'),
   (0.018237062, 'folks'),
   (0.01713987, 'authorized'),
   (0.013167999, 'wa'),
   (0.012994424, 'got'),
   (0.011807091, 'let'),
   (0.011519903, 'count'),
   (0.010305913, 'going'),
   (0.009073816, 'send'),
   (0.0070827, 'win'),
   (0.0066235107, 'stand'),
   (0.005978347, 'saved'),
   (0.0058270884, 'team'),
   (0.0056502027, 'wo')],
  -1.7291359224967526),
 ([(0.030651683, 'afford'),
   (0.029570563, 'want'),
   (0.029163513, 'victory'),
   (0.028210813, 'defeat'),
   (0.026759112, 'pac'),
   (0.026616296, 'taking'),
   (0.023846738, 'electing'),
   (0.023272933, 'working'),
   (0.022846349, 'ending'),
   (0.022651933, 'engage'),
   (0.022361632, 'change'),
   (0.021100007, 'update'),
   (0.020854391, 'bold'),
   (0.020803185, 'dedicated'),
   (0.020395981, 'majority'),
   (0.020142116, 'dc'),
   (0.018894838, 'destroy'),
   (0.018065825, 'spare'),
   (0.017794687, 'away'),
   (0.015429236, 'chip')],
  -1.7503951431085263),
 ([(0.35365796, 'match'),
   (0.032203857, 'triple'),
   (0.026761098, 'emails'),
   (0.023108745, 'thanks'),
   (0.017569805, 'come'),
   (0.01739954, 'fight'),
   (0.016718363, 'gifts'),
   (0.016411653, 'working'),
   (0.016298795, 'matched'),
   (0.015672127, 'deck'),
   (0.015503514, 'going'),
   (0.014696932, 'end'),
   (0.014687819, 'agreed'),
   (0.013858068, 'sure'),
   (0.013110986, 'stay'),
   (0.012923235, 'rush'),
   (0.01291534, 'expand'),
   (0.012018425, 'believe'),
   (0.011880752, 'hard'),
   (0.011856449, 'supporters')],
  -1.7590721739582627),
 ([(0.12250793, 'voters'),
   (0.06575104, 'reach'),
   (0.03151516, 'win'),
   (0.024859825, 'sure'),
   (0.017096758, 'possible'),
   (0.014859735, 'going'),
   (0.014663999, 'know'),
   (0.013620984, 'raise'),
   (0.012861532, 'ensure'),
   (0.011933841, 'making'),
   (0.011711685, 'left'),
   (0.011637267, 'fund'),
   (0.0109397825, 'right'),
   (0.010647312, 'running'),
   (0.010224188, 'reaching'),
   (0.0097270245, 'able'),
   (0.009687641, 'cast'),
   (0.009135312, 'working'),
   (0.008566972, 'turn'),
   (0.008459138, 'means')],
  -1.8189440851449523),
 ([(0.0369037, 'hit'),
   (0.030751593, 'right'),
   (0.027303653, 'know'),
   (0.026464986, 'short'),
   (0.026232716, 'chip'),
   (0.02610194, 'close'),
   (0.023937289, 'raise'),
   (0.023890905, 'reach'),
   (0.017983714, 'important'),
   (0.0174602, 'sure'),
   (0.01559378, 'going'),
   (0.014760185, 'count'),
   (0.014128549, 'thanks'),
   (0.013992398, 'able'),
   (0.013499584, 'afford'),
   (0.013323124, 'reaching'),
   (0.013293472, 'away'),
   (0.012767641, 'asking'),
   (0.01242489, 'track'),
   (0.012422529, 'ask')],
  -1.856492692949924),
 ([(0.07178073, 'running'),
   (0.06262335, 'consider'),
   (0.053714447, 'represent'),
   (0.03520552, 'making'),
   (0.02837011, 'wanted'),
   (0.025661087, 'flip'),
   (0.021138355, 'contribute'),
   (0.01996103, 'know'),
   (0.01606448, 'support'),
   (0.015221471, 'contributing'),
   (0.015004407, 'people'),
   (0.0144081, 'serve'),
   (0.01381382, 'able'),
   (0.013712543, 'relying'),
   (0.013153346, 'thanks'),
   (0.013004439, 'view'),
   (0.012697854, 'visit'),
   (0.012201194, 'send'),
   (0.01180178, 'supporting'),
   (0.011652327, 'sure')],
  -1.8869063602686842),
 ([(0.098240346, 'protect'),
   (0.092392385, 'fighting'),
   (0.044095654, 'elect'),
   (0.027267404, 'stay'),
   (0.025515636, 'expand'),
   (0.021728015, 'choose'),
   (0.020870475, 'access'),
   (0.019597549, 'right'),
   (0.019461213, 'stop'),
   (0.017872002, 'defending'),
   (0.01577415, 'ensure'),
   (0.014407658, 'alongside'),
   (0.01423787, 'follow'),
   (0.013380777, 'ensuring'),
   (0.013049081, 'know'),
   (0.012855398, 'expanding'),
   (0.011610613, 'safe'),
   (0.011349031, 'let'),
   (0.011050491, 'touch'),
   (0.010936629, 'immediately')],
  -1.9094916210777861),
 ([(0.06874773, 'tax'),
   (0.068223216, 'deductible'),
   (0.060167685, 'gifts'),
   (0.05319065, 'support'),
   (0.047607668, 'authorized'),
   (0.04676458, 'dc'),
   (0.03688994, 'dedicated'),
   (0.034178935, 'supporting'),
   (0.032442175, 'relies'),
   (0.02962275, 'solely'),
   (0.020106949, 'worry'),
   (0.020015674, 'recently'),
   (0.016519783, 'recorded'),
   (0.014857534, 'date'),
   (0.013856179, 'tell'),
   (0.01210956, 'right'),
   (0.00991137, 'counting'),
   (0.009044982, 'responded'),
   (0.008738498, 'stand'),
   (0.008570239, 'plan')],
  -1.9275004597297238),
 ([(0.031339772, 'likely'),
   (0.031326402, 'pick'),
   (0.02713666, 'fights'),
   (0.026763365, 'serving'),
   (0.02371855, 'want'),
   (0.023422206, 'track'),
   (0.022390628, 'bring'),
   (0.020235874, 'targeting'),
   (0.019562865, 'protect'),
   (0.01945033, 'right'),
   (0.019171333, 'win'),
   (0.019126497, 'support'),
   (0.018888744, 'order'),
   (0.018799024, 'putting'),
   (0.018453699, 'committed'),
   (0.017361205, 'works'),
   (0.015531047, 'know'),
   (0.014943819, 'flip'),
   (0.01467928, 'worried'),
   (0.013501991, 'father')],
  -1.9281756418545597),
 ([(0.046007548, 'defeat'),
   (0.036532912, 'nationwide'),
   (0.032672267, 'training'),
   (0.030738045, 'elect'),
   (0.02817375, 'want'),
   (0.027715491, 'train'),
   (0.027044885, 'dedicated'),
   (0.019163962, 'candidates'),
   (0.01831336, 'depend'),
   (0.018254874, 'win'),
   (0.017915796, 'staff'),
   (0.017899517, 'money'),
   (0.017530758, 'chip'),
   (0.017493814, 'costs'),
   (0.016960494, 'non'),
   (0.016377684, 'cutting'),
   (0.016273197, 'stop'),
   (0.01614566, 'reading'),
   (0.01606663, 'donated'),
   (0.015984224, 'end')],
  -1.9547787428186727),
 ([(0.11149111, 'elect'),
   (0.092823, 'chip'),
   (0.060522042, 'want'),
   (0.035030715, 'emails'),
   (0.02712829, 'progressives'),
   (0.024815569, 'fight'),
   (0.023383781, 'win'),
   (0.023125734, 'accept'),
   (0.022825748, 'lose'),
   (0.022386963, 'right'),
   (0.022379555, 'donating'),
   (0.021720972, 'count'),
   (0.020693246, 'goes'),
   (0.020681087, 'understand'),
   (0.020678693, 'proud'),
   (0.020421533, 'come'),
   (0.020235924, 'meaning'),
   (0.02003584, 'grassroots'),
   (0.019961273, 'funded'),
   (0.01990952, 'follow')],
  -1.9638198807155611),
 ([(0.10758746, 'contributions'),
   (0.048053365, 'report'),
   (0.04677763, 'deductible'),
   (0.04286286, 'requires'),
   (0.040678654, 'individuals'),
   (0.037846327, 'corporations'),
   (0.036965474, 'contribute'),
   (0.036261078, 'use'),
   (0.032386027, 'occupation'),
   (0.030476818, 'employer'),
   (0.029786687, 'collect'),
   (0.029493397, 'prohibited'),
   (0.026048062, 'election'),
   (0.023737349, 'tax'),
   (0.022434572, 'exceed'),
   (0.009178322, 'lobbyists'),
   (0.009148378, 'including'),
   (0.008735758, 'entity'),
   (0.008616406, 'authorized'),
   (0.008514221, 'reimbursed')],
  -1.9683311979121003),
 ([(0.1353616, 'begin'),
   (0.061903737, 'selected'),
   (0.05415329, 'complete'),
   (0.03619923, 'respond'),
   (0.027070804, 'survey'),
   (0.026999895, 'participate'),
   (0.022143994, 'represent'),
   (0.020521102, 'know'),
   (0.01945004, 'answer'),
   (0.016459452, 'chosen'),
   (0.014428903, 'use'),
   (0.014117643, 'want'),
   (0.013946874, 'representing'),
   (0.013267281, 'input'),
   (0.013113536, 'hear'),
   (0.010409283, 'important'),
   (0.009876526, 'immediately'),
   (0.009465001, 'critical'),
   (0.008764932, 'share'),
   (0.0076128123, 'reaching')],
  -1.9978608142525087),
 ([(0.055424474, 'address'),
   (0.051220357, 'stop'),
   (0.04948506, 'immediately'),
   (0.04827924, 'process'),
   (0.046219237, 'receiving'),
   (0.046187077, 'emails'),
   (0.044725426, 'change'),
   (0.041577693, 'update'),
   (0.025055893, 'clicking'),
   (0.017684052, 'saved'),
   (0.01765858, 'stored'),
   (0.014077578, 'running'),
   (0.013145792, 'authorized'),
   (0.012875517, 'fight'),
   (0.012208979, 'thanks'),
   (0.012100623, 'ensure'),
   (0.012095302, 'ready'),
   (0.011872462, 'history'),
   (0.011644344, 'instantly'),
   (0.011618811, 'electing')],
  -2.0007234481822738),
 ([(0.057728756, 'option'),
   (0.05031476, 'national'),
   (0.024232375, 'advocating'),
   (0.023147931, 'associated'),
   (0.020364115, 'matching'),
   (0.01988637, 'approved'),
   (0.019505907, 'nationwide'),
   (0.019471701, 'affiliated'),
   (0.018065214, 'stands'),
   (0.017778063, 'sponsored'),
   (0.01755087, 'pass'),
   (0.017036183, 'act'),
   (0.016094748, 'instead'),
   (0.015716312, 'personally'),
   (0.0152558945, 'fund'),
   (0.0148021, 'fundraising'),
   (0.014406842, 'understand'),
   (0.013890643, 'end'),
   (0.012175853, 'justice'),
   (0.011729838, 'quickly')],
  -2.0080566773444533),
 ([(0.18619476, 'rush'),
   (0.17275216, 'save'),
   (0.05763571, 'told'),
   (0.023302127, 'raise'),
   (0.022312686, 'right'),
   (0.021808641, 'lose'),
   (0.015086295, 'donations'),
   (0.012483263, 'step'),
   (0.012127898, 'stop'),
   (0.011068324, 'time'),
   (0.010260318, 'short'),
   (0.010234811, 'thought'),
   (0.009996337, 'close'),
   (0.00949126, 'late'),
   (0.009130273, 'donated'),
   (0.009036747, 'come'),
   (0.008303327, 'act'),
   (0.0072269184, 'running'),
   (0.006848193, 'destroy'),
   (0.0067606587, 'support')],
  -2.011265283892697),
 ([(0.12616731, 'wish'),
   (0.11337086, 'received'),
   (0.10931838, 'longer'),
   (0.09695394, 'believe'),
   (0.08894563, 'error'),
   (0.08476564, 'email'),
   (0.019590901, 'running'),
   (0.010660691, 'emails'),
   (0.0087141935, 'know'),
   (0.007717565, 'people'),
   (0.007327293, 'ny'),
   (0.0071983957, 'needs'),
   (0.006927052, 'elect'),
   (0.0065827086, 'fight'),
   (0.006338958, 'let'),
   (0.006084339, 'stay'),
   (0.0055920407, 'grateful'),
   (0.005579816, 'going'),
   (0.0053219865, 'strong'),
   (0.0052447007, 'mother')],
  -2.0342340090432454),
 ([(0.062114708, 'asked'),
   (0.044707336, 'completely'),
   (0.032788847, 'know'),
   (0.029391129, 'knows'),
   (0.027093556, 'protecting'),
   (0.023284465, 'people'),
   (0.02010522, 'understand'),
   (0.017547853, 'endorsed'),
   (0.01667619, 'stronger'),
   (0.016306987, 'asking'),
   (0.01574423, 'send'),
   (0.014738053, 'expanding'),
   (0.014093898, 'running'),
   (0.014007303, 'leave'),
   (0.013855319, 'important'),
   (0.013820807, 'count'),
   (0.0129365, 'emails'),
   (0.012669547, 'nm'),
   (0.0122265, 'let'),
   (0.01188089, 'proud')],
  -2.0384008462781793),
 ([(0.13695158, 'defeat'),
   (0.0494151, 'rush'),
   (0.042120166, 'win'),
   (0.037998028, 'tied'),
   (0.030203259, 'right'),
   (0.02463078, 'raise'),
   (0.016803978, 'vulnerable'),
   (0.016352184, 'crush'),
   (0.015293982, 'chip'),
   (0.0152031155, 'flip'),
   (0.013903717, 'hit'),
   (0.013444317, 'beat'),
   (0.013284726, 'let'),
   (0.01254076, 'stop'),
   (0.011378642, 'defeating'),
   (0.0112772705, 'wins'),
   (0.011275246, 'lose'),
   (0.010890333, 'graham'),
   (0.010578538, 'elect'),
   (0.010567002, 'winning')],
  -2.0647475705582745),
 ([(0.0429534, 'friend'),
   (0.042916544, 'flip'),
   (0.039470565, 'win'),
   (0.031543974, 'ga'),
   (0.031010084, 'running'),
   (0.030995313, 'right'),
   (0.029374016, 'fight'),
   (0.019797573, 'provided'),
   (0.018891731, 'elect'),
   (0.017631954, 'affiliation'),
   (0.016839486, 'short'),
   (0.015279582, 'spending'),
   (0.015264405, 'immediately'),
   (0.013460571, 'saved'),
   (0.012919139, 'falling'),
   (0.012716952, 'taking'),
   (0.012185676, 'winning'),
   (0.012142146, 'defend'),
   (0.011628649, 'lose'),
   (0.011587084, 'buy')],
  -2.0945320974669075),
 ([(0.044274986, 'stand'),
   (0.03315832, 'hold'),
   (0.02586076, 'fight'),
   (0.023366911, 'accountable'),
   (0.02016743, 'let'),
   (0.01535678, 'know'),
   (0.01460655, 'want'),
   (0.012160716, 'support'),
   (0.011507874, 'right'),
   (0.01147441, 'stop'),
   (0.011081742, 'defend'),
   (0.010645898, 'trying'),
   (0.010327335, 'wo'),
   (0.009917574, 'away'),
   (0.008691134, 'protect'),
   (0.008009826, 'time'),
   (0.007884861, 'clear'),
   (0.00769345, 'fighting'),
   (0.007543061, 'office'),
   (0.007028028, 'socialism')],
  -2.097928809755261),
 ([(0.020131195, 'work'),
   (0.019230947, 'support'),
   (0.017069861, 'proud'),
   (0.016918648, 'fight'),
   (0.014834147, 'running'),
   (0.014683632, 'working'),
   (0.012755766, 'join'),
   (0.0121430755, 'people'),
   (0.011481478, 'worked'),
   (0.0114559, 'know'),
   (0.0105831735, 'fighting'),
   (0.010252204, 'endorsed'),
   (0.009402993, 'bring'),
   (0.009116321, 'ensure'),
   (0.00845275, 'continue'),
   (0.008345446, 'want'),
   (0.008109235, 'education'),
   (0.00804292, 'honored'),
   (0.0076284963, 'elected'),
   (0.0075765974, 'build')],
  -2.2050190280915443),
 ([(0.092254594, 'contact'),
   (0.05160722, 'deductible'),
   (0.050713986, 'stay'),
   (0.04801706, 'gifts'),
   (0.04762392, 'supporters'),
   (0.04549496, 'tax'),
   (0.040957086, 'ideas'),
   (0.038462624, 'hate'),
   (0.03719395, 'emails'),
   (0.036823723, 'believe'),
   (0.03372733, 'update'),
   (0.03198233, 'concerns'),
   (0.029953146, 'know'),
   (0.027334742, 'let'),
   (0.017839424, 'positive'),
   (0.015693132, 'appreciates'),
   (0.014676198, 'want'),
   (0.013779967, 'updated'),
   (0.013289953, 'negative'),
   (0.011816647, 'follow')],
  -2.20696723953078),
 ([(0.25529438, 'end'),
   (0.1488811, 'month'),
   (0.12327924, 'deadline'),
   (0.091654584, 'goal'),
   (0.06678013, 'quarter'),
   (0.056551963, 'fundraising'),
   (0.027494453, 'final'),
   (0.019145362, 'hit'),
   (0.015343651, 'critical'),
   (0.01287142, 'reach'),
   (0.010208856, 'fec'),
   (0.009708126, 'meet'),
   (0.007830472, 'coming'),
   (0.0066513265, 'year'),
   (0.006146393, 'short'),
   (0.0056355726, 'crucial'),
   (0.005285323, 'raise'),
   (0.0034854913, 'crush'),
   (0.0032550287, 'away'),
   (0.0031834764, 'close')],
  -2.2590479142935007),
 ([(0.031494666, 'continue'),
   (0.02466771, 'forward'),
   (0.01684382, 'hope'),
   (0.016227648, 'look'),
   (0.014927848, 'work'),
   (0.014849778, 'support'),
   (0.011987172, 'working'),
   (0.010820172, 'ensure'),
   (0.010541383, 'know'),
   (0.009833119, 'important'),
   (0.008936686, 'safe'),
   (0.00861776, 'care'),
   (0.008595087, 'come'),
   (0.008439442, 'friends'),
   (0.007885228, 'grateful'),
   (0.0073309876, 'able'),
   (0.007083267, 'celebrate'),
   (0.007043061, 'learn'),
   (0.0067286915, 'serve'),
   (0.006668241, 'hard')],
  -2.265877868958766),
 ([(0.09392699, 'change'),
   (0.08973771, 'want'),
   (0.08607266, 'update'),
   (0.082367115, 'reserved'),
   (0.06069128, 'add'),
   (0.055993266, 'receiving'),
   (0.047440186, 'view'),
   (0.04191386, 'mailchimp'),
   (0.03816626, 'opted'),
   (0.018762417, 'copyright'),
   (0.017854886, 'rights'),
   (0.013519969, 'district'),
   (0.009314242, 'website'),
   (0.008464374, 'updates'),
   (0.0077249147, 'ny'),
   (0.00681294, 'friends'),
   (0.006633497, 'win'),
   (0.006169837, 'let'),
   (0.0060974113, 'signed'),
   (0.005837107, 'support')],
  -2.272740505222348),
 ([(0.08753962, 'turn'),
   (0.03516435, 'right'),
   (0.034109958, 'win'),
   (0.028577594, 'runs'),
   (0.026826287, 'neck'),
   (0.025047055, 'stands'),
   (0.022652151, 'know'),
   (0.02173101, 'taking'),
   (0.019638795, 'fighting'),
   (0.017863752, 'hard'),
   (0.017423723, 'working'),
   (0.01708466, 'outraised'),
   (0.015453607, 'stand'),
   (0.014739679, 'protecting'),
   (0.014333937, 'believe'),
   (0.014022401, 'stay'),
   (0.013841665, 'shall'),
   (0.013665712, 'day'),
   (0.013379785, 'able'),
   (0.013268638, 'rush')],
  -2.2787613612344444),
 ([(0.025978912, 'safe'),
   (0.022774488, 'stay'),
   (0.016357202, 'home'),
   (0.015605408, 'person'),
   (0.013909945, 'available'),
   (0.012712065, 'working'),
   (0.011766854, 'online'),
   (0.009878236, 'continue'),
   (0.009748172, 'visit'),
   (0.008660159, 'pandemic'),
   (0.00862105, 'information'),
   (0.0082416665, 'hope'),
   (0.008238602, 'events'),
   (0.008063218, 'able'),
   (0.007792478, 'healthy'),
   (0.0072842715, 'provide'),
   (0.007088395, 'apply'),
   (0.006784805, 'contact'),
   (0.006708716, 'people'),
   (0.00614927, 'staying')],
  -2.281205440196666),
 ([(0.0544243, 'know'),
   (0.053240873, 'keeping'),
   (0.04802197, 'ready'),
   (0.04453452, 'closer'),
   (0.031001162, 'step'),
   (0.021261306, 'proud'),
   (0.021068344, 'want'),
   (0.01985369, 'board'),
   (0.019377217, 'sure'),
   (0.018018322, 'protect'),
   (0.017567875, 'stop'),
   (0.01720819, 'stand'),
   (0.016587567, 'important'),
   (0.013245794, 'way'),
   (0.012602207, 'love'),
   (0.012460624, 'comes'),
   (0.012159606, 'gaining'),
   (0.012064896, 'exactly'),
   (0.011909222, 'join'),
   (0.010917505, 'create')],
  -2.3203362216715093),
 ([(0.079201475, 'president'),
   (0.059857525, 'officially'),
   (0.053533934, 'endorse'),
   (0.04987346, 'organize'),
   (0.039454095, 'changing'),
   (0.03385704, 'started'),
   (0.033648312, 'celebrate'),
   (0.027438367, 'action'),
   (0.027239002, 'support'),
   (0.025768235, 'building'),
   (0.023195436, 'use'),
   (0.02213865, 'encourage'),
   (0.01926953, 'change'),
   (0.01843333, 'creating'),
   (0.015637979, 'groups'),
   (0.015441498, 'thanks'),
   (0.015026637, 'update'),
   (0.013939391, 'address'),
   (0.012946485, 'control'),
   (0.012472678, 'endorsed')],
  -2.390030106042997),
 ([(0.07245522, 'try'),
   (0.05195991, 'money'),
   (0.04659482, 'fight'),
   (0.029128995, 'spending'),
   (0.025447154, 'buy'),
   (0.024839336, 'raised'),
   (0.02401634, 'spent'),
   (0.021791779, 'powered'),
   (0.020256111, 'free'),
   (0.016874297, 'going'),
   (0.016614666, 'spend'),
   (0.015177201, 'raising'),
   (0.013830293, 'send'),
   (0.01248733, 'attacking'),
   (0.011912945, 'know'),
   (0.011678245, 'trying'),
   (0.010563937, 'dollars'),
   (0.010403918, 'raise'),
   (0.010276788, 'ads'),
   (0.009916067, 'support')],
  -2.3969209962836615),
 ([(0.12681334, 'vote'),
   (0.054166246, 'voting'),
   (0.03974909, 'sure'),
   (0.032606285, 'person'),
   (0.026982585, 'early'),
   (0.025104612, 'find'),
   (0.023270717, 'cast'),
   (0.021835158, 'mail'),
   (0.021035094, 'counted'),
   (0.018170927, 'register'),
   (0.016690468, 'request'),
   (0.015596236, 'check'),
   (0.015068982, 'heard'),
   (0.0140931755, 'voted'),
   (0.012474975, 'open'),
   (0.012408875, 'registered'),
   (0.01166479, 'know'),
   (0.010296564, 'return'),
   (0.009786691, 'ballots'),
   (0.008737693, 'received')],
  -2.4138768018447982),
 ([(0.034481857, 'pandemic'),
   (0.018374233, 'people'),
   (0.017341303, 'provide'),
   (0.0140104005, 'families'),
   (0.013143662, 'work'),
   (0.013114105, 'schools'),
   (0.012720347, 'passed'),
   (0.0112094125, 'pay'),
   (0.009907295, 'students'),
   (0.009724046, 'workers'),
   (0.009499803, 'struggling'),
   (0.009211524, 'reopen'),
   (0.008610373, 'teachers'),
   (0.007992737, 'access'),
   (0.0075752833, 'protect'),
   (0.007464057, 'school'),
   (0.0074363193, 'businesses'),
   (0.007098538, 'funding'),
   (0.00659094, 'time'),
   (0.006347614, 'including')],
  -2.4174435910580443),
 ([(0.09416891, 'visit'),
   (0.05157181, 'prefer'),
   (0.04176813, 'texts'),
   (0.036161162, 'mail'),
   (0.03299325, 'send'),
   (0.029076722, 'donations'),
   (0.027528087, 'authorized'),
   (0.02621209, 'calls'),
   (0.022093168, 'providing'),
   (0.021572394, 'including'),
   (0.01852131, 'update'),
   (0.017589632, 'campaigns'),
   (0.016988728, 'dc'),
   (0.016272053, 'consenting'),
   (0.016059645, 'messfreqmayvary'),
   (0.015090978, 'events'),
   (0.014892551, 'accept'),
   (0.014537614, 'online'),
   (0.014463885, 'comments'),
   (0.013926438, 'stop')],
  -2.428447824642564),
 ([(0.050196055, 'happy'),
   (0.039435294, 'reach'),
   (0.038101584, 'matched'),
   (0.02953272, 'terms'),
   (0.029458497, 'end'),
   (0.029150555, 'stop'),
   (0.027360834, 'vary'),
   (0.022935046, 'opt'),
   (0.021928003, 'impact'),
   (0.019226668, 'order'),
   (0.015982624, 'going'),
   (0.013528523, 'conditions'),
   (0.012672527, 'know'),
   (0.011707734, 'matching'),
   (0.010997787, 'counting'),
   (0.010640301, 'rush'),
   (0.01062364, 'devoted'),
   (0.010246517, 'replying'),
   (0.010052742, 'stand'),
   (0.009965412, 'failed')],
  -2.4365220972757538),
 ([(0.08894684, 'want'),
   (0.05927859, 'anymore'),
   (0.035268683, 'easy'),
   (0.03462628, 'running'),
   (0.033842098, 'single'),
   (0.029006794, 'going'),
   (0.027797887, 'tired'),
   (0.02488313, 'right'),
   (0.02467853, 'win'),
   (0.022606252, 'wo'),
   (0.01616686, 'fighting'),
   (0.015911348, 'defeat'),
   (0.015082773, 'beat'),
   (0.014943507, 'flip'),
   (0.014315592, 'know'),
   (0.013876964, 'donating'),
   (0.012314042, 'hard'),
   (0.010344559, 'tooth'),
   (0.010228439, 'helping'),
   (0.009897939, 'nail')],
  -2.447627558456252),
 ([(0.2598504, 'vote'),
   (0.1585312, 'mail'),
   (0.06078965, 'pass'),
   (0.036305215, 'voting'),
   (0.014192092, 'safely'),
   (0.012696858, 'voters'),
   (0.011640375, 'knows'),
   (0.01008885, 'suppress'),
   (0.0084987795, 'expand'),
   (0.007868289, 'heard'),
   (0.007851763, 'ensure'),
   (0.007646529, 'cast'),
   (0.007272328, 'safe'),
   (0.00725842, 'co'),
   (0.006708376, 'nationwide'),
   (0.006281388, 'sponsor'),
   (0.0061968607, 'right'),
   (0.0061751176, 'people'),
   (0.0054845447, 'choose'),
   (0.005444611, 'trying')],
  -2.455010473641702),
 ([(0.24382249, 'sign'),
   (0.08992004, 'add'),
   (0.04996078, 'demand'),
   (0.031299427, 'stand'),
   (0.0143325655, 'tell'),
   (0.014216145, 'action'),
   (0.014030513, 'demanding'),
   (0.012593425, 'calling'),
   (0.012149793, 'join'),
   (0.011763108, 'signing'),
   (0.01148476, 'resign'),
   (0.011347302, 'let'),
   (0.011260851, 'stop'),
   (0.010610998, 'needed'),
   (0.009926974, 'signed'),
   (0.0095187025, 'protect'),
   (0.008623747, 'act'),
   (0.008553567, 'needs'),
   (0.00842311, 'sending'),
   (0.008287283, 'signatures')],
  -2.490283901054752),
 ([(0.12554157, 'express'),
   (0.051678233, 'chip'),
   (0.02876438, 'immediately'),
   (0.028456422, 'right'),
   (0.023637211, 'update'),
   (0.021453375, 'follow'),
   (0.018809482, 'running'),
   (0.018755723, 'left'),
   (0.017334824, 'grateful'),
   (0.016987598, 'bring'),
   (0.0139304055, 'defeat'),
   (0.013208079, 'email'),
   (0.012711518, 'thanks'),
   (0.012692608, 'nj'),
   (0.0126147345, 'jaime'),
   (0.012163639, 'versus'),
   (0.010944524, 'received'),
   (0.010827359, 'hope'),
   (0.010489574, 'fired'),
   (0.010142972, 'win')],
  -2.4920380840332976),
 ([(0.03338696, 'sign'),
   (0.027648006, 'know'),
   (0.020029262, 'let'),
   (0.019175233, 'volunteer'),
   (0.015847087, 'voters'),
   (0.015353125, 'want'),
   (0.013795177, 'calls'),
   (0.012349794, 'volunteers'),
   (0.011762527, 'join'),
   (0.0103739165, 'reach'),
   (0.009932536, 'sure'),
   (0.009798034, 'making'),
   (0.0092408415, 'people'),
   (0.00914796, 'involved'),
   (0.00831355, 'interested'),
   (0.007541696, 'door'),
   (0.0074528707, 'going'),
   (0.0074422527, 'doors'),
   (0.00735015, 'volunteering'),
   (0.007219712, 'time')],
  -2.5030253643340905),
 ([(0.0828147, 'meet'),
   (0.06485588, 'enter'),
   (0.054194137, 'win'),
   (0.051427875, 'claim'),
   (0.03976489, 'contributing'),
   (0.030833272, 'ends'),
   (0.023309575, 'winning'),
   (0.0218368, 'received'),
   (0.020610536, 'sponsor'),
   (0.020531766, 'entered'),
   (0.020359175, 'automatically'),
   (0.015185296, 'open'),
   (0.014648207, 'apply'),
   (0.014119622, 'clicking'),
   (0.013494358, 'majority'),
   (0.011806825, 'sending'),
   (0.01137984, 'depend'),
   (0.0112485485, 'improve'),
   (0.010751519, 'cover'),
   (0.0104131475, 'entries')],
  -2.5355974072776535),
 ([(0.04137064, 'right'),
   (0.023630975, 'fire'),
   (0.023420775, 'straight'),
   (0.022377819, 'let'),
   (0.020459153, 'tear'),
   (0.019269668, 'rally'),
   (0.01898712, 'breaking'),
   (0.015488628, 'set'),
   (0.01527304, 'stand'),
   (0.014726132, 'apart'),
   (0.013715438, 'clear'),
   (0.013522567, 'news'),
   (0.012066566, 'order'),
   (0.011960628, 'de'),
   (0.011928149, 'happen'),
   (0.0111534055, 'got'),
   (0.0110605685, 'time'),
   (0.01027985, 'burning'),
   (0.010033681, 'defend'),
   (0.010011274, 'patriots')],
  -2.55836207621006),
 ([(0.093905784, 'gets'),
   (0.05453352, 'things'),
   (0.04363218, 'want'),
   (0.028867606, 'senator'),
   (0.021564273, 'control'),
   (0.020416493, 'support'),
   (0.019386938, 'sure'),
   (0.017857775, 'puts'),
   (0.016220508, 'win'),
   (0.013968133, 'elected'),
   (0.013785241, 'moderate'),
   (0.013369218, 'hate'),
   (0.013202011, 'know'),
   (0.013169867, 'confirming'),
   (0.013162101, 'today'),
   (0.011810962, 'impeachment'),
   (0.011452542, 'cutting'),
   (0.010746829, 'serving'),
   (0.010209522, 'earned'),
   (0.010162613, 'spending')],
  -2.621322955355313),
 ([(0.041050494, 'justice'),
   (0.018060602, 'people'),
   (0.012953569, 'racism'),
   (0.0117895985, 'color'),
   (0.011590788, 'equality'),
   (0.010120764, 'change'),
   (0.009961409, 'police'),
   (0.009436295, 'continue'),
   (0.009251633, 'action'),
   (0.008852536, 'stand'),
   (0.008798529, 'violence'),
   (0.007708435, 'join'),
   (0.0075561176, 'demand'),
   (0.0073541026, 'killed'),
   (0.006874596, 'solidarity'),
   (0.0066222968, 'matter'),
   (0.006490782, 'lost'),
   (0.006244828, 'injustice'),
   (0.0060906983, 'honor'),
   (0.0060311225, 'fighting')],
  -2.6267774058463167),
 ([(0.014457286, 'said'),
   (0.010096895, 'people'),
   (0.007227687, 'women'),
   (0.0059345583, 'called'),
   (0.005770802, 'told'),
   (0.0052545643, 'believe'),
   (0.005215188, 'took'),
   (0.005114979, 'instead'),
   (0.005045635, 'actually'),
   (0.004936392, 'god'),
   (0.0048191217, 'tell'),
   (0.004725364, 'saying'),
   (0.0043291794, 'happened'),
   (0.0040661055, 'want'),
   (0.003914119, 'abortion'),
   (0.00376019, 'came'),
   (0.0036351718, 'long'),
   (0.0036322812, 'come'),
   (0.0036168343, 'got'),
   (0.0034960674, 'simply')],
  -2.654100579796859),
 ([(0.11628282, 'respond'),
   (0.09420304, 'yes'),
   (0.07506805, 'approve'),
   (0.039109223, 'know'),
   (0.03291072, 'poll'),
   (0.028538544, 'polling'),
   (0.02734189, 'registered'),
   (0.022046138, 'selected'),
   (0.021539982, 'support'),
   (0.019947162, 'opening'),
   (0.019455846, 'submit'),
   (0.019411433, 'represent'),
   (0.016877789, 'immediately'),
   (0.016577594, 'conducted'),
   (0.013301408, 'gauge'),
   (0.013158653, 'paypal'),
   (0.011092165, 'breaking'),
   (0.010748854, 'critical'),
   (0.010279494, 'answer'),
   (0.009840183, 'prove')],
  -2.673835300996828),
 ([(0.09102832, 'hear'),
   (0.06113037, 'want'),
   (0.038449295, 'longer'),
   (0.03135325, 'email'),
   (0.030893229, 'build'),
   (0.029651582, 'questions'),
   (0.029066524, 'informed'),
   (0.02704731, 'concerns'),
   (0.02479974, 'instantly'),
   (0.023963606, 'supporters'),
   (0.023892354, 'box'),
   (0.019381637, 'po'),
   (0.01844311, 'switch'),
   (0.01666335, 'contact'),
   (0.01602596, 'directly'),
   (0.012844553, 'safe'),
   (0.009738141, 'fighting'),
   (0.0097245, 'healthy'),
   (0.0097200675, 'facebook'),
   (0.009643009, 'sad')],
  -2.67754279428316),
 ([(0.17829572, 'join'),
   (0.033668812, 'hope'),
   (0.01883314, 'support'),
   (0.01744018, 'forward'),
   (0.016099302, 'excited'),
   (0.015332884, 'hosting'),
   (0.015136355, 'discuss'),
   (0.014477226, 'attend'),
   (0.013254747, 'register'),
   (0.012901574, 'want'),
   (0.0124519095, 'invite'),
   (0.011259319, 'joining'),
   (0.011060125, 'hear'),
   (0.0109009165, 'invited'),
   (0.0106133325, 'miss'),
   (0.009874919, 'questions'),
   (0.009669543, 'zoom'),
   (0.009056961, 'joined'),
   (0.009040847, 'live'),
   (0.008908397, 'talk')],
  -2.7747009194408734),
 ([(0.06385805, 'share'),
   (0.040131085, 'facebook'),
   (0.030271875, 'follow'),
   (0.017507402, 'check'),
   (0.012362211, 'instagram'),
   (0.011550618, 'love'),
   (0.011245471, 'twitter'),
   (0.011081784, 'missed'),
   (0.010533584, 'stay'),
   (0.009708276, 'send'),
   (0.009691552, 'hear'),
   (0.008963938, 'co'),
   (0.008872026, 'listen'),
   (0.007912994, 'involved'),
   (0.0078629935, 'case'),
   (0.007854955, 'sharing'),
   (0.007720811, 'signed'),
   (0.007656013, 'visit'),
   (0.0076515255, 'people'),
   (0.0075129056, 'view')],
  -2.7895831693869892),
 ([(0.030496271, 'said'),
   (0.010694681, 'including'),
   (0.009787632, 'announced'),
   (0.008570241, 'according'),
   (0.0064273817, 'says'),
   (0.005388692, 'articles'),
   (0.0053591337, 'held'),
   (0.005152231, 'filed'),
   (0.004974955, 'released'),
   (0.0049360115, 'allow'),
   (0.0049111033, 'reported'),
   (0.0048974934, 'signed'),
   (0.0048465584, 'passed'),
   (0.004369648, 'law'),
   (0.004315525, 'recently'),
   (0.004310399, 'include'),
   (0.004290831, 'limited'),
   (0.0040467074, 'require'),
   (0.0040057763, 'currently'),
   (0.0039066826, 'includes')],
  -2.80151538377741),
 ([(0.097294204, 'won'),
   (0.08970214, 'lost'),
   (0.08458509, 'knew'),
   (0.08091517, 'decided'),
   (0.0793583, 'run'),
   (0.022651993, 'know'),
   (0.020391885, 'running'),
   (0.018241601, 'went'),
   (0.017526401, 'inspired'),
   (0.016491951, 'watched'),
   (0.015209922, 'office'),
   (0.01443601, 'got'),
   (0.012723589, 'ran'),
   (0.012570291, 'asking'),
   (0.012308422, 'tell'),
   (0.011796477, 'ne'),
   (0.011616036, 'repeal'),
   (0.011198112, 'ask'),
   (0.009090472, 'send'),
   (0.009008338, 'pledged')],
  -2.8021302838292566),
 ([(0.047056116, 'closing'),
   (0.024704197, 'notice'),
   (0.024698716, 'happening'),
   (0.023044966, 'send'),
   (0.019162003, 'communities'),
   (0.01708092, 'taken'),
   (0.015370692, 'residents'),
   (0.013421474, 'benefits'),
   (0.013355427, 'support'),
   (0.013219859, 'brings'),
   (0.01270836, 'note'),
   (0.012085671, 'implementing'),
   (0.01196296, 'updates'),
   (0.01138894, 'receiving'),
   (0.011106654, 'informed'),
   (0.010957886, 'corporations'),
   (0.010758671, 'funded'),
   (0.010431122, 'renters'),
   (0.010316369, 'email'),
   (0.010127356, 'information')],
  -2.8284745228837402),
 ([(0.030129608, 'committee'),
   (0.027323212, 'activate'),
   (0.025616074, 'behalf'),
   (0.02450325, 'contributed'),
   (0.023950482, 'critical'),
   (0.023221541, 'copy'),
   (0.02280241, 'visit'),
   (0.022444354, 'candidate'),
   (0.022192398, 'paste'),
   (0.02054694, 'focused'),
   (0.020025495, 'invested'),
   (0.017713211, 'working'),
   (0.016892318, 'maintaining'),
   (0.01650429, 'follow'),
   (0.015945015, 'subscribed'),
   (0.01579156, 'holding'),
   (0.015192761, 'page'),
   (0.014737627, 'facebook'),
   (0.014734723, 'resources'),
   (0.014727305, 'send')],
  -2.854042805233872),
 ([(0.20497216, 'feel'),
   (0.116824724, 'free'),
   (0.06294024, 'helps'),
   (0.04888703, 'drop'),
   (0.040705636, 'elect'),
   (0.038382582, 'want'),
   (0.03643288, 'reply'),
   (0.03326675, 'simply'),
   (0.025592107, 'office'),
   (0.025577458, 'stop'),
   (0.02556695, 'receiving'),
   (0.02456087, 'sign'),
   (0.01993669, 'feeling'),
   (0.0195766, 'hi'),
   (0.018847853, 'hate'),
   (0.015374883, 'authorized'),
   (0.014507957, 'overcrowded'),
   (0.014396952, 'list'),
   (0.009422276, 'reads'),
   (0.009208233, 'replace')],
  -2.8845437027544127),
 ([(0.03932594, 'fought'),
   (0.025571803, 'grow'),
   (0.023195216, 'know'),
   (0.022169886, 'needs'),
   (0.018377693, 'stood'),
   (0.017690467, 'believes'),
   (0.016762849, 'hard'),
   (0.014580401, 'wealthy'),
   (0.013049866, 'powerful'),
   (0.012391446, 'knows'),
   (0.011923717, 'taking'),
   (0.011495362, 'integrity'),
   (0.011291706, 'rich'),
   (0.011248382, 'ready'),
   (0.01074142, 'decency'),
   (0.010602629, 'corruption'),
   (0.010251505, 'deserve'),
   (0.009792155, 'hope'),
   (0.009728884, 'lead'),
   (0.009190383, 'giving')],
  -3.079837904164961),
 ([(0.16979623, 'watch'),
   (0.051229894, 'watching'),
   (0.032188356, 'want'),
   (0.024088545, 'served'),
   (0.02400082, 'brought'),
   (0.021704711, 'running'),
   (0.02102491, 'hear'),
   (0.018816834, 'forward'),
   (0.017907701, 'live'),
   (0.01785891, 'break'),
   (0.017643476, 'know'),
   (0.017194029, 'fully'),
   (0.0156709, 'sc'),
   (0.013248615, 'tune'),
   (0.013044362, 'informed'),
   (0.012184786, 'let'),
   (0.011085003, 'prefer'),
   (0.010875404, 'alek'),
   (0.009775996, 'going'),
   (0.009475846, 'retire')],
  -3.1933772426578892),
 ([(0.071374685, 'place'),
   (0.0676021, 'restore'),
   (0.060596105, 'honor'),
   (0.060244445, 'results'),
   (0.027317604, 'built'),
   (0.026417835, 'transparency'),
   (0.025261672, 'better'),
   (0.023389626, 'transform'),
   (0.02001856, 'want'),
   (0.01783573, 'connect'),
   (0.017830316, 'children'),
   (0.015099805, 'women'),
   (0.015030257, 'respect'),
   (0.014804659, 'survivors'),
   (0.01331331, 'serving'),
   (0.013262274, 'home'),
   (0.0131153045, 'putting'),
   (0.012458427, 'know'),
   (0.012026922, 'trust'),
   (0.011419876, 'kirsten')],
  -3.2596837343575293),
 ([(0.117503524, 'voted'),
   (0.09372146, 'deserve'),
   (0.0672947, 'better'),
   (0.0131419785, 'time'),
   (0.011831487, 'replace'),
   (0.010748821, 'commissioner'),
   (0.009626541, 'received'),
   (0.009512179, 'young'),
   (0.008797546, 'understands'),
   (0.007872375, 'know'),
   (0.007734486, 'directly'),
   (0.0076479455, 'pro'),
   (0.0071536107, 'let'),
   (0.007142952, 'office'),
   (0.007075558, 'speaks'),
   (0.0070617185, 'unseat'),
   (0.0070186625, 'votes'),
   (0.0068452614, 'fear'),
   (0.0067978185, 'work'),
   (0.0062947813, 'cares')],
  -3.2717878590890774),
 ([(0.06427056, 'home'),
   (0.041664086, 'bring'),
   (0.031742, 'bringing'),
   (0.03124639, 'growing'),
   (0.020195926, 'suite'),
   (0.01955601, 'plan'),
   (0.018933775, 'facing'),
   (0.018849624, 'paulette'),
   (0.018580893, 'fight'),
   (0.017685061, 'contribute'),
   (0.017653726, 'senate'),
   (0.016960924, 'work'),
   (0.016744832, 'sri'),
   (0.016148195, 'lower'),
   (0.015672414, 'send'),
   (0.01387976, 'id'),
   (0.013703415, 'personally'),
   (0.013699715, 'stand'),
   (0.012692322, 'spent'),
   (0.01249237, 'safe')],
  -3.3267134579328883),
 ([(0.077597074, 'progress'),
   (0.056245502, 'split'),
   (0.054943778, 'pa'),
   (0.050099593, 'fight'),
   (0.03797795, 'mi'),
   (0.023808755, 'allocated'),
   (0.021428538, 'authorized'),
   (0.02056635, 'equally'),
   (0.019819098, 'mistake'),
   (0.019069647, 'supporting'),
   (0.017804213, 'ok'),
   (0.016790444, 'heavily'),
   (0.015582874, 'listed'),
   (0.014715969, 'crucial'),
   (0.014027326, 'received'),
   (0.012978655, 'id'),
   (0.012723013, 'held'),
   (0.012656953, 'communicating'),
   (0.01204965, 'wv'),
   (0.01181139, 'fund')],
  -3.3684252001507593),
 ([(0.06402239, 'debate'),
   (0.021554206, 'coast'),
   (0.018521447, 'know'),
   (0.017826857, 'turn'),
   (0.016872829, 'educate'),
   (0.016690088, 'doubt'),
   (0.015200366, 'empower'),
   (0.013578897, 'sticking'),
   (0.01277029, 'member'),
   (0.011807002, 'reelection'),
   (0.011560212, 'refusing'),
   (0.011314071, 'hope'),
   (0.011244277, 'going'),
   (0.011019604, 'stake'),
   (0.010543623, 'long'),
   (0.010315193, 'debates'),
   (0.009686279, 'consider'),
   (0.009388525, 'tweet'),
   (0.009128746, 'knows'),
   (0.00801239, 'sure')],
  -3.5212738980427742),
 ([(0.16411841, 'stop'),
   (0.09151863, 'receiving'),
   (0.086839244, 'leaders'),
   (0.0658987, 'emails'),
   (0.04282867, 'software'),
   (0.042672757, 'facebook'),
   (0.03515277, 'governor'),
   (0.015581596, 'toe'),
   (0.012347908, 'going'),
   (0.011848385, 'stand'),
   (0.010093842, 'despite'),
   (0.009484592, 'taking'),
   (0.0075772875, 'updates'),
   (0.007511577, 'called'),
   (0.007486233, 'vermonters'),
   (0.0069479058, 'bring'),
   (0.0065915617, 'office'),
   (0.006282206, 'running'),
   (0.0061148764, 'tried'),
   (0.005820132, 'checks')],
  -3.5353086200305333),
 ([(0.49255648, 'read'),
   (0.028168002, 'diagnosis'),
   (0.018814143, 'america'),
   (0.011031993, 'fighting'),
   (0.010732329, 'included'),
   (0.009958299, 'trump'),
   (0.0097483555, 'stop'),
   (0.009688224, 'low'),
   (0.008765079, 'gear'),
   (0.007723851, 'seriously'),
   (0.007479442, 'extra'),
   (0.006661799, 'opt'),
   (0.006356084, 'says'),
   (0.0063552437, 'ste'),
   (0.0063044247, 'reveals'),
   (0.006256053, 'email'),
   (0.005883444, 'election'),
   (0.0057620504, 'following'),
   (0.0057466323, 'shared'),
   (0.0054955184, 'information')],
  -3.9043987656800136),
 ([(0.048189856, 'strategies'),
   (0.04629564, 'pledge'),
   (0.039905924, 'deep'),
   (0.037757125, 'dig'),
   (0.03020142, 'fact'),
   (0.02788649, 'checking'),
   (0.02106632, 'know'),
   (0.018714648, 'lie'),
   (0.013287759, 'let'),
   (0.013036038, 'trump'),
   (0.011368525, 'card'),
   (0.010807494, 'picked'),
   (0.0104484735, 'thrown'),
   (0.010231272, 'look'),
   (0.009251718, 'trying'),
   (0.008944714, 'impossible'),
   (0.008785362, 'live'),
   (0.008627108, 'cheat'),
   (0.008477743, 'future'),
   (0.007995757, 'want')],
  -4.034777138933394),
 ([(0.13107288, 'risk'),
   (0.0869591, 'high'),
   (0.08441523, 'hand'),
   (0.06809086, 'funding'),
   (0.026801081, 'losing'),
   (0.026531665, 'mowers'),
   (0.026171414, 'cash'),
   (0.020956961, 'doubling'),
   (0.020024555, 'picking'),
   (0.018751739, 'funded'),
   (0.017218774, 'rebuild'),
   (0.016653273, 'reclaim'),
   (0.01400446, 'got'),
   (0.010826366, 'retake'),
   (0.01082573, 'historic'),
   (0.010708335, 'predict'),
   (0.009566675, 'continue'),
   (0.009480498, 'deny'),
   (0.009024761, 'ahead'),
   (0.008480843, 'time')],
  -4.367283478286029),
 ([(0.035348915, 'director'),
   (0.033265073, 'life'),
   (0.011238084, 'farmers'),
   (0.010682224, 'orders'),
   (0.010203566, 'executive'),
   (0.0094547635, 'speaking'),
   (0.009401544, 'reported'),
   (0.009365402, 'security'),
   (0.008610571, 'starting'),
   (0.007948729, 'liberty'),
   (0.007935981, 'finance'),
   (0.0075064627, 'consumers'),
   (0.007411112, 'claiming'),
   (0.006595614, 'falsely'),
   (0.0063876347, 'happens'),
   (0.0063510234, 'found'),
   (0.0059355046, 'k'),
   (0.0056945207, 'says'),
   (0.005500073, 'parties'),
   (0.005439525, 'teaches')],
  -4.74020379127635),
 ([(0.02373292, 'perkins'),
   (0.021563975, 'release'),
   (0.015754329, 'remove'),
   (0.014644001, 'representative'),
   (0.013488717, 'means'),
   (0.013176311, 'prohibits'),
   (0.011247841, 'manage'),
   (0.011092959, 'speaker'),
   (0.011052902, 'time'),
   (0.010853481, 'profit'),
   (0.00852504, 'wildfires'),
   (0.008045037, 'declared'),
   (0.007898791, 'declare'),
   (0.007797256, 'including'),
   (0.0074076722, 'released'),
   (0.0072996076, 'turn'),
   (0.0072228047, 'selling'),
   (0.0071904333, 'sell'),
   (0.00716158, 'statues'),
   (0.006953061, 'come')],
  -4.889144169591939),
 ([(0.09403511, 'trust'),
   (0.061002593, 'wear'),
   (0.058658198, 'masks'),
   (0.050885066, 'wearing'),
   (0.028370257, 'spreading'),
   (0.026659261, 'science'),
   (0.024050014, 'know'),
   (0.020868536, 'delivering'),
   (0.018531488, 'public'),
   (0.01785314, 'care'),
   (0.017403483, 'face'),
   (0.01481122, 'important'),
   (0.014788509, 'safe'),
   (0.0124802645, 'poor'),
   (0.0121393185, 'mask'),
   (0.011284784, 'facts'),
   (0.010832476, 'wishing'),
   (0.010517476, 'coronavirus'),
   (0.009970169, 'pandemic'),
   (0.009533016, 'morrisey')],
  -4.923147135429968),
 ([(0.49583977, 'think'),
   (0.103686586, 'deserves'),
   (0.037516613, 'nominated'),
   (0.028150456, 'agree'),
   (0.023597041, 'wrote'),
   (0.01699397, 'en'),
   (0.015174988, 'thinks'),
   (0.014568661, 'o'),
   (0.013294545, 'nominate'),
   (0.012288574, 't'),
   (0.008739464, 'qualified'),
   (0.007674066, 'know'),
   (0.007421003, 'check'),
   (0.0073038973, 'breaking'),
   (0.0066629876, 'n'),
   (0.006545898, 'says'),
   (0.0064889425, 'prefer'),
   (0.006372991, 'webpage'),
   (0.005809808, 'entrepreneur'),
   (0.0057228273, 'hi')],
  -5.025192597337692),
 ([(0.14841904, 'times'),
   (0.14208508, 'cut'),
   (0.069387056, 'lies'),
   (0.06341368, 'tough'),
   (0.048353124, 'lying'),
   (0.030100433, 'taxes'),
   (0.025270749, 'checked'),
   (0.023970205, 'spread'),
   (0.016461952, 'ave'),
   (0.01356162, 'lied'),
   (0.0135263, 'unprecedented'),
   (0.011145479, 'lie'),
   (0.010566069, 'misinformation'),
   (0.009752641, 'determined'),
   (0.00940845, 'skyrocketed'),
   (0.008981545, 'ways'),
   (0.008194018, 'mean'),
   (0.0078089493, 'disinformation'),
   (0.0070487685, 'heating'),
   (0.0066089267, 'live')],
  -5.208556329379408),
 ([(0.03204873, 'named'),
   (0.029904, 'x'),
   (0.022320054, 'affect'),
   (0.02091825, 'government'),
   (0.016124856, 'impact'),
   (0.015732033, 'stage'),
   (0.014864364, 'redistricting'),
   (0.014175592, 'overwhelming'),
   (0.013468855, 'build'),
   (0.011557346, 'represented'),
   (0.0115229385, 'achieving'),
   (0.011072563, 'intimidate'),
   (0.0099032195, 'voice'),
   (0.009473497, 'targeted'),
   (0.008991606, 'white'),
   (0.008599087, 'considering'),
   (0.008330422, 'constantly'),
   (0.008243369, 'sure'),
   (0.007323672, 'organizers'),
   (0.0072096256, 'drawing')],
  -5.351669069504311),
 ([(0.28807598, 'yes'),
   (0.23524523, 'confirm'),
   (0.06135318, 'subscribe'),
   (0.04765951, 'wo'),
   (0.034659944, 'ignore'),
   (0.021932939, 'send'),
   (0.021426124, 'delete'),
   (0.020558298, 'simply'),
   (0.018729584, 'subscribed'),
   (0.018681295, 'received'),
   (0.017234389, 'contact'),
   (0.015686652, 'questions'),
   (0.015207799, 'mistake'),
   (0.01133694, 'tap'),
   (0.0109774275, 'air'),
   (0.008970109, 'clean'),
   (0.008097187, 'valid'),
   (0.007104045, 'champions'),
   (0.006346419, 'computer'),
   (0.005128075, 'sealed')],
  -5.958148876986618),
 ([(0.22740991, 'good'),
   (0.07145344, 'bad'),
   (0.06123134, 'twice'),
   (0.037395418, 'record'),
   (0.033955477, 'd'),
   (0.029047973, 'rate'),
   (0.023759304, 'excellent'),
   (0.021064745, 'okay'),
   (0.018729383, 'c'),
   (0.017206974, 'fine'),
   (0.017186945, 'leaves'),
   (0.016687758, 'grade'),
   (0.016576353, 'terrible'),
   (0.01647867, 'overdue'),
   (0.01235286, 'speech'),
   (0.011072479, 'e'),
   (0.010662541, 'la'),
   (0.010388807, 'dominate'),
   (0.009933781, 'b'),
   (0.00953519, 'news')],
  -6.58901580887177),
 ([(0.21019319, 'emailed'),
   (0.07845911, 'emailing'),
   (0.04671288, 'st'),
   (0.044528775, 'cancel'),
   (0.032570165, 's'),
   (0.02560726, 'policy'),
   (0.018029997, 'privacy'),
   (0.015617547, 'offers'),
   (0.015071504, 'id'),
   (0.013940143, 'disappointed'),
   (0.013560126, 'concerning'),
   (0.012463926, 'ya'),
   (0.012269421, 'agreeing'),
   (0.011930053, 'info'),
   (0.01186572, 'capitol'),
   (0.011649753, 'problems'),
   (0.011538484, 'sw'),
   (0.009651357, 'short'),
   (0.009588615, 'imagined'),
   (0.00891078, 'texted')],
  -7.409208784061097),
 ([(0.21806546, 'sending'),
   (0.048612576, 'select'),
   (0.03699347, 'undecided'),
   (0.03252768, 'certain'),
   (0.030429257, 'donation'),
   (0.02682994, 'responding'),
   (0.021091955, 'mission'),
   (0.019997174, 'guess'),
   (0.01787015, 'indicate'),
   (0.017441537, 'voting'),
   (0.016991662, 'pays'),
   (0.014352633, 'carolyn'),
   (0.014208019, 'stops'),
   (0.014204688, 'frank'),
   (0.013197068, 'die'),
   (0.012096468, 'wasted'),
   (0.011867773, 'directly'),
   (0.010977894, 'weigh'),
   (0.010254227, 'mount'),
   (0.01000838, 'scotus')],
  -7.423549280215636)]
LDA on full corpus complete!
