imported modules
unpickled corpus and dictionary files
Number of unique tokens: 1436
Number of documents: 316769
logging setup successful
LDA run time: 6289.059829950333
Average topic coherence: -1.9574.
[([(0.04163141, 'train'),
   (0.03342587, 'fund'),
   (0.031101773, 'the national democratic training committee'),
   (0.030201824, 'imagine'),
   (0.029018417, 'office'),
   (0.019371169, 'national democratic training committee'),
   (0.017836893, '100%'),
   (0.014854459, 'promise'),
   (0.014766273, 'compassion'),
   (0.014743136, 'small'),
   (0.014679321, 'listen'),
   (0.014666646, 'dignity'),
   (0.014563235, 'honest'),
   (0.014532208, 'try'),
   (0.0145000545, 'expensive'),
   (0.014453898, 'uphold'),
   (0.0143305715, 'incredibly'),
   (0.01431276, 'explore'),
   (0.014278578, 'this country'),
   (0.01424929, 'the clock')],
  -0.580488721922915),
 ([(0.037745018, 'pass'),
   (0.03679521, 'end citizens united'),
   (0.029348817, 'citizens united'),
   (0.027536888, 'fund'),
   (0.025816003, 'our movement'),
   (0.024734687, 'sweeping campaign finance reform'),
   (0.024706438, 'end citizens united pac'),
   (0.022218095, 'united ➞'),
   (0.018407807, 'end'),
   (0.016075011, 'donald trump'),
   (0.014900037, 'build'),
   (0.01442849, 'ask'),
   (0.014262665, 'fuel'),
   (0.014091389, '400%-match'),
   (0.014059731, 'wonder'),
   (0.013893161, 'fix'),
   (0.013861825, 'spend'),
   (0.01378438, 'ultimately'),
   (0.013671388, 'push'),
   (0.013608123, 'the most competitive race')],
  -0.7645280915829131),
 ([(0.06770712, 'progressive turnout project'),
   (0.033992574, 'democratic voter turnout'),
   (0.020699373, 'election'),
   (0.017124267, 'afford'),
   (0.016863842, 'a 100% grassroots-fund organization'),
   (0.016813004, 'increase'),
   (0.016158352, 'the progressive turnout project'),
   (0.01577727, 'boost'),
   (0.015548665, 'republicans'),
   (0.0134224305, 'follow'),
   (0.01234388, 'matter'),
   (0.010440169, 'donald trump'),
   (0.008993108, 'the poll'),
   (0.008878824, 'voter turnout'),
   (0.008785835, 'mean'),
   (0.008784401, 'guarantee'),
   (0.008734645, 'design'),
   (0.008702779, 'execute'),
   (0.008690787, 'use'),
   (0.008662901, 'the only way')],
  -0.8304330408502991),
 ([(0.05411019, 'african americans'),
   (0.054091033, 'the political process'),
   (0.039084982, 'promote'),
   (0.036607828, 'supporter'),
   (0.035541676, 'african american participation'),
   (0.02041368, 'the poll'),
   (0.019388458, 'immediately'),
   (0.01935219, 'champion'),
   (0.01893702, 'the number'),
   (0.018861866, 'combat'),
   (0.01875902, 'increase'),
   (0.018751562, 'get'),
   (0.01874618, 'advance'),
   (0.018619163, 'uplift'),
   (0.018606855, 'critical'),
   (0.018579036, 'matter'),
   (0.018522633, 'activate'),
   (0.018419169, 'issue'),
   (0.01840345, 'the trump administration'),
   (0.01832049, 'committed')],
  -0.8634426330903244),
 ([(0.07235302, 'bold democrats'),
   (0.031029666, 'diverse democrats'),
   (0.022113742, 'the senate'),
   (0.020728273, 'victory'),
   (0.011774362, 'reclaim'),
   (0.011702374, 'flip'),
   (0.011366697, 'helped'),
   (0.011356655, 'identify'),
   (0.011306065, 'color'),
   (0.011263654, 'get'),
   (0.0111716725, '42%'),
   (0.011111677, 'spark'),
   (0.011108981, 'every penny'),
   (0.011105913, 'raise'),
   (0.011090999, 'start'),
   (0.011047673, 'build'),
   (0.011010862, 'order'),
   (0.01098913, 'good'),
   (0.010953627, 'target'),
   (0.010929924, 'getting')],
  -0.9151846761413603),
 ([(0.10725625, 'the dscc'),
   (0.041386303, 'the u.s. senate'),
   (0.036263518, 'any candidate or candidate’s committee'),
   (0.03608365, 'a contribution'),
   (0.03597784, 'solely'),
   (0.035566296, 'our work'),
   (0.03523513, 'dedicated'),
   (0.03503113, 'grassroots supporter'),
   (0.03446537, 'washington'),
   (0.03438651, 'contribution'),
   (0.034216616, 'rely'),
   (0.03421535, 'deductible'),
   (0.034148056, 'gift'),
   (0.033889808, 'tax'),
   (0.03357683, 'the only committee'),
   (0.03348943, '| po box 96047'),
   (0.031697348, 'flip'),
   (0.018662652, 'the senate'),
   (0.012903712, 'democratic senatorial campaign committee'),
   (0.010675081, 'team dscc')],
  -0.9525932200938848),
 ([(0.054040663, 'texas'),
   (0.035160337, 'express'),
   (0.02868651, 'time'),
   (0.020286296, 'sen. cornyn'),
   (0.01689478, 'november'),
   (0.01671567, 'greatly'),
   (0.016512047, 'our health care'),
   (0.016249534, 'mj hegar'),
   (0.015651155, 'job'),
   (0.015264401, 'title'),
   (0.015132337, 'a member'),
   (0.015057824, 'the next few week'),
   (0.014986072, 'the campaign'),
   (0.014947765, 'prioritize'),
   (0.014855568, 'appreciate'),
   (0.01448026, 'long'),
   (0.014473161, 'build'),
   (0.014189392, 'clear'),
   (0.014175387, 'use'),
   (0.014161854, 'important information')],
  -0.9574825704244324),
 ([(0.04481887, 'the nra'),
   (0.043583516, 'end'),
   (0.04008636, 'brady pac'),
   (0.030981919, 'pass'),
   (0.03010388, 'gun violence'),
   (0.028777372, 'life'),
   (0.02872461, 'lose'),
   (0.026098708, 'power'),
   (0.02553085, 'our work'),
   (0.021145025, 'fund'),
   (0.0144360615, 'care'),
   (0.014045668, 'gun safety activist'),
   (0.014009829, 'the life'),
   (0.01372211, 'sit'),
   (0.0136599885, 'idly'),
   (0.013607364, 'continue'),
   (0.013364664, 'the nation'),
   (0.013232754, 'thousand'),
   (0.013188351, 'your part'),
   (0.013119469, 'every day')],
  -1.0074468710125013),
 ([(0.117681585, '400%-match'),
   (0.030319395, 'bold democrats'),
   (0.027554447, 'end'),
   (0.02259212, 'afford'),
   (0.021254065, 'engage'),
   (0.020691555, 'victory'),
   (0.02012168, 'our email'),
   (0.020042999, 'bold'),
   (0.019372694, 'pac'),
   (0.018789493, 'donald trump’s presidency'),
   (0.018667044, 'take'),
   (0.018470146, 'dedicate'),
   (0.018263405, 'not authorized'),
   (0.018201193, 'the senate'),
   (0.018107481, 'latino voter'),
   (0.018079521, 'only our most urgent email'),
   (0.017942077, 'a contribution'),
   (0.01793657, 'another amount'),
   (0.017630586, 'any candidate or candidate’s committee'),
   (0.017519375, 'your email address')],
  -1.0439530295213444),
 ([(0.08388095, 'wendy davis'),
   (0.039069396, 'flip'),
   (0.028412286, 'wendy'),
   (0.028093135, 'our democratic house majority'),
   (0.028021127, 'tx-21'),
   (0.027675502, 'a donation'),
   (0.025397154, 'austin'),
   (0.023905426, 'stay'),
   (0.023359882, 'texas'),
   (0.022603408, 'blue'),
   (0.02204356, 'touch'),
   (0.021881849, 'supporter'),
   (0.021457909, 'the good way'),
   (0.020946765, 'the wendy davis'),
   (0.020946765, 'congress email list'),
   (0.019932956, '3112 windsor rd'),
   (0.019753346, 'ste a'),
   (0.014156307, 'rush'),
   (0.014033707, 'defend'),
   (0.013589311, 'show')],
  -1.044895040334688),
 ([(0.031523008, 'joe biden'),
   (0.029966125, 'sorry'),
   (0.02269351, 'file'),
   (0.016957035, 'president'),
   (0.016636321, 'this campaign'),
   (0.016568253, 'the soul'),
   (0.016099043, 'friend'),
   (0.014926881, 'this nation'),
   (0.01445106, 'get'),
   (0.013460903, 'grassroots supporter'),
   (0.01346049, 'complacent'),
   (0.013398621, 'biden'),
   (0.013230059, 'ready'),
   (0.0131020695, 'a lot'),
   (0.01280546, 'the reason'),
   (0.012649044, 'start'),
   (0.0125968885, 'correct'),
   (0.012167913, 'the time'),
   (0.012054179, 'payment information'),
   (0.0120488405, 'your donation')],
  -1.0464717315439993),
 ([(0.047834374, 'supporter'),
   (0.031529948, 'stop republicans'),
   (0.027640807, 'republicans'),
   (0.026904333, '[[email_redacted]] | change'),
   (0.025758058, 'critical'),
   (0.025034446, 'a crucial way'),
   (0.02493812, 'stay'),
   (0.024691405, 'touch'),
   (0.02445471, 'your grassroots support'),
   (0.02412918, 'prefer'),
   (0.023582181, 'power'),
   (0.023364719, 'your email address'),
   (0.023001086, '([[url redacted'),
   (0.02228261, 'the republican party'),
   (0.022222748, 'the country'),
   (0.021213008, 'dedicate'),
   (0.020905029, 'order'),
   (0.020807425, 'our movement'),
   (0.020543348, 'resist'),
   (0.0204854, 'chicago')],
  -1.183125234278282),
 ([(0.13206586, 'contribute'),
   (0.040008314, 'president trump'),
   (0.031969648, 'the trump make america great again committee'),
   (0.031303927, 'any amount'),
   (0.030564008, 'trump make america great again committee'),
   (0.023340661, 'reach'),
   (0.021745242, 'grassroots supporter'),
   (0.021591865, 'donald j. trump'),
   (0.021504259, 'the republican national committee'),
   (0.01982969, 'information'),
   (0.019183822, 'the effort'),
   (0.01838456, 'date'),
   (0.018090917, 'make america great again'),
   (0.017864853, 'tonight'),
   (0.017853873, 'our team'),
   (0.01755282, 'appreciate'),
   (0.017417356, 'our grassroots supporter'),
   (0.017313527, '11:59 pm'),
   (0.01705726, 'team trump'),
   (0.016639002, 'an important way')],
  -1.1871840613491271),
 ([(0.049275637, 'the nrsc'),
   (0.04774978, 'president trump'),
   (0.036983207, 'text'),
   (0.032337356, 'republicans'),
   (0.024888571, 'great'),
   (0.022206292, 'agree'),
   (0.020098824, 'make'),
   (0.02007167, "any candidate or candidate's committee"),
   (0.020040745, 'defend'),
   (0.019850178, 'america'),
   (0.019669134, 'federal income tax purpose'),
   (0.019440262, 'message and datum rate'),
   (0.019396191, 'maga'),
   (0.019359933, 'opt-out'),
   (0.019212969, 'deductible'),
   (0.019176012, 'charitable contribution'),
   (0.018402616, 'mobile alert'),
   (0.018198216, 't&c/privacy policy'),
   (0.017469246, '[url redacted]]\ncontribution'),
   (0.017258795, '425 2nd street ne')],
  -1.20546586706927),
 ([(0.059197806, 'equality'),
   (0.035620745, 'night'),
   (0.028401228, 'day'),
   (0.02708689, 'this one'),
   (0.025895277, 'the power'),
   (0.02560315, 'unlike'),
   (0.024884606, 'important'),
   (0.024873646, 'our mission'),
   (0.024693057, 'donald trump'),
   (0.024602436, 'november'),
   (0.024347428, 'your continued support'),
   (0.024003394, 'pac'),
   (0.023790432, 'our government'),
   (0.023761973, 'fail'),
   (0.023471374, 'drive'),
   (0.022989811, "any candidate or candidate's committee"),
   (0.022943707, 'raise'),
   (0.02198523, 'this year'),
   (0.02194834, 'rely'),
   (0.021467596, 'remember')],
  -1.2867085901351778),
 ([(0.053368807, 'progressives'),
   (0.029532375, 'our work'),
   (0.029133392, 'the progressive caucus'),
   (0.027399426, 'raise'),
   (0.02279085, 'work family'),
   (0.021455664, 'the minimum wage'),
   (0.02139447, 'november'),
   (0.021335086, 'authorized'),
   (0.019892747, 'a part'),
   (0.019569546, 'touch'),
   (0.019449564, 'any candidate'),
   (0.019285291, 'progressive caucus'),
   (0.019101517, 'pass'),
   (0.018780962, 'congressional progressive caucus pac'),
   (0.018750302, 'candidate’s committee'),
   (0.018256733, 'bernie sanders'),
   (0.017566156, 'republicans'),
   (0.017170606, 'progressive'),
   (0.016408946, '-progressive caucus\nthis message'),
   (0.013750737, 'lose')],
  -1.3055787191572708),
 ([(0.051681563, 'reply'),
   (0.050366074, 'text'),
   (0.033657797, 'nrcc'),
   (0.028260777, 'the national republican congressional committee'),
   (0.027430754, 'visit'),
   (0.02621327, 'the nrcc'),
   (0.023561101, 'that number'),
   (0.022403842, 'include'),
   (0.021907516, 'call'),
   (0.021779444, "any candidate or candidate's committee"),
   (0.02055437, 'reach'),
   (0.020305252, 'president trump'),
   (0.020058995, 'end'),
   (0.019890377, 'consent'),
   (0.01956595, 'provide'),
   (0.019228235, 'autodiale and automate call'),
   (0.016804866, 'feedback'),
   (0.016024645, 'the number'),
   (0.015957378, 'happy'),
   (0.01580733, 'vary')],
  -1.3175369494792086),
 ([(0.20178322, 'state'),
   (0.08124693, 'reform'),
   (0.056141805, 'reject'),
   (0.051221535, 'washington'),
   (0.046501953, 'd.c.'),
   (0.039494466, 'prefer'),
   (0.038544122, 'the country'),
   (0.03438895, 'end'),
   (0.031628132, 'stay'),
   (0.029892348, 'city'),
   (0.027540172, 'provide'),
   (0.027340813, 'transform'),
   (0.025256855, 'touch'),
   (0.024105128, 'fund'),
   (0.02332787, 'supporter'),
   (0.022565471, 'critical'),
   (0.022200909, 'dedicate'),
   (0.021957222, 'our effort'),
   (0.018712303, 'your email address'),
   (0.016941918, 'a crucial way')],
  -1.428828808003331),
 ([(0.08555297, 'vote'),
   (0.06156776, 'let america vote'),
   (0.040760323, 'voting right'),
   (0.03877065, 'donald trump'),
   (0.029035395, 'our email'),
   (0.022525521, 'attention'),
   (0.022118138, 'america'),
   (0.021073397, 'the 2020 election'),
   (0.019738156, 'politician'),
   (0.019116499, 'washington, dc'),
   (0.01907116, 'expose'),
   (0.018900892, 'start'),
   (0.018648576, 'the fight'),
   (0.018591447, 'shatter'),
   (0.01851229, 'punish'),
   (0.018252743, 'a commitment'),
   (0.01810895, 'hit'),
   (0.018024152, 'fuel'),
   (0.017952846, 'advertising'),
   (0.01784591, 'a difference')],
  -1.4672196361897398),
 ([(0.076570384, 'woman'),
   (0.06664857, 'our effort'),
   (0.034613445, 'our email'),
   (0.027881732, 'protect'),
   (0.02576622, 'the way'),
   (0.024792837, 'rapidly'),
   (0.023618625, 'the trump administration'),
   (0.023124145, 'the republicans'),
   (0.022763196, 'every step'),
   (0.021394903, 'our top supporter'),
   (0.021336915, 'stay'),
   (0.021107819, 'finally'),
   (0.020970926, 'accomplish'),
   (0.02071424, 'away'),
   (0.020545762, 'donald trump'),
   (0.01965771, 'form'),
   (0.019483725, 'pass'),
   (0.018852824, 'roe v. wade'),
   (0.018689897, 'touch'),
   (0.018604182, 'any candidate')],
  -1.54044834155699),
 ([(0.08298521, 'this list'),
   (0.07598658, 'your preference'),
   (0.0756071, 'reserve'),
   (0.074450165, 'these email'),
   (0.064201064, 'our mailing address'),
   (0.057715237, 'all right'),
   (0.05598093, 'add'),
   (0.05338576, 'your address book'),
   (0.041844927, 'email marketing powered'),
   (0.04077189, 'mailchimp'),
   (0.036767807, 'opt'),
   (0.03539704, 'our website'),
   (0.031457905, 'view'),
   (0.016106715, 'copyright'),
   (0.014516947, 'your browser'),
   (0.0075411987, 'website'),
   (0.006284661, 'join'),
   (0.004907422, 'this campaign'),
   (0.00436922, 'bring'),
   (0.004309472, 'po box')],
  -1.5543930112908304),
 ([(0.050517414, 'our country'),
   (0.04389887, 'our house majority'),
   (0.040058754, 'protect'),
   (0.030739333, 'hope'),
   (0.030079324, 'stay'),
   (0.026023217, 'elect democrats'),
   (0.021812042, 'a moment'),
   (0.020804225, 'desperately'),
   (0.018874845, 'key'),
   (0.018288784, 'found'),
   (0.017637396, 'important'),
   (0.017422343, 'deserve'),
   (0.01670573, 'recruit'),
   (0.016704325, 'the country'),
   (0.016644496, 'americans'),
   (0.016505143, 'our email'),
   (0.016178235, 'these time'),
   (0.016108273, 'each day'),
   (0.016044237, 'our top supporter'),
   (0.015915083, 'your family')],
  -1.5698803417230316),
 ([(0.06393236, 'president obama'),
   (0.04721002, 'contribute'),
   (0.047128726, 'agree'),
   (0.03094606, 'our democratic majority'),
   (0.029439585, 'protect'),
   (0.02730223, 'our democracy'),
   (0.027221909, 'obama'),
   (0.021827003, 'republicans'),
   (0.015513283, 'friends'),
   (0.015501026, 'everyday'),
   (0.015276684, 'barack obama'),
   (0.015162386, 'president'),
   (0.015016729, 'follow'),
   (0.014356051, 'say'),
   (0.013979265, 'sure'),
   (0.013929567, 'ruin'),
   (0.013622662, 'different'),
   (0.013518347, 'vote'),
   (0.013304152, 'well'),
   (0.01323346, 'the resource')],
  -1.5847316674320648),
 ([(0.0714593, 'ask'),
   (0.03240677, 'this campaign'),
   (0.02975546, 'mean'),
   (0.025587711, 'a lot'),
   (0.020436173, 'important'),
   (0.019530647, 'count'),
   (0.018294366, 'make'),
   (0.018203521, 'people'),
   (0.01729461, 'this race'),
   (0.017104458, 'able'),
   (0.01538708, 'sure'),
   (0.014655299, 'get'),
   (0.014267695, 'a donation'),
   (0.013727176, 'build'),
   (0.013121275, 'hope'),
   (0.012939378, 'take'),
   (0.012305241, 'time'),
   (0.012161152, 'reach'),
   (0.011958314, 'a contribution'),
   (0.011128988, 'possible')],
  -1.586138929750545),
 ([(0.065185115, 'the good way'),
   (0.062259555, 'stay'),
   (0.06212992, 'touch'),
   (0.052940737, 'a donation'),
   (0.052104924, 'supporter'),
   (0.03722454, 'all our email'),
   (0.03285282, '$25 →\nchip'),
   (0.032777496, 'the voter protection project'),
   (0.032710593, '$50 →\nchip'),
   (0.03211502, '$100 →\nchip'),
   (0.028524702, '$200 →\nchip'),
   (0.021375999, 'any candidate'),
   (0.016777309, "any candidate's committee"),
   (0.014233915, 'get'),
   (0.013189599, 'count'),
   (0.012574847, 'folk'),
   (0.010290406, 'stand'),
   (0.009651654, 'friend'),
   (0.00784654, 'election day'),
   (0.007623366, 'team')],
  -1.5895113608322373),
 ([(0.16418079, 'url'),
   (0.15880182, 'redacted'),
   (0.03699814, 'learn'),
   (0.026988456, 'read'),
   (0.024962518, 'content'),
   (0.020126434, 'alert'),
   (0.019818349, 'sure'),
   (0.018981239, 'check'),
   (0.018928306, 'find'),
   (0.01791788, 'and/or'),
   (0.01777453, 'website'),
   (0.017403232, 'subject'),
   (0.016981145, 'take'),
   (0.01679897, 'official'),
   (0.016694766, 'mark'),
   (0.016650932, 'the people'),
   (0.016512524, 'publish'),
   (0.016378632, 'endorse'),
   (0.014925518, 'safeguard'),
   (0.014830682, 'action')],
  -1.594069701690298),
 ([(0.105581395, 'contribution'),
   (0.050642487, 'deductible'),
   (0.042146496, 'contribute'),
   (0.04106008, 'report'),
   (0.038762443, 'individual'),
   (0.035825547, 'corporation'),
   (0.03437942, 'require'),
   (0.033386014, 'federal income tax purpose'),
   (0.03234877, 'prohibit'),
   (0.029558197, 'federal law'),
   (0.02915607, 'use'),
   (0.02870057, 'employer'),
   (0.028230285, 'occupation'),
   (0.028169403, 'the name'),
   (0.02459736, 'tax'),
   (0.024549244, 'charitable contribution'),
   (0.023745887, 'collect'),
   (0.023374327, 'exceed'),
   (0.0224914, 'election'),
   (0.019864574, 'mail address')],
  -1.6218328094553516),
 ([(0.06298077, 'georgia'),
   (0.049990773, 'friend'),
   (0.0497354, 'the senate'),
   (0.039635576, 'flip'),
   (0.026329683, 'this email list'),
   (0.024674637, 'neck'),
   (0.017424123, 'provide'),
   (0.01739483, 'this race'),
   (0.01722881, 'payment information'),
   (0.017220927, 'title'),
   (0.017192543, 'blue'),
   (0.016363604, 'this seat'),
   (0.014442458, 'immediately'),
   (0.013963746, 'short'),
   (0.013543961, 'spend'),
   (0.013194167, 'fall'),
   (0.013117507, 'show'),
   (0.013053836, 'your donation'),
   (0.012701827, 'take'),
   (0.012342441, 'actblue express')],
  -1.6812036638476875),
 ([(0.051985152, 'happy'),
   (0.033258088, 'fellow conservative'),
   (0.03132481, 'mitch'),
   (0.03104356, 'chuck schumer'),
   (0.030168008, 'reach'),
   (0.02921042, 'term'),
   (0.024391614, 'order'),
   (0.022696128, 'reply help'),
   (0.022321494, 'conditions'),
   (0.022280565, 'vary'),
   (0.021856721, 'end'),
   (0.020352045, 'msg&dataratesmayapply'),
   (0.020350054, 'message frequency'),
   (0.019819833, 'president trump'),
   (0.018561298, 'count'),
   (0.018053034, 'mobile alert'),
   (0.014072287, 'impact'),
   (0.013958771, 'protect'),
   (0.01391629, 'interested'),
   (0.012301552, 'our republican senate majority')],
  -1.6959025341558156),
 ([(0.11105948, 'medicare'),
   (0.04482701, 'pass'),
   (0.040387556, 'glad'),
   (0.038821675, 'our team'),
   (0.037302546, 'long'),
   (0.037104804, 'our work'),
   (0.022318106, 'stand'),
   (0.021057451, 'healthcare'),
   (0.020862633, 'rise'),
   (0.0204079, 'access'),
   (0.02030792, 'regardless'),
   (0.020063955, 'every american'),
   (0.01994627, 'special interest group'),
   (0.019935383, 'the only way'),
   (0.01984831, 'entirely'),
   (0.019733796, 'lot'),
   (0.01954135, 'die'),
   (0.019379051, 'afford'),
   (0.019173317, 'big pharma'),
   (0.019124027, 'put')],
  -1.718339849880389),
 ([(0.24355848, 'mitch mcconnell'),
   (0.13216096, 'mcconnell'),
   (0.05177463, 'amy mcgrath'),
   (0.04358565, 'the senate'),
   (0.03583285, 'mitch'),
   (0.031363733, 'republicans'),
   (0.030704204, 'kentucky'),
   (0.027796453, 'amy'),
   (0.018478235, 'replace'),
   (0.016527135, 'beat'),
   (0.014799747, 'the poll'),
   (0.014420014, 'another amount'),
   (0.009922088, 'end'),
   (0.0088431025, 'vulnerable'),
   (0.008631224, 'lose'),
   (0.0077115744, 'raise'),
   (0.006616988, 'your donation'),
   (0.0063688876, 'crush'),
   (0.006343309, 'step'),
   (0.006186571, 'say')],
  -1.7204309554959296),
 ([(0.21663064, 'lindsey graham'),
   (0.10351122, 'south carolina'),
   (0.0841601, 'jaime harrison'),
   (0.06251536, 'graham'),
   (0.0417254, 'the senate'),
   (0.039421067, 'lindsey'),
   (0.023716485, 'tie'),
   (0.019657755, 'raise'),
   (0.013806809, 'this race'),
   (0.013500216, 'the poll'),
   (0.012239866, 'another amount'),
   (0.0112996055, 'tied'),
   (0.010689888, 'crush'),
   (0.009254926, 'beat'),
   (0.008727028, 'vulnerable'),
   (0.0075371834, 'flip'),
   (0.007237159, 'rush'),
   (0.0067715277, 'close'),
   (0.0059189056, 'midnight'),
   (0.005767407, 'the verge')],
  -1.7819888927662688),
 ([(0.07831294, 'our goal'),
   (0.07060714, 'hit'),
   (0.062087502, 'reach'),
   (0.051469963, 'short'),
   (0.048898775, 'raise'),
   (0.04422599, 'midnight'),
   (0.043026503, 'close'),
   (0.026112493, 'fall'),
   (0.022999536, 'tonight'),
   (0.020788576, 'count'),
   (0.018283159, 'meet'),
   (0.016847754, 'away'),
   (0.014894069, 'track'),
   (0.014722549, 'this goal'),
   (0.014516542, 'leave'),
   (0.013941537, 'step'),
   (0.013277835, 'set'),
   (0.0130728865, 'time'),
   (0.012332805, 'afford'),
   (0.01151592, 'get')],
  -1.808534388072376),
 ([(0.12071488, 'michigan'),
   (0.10094979, 'florida'),
   (0.024631081, 'protect'),
   (0.022655806, 'stand'),
   (0.021511937, 'our email'),
   (0.019416925, 'the senate'),
   (0.019103028, 'hard'),
   (0.016847746, 'the path'),
   (0.016714914, 'take'),
   (0.0165233, 'stay'),
   (0.015316969, 'our top supporter'),
   (0.014565049, 'touch'),
   (0.0143012, 'our value'),
   (0.013737246, 'a crucial way'),
   (0.013698523, 'turn'),
   (0.013005368, 'friend'),
   (0.012524912, 'increase'),
   (0.012097894, 'day'),
   (0.01201167, 'rush'),
   (0.011881985, 'america')],
  -1.8140039595319228),
 ([(0.0629603, 'train'),
   (0.042560596, 'a wave'),
   (0.037188455, 'nationwide'),
   (0.034083787, 'democratic candidate'),
   (0.031554, 'the country'),
   (0.031545356, 'depend'),
   (0.029577129, 'fund'),
   (0.028722635, 'our work'),
   (0.023826532, 'cost'),
   (0.018757164, 'republicans'),
   (0.0184755, 'staff'),
   (0.018344378, 'your part'),
   (0.017359808, 'money'),
   (0.016752724, 'end'),
   (0.01652513, 'donald trump'),
   (0.01599017, 'build'),
   (0.015512494, 'the democratic party'),
   (0.015501748, 'grassroots donation'),
   (0.015471757, 'flip'),
   (0.015463522, 'donation')],
  -1.8340058568769875),
 ([(0.21239175, 'sponsor'),
   (0.07829984, 'apply'),
   (0.07328643, 'the daily grind news'),
   (0.067546055, '120-137 tucson, az'),
   (0.06710596, 'dr. suite'),
   (0.06643734, '6890 e. sunrise'),
   (0.057243537, 'opt'),
   (0.033439178, 'fly'),
   (0.026329197, 'senate'),
   (0.024802463, 'provide'),
   (0.02403066, 'fellow conservative'),
   (0.018325647, 'text'),
   (0.017391318, 'call'),
   (0.014570065, 'consent'),
   (0.012039863, 'that number'),
   (0.011636708, 'autodiale and automate call'),
   (0.010589514, 'term'),
   (0.009000123, 'chuck schumer'),
   (0.007313915, 'the radical left'),
   (0.007071877, 'push')],
  -1.8674317901786344),
 ([(0.048861638, 'the majority'),
   (0.043484233, 'commit'),
   (0.04146729, 'montana'),
   (0.032148033, 'likely'),
   (0.026025936, 'track'),
   (0.025362654, 'outraise'),
   (0.02433915, 'target'),
   (0.02334525, 'the democrats'),
   (0.022812, 'protect'),
   (0.02212681, 'step'),
   (0.021518301, 'washington'),
   (0.019500783, 'our email'),
   (0.01945973, 'real change'),
   (0.019363953, 'our country'),
   (0.01864805, 'bring'),
   (0.017338494, 'serve'),
   (0.01728321, 'put'),
   (0.016236816, 'the senate'),
   (0.01594691, 'the senate majority'),
   (0.0158725, 'order')],
  -1.8788070908173264),
 ([(0.07435843, 'tax'),
   (0.07329205, 'gift'),
   (0.07321124, 'deductible'),
   (0.056353368, 'contribution'),
   (0.032986272, 'deck'),
   (0.03259137, "any candidate or candidate's committee"),
   (0.031649847, 'all hand'),
   (0.02542585, 'stay'),
   (0.02224447, 'our success'),
   (0.021336345, 'the country'),
   (0.021042101, 'touch'),
   (0.018546607, 'a crucial way'),
   (0.016569518, 'protect'),
   (0.01545217, 'sign'),
   (0.01464709, 'washington'),
   (0.014114219, 'supporter'),
   (0.0139226755, 'sure'),
   (0.013032272, 'expand'),
   (0.012536796, 'the state'),
   (0.012198114, 'triple')],
  -1.8788894769681406),
 ([(0.1057645, 'montana'),
   (0.06982217, 'governor'),
   (0.0508132, 'expand'),
   (0.035270825, 'thankful'),
   (0.034054913, 'affordable health care'),
   (0.029858476, 'access'),
   (0.02287769, 'value'),
   (0.021154758, 'ensure'),
   (0.019450923, 'continue'),
   (0.019241262, 'alongside'),
   (0.019212756, 'dark money'),
   (0.018335931, 'protect'),
   (0.018019225, 'hope'),
   (0.016482892, 'immediately'),
   (0.014531991, 'democrat'),
   (0.014461374, 'follow'),
   (0.0142868785, 'power'),
   (0.01402581, 'blue'),
   (0.013176315, 'grassroots supporter'),
   (0.013024685, 'defend')],
  -1.9114328764063262),
 ([(0.17514148, 'thing'),
   (0.094732516, 'get'),
   (0.060607404, 'california'),
   (0.042132173, 'senator'),
   (0.031752896, 'a leader'),
   (0.027971555, 'washington'),
   (0.027776217, 'sure'),
   (0.025255304, 'the united states senate'),
   (0.023207396, 'earn'),
   (0.021624668, 'a champion'),
   (0.019160671, 'control'),
   (0.017304216, 'serve'),
   (0.016705623, 'hate'),
   (0.016063929, 'put'),
   (0.015729269, 'count'),
   (0.015600579, 'bother'),
   (0.015229901, 'raise'),
   (0.014719152, 'cut'),
   (0.014075128, 'woman'),
   (0.013243357, 'our country')],
  -1.9131479939360705),
 ([(0.1410238, 'long'),
   (0.14081357, 'wish'),
   (0.096925005, 'error'),
   (0.025573412, 'united states'),
   (0.019119788, 'represent'),
   (0.01758698, 'contribute'),
   (0.013118528, 'people'),
   (0.011826819, 'learn'),
   (0.011311118, 'friend'),
   (0.010457784, 'bring'),
   (0.009960455, 'leave'),
   (0.009544009, 'able'),
   (0.009146, 'grateful'),
   (0.009098933, 'this campaign'),
   (0.008906535, 'stay'),
   (0.00876296, 'our community'),
   (0.008677809, 'stand'),
   (0.008519277, 'visit'),
   (0.008013845, 'strong'),
   (0.00794623, 'see')],
  -1.954050166959168),
 ([(0.08693229, 'colorado'),
   (0.08547513, 'visit'),
   (0.068251446, 'prefer'),
   (0.040389817, 'future email'),
   (0.037362486, 'donation'),
   (0.032587804, 'friend'),
   (0.03115617, 'this cycle'),
   (0.03037078, 'mail'),
   (0.029310077, 'issue'),
   (0.02843124, 'supporter'),
   (0.022255152, 'accept'),
   (0.021853238, 'the future'),
   (0.021544581, 'campaign'),
   (0.020171393, 'our republican senate majority'),
   (0.019408839, 'strengthen'),
   (0.019007437, 'our website'),
   (0.018564181, 'view'),
   (0.018109541, 'online'),
   (0.017614413, 'print'),
   (0.01718665, 'critical')],
  -1.9654331452083345),
 ([(0.30666775, 'texas'),
   (0.04257413, 'texans'),
   (0.024761284, 'turn'),
   (0.02457079, 'keep'),
   (0.023465827, 'ready'),
   (0.020505048, 'protect'),
   (0.018710725, 'proud'),
   (0.017847324, 'friend'),
   (0.01767679, 'oppose'),
   (0.017023098, 'head'),
   (0.016544549, 'stand'),
   (0.0149025405, 'sure'),
   (0.014518784, 'fighting'),
   (0.013972387, 'suggest'),
   (0.013532978, 'close'),
   (0.012935454, 'join'),
   (0.012369831, 'step'),
   (0.011870429, 'way'),
   (0.011720396, 'stick'),
   (0.011488631, 'important')],
  -1.97252328191957),
 ([(0.10728148, 'fire'),
   (0.08711846, 'wisconsin'),
   (0.06714485, 'u.s. senate'),
   (0.06419416, 'ready'),
   (0.053775813, 'follow'),
   (0.038570188, 'the people'),
   (0.030576356, 'bring'),
   (0.028377287, 'this movement'),
   (0.02791063, 'leave'),
   (0.027867986, 'grateful'),
   (0.024502736, 'a part'),
   (0.020294338, 'november'),
   (0.01635354, 'immediately'),
   (0.01611616, 'show'),
   (0.0145525215, 'beat'),
   (0.014292443, 'your information'),
   (0.013989863, 'touch'),
   (0.013907349, 'hope'),
   (0.013764186, 'prove'),
   (0.013097477, 'visit')],
  -1.9749365065894602),
 ([(0.17037056, 'immediately'),
   (0.12785569, 'your donation'),
   (0.10829352, 'actblue express'),
   (0.09909876, 'your payment information'),
   (0.057248957, 'now\nchip'),
   (0.036272526, 'another amount'),
   (0.012228349, 'a donation'),
   (0.009984697, 'pitch'),
   (0.008041131, 'count'),
   (0.007992032, 'a contribution'),
   (0.007887639, 'this election'),
   (0.0070351604, 'ensure'),
   (0.0068623465, 'take'),
   (0.00685492, 'election day'),
   (0.0065876236, 'any amount'),
   (0.0063476586, 'away'),
   (0.006127563, 'the resource'),
   (0.006039848, 'show'),
   (0.0058466755, 'folk'),
   (0.0057903505, 'team')],
  -1.9795499999311017),
 ([(0.09948412, 'endorsement'),
   (0.06789968, 'use'),
   (0.06758217, 'imply'),
   (0.06470601, 'uniform'),
   (0.061605413, 'photograph'),
   (0.058542423, 'job title'),
   (0.0539268, 'the department of defense'),
   (0.04920816, 'anymore'),
   (0.04419852, 'these email'),
   (0.019038748, 'her military rank'),
   (0.018900964, 'serve'),
   (0.012674049, 'a member'),
   (0.007841275, 'learn'),
   (0.007689375, 'service'),
   (0.0074046147, 'defend'),
   (0.0073339627, 'this race'),
   (0.006760086, 'our country'),
   (0.0064318613, 'ask'),
   (0.006395172, 'your contribution'),
   (0.0063814344, 'allow')],
  -1.998983804166434),
 ([(0.995602, 'tuesday'),
   (0.0029392305, 'succeed'),
   (0.00013487297, 'head'),
   (0.00012233849, 'meet'),
   (1.1013592e-05, 'happen'),
   (1.3845578e-06, 'close'),
   (1.2806498e-06, 'beat'),
   (9.241052e-07, 'prove'),
   (8.9567226e-07, 'team'),
   (8.9133624e-07, 'count'),
   (8.849301e-07, 'hold'),
   (8.797472e-07, 'bring'),
   (8.79151e-07, 'no one'),
   (8.60749e-07, 'spend'),
   (8.5508503e-07, 'see'),
   (8.5447545e-07, 'sure'),
   (8.496521e-07, 'lot'),
   (8.3660154e-07, 'step'),
   (8.359493e-07, 'matter'),
   (8.3554534e-07, 'ask')],
  -2.048816035532553),
 ([(0.07505671, 'respond'),
   (0.07191535, 'yes'),
   (0.0634202, 'begin'),
   (0.056423597, 'your response'),
   (0.04853339, 'select'),
   (0.038325083, 'think'),
   (0.032222483, 'complete'),
   (0.031925775, 'your input'),
   (0.027811322, 'represent'),
   (0.02189225, 'this poll'),
   (0.020486135, 'poll'),
   (0.017620306, 'survey'),
   (0.017282428, 'no >>\nunsure'),
   (0.017179996, 'open'),
   (0.016520407, 'submit'),
   (0.016337778, 'florida'),
   (0.01630242, 'answer'),
   (0.015748084, 'conduct'),
   (0.014763642, 'participate'),
   (0.01432278, 'immediately')],
  -2.0544384481830154),
 ([(0.1432762, 'north carolina'),
   (0.06628866, 'file'),
   (0.050276715, 'base'),
   (0.04979163, 'truly'),
   (0.047865376, 'the team'),
   (0.04773774, 'reflect'),
   (0.041559473, 'fundraise'),
   (0.039120875, 'the campaign trail'),
   (0.03637205, 'a check'),
   (0.028136699, 'the rest'),
   (0.027348438, 'our state'),
   (0.026929565, 'take'),
   (0.021728875, 'a contribution'),
   (0.019436218, 'america'),
   (0.017010482, 'appreciate'),
   (0.016624382, 'make'),
   (0.01640557, 'the time'),
   (0.015073218, 'supporter'),
   (0.014848467, 'this campaign'),
   (0.013732676, 'critical')],
  -2.0848420148959397),
 ([(0.08743672, 'voter'),
   (0.057724282, 'reach'),
   (0.036817376, 'volunteer'),
   (0.025086196, 'election day'),
   (0.023878884, 'sign'),
   (0.022597738, 'call'),
   (0.018212255, 'make'),
   (0.017857796, 'sure'),
   (0.016671613, 'the district'),
   (0.015360313, 'start'),
   (0.014033575, 'talk'),
   (0.01189656, 'leave'),
   (0.011724433, 'the campaign'),
   (0.011649358, 'possible'),
   (0.011385064, 'our message'),
   (0.010892897, 'get'),
   (0.010870997, 'people'),
   (0.010773805, 'the election'),
   (0.010125281, 'this week'),
   (0.009344363, 'hard')],
  -2.0896453813885465),
 ([(0.13620806, 'vote'),
   (0.068402715, 'pledge'),
   (0.05276629, 'record'),
   (0.039887175, 'your response'),
   (0.038624395, 'recently'),
   (0.037942447, 'joe biden'),
   (0.037631154, 'worry'),
   (0.036553554, 'plan'),
   (0.032648448, 'november'),
   (0.028672397, 'date'),
   (0.022292582, 'yes'),
   (0.01898369, 'confirm'),
   (0.018162092, 'a different email address'),
   (0.017592056, 'commit'),
   (0.01732676, 'online record'),
   (0.017148204, '11:59 p.m.'),
   (0.016148902, 'respond'),
   (0.014522575, 'donald trump'),
   (0.012157638, 'joe'),
   (0.012044135, 'tell')],
  -2.0907870041681162),
 ([(0.17549647, 'your name'),
   (0.15554436, 'add'),
   (0.058313992, 'stand'),
   (0.05554725, 'action'),
   (0.054954864, 'address'),
   (0.04580852, 'your email address'),
   (0.026619181, 'join'),
   (0.02390391, 'call'),
   (0.02239989, 'take'),
   (0.02209841, 'americans'),
   (0.020535914, 'demand'),
   (0.014523612, 'protect'),
   (0.010798052, 'speak'),
   (0.010568726, 'the country'),
   (0.010188087, 'time'),
   (0.01018501, 'million'),
   (0.010155592, 'agree'),
   (0.008419921, 'the trump administration'),
   (0.008237156, 'thousand'),
   (0.007476247, 'clear')],
  -2.1001845341196126),
 ([(0.13171157, 'hold'),
   (0.04954154, 'accountable'),
   (0.047336582, 'the people'),
   (0.04131655, 'represent'),
   (0.03513787, 'washington'),
   (0.025828583, 'deserve'),
   (0.020162763, 'deliver'),
   (0.01796502, 'serve'),
   (0.017545022, 'stand'),
   (0.015006087, 'take'),
   (0.013436109, 'make'),
   (0.012676814, 'hard'),
   (0.012500001, 'count'),
   (0.01192729, 'refuse'),
   (0.011489956, 'a contribution'),
   (0.010096853, 'november'),
   (0.010040858, 'continue'),
   (0.009922511, 'politic'),
   (0.009708651, 'special interest'),
   (0.009623318, 'ensure')],
  -2.1020437129441447),
 ([(0.17834142, 'contact'),
   (0.100597344, 'concern'),
   (0.08978966, 'question'),
   (0.06998256, 'pennsylvania'),
   (0.060991295, 'supporter'),
   (0.05241803, 'any question'),
   (0.0508673, 'an important way'),
   (0.04748932, 'the campaign'),
   (0.04434998, 'stay'),
   (0.03400677, 'appreciate'),
   (0.029227536, 'your information'),
   (0.02186171, 'simply'),
   (0.020832192, 'facebook'),
   (0.018582154, 'hate'),
   (0.016621089, 'tax'),
   (0.015112513, 'deductible'),
   (0.015048529, 'gift'),
   (0.011295488, 'u.s. senate'),
   (0.010400472, 'social medium'),
   (0.008921429, 'build')],
  -2.1089485428447734),
 ([(0.018964427, 'serve'),
   (0.018850937, 'continue'),
   (0.016762974, 'join'),
   (0.01579402, 'bring'),
   (0.015564434, 'people'),
   (0.015328863, 'our community'),
   (0.0143881515, 'protect'),
   (0.0124623915, 'build'),
   (0.012204384, 'face'),
   (0.012063157, 'ensure'),
   (0.011447314, 'our country'),
   (0.0114136385, 'stand'),
   (0.011384858, 'our state'),
   (0.010335975, 'create'),
   (0.010001208, 'justice'),
   (0.009843485, 'proud'),
   (0.009821313, 'lead'),
   (0.00929623, 'well'),
   (0.008729996, 'represent'),
   (0.00868252, 'the people')],
  -2.1094589521054963),
 ([(0.05985032, 'say'),
   (0.019557506, 'people'),
   (0.017450929, 'tell'),
   (0.016389258, 'think'),
   (0.012753382, 'wear'),
   (0.012671647, 'call'),
   (0.010819416, 'time'),
   (0.0107749, 'read'),
   (0.010387371, 'take'),
   (0.009471975, 'get'),
   (0.009312023, 'see'),
   (0.009138262, 'happen'),
   (0.0083887465, 'instead'),
   (0.008192008, 'die'),
   (0.0075675407, 'ask'),
   (0.007438499, 'try'),
   (0.0072870287, 'give'),
   (0.0070732944, 'claim'),
   (0.0069938847, 'find'),
   (0.006993484, 'pandemic')],
  -2.124125889221327),
 ([(0.26527128, 'express'),
   (0.106286734, 'express donate'),
   (0.05612695, 'actblue express'),
   (0.052337635, 'your donation'),
   (0.049192134, 'immediately'),
   (0.04657478, 'your payment information'),
   (0.030640168, 'our help'),
   (0.017014956, 'long'),
   (0.013268299, 'other amount'),
   (0.011446972, 'hear'),
   (0.010553507, 'november'),
   (0.010025569, 'sure'),
   (0.00930478, 'this race'),
   (0.0091088815, 'our health care'),
   (0.008819005, 'question'),
   (0.008713188, 'our right'),
   (0.008046887, 'leave'),
   (0.007833808, 'concern'),
   (0.0075631808, 'flip'),
   (0.00751037, 'team')],
  -2.1357287935523686),
 ([(0.15169387, 'facebook'),
   (0.149586, 'twitter'),
   (0.08289831, 'follow'),
   (0.048750434, 'start'),
   (0.04453758, 'join'),
   (0.042590454, 'new york'),
   (0.03678829, 'sign'),
   (0.03150537, 'instagram'),
   (0.025130253, 'directly'),
   (0.021056382, 'united states'),
   (0.017508462, 'leader'),
   (0.016001591, 'the fight'),
   (0.015429594, 'intend'),
   (0.015306586, 'date'),
   (0.015203428, 'volunteer'),
   (0.014803207, 'order'),
   (0.014574288, 'sure'),
   (0.014437395, 'able'),
   (0.014273931, 'provide'),
   (0.014238116, 'member')],
  -2.1492490204086216),
 ([(0.13240148, 'cut'),
   (0.10585278, 'ahead'),
   (0.07912446, 'pull'),
   (0.04457391, 'extend'),
   (0.044542655, 'our candidate'),
   (0.03958217, 'threaten'),
   (0.033707783, 'raise'),
   (0.033577293, 'danger'),
   (0.03321477, 'sure'),
   (0.030032514, 'republicans'),
   (0.023873357, 'the impact'),
   (0.020667782, 'see'),
   (0.018958108, 'million'),
   (0.018296808, 'secure'),
   (0.017464558, 'our chance'),
   (0.014570865, 'a $5 donation'),
   (0.013087918, 'take'),
   (0.0118511, 'track'),
   (0.0118136285, 'stay'),
   (0.011623418, 'hit')],
  -2.1522283060600427),
 ([(0.21979636, 'arizona'),
   (0.12008822, 'mark kelly'),
   (0.102556184, 'mark'),
   (0.036369514, 'the senate'),
   (0.026709069, 'flip'),
   (0.015891585, 'this race'),
   (0.014310022, 'pitch'),
   (0.013298046, 'suite'),
   (0.011976535, 'service'),
   (0.010400491, 'million'),
   (0.010181096, 'rush'),
   (0.010139255, 'senate'),
   (0.00941456, 'step'),
   (0.009116363, 'turn'),
   (0.008320337, 'say'),
   (0.0075589283, 'control'),
   (0.00705501, 'the country'),
   (0.0070289583, 'hold'),
   (0.0068156114, 'the white house'),
   (0.006643835, 'any amount')],
  -2.1573968166894133),
 ([(0.30636832, '500%-match'),
   (0.11104456, 'elizabeth warren'),
   (0.03204714, 'fund'),
   (0.027787715, 'raise'),
   (0.022809647, 'crush'),
   (0.020003008, 'another amount'),
   (0.018075382, 'active'),
   (0.014460861, 'our ad'),
   (0.012350565, 'joe biden'),
   (0.011778923, 'barack obama'),
   (0.011304698, 'victory'),
   (0.010290861, 'launch'),
   (0.009689698, 'all donation'),
   (0.0093451375, 'redacted'),
   (0.009250735, 'url'),
   (0.00858506, 'care'),
   (0.0085423915, 'all gift'),
   (0.008162956, 'activate'),
   (0.007963816, 'biden'),
   (0.007733826, 'rush')],
  -2.1605516272494736),
 ([(0.14925304, 'read'),
   (0.08328467, 'view'),
   (0.046812285, 'these email'),
   (0.045493282, 'this list'),
   (0.045148186, 'your preference'),
   (0.041233025, 'usa'),
   (0.03806317, 'your browser'),
   (0.029779395, 'post'),
   (0.029728852, 'reserve'),
   (0.019885758, 'our mailing address'),
   (0.018074142, 'all right'),
   (0.01607772, 'sign'),
   (0.012179775, 'ste'),
   (0.011203629, 'share'),
   (0.011081626, 'include'),
   (0.009477368, 'release'),
   (0.009464087, '[url redacted'),
   (0.009361959, 'represent'),
   (0.008447026, 'url redacted'),
   (0.00815957, 'copyright')],
  -2.1677373496270316),
 ([(0.096057676, '600%-match'),
   (0.059195288, 'tell'),
   (0.052517124, 'boost'),
   (0.041044198, 'lose'),
   (0.03894333, 'think'),
   (0.036844425, 'wrong'),
   (0.032936722, 'no one'),
   (0.026889361, 'worth'),
   (0.026622985, 'rush'),
   (0.025765957, 'another amount'),
   (0.024036957, 'destroy'),
   (0.021998907, 'donation'),
   (0.021300958, 'care'),
   (0.019998407, 'time'),
   (0.019762523, 'republicans'),
   (0.018360429, 'all gift'),
   (0.017521495, 'progressives'),
   (0.014054151, 'late'),
   (0.01371535, 'beg'),
   (0.013078021, 'hit')],
  -2.1791802827629105),
 ([(0.08882884, 'safe'),
   (0.08469017, 'stay'),
   (0.048752025, 'covid-19'),
   (0.036998425, 'pandemic'),
   (0.031405907, 'hope'),
   (0.0274335, 'our community'),
   (0.026874475, 'continue'),
   (0.02666041, 'healthy'),
   (0.024287585, 'home'),
   (0.01839211, 'cancel'),
   (0.017188812, 'the coronavirus'),
   (0.01567026, 'protect'),
   (0.014776215, 'person'),
   (0.0147114005, 'your family'),
   (0.0135170445, 'able'),
   (0.012862472, 'sure'),
   (0.011803486, 'social distancing'),
   (0.011361225, 'visit'),
   (0.011190766, 'this crisis'),
   (0.011070109, 'the covid-19')],
  -2.2072724090306863),
 ([(0.35328162, 'sign'),
   (0.0819906, 'demand'),
   (0.03950581, 'your name'),
   (0.037360247, 'the petition'),
   (0.034123648, 'our petition'),
   (0.03317379, 'my name'),
   (0.026722204, 'stand'),
   (0.026433352, 'add'),
   (0.016559325, 'your signature'),
   (0.013734536, 'force'),
   (0.013323603, 'collect'),
   (0.011616526, 'signature'),
   (0.010299543, 'allow'),
   (0.009843433, 'immediately'),
   (0.009159504, 'the american people'),
   (0.008790819, 'call'),
   (0.008289083, 'refuse'),
   (0.008276927, 'deserve'),
   (0.008172424, 'tell'),
   (0.0077272765, 'love')],
  -2.214857898475458),
 ([(0.26638407, 'end'),
   (0.16882911, 'month'),
   (0.12072271, 'deadline'),
   (0.0925831, 'goal'),
   (0.06517905, 'quarter'),
   (0.05554913, 'fundraising'),
   (0.029876567, 'final'),
   (0.022024099, 'hit'),
   (0.015118331, 'critical'),
   (0.012075759, 'reach'),
   (0.008469295, 'meet'),
   (0.007745739, 'raise'),
   (0.007388142, 'august'),
   (0.005554573, 'wednesday'),
   (0.004799916, 'year'),
   (0.0037478, 'away'),
   (0.0036072715, 'close'),
   (0.003398008, 'approach'),
   (0.0033897078, 'count'),
   (0.0032212362, 'the election')],
  -2.216563181328223),
 ([(0.11463008, 'the usps'),
   (0.08708442, 'the post office'),
   (0.075539045, 'the postal service'),
   (0.05388409, 'mail'),
   (0.04446798, 'vote'),
   (0.024411019, 'our election'),
   (0.022453275, 'destroy'),
   (0.020741692, 'fund'),
   (0.019688178, 'delay'),
   (0.019043306, 'donald trump'),
   (0.014627703, 'the election'),
   (0.014563896, 'shut'),
   (0.014516248, 'protect'),
   (0.013820435, 'try'),
   (0.011471079, 'impossible'),
   (0.010709964, 'close'),
   (0.0106811365, 'warn'),
   (0.010425869, 'deliver'),
   (0.010258125, 'americans'),
   (0.009968753, 'refuse')],
  -2.222272545957466),
 ([(0.05428124, 'completely'),
   (0.052945632, 'protect'),
   (0.03283943, 'health care'),
   (0.026952187, 'ask'),
   (0.026881171, 'lower'),
   (0.023117768, 'politic'),
   (0.023008045, 'people'),
   (0.022904167, 'the cost'),
   (0.020295657, 'a lot'),
   (0.018569216, 'count'),
   (0.017688366, 'all americans'),
   (0.017593637, 'expand'),
   (0.016912926, 'his career'),
   (0.016556546, 'understand'),
   (0.016324123, 'midnight'),
   (0.015081502, 'dedicate'),
   (0.014680074, 'prevent'),
   (0.013984513, 'improve'),
   (0.013941457, 'bear'),
   (0.013793664, 'fund')],
  -2.2231984954242177),
 ([(0.29819596, 'contribute'),
   (0.034221895, 'focus'),
   (0.025333429, 'the state'),
   (0.021979403, 'remove'),
   (0.02135807, 'critical'),
   (0.018872367, '[url redacted'),
   (0.01817828, 'invest'),
   (0.018129345, 'our email list'),
   (0.017444063, 'happen'),
   (0.015384432, 'behalf'),
   (0.014830757, 'make'),
   (0.014712945, 'maintain'),
   (0.014440684, 'visit'),
   (0.0133245075, 'funding'),
   (0.012917826, 'resource'),
   (0.012668401, 'check'),
   (0.012053457, 'connect'),
   (0.011964539, 'republicans'),
   (0.011707809, 'url redacted'),
   (0.011630925, 'learn')],
  -2.232031168860523),
 ([(0.3538575, 'joe biden'),
   (0.17885183, 'kamala harris'),
   (0.08086852, 'joe'),
   (0.042130925, 'kamala'),
   (0.035668474, 'mike pence'),
   (0.032162998, 'the debate'),
   (0.02949892, 'biden'),
   (0.025517084, 'vice president'),
   (0.016496811, 'debate'),
   (0.013283345, 'stand'),
   (0.010668001, 'head'),
   (0.0100268135, 'announce'),
   (0.0088245515, 'pick'),
   (0.007990052, 'the white house'),
   (0.007968716, 'president'),
   (0.0070597082, 'tonight'),
   (0.0069861957, 'take'),
   (0.0063288794, 'officially'),
   (0.0062742983, 'choose'),
   (0.005385979, 'sure')],
  -2.2445594017802306),
 ([(0.33343923, 'the senate'),
   (0.17790674, 'flip'),
   (0.042250745, 'mitch mcconnell'),
   (0.034138467, 'maine'),
   (0.03339561, 'susan collins'),
   (0.03194826, 'control'),
   (0.01453292, 'take'),
   (0.012472493, 'the senate blue'),
   (0.011724321, 'the senate majority'),
   (0.010128189, 'the future'),
   (0.007883833, 'november'),
   (0.00785996, 'million'),
   (0.0072959387, 'finally'),
   (0.0070495643, 'a donation'),
   (0.00575495, 'count'),
   (0.0056360625, 'year'),
   (0.0055723777, 'lose'),
   (0.005419195, 'senate republicans'),
   (0.0053653084, 'our chance'),
   (0.0049488884, 'afford')],
  -2.2490041349121013),
 ([(0.02838001, 'provide'),
   (0.02429016, 'include'),
   (0.017198283, 'covid-19'),
   (0.014585994, 'continue'),
   (0.013914347, 'school'),
   (0.01212341, 'allow'),
   (0.011999058, 'pandemic'),
   (0.011789634, 'the state'),
   (0.010871044, 'business'),
   (0.010552605, 'available'),
   (0.0104744565, 'require'),
   (0.009942242, 'open'),
   (0.00944067, 'student'),
   (0.009013792, 'learn'),
   (0.008351692, 'announce'),
   (0.0083221765, 'find'),
   (0.007990465, 'pass'),
   (0.007676641, 'access'),
   (0.0075394106, 'small business'),
   (0.0072135488, 'offer')],
  -2.2850034021204024),
 ([(0.062401224, 'share'),
   (0.023842499, 'forward'),
   (0.023407564, 'love'),
   (0.022399604, 'celebrate'),
   (0.022146644, 'check'),
   (0.019571373, 'join'),
   (0.019566325, 'look'),
   (0.01884194, 'sign'),
   (0.016361026, 'your friend'),
   (0.015244237, 'friend'),
   (0.015154518, 'the word'),
   (0.014916117, 'hope'),
   (0.014863728, 'write'),
   (0.012954364, 'meet'),
   (0.011905019, 'volunteer'),
   (0.011416924, 'spread'),
   (0.011314192, 'feel'),
   (0.010983056, 'family'),
   (0.010104516, 'talk'),
   (0.010056025, 'the campaign')],
  -2.3012301875386787),
 ([(0.30699262, 'approve'),
   (0.08237378, 'bryceville'),
   (0.07027641, 'cnn'),
   (0.045488045, 'her campaign'),
   (0.0305999, 'respond'),
   (0.03025802, 'yes'),
   (0.028042983, 'the democratic party'),
   (0.026872614, 'billionaire'),
   (0.018229622, 'confirm'),
   (0.017205209, 'americans'),
   (0.017091714, 'poll'),
   (0.016295033, 'quickly'),
   (0.013209062, 'report'),
   (0.012464103, 'care'),
   (0.011141348, 'represent'),
   (0.011137685, 'lie'),
   (0.01089481, 'florida'),
   (0.010291409, 'possible'),
   (0.009783858, 'take'),
   (0.009667118, 'voter')],
  -2.312752435753571),
 ([(0.16759403, 'flip'),
   (0.07175117, 'this seat'),
   (0.059711877, 'blue'),
   (0.036596626, 'red'),
   (0.022236003, 'this race'),
   (0.01839613, 'this district'),
   (0.017949892, 'november'),
   (0.017820874, 'our race'),
   (0.017128306, 'take'),
   (0.012817251, 'pitch'),
   (0.012679227, 'the country'),
   (0.011245021, 'corporate pac money'),
   (0.010621593, 'turn'),
   (0.010430246, 'make'),
   (0.010276687, 'hate'),
   (0.00989918, 'seat'),
   (0.0091057075, 'our district'),
   (0.009028715, 'spend'),
   (0.008849052, 'raise'),
   (0.008686652, 'a dime')],
  -2.3141111465995072),
 ([(0.12966068, 'vote'),
   (0.048376888, 'person'),
   (0.0463833, 'mail'),
   (0.04573318, 'cast'),
   (0.038332134, 'early'),
   (0.037950464, 'your ballot'),
   (0.03434258, 'request'),
   (0.030046184, 'voting'),
   (0.027671255, 'sure'),
   (0.027234137, 'election day'),
   (0.025065785, 'ballot'),
   (0.022879193, 'count'),
   (0.022162946, 'return'),
   (0.02205466, 'your vote'),
   (0.020449992, 'early voting'),
   (0.020377174, 'their ballot'),
   (0.019055838, 'find'),
   (0.015457851, 'drop'),
   (0.013924511, 'a plan'),
   (0.009538564, 'plan')],
  -2.3243356796356354),
 ([(0.07790996, 'president trump'),
   (0.060543545, 'stand'),
   (0.04294006, 'america'),
   (0.022760939, 'defend'),
   (0.022264518, 'the president'),
   (0.017136756, 'our country'),
   (0.01677062, 'the left'),
   (0.01633299, 'the radical left'),
   (0.014678871, 'take'),
   (0.014484306, 'try'),
   (0.014307101, 'the democrats'),
   (0.012893373, 'destroy'),
   (0.011957657, 'continue'),
   (0.011578248, 'time'),
   (0.010856772, 'attack'),
   (0.009665963, 'call'),
   (0.009470896, 'tear'),
   (0.009068625, 'join'),
   (0.008923156, 'conservative'),
   (0.008527016, 'freedom')],
  -2.327958431648519),
 ([(0.18138784, 'join'),
   (0.067939915, 'watch'),
   (0.041497372, 'rsvp'),
   (0.03626467, 'host'),
   (0.03379734, 'hope'),
   (0.027800346, 'invite'),
   (0.02436732, 'tonight'),
   (0.023977766, 'attend'),
   (0.022533996, 'discuss'),
   (0.020749649, 'the event'),
   (0.016277771, 'register'),
   (0.015313223, 'live'),
   (0.014965762, 'look'),
   (0.01448972, 'thursday'),
   (0.014416169, 'tune'),
   (0.013971552, 'forward'),
   (0.013805134, '[url redacted'),
   (0.012653736, 'excited'),
   (0.012195937, 'talk'),
   (0.0119842375, 'miss')],
  -2.356647678895878),
 ([(0.05597444, 'spend'),
   (0.046561155, 'raise'),
   (0.041620113, 'attack'),
   (0.036115207, 'the air'),
   (0.035560414, 'our ad'),
   (0.032431237, 'lie'),
   (0.031217061, 'launch'),
   (0.028793111, 'buy'),
   (0.026474873, 'the truth'),
   (0.025174132, 'ad'),
   (0.023387851, 'our opponent'),
   (0.022702325, 'try'),
   (0.022026397, 'voter'),
   (0.02183302, 'this race'),
   (0.020744773, 'money'),
   (0.018709492, 'spread'),
   (0.01870262, 'get'),
   (0.016143454, 'the airwave'),
   (0.0138462465, 'counter'),
   (0.012759519, 'sure')],
  -2.3728611246672866),
 ([(0.26052934, 'donald trump'),
   (0.08004206, 'biden'),
   (0.07628575, 'the white house'),
   (0.05085859, 'joe biden'),
   (0.034815792, 'last night'),
   (0.033922277, 'president'),
   (0.025995564, 'november'),
   (0.02432557, 'think'),
   (0.021959048, 'beat'),
   (0.016869485, 'lie'),
   (0.016820606, 'deserve'),
   (0.014993384, 'the american people'),
   (0.014045882, 'clear'),
   (0.011807347, 'lead'),
   (0.011801536, 'our country'),
   (0.011555905, 'nominate'),
   (0.011043531, 'tonight'),
   (0.010597968, 'say'),
   (0.009962331, 'show'),
   (0.009867984, 'office')],
  -2.37832637383064),
 ([(0.17440991, 'progress'),
   (0.17125739, 'crucial'),
   (0.09693142, 'build'),
   (0.083591744, 'any time'),
   (0.042884663, 'communicate'),
   (0.042505182, 'course'),
   (0.031185798, 'our work'),
   (0.029883739, 'fund'),
   (0.02629286, 'rely'),
   (0.02352, 'our fight'),
   (0.018496217, 'grassroots donor'),
   (0.0176573, 'po box'),
   (0.0148675, 'our email'),
   (0.014810143, '15320\nwashington'),
   (0.014776638, 'money'),
   (0.0136837335, 'any candidate'),
   (0.013652118, 'prefer'),
   (0.01316597, 'solidarity'),
   (0.012388734, 'ask'),
   (0.011418993, 'dedicate')],
  -2.384918521910039),
 ([(0.46260428, 'match'),
   (0.05867546, '4x-match'),
   (0.031876042, 'rush'),
   (0.028205933, 'matched'),
   (0.022253878, 'raise'),
   (0.015663015, 'end'),
   (0.01506596, 'all contribution'),
   (0.012833554, 'donation'),
   (0.012577551, 'midnight'),
   (0.011498685, 'personally'),
   (0.010701665, 'stand'),
   (0.009695518, 'understand'),
   (0.008859162, 'another amount'),
   (0.008688691, 'instead'),
   (0.00867274, 'fundraise'),
   (0.008605274, 'the next 24 hour'),
   (0.008300746, 'step'),
   (0.007834986, 'our country'),
   (0.007831684, 'all donation'),
   (0.0076881503, 'nationwide')],
  -2.3866841495064284),
 ([(0.05804643, 'turn'),
   (0.055132546, 'this election'),
   (0.038864367, 'our democracy'),
   (0.035931423, 'high'),
   (0.031205138, 'november'),
   (0.030990832, 'stake'),
   (0.03024798, 'the stake'),
   (0.029975664, 'our lifetime'),
   (0.026523752, 'the election'),
   (0.024886047, 'the vote'),
   (0.022922687, 'ensure'),
   (0.02173835, 'the most important election'),
   (0.017161576, 'the country'),
   (0.016779702, 'count'),
   (0.014001764, 'vote'),
   (0.013026355, 'election day'),
   (0.012975966, 'mobilize'),
   (0.012704554, 'the line'),
   (0.012608023, 'protect'),
   (0.012553996, 'steal')],
  -2.401439890626405),
 ([(0.11661948, 'double'),
   (0.09041608, 'iowa'),
   (0.05376733, 'dollar'),
   (0.043896943, 'donor'),
   (0.036517043, 'match'),
   (0.03185062, 'a group'),
   (0.031679887, 'triple'),
   (0.03124948, 'every dollar'),
   (0.029968977, 'advantage'),
   (0.018640874, 'cash'),
   (0.017644603, 'expire'),
   (0.016605081, 'far'),
   (0.015910532, 'your gift'),
   (0.015155892, 'offer'),
   (0.01341909, 'your contribution'),
   (0.012678954, 'count'),
   (0.012348647, 'time'),
   (0.012318137, 'every donation'),
   (0.011407843, 'midnight'),
   (0.011288285, 'your donation')],
  -2.4180605692784853),
 ([(0.16682418, 'ohio'),
   (0.11564429, 'directly'),
   (0.08102586, 'message'),
   (0.05089926, 'your inbox'),
   (0.05000097, 'a friend'),
   (0.030037379, 'corruption'),
   (0.021604441, 'community'),
   (0.020754991, 'special'),
   (0.019458514, 'our family'),
   (0.01768278, 'bring'),
   (0.016646113, 'time'),
   (0.013568437, 'ready'),
   (0.013154072, 'break'),
   (0.011869563, 'look'),
   (0.011822138, 'the people'),
   (0.010853976, 'experience'),
   (0.010468928, 'unseat'),
   (0.010253298, 'flood'),
   (0.0100077, 'a contribution'),
   (0.00993252, 'face')],
  -2.427961604213141),
 ([(0.20128545, 'endorse'),
   (0.19050209, 'my campaign'),
   (0.08481203, 'proud'),
   (0.07328326, 'my opponent'),
   (0.043151077, 'announce'),
   (0.02993077, 'honor'),
   (0.02522097, 'stand'),
   (0.021642692, 'serve'),
   (0.01998741, 'ask'),
   (0.019603206, 'my team'),
   (0.018096635, 'this race'),
   (0.015047972, 'the support'),
   (0.014749225, 'election'),
   (0.014032656, 'say'),
   (0.010789616, 'continue'),
   (0.010547276, 'include'),
   (0.009947098, 'consider'),
   (0.008650552, 'excited'),
   (0.008434415, 'officially'),
   (0.008035154, 'have')],
  -2.475051854234239),
 ([(0.22529763, 'vote'),
   (0.13883118, 'mail'),
   (0.1190228, 'pass'),
   (0.025535505, 'voting'),
   (0.019592138, 'voter'),
   (0.017771266, 'expand'),
   (0.017328318, 'option'),
   (0.014435806, 'safely'),
   (0.013135325, 'republicans'),
   (0.009968729, 'the right'),
   (0.0099092, 'force'),
   (0.009396283, 'block'),
   (0.0092713805, 'november'),
   (0.008856379, 'suppress'),
   (0.008854304, 'ensure'),
   (0.008789909, 'cast'),
   (0.008705281, 'the bill'),
   (0.008680866, 'every american'),
   (0.007910613, 'nationwide'),
   (0.00752294, 'guarantee')],
  -2.482766674442073),
 ([(0.13481642, 'enter'),
   (0.12829371, 'the general election'),
   (0.09865457, 'meet'),
   (0.09067122, 'the primary'),
   (0.07677374, 'split'),
   (0.030592276, 'automatically'),
   (0.024733126, 'list'),
   (0.021703636, 'a chance'),
   (0.019419545, 'majority'),
   (0.0187172, 'your chance'),
   (0.017873382, 'open'),
   (0.017700108, 'cover'),
   (0.016744724, 'improve'),
   (0.016279822, 'require'),
   (0.01571765, 'depend'),
   (0.013371781, 'result'),
   (0.012931386, 'any amount'),
   (0.010801281, 'necessary'),
   (0.009897083, 'prohibit'),
   (0.008714236, 'bring')],
  -2.4946292064026045),
 ([(0.07863889, 'process'),
   (0.06383588, 'social security'),
   (0.053145833, 'instantly'),
   (0.05015276, 'climate change'),
   (0.04910353, 'protect'),
   (0.041671954, 'store'),
   (0.029767675, 'your contribution'),
   (0.02704613, 'long'),
   (0.023584353, 'build'),
   (0.022714376, 'leader'),
   (0.02059908, 'washington'),
   (0.020208774, 'actblue express'),
   (0.019145364, 'supporter'),
   (0.016245656, 'hear'),
   (0.015045904, 'pitch'),
   (0.015019083, 'all our list'),
   (0.014459228, 'inform'),
   (0.013789999, 'medicare'),
   (0.012838544, 'tackle'),
   (0.011639983, 'payment info')],
  -2.515182586991288),
 ([(0.16577008, 'senate'),
   (0.13747877, 'georgia'),
   (0.11568895, 'history'),
   (0.0805283, 'trust'),
   (0.030072656, 'ready'),
   (0.023400707, 'expand'),
   (0.018399624, 'immediately'),
   (0.017990926, 'start'),
   (0.017494265, 'the u.s. senate'),
   (0.015985696, 'getting'),
   (0.01592741, 'the senate'),
   (0.0144035835, 'education'),
   (0.014159095, 'the congressional black caucus pac'),
   (0.013669543, 'involve'),
   (0.01327784, 'have'),
   (0.013277539, 'stand'),
   (0.012875778, 'push'),
   (0.0127753895, 'end'),
   (0.011876635, 'forward'),
   (0.011827866, 'healthcare')],
  -2.5267610334592314),
 ([(0.46990305, 'rush'),
   (0.03693927, 'a donation'),
   (0.03346559, 'every year'),
   (0.03309145, 'protect'),
   (0.027056815, 'the affordable care act'),
   (0.019848417, 'her campaign'),
   (0.017188331, 'expand'),
   (0.0142787695, 'million'),
   (0.0139491055, 'away'),
   (0.011614853, 'stand'),
   (0.010926692, 'every dollar'),
   (0.009375817, 'rely'),
   (0.0093219355, 'fear'),
   (0.0092028035, 'a huge difference'),
   (0.008959698, 'another amount'),
   (0.00880529, 'every american'),
   (0.008796774, 'entirely'),
   (0.0076418077, 'the gop'),
   (0.007483248, 'raise'),
   (0.0069221286, 'people')],
  -2.5509597927276686),
 ([(0.19808522, 'vote'),
   (0.082021356, 'tomorrow'),
   (0.0655203, 'the poll'),
   (0.059368264, 'register'),
   (0.045526188, 'sure'),
   (0.03977184, 'election day'),
   (0.031972155, 'close'),
   (0.02656198, 'check'),
   (0.024949796, 'find'),
   (0.024566256, 'open'),
   (0.023985466, 'poll'),
   (0.0177182, 'line'),
   (0.012528749, 'remind'),
   (0.011566838, 'wait'),
   (0.010813038, 'leave'),
   (0.010608982, 'time'),
   (0.01059354, 'this election'),
   (0.010215364, 'your friend'),
   (0.009374955, 'family'),
   (0.009261132, 'finish')],
  -2.574292162644258),
 ([(0.18644443, 'the ballot'),
   (0.11092101, 'candidate'),
   (0.102553435, 'district'),
   (0.084521085, 'this year'),
   (0.055639792, 'president'),
   (0.036563165, 'office'),
   (0.030469073, 'the candidate'),
   (0.025669957, 'ready'),
   (0.023864817, 'november'),
   (0.019294078, 'any candidate or candidate’s committee'),
   (0.018362116, 'submit'),
   (0.012951475, 'unite'),
   (0.012096163, 'long'),
   (0.011188508, 'thousand'),
   (0.010087589, 'include'),
   (0.009954308, 'this november'),
   (0.009542677, 'officially'),
   (0.009240805, 'power'),
   (0.009011376, 'a contribution'),
   (0.008721551, 'the united states')],
  -2.5985456463943892),
 ([(0.290547, 'lose'),
   (0.17989528, 'the house'),
   (0.091383666, 'republicans'),
   (0.038311012, 'risk'),
   (0.036436103, 'hold'),
   (0.029127864, 'the gop'),
   (0.025868941, 'retake'),
   (0.018686274, 'determine'),
   (0.01732047, 'our majority'),
   (0.016910538, 'control'),
   (0.010538228, 'worried'),
   (0.009836666, 'republican'),
   (0.009210765, 'the lead'),
   (0.008874167, 'gain'),
   (0.008683245, 'take'),
   (0.008604995, 'the difference'),
   (0.007377452, 'afford'),
   (0.007146091, 'mean'),
   (0.006246942, 'show'),
   (0.006228182, 'continue')],
  -2.6439101270210443),
 ([(0.3798048, 'hear'),
   (0.047695458, 'your voice'),
   (0.030617224, 'inform'),
   (0.025270632, 'forward'),
   (0.02452589, 'directly'),
   (0.019821953, 'share'),
   (0.019526497, 'important'),
   (0.019025654, 'sure'),
   (0.01710963, 'matter'),
   (0.017015392, 'fully'),
   (0.016638516, 'bring'),
   (0.01613637, 'the state'),
   (0.014299704, 'break'),
   (0.014115981, 'the issue'),
   (0.012769219, 'congress\np.o. box'),
   (0.012310252, 'serve'),
   (0.012244086, 'the news'),
   (0.01224183, 'tell'),
   (0.011668447, 'speak'),
   (0.011014861, 'south carolina')],
  -2.6741197148286764),
 ([(0.27289113, 'big'),
   (0.22254619, 'good'),
   (0.16541395, 'offer'),
   (0.15483212, 'our movement'),
   (0.13129602, 'the top'),
   (0.010264599, 'the way'),
   (0.01022384, 'dedicate'),
   (0.008131741, 'the issue'),
   (0.0048194514, 'bold'),
   (0.003951075, 'grow'),
   (0.0030515776, 'expand'),
   (0.0027150624, 'our country'),
   (0.0022884374, 'our most important email'),
   (0.001971107, 'the senate blue'),
   (0.0012298751, 'the ground'),
   (0.0008909818, 'washington'),
   (0.0004868172, 'build'),
   (0.0004835328, 'turn'),
   (0.00044023988, 'look'),
   (0.00042321987, 'head')],
  -2.7385428916968557),
 ([(0.22314379, 'the supreme court'),
   (0.186185, 'confirm'),
   (0.067437254, 'fill'),
   (0.050461214, 'any candidate or candidate committee'),
   (0.045087527, 'patient'),
   (0.035342384, 'the court'),
   (0.030625371, 'appoint'),
   (0.025934216, 'nominate'),
   (0.021964515, 'a vote'),
   (0.021799602, 'pack'),
   (0.018339016, 'replace'),
   (0.01582842, 'overturn'),
   (0.014786181, 'the election'),
   (0.014444896, 'roe v. wade'),
   (0.012600919, 'announce'),
   (0.012593976, 'protect'),
   (0.012232362, 'decade'),
   (0.010012269, 'generation'),
   (0.008521844, 'the affordable care act'),
   (0.008242758, 'block')],
  -2.911763845526358),
 ([(0.18072547, 'free'),
   (0.14275092, 'feel'),
   (0.12178218, 'try'),
   (0.05868563, 'free today'),
   (0.058405116, 'email marketing'),
   (0.05573646, 'constant contact - try'),
   (0.051322233, 'power'),
   (0.037296023, '[url redacted'),
   (0.023761222, 'reply'),
   (0.020539617, 'drop'),
   (0.018205192, 'simply'),
   (0.016332017, 'office'),
   (0.0133656, 'less email'),
   (0.013154757, 'hate'),
   (0.012859429, 'suite'),
   (0.010159226, 'washington'),
   (0.006717876, 'consider'),
   (0.006169844, 'sincerely'),
   (0.0057501234, 'replace'),
   (0.0051067253, 'the button')],
  -3.0108042617606254),
 ([(0.10966132, 'nancy pelosi'),
   (0.1091471, 'subscribe'),
   (0.09049036, 'the link'),
   (0.085487135, 'restore'),
   (0.07063021, 'this link'),
   (0.061966937, 'use'),
   (0.05910004, 'ignore'),
   (0.05587647, 'url redacted'),
   (0.045308884, 'privacy policy'),
   (0.040009253, 'activate'),
   (0.035623338, 'follow'),
   (0.03385491, 'provide'),
   (0.019343248, 'any time'),
   (0.017941704, 'your browser'),
   (0.01407074, 'a message'),
   (0.013687249, 'a stand'),
   (0.010137248, 'conservative'),
   (0.009149668, 'the democrats'),
   (0.0063338038, 'victory'),
   (0.005666779, 'box')],
  -3.151727290480501),
 ([(0.14115568, 'door'),
   (0.13243532, 'knock'),
   (0.12820205, 'saturday'),
   (0.12527883, 'drop'),
   (0.10506484, 'block'),
   (0.09603935, 'sunday'),
   (0.08588491, 'this weekend'),
   (0.050955217, 'florida democrats'),
   (0.045564737, 'pick'),
   (0.022650687, 'phone call'),
   (0.0066223075, 'choose'),
   (0.004813087, 'near'),
   (0.0041397777, 'action'),
   (0.003662241, 'hand'),
   (0.0035163811, 'say'),
   (0.0035054786, 'our life'),
   (0.0034901367, 'meet'),
   (0.003420507, 'the rest'),
   (0.0028584716, 'friday'),
   (0.0028550397, 'cover')],
  -3.1938523712088704)]
LDA on full corpus complete!
