imported modules
unpickled corpus and dictionary files
Number of unique tokens: 533
Number of documents: 120633
logging setup successful
LDA run time: 3241.119810819626
Average topic coherence: -1.6795.
[([(0.06541205, 'this email'),
   (0.060284466, 'reserve'),
   (0.05458687, 'all right'),
   (0.053298082, 'update'),
   (0.05276063, 'our mailing address'),
   (0.05201563, 'change'),
   (0.051463235, 'your address book'),
   (0.05113946, 'this list'),
   (0.051067516, 'want'),
   (0.049881745, 'your preference'),
   (0.049272932, 'these email'),
   (0.04358688, 'add'),
   (0.03967634, 'email marketing powered'),
   (0.039480086, 'mailchimp'),
   (0.03910073, 'opt'),
   (0.03749242, 'our website'),
   (0.023579186, 'view'),
   (0.018298328, 'your browser'),
   (0.015803345, 'copyright'),
   (0.008875939, 'today')],
  -1.0418047530166692),
 ([(0.09753829, 'elect'),
   (0.0675252, 'a moment'),
   (0.034616392, 'this message'),
   (0.033124182, 'our country'),
   (0.024826052, 'hope'),
   (0.022645924, 'support'),
   (0.022067582, 'few email'),
   (0.020376194, 'committed'),
   (0.020003885, 'protect'),
   (0.019958513, 'stay'),
   (0.019260908, 'the way'),
   (0.019211264, 'email_redacted'),
   (0.01880801, 'chip'),
   (0.018468745, 'today'),
   (0.01696792, 'let'),
   (0.01613885, 'go'),
   (0.015590829, 'email'),
   (0.015392909, 'your support'),
   (0.013919735, 'update'),
   (0.013726047, 'right')],
  -1.1686310695720568),
 ([(0.1404917, 'contribute'),
   (0.03630386, 'president trump'),
   (0.028102411, 'any amount'),
   (0.023656836, 'the effort'),
   (0.023081727, 'want'),
   (0.022728063, 'reach'),
   (0.022582868, 'donald j. trump'),
   (0.021248356, 'our grassroots supporter'),
   (0.021182885, 'your support'),
   (0.019796405, 'appreciate'),
   (0.019389203, 'make america great again'),
   (0.019357964, 'our team'),
   (0.019331623, 'win'),
   (0.019300023, 'a joint fundraising committee'),
   (0.018994726, 'believe'),
   (0.018929258, 'authorize'),
   (0.018160997, 'an important way'),
   (0.018106822, 'grassroots supporter'),
   (0.018043892, 'information'),
   (0.018011436, 'date')],
  -1.176582645338599),
 ([(0.057751145, 'pass'),
   (0.04204059, 'end'),
   (0.041565847, 'our movement'),
   (0.039716657, 'fund'),
   (0.036907535, 'democrats'),
   (0.03297907, 'email'),
   (0.030181367, 'few email'),
   (0.0242857, 'our effort'),
   (0.02375509, 'd.c.'),
   (0.020907031, 'win'),
   (0.020845423, 'dedicate'),
   (0.019390823, 'fix'),
   (0.019189892, 'know'),
   (0.01886348, 'donald trump'),
   (0.018667243, 'elect'),
   (0.017675376, 'support'),
   (0.01760204, 'push'),
   (0.017574163, 'fuel'),
   (0.017256875, 'want'),
   (0.017168337, 'rely')],
  -1.202713606642885),
 ([(0.11552838, 'endorsement'),
   (0.09856396, 'imply'),
   (0.092476696, 'uniform'),
   (0.090654075, 'use'),
   (0.090626724, 'photograph'),
   (0.07880446, 'job title'),
   (0.07570848, 'the department of defense'),
   (0.018417811, 'know'),
   (0.015036841, 'learn'),
   (0.010812062, 'time'),
   (0.00952695, 'reach'),
   (0.008884495, 'let'),
   (0.008340178, 'able'),
   (0.008226612, 'our campaign'),
   (0.007971507, 'ask'),
   (0.007806686, 'spend'),
   (0.0075159906, 'folk'),
   (0.0073645064, 'go'),
   (0.0070256186, 'chip'),
   (0.006696548, 'want')],
  -1.211787607713621),
 ([(0.4595847, 'chip'),
   (0.045910187, 'immediately'),
   (0.02822801, 'save'),
   (0.025376521, 'right'),
   (0.023744274, 'your donation'),
   (0.01915332, 'actblue express'),
   (0.016370893, 'another amount'),
   (0.01419739, 'your payment information'),
   (0.013868375, 'know'),
   (0.013711013, 'win'),
   (0.01103042, 'today'),
   (0.010068186, 'folk'),
   (0.009854143, 'count'),
   (0.009721848, 'our campaign'),
   (0.009522195, 'few email'),
   (0.007778567, 'let'),
   (0.007157831, 'ask'),
   (0.0070793913, 'fight'),
   (0.0070207445, 'any amount'),
   (0.006165335, 'go')],
  -1.2688709148400747),
 ([(0.06633616, 'commit'),
   (0.047592603, 'track'),
   (0.041787334, 'today'),
   (0.034896616, 'step'),
   (0.03292702, 'outraise'),
   (0.031503156, 'work'),
   (0.030881228, 'put'),
   (0.0307066, 'the line'),
   (0.029651493, 'fight'),
   (0.027284335, 'win'),
   (0.026192471, 'want'),
   (0.025086807, 'right'),
   (0.024701616, 'support'),
   (0.021978786, 'our country'),
   (0.021243144, 'your help'),
   (0.020532008, 'bring'),
   (0.020191079, 'washington'),
   (0.01966011, 'the senate'),
   (0.019518262, 'lose'),
   (0.017796852, 'chip')],
  -1.3443888722769768),
 ([(0.11745172, 'a donation'),
   (0.09177074, 'touch'),
   (0.09059773, 'stay'),
   (0.08322075, 'the good way'),
   (0.07744996, 'support'),
   (0.07653805, 'supporter'),
   (0.07369632, 'email'),
   (0.0668798, 'believe'),
   (0.062475417, 'our campaign'),
   (0.039652325, 'few email'),
   (0.029981282, 'congress'),
   (0.01978248, 'flip'),
   (0.012095787, 'congress po box'),
   (0.0101163145, 'remove'),
   (0.008407001, 'let'),
   (0.0072315997, 'go'),
   (0.005615381, 'reach'),
   (0.0048948536, 'come'),
   (0.0048920535, 'turn'),
   (0.00487297, 'know')],
  -1.353501079454924),
 ([(0.06600414, 'our campaign'),
   (0.059182186, 'this message'),
   (0.05635544, 'few email'),
   (0.045724846, 'supporter'),
   (0.0347939, 'touch'),
   (0.03440867, 'stay'),
   (0.03424563, 'believe'),
   (0.033166464, 'a crucial way'),
   (0.032908317, 'critical'),
   (0.03107415, 'email'),
   (0.028762406, 'email_redacted'),
   (0.028233709, 'update'),
   (0.028196467, 'your support'),
   (0.025988674, 'power'),
   (0.02579661, 'your email address'),
   (0.025531674, 'prefer'),
   (0.024964528, '[[email_redacted]] | change'),
   (0.023594169, '| click'),
   (0.02330716, 'pac'),
   (0.013282583, 'fight')],
  -1.353638813394121),
 ([(0.0749542, 'change'),
   (0.07262254, 'update'),
   (0.06877101, 'your preference'),
   (0.06810684, 'want'),
   (0.06799157, 'these email'),
   (0.06725829, 'this list'),
   (0.037668366, 'our mailing address'),
   (0.035140507, 'reserve'),
   (0.032498606, 'all right'),
   (0.022613022, 'this email'),
   (0.019503707, 'view'),
   (0.019102333, 'know'),
   (0.018568965, 'let'),
   (0.015637603, 'your browser'),
   (0.012542272, 'time'),
   (0.011065169, 'come'),
   (0.011044174, 'run'),
   (0.00958242, 'happen'),
   (0.008908696, 'right'),
   (0.008628045, 'the state')],
  -1.3770342872942276),
 ([(0.21557418, 'end'),
   (0.11188354, 'month'),
   (0.0922563, 'deadline'),
   (0.070607215, 'goal'),
   (0.0556015, 'fundraising'),
   (0.024236912, 'hit'),
   (0.02393418, 'reach'),
   (0.02118, 'meet'),
   (0.019709444, 'chip'),
   (0.015627885, 'raise'),
   (0.014734199, 'midnight'),
   (0.014383935, 'close'),
   (0.013394281, 'right'),
   (0.012702536, 'critical'),
   (0.012571313, 'our goal'),
   (0.011756044, 'count'),
   (0.009278697, 'away'),
   (0.008424889, 'step'),
   (0.008328919, 'go'),
   (0.008141682, 'your help')],
  -1.398885948310507),
 ([(0.1547123, 'georgia'),
   (0.081276834, 'blue'),
   (0.078387156, 'flip'),
   (0.042862356, 'the senate'),
   (0.040896524, 'democrats'),
   (0.037174106, 'run'),
   (0.036329415, 'friend'),
   (0.035566337, 'win'),
   (0.026891543, 'red'),
   (0.024930576, 'elect'),
   (0.020253008, 'provide'),
   (0.018869799, 'this seat'),
   (0.017701903, 'fight'),
   (0.01573381, 'senate'),
   (0.015151971, 'right'),
   (0.014341808, 'spend'),
   (0.013625374, 'email_redacted'),
   (0.012378644, 'this email'),
   (0.010490793, 'come'),
   (0.010097387, 'say')],
  -1.404040340730549),
 ([(0.034211017, 'this email'),
   (0.029976113, 'want'),
   (0.026429754, 'reserve'),
   (0.025680296, 'change'),
   (0.02552067, 'our campaign'),
   (0.025053333, 'update'),
   (0.02479622, 'your preference'),
   (0.024785778, 'our mailing address'),
   (0.02455179, 'these email'),
   (0.024492625, 'this list'),
   (0.023836756, 'all right'),
   (0.022122743, 'mailchimp'),
   (0.021397587, 'add'),
   (0.021157363, 'support'),
   (0.020162506, 'your address book'),
   (0.01851147, 'email marketing powered'),
   (0.018251942, 'your support'),
   (0.016185632, 'deliver'),
   (0.015720373, 'our website'),
   (0.015449046, 'opt')],
  -1.406796233380358),
 ([(0.04000719, 'the senate'),
   (0.030177342, 'win'),
   (0.028879177, 'right'),
   (0.026512736, 'stand'),
   (0.026185121, 'democrats'),
   (0.02592888, 'protect'),
   (0.025486382, 'few email'),
   (0.020119842, 'our top supporter'),
   (0.019320605, 'take'),
   (0.018792901, 'the future'),
   (0.018513743, 'fight'),
   (0.017969055, 'know'),
   (0.016661273, 'stay'),
   (0.01647173, 'our email'),
   (0.016359922, 'friend'),
   (0.015709883, 'run'),
   (0.014820207, 'touch'),
   (0.014541084, 'email'),
   (0.014464273, 'america'),
   (0.014405722, 'a crucial way')],
  -1.4129568351511792),
 ([(0.124549836, 'your donation'),
   (0.120134234, 'immediately'),
   (0.115357675, 'save'),
   (0.11126761, 'actblue express'),
   (0.10471219, 'your payment information'),
   (0.028128479, 'another amount'),
   (0.02686974, 'chip'),
   (0.02095619, 'process'),
   (0.01618885, 'right'),
   (0.014329948, 'a donation'),
   (0.0141510265, 'fight'),
   (0.010033617, 'united states'),
   (0.009802673, 'elect'),
   (0.00877612, 'raise'),
   (0.0087234685, 'go'),
   (0.00827621, 'ensure'),
   (0.0065539824, 'run'),
   (0.00637902, 'count'),
   (0.006131847, 'away'),
   (0.0057484997, 'team')],
  -1.4348661851099076),
 ([(0.31655207, 'express'),
   (0.058188666, 'actblue express'),
   (0.052122246, 'save'),
   (0.050487652, 'your donation'),
   (0.050450858, 'your payment information'),
   (0.049806315, 'immediately'),
   (0.030413046, 'other amount'),
   (0.0217044, 'chip'),
   (0.016796524, 'know'),
   (0.014939812, 'win'),
   (0.011256009, 'time'),
   (0.010561627, 'build'),
   (0.010515537, 'november'),
   (0.009638617, 'right'),
   (0.008885514, 'pitch'),
   (0.008740805, 'the campaign'),
   (0.008698764, 'clear'),
   (0.008290444, 'defeat'),
   (0.008082652, 'this race'),
   (0.007677566, 'fight')],
  -1.4433185912337885),
 ([(0.104014784, 'deductible'),
   (0.10178127, 'gift'),
   (0.097886615, 'tax'),
   (0.068876825, 'contribution'),
   (0.04579751, 'support'),
   (0.032958828, 'rely'),
   (0.030327212, 'washington'),
   (0.026263967, 'the u.s. senate'),
   (0.025066039, 'democrats'),
   (0.02497735, 'authorize'),
   (0.024523253, 'few email'),
   (0.024076695, 'grassroots supporter'),
   (0.021746008, '[[url redacted'),
   (0.021475397, 'any candidate or candidate’s committee'),
   (0.019722655, 'a contribution'),
   (0.019358488, 'email_redacted'),
   (0.015720537, 'our work'),
   (0.01547918, 'dedicated'),
   (0.014873633, 'team'),
   (0.014866303, 'right')],
  -1.4596089024118801),
 ([(0.38230065, 'rush'),
   (0.06003115, 'save'),
   (0.040626496, 'immediately'),
   (0.03411358, 'another amount'),
   (0.032474995, 'raise'),
   (0.027318386, 'right'),
   (0.024451587, 'lose'),
   (0.021828381, 'win'),
   (0.019382516, 'elect'),
   (0.019135872, 'run'),
   (0.018536728, 'step'),
   (0.015811319, 'trump'),
   (0.01544981, 'defeat'),
   (0.01196046, 'few email'),
   (0.011000264, 'close'),
   (0.010589968, 'tell'),
   (0.009417879, 'fight'),
   (0.009388255, 'a donation'),
   (0.0093108695, 'midnight'),
   (0.008712279, 'your help')],
  -1.4596918463504094),
 ([(0.051358335, 'nancy pelosi'),
   (0.04014949, 'fight'),
   (0.038369913, 'the democrats'),
   (0.037947744, 'stop'),
   (0.034643814, 'defeat'),
   (0.0314519, 'want'),
   (0.030136192, 'congress'),
   (0.0280157, 'your help'),
   (0.02581963, 'today'),
   (0.024665467, 'the left'),
   (0.02049579, 'right'),
   (0.020137062, 'stand'),
   (0.01914965, 'let'),
   (0.01583757, 'try'),
   (0.014184126, 'win'),
   (0.014061443, 'go'),
   (0.014039667, 'count'),
   (0.013573662, 'president trump'),
   (0.012718784, 'the house'),
   (0.012704332, 'raise')],
  -1.4670297963577779),
 ([(0.39762357, 'work'),
   (0.2869599, 'hard'),
   (0.03687343, 'day'),
   (0.014687295, 'sure'),
   (0.010472783, 'fight'),
   (0.009969446, 'today'),
   (0.009704227, 'your help'),
   (0.008714508, 'earn'),
   (0.008577989, 'know'),
   (0.008314026, 'believe'),
   (0.00757037, 'run'),
   (0.0068787425, 'time'),
   (0.0064893626, 'campaign'),
   (0.005592905, 'right'),
   (0.005550039, 'ensure'),
   (0.005387315, 'make'),
   (0.005267769, 'meet'),
   (0.005214145, 'your support'),
   (0.0050381357, 'go'),
   (0.0049860906, 'raise')],
  -1.4765961384227653),
 ([(0.110890284, 'climate change'),
   (0.087850265, 'fact'),
   (0.085203215, 'the support'),
   (0.04822025, 'his campaign'),
   (0.035391748, 'congress'),
   (0.030730259, 'fight'),
   (0.029007578, 'elect'),
   (0.028524302, 'support'),
   (0.027008893, 'work'),
   (0.025613422, 'defeat'),
   (0.025557406, 'want'),
   (0.02123159, 'long'),
   (0.020397723, 'address'),
   (0.017987913, 'health care'),
   (0.017568966, 'face'),
   (0.017517576, 'email'),
   (0.016105942, 'this email'),
   (0.015006579, 'washington'),
   (0.014692743, 'use'),
   (0.014536514, 'make')],
  -1.4890059563126574),
 ([(0.04300199, 'friend'),
   (0.039321393, 'email'),
   (0.038810823, 'elect'),
   (0.028013343, 'support'),
   (0.023864431, 'want'),
   (0.023730844, 'today'),
   (0.0223182, 'change'),
   (0.021155009, 'joe biden'),
   (0.019889802, 'few email'),
   (0.018567093, 'email_redacted'),
   (0.017005745, 'update'),
   (0.016700482, 'this email'),
   (0.016638456, 'victory'),
   (0.016455716, 'our email'),
   (0.016393369, 'a contribution'),
   (0.016210146, 'trump'),
   (0.016064808, 'get'),
   (0.01551575, 'rely'),
   (0.01479239, 'start'),
   (0.014398401, 'know')],
  -1.4945559266802575),
 ([(0.12608923, 'wish'),
   (0.11299338, 'believe'),
   (0.11109943, 'long'),
   (0.1101641, 'this message'),
   (0.101986095, 'email'),
   (0.09859254, 'error'),
   (0.03781363, 'united states'),
   (0.023270972, 'today'),
   (0.013683332, 'know'),
   (0.008539604, 'friend'),
   (0.007799303, 'good'),
   (0.0073448024, 'let'),
   (0.007180734, 'united'),
   (0.007061234, 'elect'),
   (0.006907902, 'run'),
   (0.0064386204, 'the campaign'),
   (0.0063860705, 'time'),
   (0.006344479, 'your support'),
   (0.005204371, 'leave'),
   (0.0047217193, 'support')],
  -1.5073754132605155),
 ([(0.13940732, 'the supreme court'),
   (0.12922527, 'confirm'),
   (0.071081206, 'vote'),
   (0.06780063, 'let'),
   (0.046876613, 'fill'),
   (0.030693311, 'donald trump'),
   (0.025691682, 'want'),
   (0.024000805, 'defeat'),
   (0.023844538, 'our email'),
   (0.020471854, 'america'),
   (0.017609246, 'few email'),
   (0.016080145, 'the fight'),
   (0.014310333, 'email_redacted'),
   (0.013710441, 'set'),
   (0.013524309, 'fight'),
   (0.013283802, 'this message'),
   (0.013269256, 'start'),
   (0.013214638, 'go'),
   (0.012969951, 'support'),
   (0.011815394, 'lead')],
  -1.507712924872131),
 ([(0.42082298, 'contribute'),
   (0.04417465, 'agree'),
   (0.01920924, 'your contribution'),
   (0.017164603, 'our democracy'),
   (0.015735827, 'right'),
   (0.015663274, 'make'),
   (0.0154304905, 'few email'),
   (0.015388155, 'the resource'),
   (0.015100744, 'know'),
   (0.01471842, 'work'),
   (0.014567779, 'your support'),
   (0.014489554, 'republicans'),
   (0.014273874, 'let'),
   (0.014215264, 'well'),
   (0.013441217, 'email'),
   (0.0129961, 'sure'),
   (0.012758344, 'change'),
   (0.012199614, 'sit'),
   (0.011870381, 'win'),
   (0.011704106, 'our effort')],
  -1.5167100657261092),
 ([(0.036752433, 'friend'),
   (0.0366442, 'the senate'),
   (0.029391171, 'right'),
   (0.028481076, 'payment information'),
   (0.02778985, 'your donation'),
   (0.027600167, 'immediately'),
   (0.027500046, 'this email'),
   (0.027130723, 'save'),
   (0.025446093, 'email_redacted'),
   (0.025087971, 'win'),
   (0.024146235, 'actblue express'),
   (0.023296336, 'this race'),
   (0.022100799, 'fight'),
   (0.020805405, 'democrats'),
   (0.01905126, 'another amount'),
   (0.01878346, 'lose'),
   (0.017862594, 'the gop'),
   (0.017788481, 'show'),
   (0.017380591, 'protect'),
   (0.015776567, 'defend')],
  -1.5191523880391442),
 ([(0.123084776, 'date'),
   (0.09572263, 'focus'),
   (0.0665496, 'business'),
   (0.047876146, 'information'),
   (0.04268731, 'face'),
   (0.030406842, 'follow'),
   (0.028797146, 'bring'),
   (0.027387375, 'learn'),
   (0.026819417, 'visit'),
   (0.021872507, 'build'),
   (0.020698119, 'our campaign'),
   (0.019175585, 'people'),
   (0.018698769, 'long'),
   (0.0183556, 'work'),
   (0.01723385, 'support'),
   (0.016805777, 'raise'),
   (0.01613099, 'day'),
   (0.015622908, 'americans'),
   (0.015339064, 'know'),
   (0.015302684, 'covid-19')],
  -1.5192977195785677),
 ([(0.118892744, 'the people'),
   (0.079761304, 'deserve'),
   (0.07029974, 'represent'),
   (0.059003804, 'run'),
   (0.035842225, 'fight'),
   (0.031728253, 'well'),
   (0.030730527, 'our district'),
   (0.026041642, 'elect'),
   (0.024174899, 'time'),
   (0.02398921, 'washington'),
   (0.01996345, 'support'),
   (0.018477581, 'serve'),
   (0.016759291, 'stand'),
   (0.015798064, 'work'),
   (0.013429425, 'office'),
   (0.01339021, 'bring'),
   (0.011980258, 'vote'),
   (0.011807225, 'today'),
   (0.011197064, 'know'),
   (0.009852753, 'instead')],
  -1.5193528813061998),
 ([(0.115774564, 'this email'),
   (0.0866359, 'view'),
   (0.057043795, 'update'),
   (0.054713365, 'your browser'),
   (0.052007135, 'your preference'),
   (0.043654155, 'this list'),
   (0.04295011, 'want'),
   (0.039228972, 'change'),
   (0.038043167, 'these email'),
   (0.034292553, 'email_redacted'),
   (0.024295904, 'mailchimp'),
   (0.024002664, '[[url redacted'),
   (0.019019622, 'forward'),
   (0.018942753, '[url redacted'),
   (0.016235154, 'our mailing address'),
   (0.011198213, 'reserve'),
   (0.010828577, 'share'),
   (0.010729197, 'more information'),
   (0.010393913, 'all right'),
   (0.01017002, 'sign')],
  -1.5223575269957224),
 ([(0.12504964, 'address'),
   (0.100968614, 'change'),
   (0.08171015, 'stop'),
   (0.0753236, '[[url redacted'),
   (0.07094693, 'update'),
   (0.06708098, 'your name'),
   (0.06638343, 'email'),
   (0.063810416, 'your email address'),
   (0.01923064, 'support'),
   (0.018545361, 'today'),
   (0.0116184205, 'bring'),
   (0.011033039, 'solidarity'),
   (0.010718211, 'start'),
   (0.009301828, 'create'),
   (0.009158311, 'a contribution'),
   (0.0085686315, 'run'),
   (0.008551038, 'build'),
   (0.00826729, 'use'),
   (0.00791741, 'congress'),
   (0.0077363933, 'join')],
  -1.5242304295183358),
 ([(0.0757778, 'keep'),
   (0.057033844, 'know'),
   (0.05293008, 'ready'),
   (0.049235426, 'head'),
   (0.030999698, 'proud'),
   (0.0285161, 'protect'),
   (0.027201949, 'friend'),
   (0.026808562, 'want'),
   (0.023928732, 'promote'),
   (0.02368626, 'stop'),
   (0.02309269, 'come'),
   (0.021785997, 'stand'),
   (0.020027665, 'texas'),
   (0.019379824, 'step'),
   (0.0184994, 'way'),
   (0.018312631, 'turn'),
   (0.017918777, 'sure'),
   (0.016972454, 'join'),
   (0.016396334, 'close'),
   (0.016150488, 'find')],
  -1.558838519795517),
 ([(0.15608965, 'our campaign'),
   (0.05968517, 'a contribution'),
   (0.04802579, 'today'),
   (0.03967199, 'our race'),
   (0.038193695, 'take'),
   (0.038094673, 'accept'),
   (0.034338344, 'message'),
   (0.032940447, 'mean'),
   (0.031668637, 'this email'),
   (0.024931606, 'corporate pac money'),
   (0.023651429, 'email_redacted'),
   (0.018613322, 'big'),
   (0.015931679, 'win'),
   (0.014983375, 'email'),
   (0.014816706, 'a lot'),
   (0.014099702, 'instead'),
   (0.013283955, 'fight'),
   (0.012985121, 'go'),
   (0.0123856915, 'this race'),
   (0.012140869, 'chip')],
  -1.560929902467026),
 ([(0.076538205, 'contact'),
   (0.051797755, 'concern'),
   (0.05006274, 'this email'),
   (0.04873367, 'instantly'),
   (0.04308403, 'supporter'),
   (0.041036922, 'your contribution'),
   (0.040386055, 'an important way'),
   (0.035892006, 'email'),
   (0.03515381, 'process'),
   (0.0313918, 'email_redacted'),
   (0.03060104, 'store'),
   (0.027333165, 'any question'),
   (0.023608541, 'your information'),
   (0.023537803, 'question'),
   (0.023489082, 'update'),
   (0.02343485, 'hear'),
   (0.021826109, 'long'),
   (0.02138797, 'appreciate'),
   (0.021180144, 'congress'),
   (0.020408625, 'believe')],
  -1.5612064627023594),
 ([(0.09841276, 'this campaign'),
   (0.06704139, 'build'),
   (0.04495715, 'people'),
   (0.028622814, 'fight'),
   (0.028621808, 'power'),
   (0.025861531, 'today'),
   (0.025048662, 'our campaign'),
   (0.024879314, 'strong'),
   (0.01996952, 'grateful'),
   (0.019092392, 'stand'),
   (0.016914617, 'proud'),
   (0.015457045, 'run'),
   (0.015374703, 'our movement'),
   (0.015334396, 'make'),
   (0.015280062, 'work'),
   (0.014845981, 'bring'),
   (0.014034164, 'grow'),
   (0.012962627, 'win'),
   (0.012775818, 'join'),
   (0.0127089005, 'your support')],
  -1.5614665031417077),
 ([(0.27740535, 'match'),
   (0.109194644, 'happy'),
   (0.05047762, 'reach'),
   (0.042335417, 'end'),
   (0.03519634, 'offer'),
   (0.024819896, 'stop'),
   (0.02059838, 'go'),
   (0.019878834, 'count'),
   (0.019715833, 'midnight'),
   (0.018467259, 'prefer'),
   (0.017275646, 'your support'),
   (0.0139921885, 'step'),
   (0.011792687, 'every dollar'),
   (0.011305594, 'come'),
   (0.010959311, 'able'),
   (0.010435413, 'let'),
   (0.009871153, 'raise'),
   (0.009842234, 'critical'),
   (0.00978586, 'today'),
   (0.009524431, 'sure')],
  -1.570396558232071),
 ([(0.14295381, 'chip'),
   (0.06794431, 'other amount'),
   (0.044833604, 'our campaign'),
   (0.027041899, 'supporter'),
   (0.025768632, 'the race'),
   (0.023102554, 'believe'),
   (0.021124553, 'stand'),
   (0.020665132, 'few email'),
   (0.020633508, 'congress'),
   (0.020507107, 'prove'),
   (0.019950632, 'get'),
   (0.018839415, 'stay'),
   (0.01880606, 'email'),
   (0.018314367, 'face'),
   (0.017582893, 'win'),
   (0.016036332, 'count'),
   (0.015582401, 'election day'),
   (0.015440738, 'show'),
   (0.015246487, 'today'),
   (0.014969312, 'folk')],
  -1.5710953451127179),
 ([(0.4227786, 'tonight'),
   (0.27973482, 'president trump'),
   (0.028118335, 'midnight'),
   (0.017983172, 'the president'),
   (0.0139985625, 'deliver'),
   (0.0124159455, 'know'),
   (0.011535057, 'sure'),
   (0.0105807865, 'see'),
   (0.010190021, 'count'),
   (0.009086653, 'want'),
   (0.008467361, 'go'),
   (0.008420658, 'support'),
   (0.0074958336, 'president'),
   (0.0072753076, 'stand'),
   (0.0065370696, 'ready'),
   (0.0058756494, 'come'),
   (0.005129721, 'fight'),
   (0.0049253674, 'defeat'),
   (0.004874479, 'your support'),
   (0.004729346, 'url redacted')],
  -1.5744148106347455),
 ([(0.14266217, 'facebook'),
   (0.1362713, 'twitter'),
   (0.058627624, 'this email'),
   (0.051050026, 'stop'),
   (0.050544783, 'email'),
   (0.049944427, 'follow'),
   (0.04726704, 'email_redacted'),
   (0.046305455, 'instagram'),
   (0.04334563, '[[url redacted'),
   (0.037391447, 'leader'),
   (0.031718094, 'united states'),
   (0.029893948, 'create'),
   (0.02266488, 'today'),
   (0.02003664, 'join'),
   (0.013994916, 'friend'),
   (0.013382087, 'elect'),
   (0.011803462, 'update'),
   (0.010671828, 'check'),
   (0.009182811, 'your support'),
   (0.008366503, 'sign')],
  -1.575022076057605),
 ([(0.34416494, 'flip'),
   (0.20926932, 'the senate'),
   (0.072336294, 'democrats'),
   (0.046098746, 'this seat'),
   (0.020237833, 'elect'),
   (0.01887201, 'control'),
   (0.014981647, 'win'),
   (0.012430962, 'senate'),
   (0.01240566, 'your help'),
   (0.011089292, 'finally'),
   (0.010171391, 'take'),
   (0.0092716655, 'a donation'),
   (0.00925535, 'go'),
   (0.00807576, 'the u.s. senate'),
   (0.0071953284, 'know'),
   (0.005659819, 'hold'),
   (0.0056272177, 'raise'),
   (0.0055853515, 'support'),
   (0.0050687073, 'the country'),
   (0.0049912194, 'sure')],
  -1.5785755657263507),
 ([(0.13356654, 'hit'),
   (0.12487109, 'our goal'),
   (0.10968801, 'short'),
   (0.06370112, 'fall'),
   (0.061351955, 'midnight'),
   (0.041430883, 'close'),
   (0.03261784, 'raise'),
   (0.028364083, 'reach'),
   (0.025079539, 'right'),
   (0.0223268, 'chip'),
   (0.02056461, 'track'),
   (0.020083457, 'meet'),
   (0.019895362, 'midnight tonight'),
   (0.017066453, 'afford'),
   (0.0135940835, 'away'),
   (0.013419326, 'know'),
   (0.013169972, 'step'),
   (0.011291786, 'count'),
   (0.011088486, 'leave'),
   (0.010858369, 'important')],
  -1.5809588073269278),
 ([(0.12110007, 'respond'),
   (0.09761026, 'hear'),
   (0.07224514, 'covid-19'),
   (0.04932226, 'your family'),
   (0.042461097, 'directly'),
   (0.039620955, 'inform'),
   (0.038006, 'congress'),
   (0.03488748, 'want'),
   (0.028773427, 'this email'),
   (0.026247066, 'hope'),
   (0.024866441, 'our community'),
   (0.023009337, 'pause'),
   (0.022973191, 'build'),
   (0.022829227, 'email_redacted'),
   (0.021949898, 'united states'),
   (0.021400588, 'long'),
   (0.020240527, 'concern'),
   (0.020194624, 'email'),
   (0.019753829, 'supporter'),
   (0.01880032, 'stay')],
  -1.5825889087089648),
 ([(0.13555428, 'safe'),
   (0.13283594, 'stay'),
   (0.04057739, 'home'),
   (0.040274307, 'healthy'),
   (0.03910618, 'continue'),
   (0.037900336, 'our community'),
   (0.03373133, 'work'),
   (0.031416472, 'hope'),
   (0.021604428, 'covid-19'),
   (0.021000328, 'pandemic'),
   (0.015539612, 'your family'),
   (0.012587531, 'keep'),
   (0.012553521, 'ensure'),
   (0.012449223, 'know'),
   (0.011967724, 'the coronavirus'),
   (0.011869075, 'protect'),
   (0.011755455, 'able'),
   (0.01113839, 'important'),
   (0.0101491995, 'take'),
   (0.010038505, 'follow')],
  -1.585519525955526),
 ([(0.058889363, 'win'),
   (0.0582233, 'office'),
   (0.05369658, 'democrats'),
   (0.053062804, 'fund'),
   (0.042427007, 'run'),
   (0.038629446, 'support'),
   (0.03405143, 'want'),
   (0.02752784, 'few email'),
   (0.025161983, 'promise'),
   (0.022562709, 'elect'),
   (0.022267025, 'this country'),
   (0.021472307, 'your help'),
   (0.019771326, 'a difference'),
   (0.01949341, 'special interest'),
   (0.019455401, 'know'),
   (0.018118907, 'change'),
   (0.01794013, 'fight'),
   (0.017510155, 'your support'),
   (0.01730661, 'trump'),
   (0.01710452, 'follow')],
  -1.5864647814447572),
 ([(0.24763283, 'mitch mcconnell'),
   (0.09083302, 'mcconnell'),
   (0.072485685, 'republicans'),
   (0.056092978, 'replace'),
   (0.055172533, 'defeat'),
   (0.04748226, 'the senate'),
   (0.029137006, 'another amount'),
   (0.015798567, 'the poll'),
   (0.015300964, 'chip'),
   (0.015221316, 'beat'),
   (0.012419403, 'right'),
   (0.012375787, 'republican'),
   (0.012206956, 'few email'),
   (0.011388415, 'step'),
   (0.010748375, 'power'),
   (0.009958272, 'our work'),
   (0.009865275, 'your donation'),
   (0.009832677, 'raise'),
   (0.008591788, 'democrats'),
   (0.008143615, 'end')],
  -1.5912796899539887),
 ([(0.090271205, 'congress'),
   (0.050793376, 'run'),
   (0.047577586, 'this message'),
   (0.041905116, 'wish'),
   (0.04177953, 'long'),
   (0.039860386, 'email'),
   (0.03149619, 'error'),
   (0.030478375, 'fight'),
   (0.026829727, 'believe'),
   (0.025416583, 'congress p.o. box'),
   (0.018640056, 'washington'),
   (0.017067371, 'today'),
   (0.016485821, 'take'),
   (0.015887951, 'flip'),
   (0.014995898, 'continue'),
   (0.013564957, 'the country'),
   (0.01311098, 'email_redacted'),
   (0.012868018, 'know'),
   (0.011509123, 'corporate pac money'),
   (0.011418082, 'team')],
  -1.596736269808579),
 ([(0.13612948, 'stand'),
   (0.096255325, 'hold'),
   (0.058048584, 'america'),
   (0.04419326, 'accountable'),
   (0.032496236, 'fight'),
   (0.029254906, 'defend'),
   (0.026920194, 'our country'),
   (0.026585655, 'the american people'),
   (0.022600431, 'today'),
   (0.022394583, 'congress'),
   (0.02105955, 'join'),
   (0.01954918, 'life'),
   (0.018318767, 'support'),
   (0.017583534, 'continue'),
   (0.017084107, 'let'),
   (0.01671232, 'president trump'),
   (0.016562933, 'washington'),
   (0.012630966, 'destroy'),
   (0.012338051, 'take'),
   (0.011847676, 'know')],
  -1.6002336382950824),
 ([(0.12222881, 'trump'),
   (0.11593769, 'democrats'),
   (0.07866187, 'turn'),
   (0.06675077, 'win'),
   (0.0613306, 'republicans'),
   (0.040527795, 'lose'),
   (0.036159646, 'donald trump'),
   (0.024595758, 'november'),
   (0.02186512, 'the gop'),
   (0.017047506, 'right'),
   (0.015794523, 'the country'),
   (0.015733045, 'hold'),
   (0.014324188, 'defeat'),
   (0.01384676, 'happen'),
   (0.012929362, 'know'),
   (0.010879422, 'say'),
   (0.0100386515, 'let'),
   (0.009562407, 'take'),
   (0.009506473, 'the election'),
   (0.009280075, 'try')],
  -1.6068965204538534),
 ([(0.09724006, 'increase'),
   (0.089230716, 'progress'),
   (0.031394944, 'republicans'),
   (0.026561342, 'well'),
   (0.024903864, 'fight'),
   (0.022460489, 'win'),
   (0.022146339, 'few email'),
   (0.02184836, 'stop'),
   (0.02154749, 'change'),
   (0.0215419, 'election'),
   (0.020751873, 'your help'),
   (0.02001091, 'afford'),
   (0.018598866, 'voter'),
   (0.018228117, 'follow'),
   (0.018204836, 'democrats'),
   (0.016714474, 'connect'),
   (0.01553606, 'go'),
   (0.014928386, 'run'),
   (0.014169543, 'beat'),
   (0.01403477, 'our movement')],
  -1.645947272881109),
 ([(0.110024385, 'congress'),
   (0.0768222, 'po box'),
   (0.041700486, 'remain'),
   (0.037234653, 'run'),
   (0.036271274, 'washington'),
   (0.029292269, 'want'),
   (0.027325638, 'today'),
   (0.025828885, 'email_redacted'),
   (0.024844956, 'bring'),
   (0.022461245, 'work'),
   (0.021833714, 'right'),
   (0.021481168, 'this email'),
   (0.01950099, 'sure'),
   (0.017330687, 'our community'),
   (0.01709008, 'protect'),
   (0.016448623, 'build'),
   (0.016229888, 'these email'),
   (0.016171258, 'fix'),
   (0.015824141, 'mail'),
   (0.013427076, 'contribute')],
  -1.6589321611466232),
 ([(0.07675692, 'the issue'),
   (0.052975345, 'know'),
   (0.05080997, 'our community'),
   (0.043516017, 'run'),
   (0.042538233, 'excited'),
   (0.042464316, 'listen'),
   (0.036313564, 'matter'),
   (0.0340776, 'want'),
   (0.025173651, 'work'),
   (0.018776469, 'hear'),
   (0.017825525, 'people'),
   (0.017436882, 'face'),
   (0.015106588, 'change'),
   (0.014934383, 'ready'),
   (0.014292318, 'hate'),
   (0.014245273, 'fight'),
   (0.013865586, 'fund'),
   (0.013298137, 'bring'),
   (0.013216805, 'happen'),
   (0.012698344, 'right')],
  -1.6715914872579059),
 ([(0.10573803, 'reach'),
   (0.05512618, 'voter'),
   (0.037284054, 'raise'),
   (0.037012197, 'today'),
   (0.03107687, 'your help'),
   (0.030632492, 'our message'),
   (0.030375639, 'election day'),
   (0.02294294, 'our campaign'),
   (0.021786124, 'count'),
   (0.021424847, 'your support'),
   (0.02062633, 'away'),
   (0.019529544, 'chip'),
   (0.01635081, 'possible'),
   (0.016067121, 'ensure'),
   (0.015629955, 'leave'),
   (0.015311083, 'the election'),
   (0.014487223, 'close'),
   (0.0143197635, 'mean'),
   (0.013909974, 'right'),
   (0.012919696, 'our goal')],
  -1.6777218277690817),
 ([(0.08120474, 'text'),
   (0.07914688, 'the president'),
   (0.04865329, 'president trump'),
   (0.042124074, 'apply'),
   (0.035996117, 'stop'),
   (0.027804784, 'republicans'),
   (0.026752029, 'authorize'),
   (0.024731737, 'interested'),
   (0.024517084, 'call'),
   (0.020972528, "any candidate or candidate's committee"),
   (0.020179378, 'step'),
   (0.017754646, 'agree'),
   (0.017443284, 'want'),
   (0.016272642, 'america'),
   (0.016264727, 'make'),
   (0.015222446, 'our email'),
   (0.014083062, 'your support'),
   (0.013324933, 'time'),
   (0.01305586, 'provide'),
   (0.012124329, 'defend')],
  -1.6834426635331048),
 ([(0.20848647, 'thing'),
   (0.1647391, 'get'),
   (0.11628444, 'cut'),
   (0.05558724, 'want'),
   (0.031480763, 'earn'),
   (0.030868925, 'control'),
   (0.025600156, 'washington'),
   (0.023860581, 'support'),
   (0.022146115, 'put'),
   (0.020014469, 'serve'),
   (0.019650554, 'sure'),
   (0.018806718, 'today'),
   (0.018044798, 'hate'),
   (0.016115563, 'raise'),
   (0.014563706, 'our country'),
   (0.014293238, 'confirm'),
   (0.01399221, 'woman'),
   (0.011363912, 'uniform'),
   (0.010489696, 'know'),
   (0.0070974687, 'look')],
  -1.692927141484191),
 ([(0.11478838, 'cast'),
   (0.08407914, 'their ballot'),
   (0.08326684, 'voter'),
   (0.061924208, 'state'),
   (0.032938622, 'stay'),
   (0.032167368, 'contribute'),
   (0.030166749, 'person'),
   (0.027461613, 'online'),
   (0.025437685, 'event'),
   (0.024695616, 'make'),
   (0.02179406, 'support'),
   (0.021642359, 'run'),
   (0.019250058, 'people'),
   (0.017492088, 'consider'),
   (0.016470987, 'home'),
   (0.016057003, 'rely'),
   (0.015314801, 'visit'),
   (0.0143661825, 'friend'),
   (0.014361286, 'know'),
   (0.014075896, 'safe')],
  -1.6979031982902375),
 ([(0.059100665, 'defeat'),
   (0.03585568, 'depend'),
   (0.03343009, 'the country'),
   (0.03176073, 'want'),
   (0.031712007, 'elect'),
   (0.03147005, 'trump'),
   (0.030940566, 'our work'),
   (0.030665591, 'fund'),
   (0.02719638, 'few email'),
   (0.020783072, 'win'),
   (0.018443266, 'republicans'),
   (0.018380316, 'save'),
   (0.01828641, 'donation'),
   (0.018214488, 'chip'),
   (0.018154072, 'candidate'),
   (0.017597744, 'stop'),
   (0.017464992, 'money'),
   (0.017336728, 'donald trump'),
   (0.016772877, 'victory'),
   (0.016651254, 'end')],
  -1.7011622375543107),
 ([(0.108605735, 'ahead'),
   (0.0646413, 'able'),
   (0.047716506, 'fight'),
   (0.047255963, 'hope'),
   (0.04232574, 'this fight'),
   (0.039691534, 'support'),
   (0.032863986, 'work'),
   (0.030222816, 'our campaign'),
   (0.028631192, 'chip'),
   (0.028630497, 'this email'),
   (0.028029716, 'our team'),
   (0.021453127, 'stay'),
   (0.018433629, 'find'),
   (0.01834067, 'supporter'),
   (0.018303787, 'friend'),
   (0.017253531, 'the time'),
   (0.01716686, 'take'),
   (0.01635454, 'make'),
   (0.014616727, 'grateful'),
   (0.014276849, 'critical')],
  -1.7080951450870854),
 ([(0.16443405, 'serve'),
   (0.07206487, 'run'),
   (0.06809784, 'recently'),
   (0.039745264, 'contribute'),
   (0.039683174, 'long'),
   (0.03733105, 'your support'),
   (0.029058795, 'today'),
   (0.02682946, 'represent'),
   (0.025037264, 'save'),
   (0.023650495, 'office'),
   (0.022761196, 'your donation'),
   (0.021421472, 'want'),
   (0.017681407, 'our campaign'),
   (0.01675214, 'view'),
   (0.016020792, 'chip'),
   (0.015769515, 'honor'),
   (0.015484025, 'a part'),
   (0.014911451, 'right'),
   (0.013903707, 'your help'),
   (0.013476532, 'immediately')],
  -1.7093188963321093),
 ([(0.13741493, 'contribution'),
   (0.08584385, 'report'),
   (0.0800354, 'require'),
   (0.06558736, 'contribute'),
   (0.06292473, 'individual'),
   (0.053313944, 'corporation'),
   (0.049107295, 'election'),
   (0.04646326, 'deductible'),
   (0.04296482, 'use'),
   (0.031891704, 'tax'),
   (0.026048807, 'accept'),
   (0.02090785, 'include'),
   (0.020693332, 'federal income tax purpose'),
   (0.01613004, 'this email'),
   (0.009045025, 'email_redacted'),
   (0.008788614, 'address'),
   (0.008349425, 'fund'),
   (0.0082408115, '[[url redacted'),
   (0.0077036824, 'provide'),
   (0.007424118, 'your contribution')],
  -1.7142036889909644),
 ([(0.10260339, 'woman'),
   (0.06791096, 'honor'),
   (0.06645185, 'justice'),
   (0.039119825, 'our nation'),
   (0.03777116, 'our country'),
   (0.033906344, 'serve'),
   (0.033419788, 'today'),
   (0.024865756, 'continue'),
   (0.022393696, 'stand'),
   (0.021626938, 'fight'),
   (0.021217752, 'remember'),
   (0.018419728, 'speak'),
   (0.016601998, 'the united states'),
   (0.016550446, 'america'),
   (0.014505834, 'support'),
   (0.014269999, 'this country'),
   (0.011469358, 'believe'),
   (0.011389916, 'give'),
   (0.01122489, 'take'),
   (0.010718352, 'come')],
  -1.7169062975756488),
 ([(0.1350541, 'want'),
   (0.10563347, 'this email'),
   (0.104228355, 'email_redacted'),
   (0.08689651, 'congress'),
   (0.07881194, 'anymore'),
   (0.07416965, 'these email'),
   (0.02348538, 'today'),
   (0.023045257, 'right'),
   (0.015506556, 'matter'),
   (0.014422251, 'election day'),
   (0.012552866, 'focus'),
   (0.012398304, 'contribute'),
   (0.011664434, 'chip'),
   (0.010786889, 'go'),
   (0.0105073005, 'put'),
   (0.010478596, 'use'),
   (0.010344487, 'leave'),
   (0.010117603, 'fight'),
   (0.009432338, 'sure'),
   (0.0089953, 'your contribution')],
  -1.7273288716758985),
 ([(0.16404389, 'sign'),
   (0.103453115, 'add'),
   (0.08561479, 'your name'),
   (0.06792882, 'demand'),
   (0.03213685, 'trump'),
   (0.028187435, 'americans'),
   (0.028145172, 'stand'),
   (0.024073329, 'action'),
   (0.01817738, 'save'),
   (0.016111333, 'call'),
   (0.015365321, 'million'),
   (0.0137389265, 'refuse'),
   (0.012955818, 'stop'),
   (0.012927681, 'tell'),
   (0.012821288, 'force'),
   (0.012014142, 'pass'),
   (0.011842169, 'the country'),
   (0.011767223, 'join'),
   (0.011461693, 'let'),
   (0.010721174, 'congress')],
  -1.7349401075649424),
 ([(0.12678362, 'medicare'),
   (0.047304347, 'pass'),
   (0.04120159, 'glad'),
   (0.03933545, 'chip'),
   (0.037545405, 'our team'),
   (0.03651704, 'our work'),
   (0.0356388, 'long'),
   (0.03341483, 'email_redacted'),
   (0.03100542, 'few email'),
   (0.022332711, 'know'),
   (0.021479318, 'fight'),
   (0.021070149, 'stand'),
   (0.020349486, 'drive'),
   (0.019824754, 'the only way'),
   (0.01846973, 'put'),
   (0.018253025, 'afford'),
   (0.018157564, 'support'),
   (0.017871972, 'this fight'),
   (0.017855711, 'people'),
   (0.017836569, 'the way')],
  -1.7368856440797535),
 ([(0.11108552, 'endorse'),
   (0.067555636, 'proud'),
   (0.06682257, 'support'),
   (0.038445774, 'announce'),
   (0.03840061, 'join'),
   (0.03767204, 'work'),
   (0.03180478, 'serve'),
   (0.024751434, 'fight'),
   (0.018984241, 'represent'),
   (0.01839205, 'today'),
   (0.018113352, 'know'),
   (0.018104097, 'earn'),
   (0.01762341, 'elect'),
   (0.016644936, 'our community'),
   (0.01604395, 'honor'),
   (0.01594359, 'continue'),
   (0.014278515, 'the support'),
   (0.014103237, 'our campaign'),
   (0.0139406305, 'grow'),
   (0.011790356, 'stand')],
  -1.7572789671273132),
 ([(0.38508752, 'care'),
   (0.18783058, 'history'),
   (0.10313543, 'every day'),
   (0.030554246, 'protect'),
   (0.017968081, 'today'),
   (0.014158093, 'fight'),
   (0.011667442, 'elect'),
   (0.010856669, 'right'),
   (0.010556797, 'join'),
   (0.010353102, 'stand'),
   (0.008718751, 'make'),
   (0.008576794, 'this fight'),
   (0.007693383, 'take'),
   (0.0070542907, 'know'),
   (0.006256079, 'tell'),
   (0.0062426073, 'proud'),
   (0.0061914525, 'support'),
   (0.005452434, 'important'),
   (0.0054481956, 'united states'),
   (0.0052398355, 'a part')],
  -1.7598568724146102),
 ([(0.29661566, 'my campaign'),
   (0.14437605, 'my opponent'),
   (0.06623433, 'today'),
   (0.03092503, 'support'),
   (0.023689391, 'consider'),
   (0.023292022, 'your support'),
   (0.022503326, 'endorse'),
   (0.017102117, 'want'),
   (0.014386308, 'my team'),
   (0.013679304, 'ask'),
   (0.012500285, 'your help'),
   (0.010942449, 'sincerely'),
   (0.010100372, 'this race'),
   (0.009047736, 'run'),
   (0.008570347, 'election'),
   (0.008555813, 'come'),
   (0.0085392585, 'stand'),
   (0.008379704, 'have'),
   (0.008078436, 'continue'),
   (0.007995631, 'raise')],
  -1.769946154976526),
 ([(0.04486595, 'live'),
   (0.025311716, 'the world'),
   (0.021583866, 'think'),
   (0.01973867, 'people'),
   (0.018916605, 'know'),
   (0.018648602, 'come'),
   (0.018252062, 'want'),
   (0.016583517, 'tell'),
   (0.016002871, 'hope'),
   (0.015912337, 'time'),
   (0.015864475, 'believe'),
   (0.01584626, 'see'),
   (0.01579018, 'well'),
   (0.015507459, 'give'),
   (0.012961277, 'say'),
   (0.012889178, 'find'),
   (0.012344601, 'bring'),
   (0.012290769, 'mean'),
   (0.012183116, 'change'),
   (0.012146958, 'life')],
  -1.7731042541467443),
 ([(0.045111645, 'covid-19'),
   (0.035846833, 'available'),
   (0.035615705, 'provide'),
   (0.025873842, '[[url redacted'),
   (0.02559939, 'include'),
   (0.019308217, 'open'),
   (0.018117204, 'continue'),
   (0.0174831, 'find'),
   (0.016127383, 'offer'),
   (0.01539995, 'apply'),
   (0.013039051, '[url redacted'),
   (0.012115556, 'visit'),
   (0.012001426, 'the state'),
   (0.011736994, 'require'),
   (0.011638484, 'use'),
   (0.011557304, 'share'),
   (0.011505267, 'announce'),
   (0.01138557, 'reach'),
   (0.011360335, 'remain'),
   (0.011215551, 'work')],
  -1.7945750069317348),
 ([(0.12915502, 'sure'),
   (0.0848976, 'want'),
   (0.06620699, 'know'),
   (0.045027327, 'get'),
   (0.041383844, 'my team'),
   (0.03807361, 'see'),
   (0.031067185, 'able'),
   (0.023267217, 'reach'),
   (0.022652851, 'miss'),
   (0.02206302, 'yesterday'),
   (0.02076779, 'hope'),
   (0.01783946, 'go'),
   (0.015494176, 'today'),
   (0.015203556, 'make'),
   (0.014849443, 'let'),
   (0.014633769, 'hear'),
   (0.014206151, 'set'),
   (0.013871903, 'plan'),
   (0.013691859, 'raise'),
   (0.012982937, 'start')],
  -1.801175447522626),
 ([(0.10375582, 'sign'),
   (0.08884186, 'volunteer'),
   (0.0488322, 'voter'),
   (0.04018818, 'call'),
   (0.03544074, 'join'),
   (0.026029399, 'reach'),
   (0.021541074, 'this week'),
   (0.01832462, 'the district'),
   (0.018135268, 'knock'),
   (0.017467069, 'your help'),
   (0.017194515, 'the campaign'),
   (0.016751867, 'involve'),
   (0.016352, 'know'),
   (0.01630056, 'make'),
   (0.016241064, 'let'),
   (0.014089577, '[url redacted'),
   (0.0130274, '[[url redacted'),
   (0.012593213, 'start'),
   (0.012050953, 'drop'),
   (0.012049985, 'our campaign')],
  -1.8013049287815426),
 ([(0.38354558, 'watch'),
   (0.23857556, 'senate'),
   (0.02253749, 'know'),
   (0.019080719, 'people'),
   (0.017933208, 'run'),
   (0.013416994, 'protect'),
   (0.010945843, 'live'),
   (0.010590341, 'proud'),
   (0.010399796, 'today'),
   (0.010376772, 'online'),
   (0.009906386, 'strong'),
   (0.00989087, 'let'),
   (0.009792833, 'facebook'),
   (0.009755502, 'our community'),
   (0.00906349, 'build'),
   (0.009009469, '[url redacted'),
   (0.008674103, 'understand'),
   (0.008609159, 'visit'),
   (0.008469115, 'email'),
   (0.008127423, 'create')],
  -1.8252593917895323),
 ([(0.058783606, 'contribute'),
   (0.042539656, 'start'),
   (0.025849657, 'directly'),
   (0.024996797, 'president trump'),
   (0.024254652, 'sign'),
   (0.023987256, 'join'),
   (0.022873364, 'want'),
   (0.022285467, 'reach'),
   (0.021808766, 'step'),
   (0.021805165, 'follow'),
   (0.021401765, 'email_redacted'),
   (0.021297159, 'twitter'),
   (0.021137856, 'facebook'),
   (0.020846976, 'grassroots supporter'),
   (0.020605227, 'information'),
   (0.019480992, 'date'),
   (0.019172503, 'donald j. trump'),
   (0.019085767, 'make america great again'),
   (0.0186577, 'secure'),
   (0.016904056, 'the president')],
  -1.8289434967996494),
 ([(0.20833996, 'join'),
   (0.060509786, 'rsvp'),
   (0.047733437, 'host'),
   (0.04708107, 'hope'),
   (0.04059826, 'invite'),
   (0.03637247, 'attend'),
   (0.029541299, 'discuss'),
   (0.020745965, 'support'),
   (0.018558636, 'forward'),
   (0.0174993, 'look'),
   (0.01529791, '[url redacted'),
   (0.014483711, '[[url redacted'),
   (0.013926023, 'want'),
   (0.013781762, 'register'),
   (0.012975167, 'meet'),
   (0.012276496, 'hear'),
   (0.012078346, 'excited'),
   (0.0117043685, 'talk'),
   (0.011330628, 'question'),
   (0.011161874, 'come')],
  -1.8319389946981137),
 ([(0.25841084, 'ask'),
   (0.06663071, 'know'),
   (0.046850525, 'personally'),
   (0.043890398, 'important'),
   (0.028971631, 'right'),
   (0.02531937, 'go'),
   (0.02339777, 'today'),
   (0.022817904, 'a lot'),
   (0.02241952, 'support'),
   (0.020160576, 'win'),
   (0.019614583, 'face'),
   (0.0155443065, 'count'),
   (0.013122346, 'your support'),
   (0.012882543, 'your help'),
   (0.012250008, 'tell'),
   (0.011922281, 'a donation'),
   (0.0109569775, 'a time'),
   (0.010518472, 'run'),
   (0.009940439, 'understand'),
   (0.009479634, 'write')],
  -1.8320138360841653),
 ([(0.17842337, 'protect'),
   (0.1371162, 'fight'),
   (0.057961516, 'ensure'),
   (0.044578426, 'our democracy'),
   (0.043948345, 'restore'),
   (0.02473885, 'work'),
   (0.021174304, 'health care'),
   (0.02096182, 'defend'),
   (0.01824907, 'continue'),
   (0.018179929, 'leader'),
   (0.01736663, 'join'),
   (0.016819507, 'the fight'),
   (0.016353577, 'access'),
   (0.015408132, 'people'),
   (0.014018193, 'elect'),
   (0.012782601, 'americans'),
   (0.01133478, 'today'),
   (0.010998818, 'support'),
   (0.009650758, 'committed'),
   (0.009198968, 'our country')],
  -1.8351437266864752),
 ([(0.30431017, '[[url redacted'),
   (0.116618894, 'free'),
   (0.10833129, 'today'),
   (0.09859121, 'try'),
   (0.07147725, 'email marketing'),
   (0.071477234, 'free today'),
   (0.055398982, 'power'),
   (0.011112136, 'sincerely'),
   (0.008732993, 'support'),
   (0.007819848, 'consider'),
   (0.005682741, 'let'),
   (0.0054000695, 'join'),
   (0.005340742, 'share'),
   (0.005010404, 'make'),
   (0.0047059148, 'know'),
   (0.004426269, 'visit'),
   (0.003906826, 'your support'),
   (0.0036548355, 'campaign'),
   (0.0033824204, 'look'),
   (0.0032720035, 'candidate')],
  -1.8547141443967823),
 ([(0.12132202, 'vote'),
   (0.06497213, 'register'),
   (0.04762016, 'request'),
   (0.041099295, 'sure'),
   (0.039675318, 'person'),
   (0.0369818, 'find'),
   (0.030538607, 'return'),
   (0.029883482, 'drop'),
   (0.028154766, 'check'),
   (0.025565267, 'election day'),
   (0.024312388, 'mail'),
   (0.020073112, 'count'),
   (0.020054122, 'today'),
   (0.01619476, '[[url redacted'),
   (0.014151025, 'fill'),
   (0.012180551, 'want'),
   (0.0109249735, 'visit'),
   (0.010860441, 'voting'),
   (0.010282509, 'early'),
   (0.009956354, '[url redacted')],
  -1.8707963817686812),
 ([(0.11905111, 'tomorrow'),
   (0.08953966, 'the poll'),
   (0.075824045, 'election day'),
   (0.064240806, 'close'),
   (0.04077112, 'finish'),
   (0.03849667, 'poll'),
   (0.036672603, 'vote'),
   (0.029611805, 'tuesday'),
   (0.028579934, 'open'),
   (0.028229102, 'let'),
   (0.02623009, 'today'),
   (0.023377242, 'strong'),
   (0.021570269, 'sure'),
   (0.021007236, 'find'),
   (0.020460341, 'the finish line'),
   (0.017341306, 'leave'),
   (0.014405401, 'come'),
   (0.013116633, 'know'),
   (0.012401162, 'time'),
   (0.012119862, 'the vote')],
  -1.8812882852844262),
 ([(0.47911525, 'expand'),
   (0.22615097, 'access'),
   (0.068662494, 'healthcare'),
   (0.05650409, 'health care'),
   (0.026579214, 'protect'),
   (0.010803996, 'work'),
   (0.010365279, 'work family'),
   (0.009809276, 'improve'),
   (0.0083311405, 'refuse'),
   (0.0073916754, 'afford'),
   (0.007374173, 'join'),
   (0.0059369253, 'directly'),
   (0.005643375, 'message'),
   (0.004179474, 'dedicate'),
   (0.0034316552, 'understand'),
   (0.003297253, 'your help'),
   (0.0025923713, 'today'),
   (0.0023117694, 'fight'),
   (0.0022937928, 'leave'),
   (0.0022416075, 'bring')],
  -1.8890329989049934),
 ([(0.52477527, 'order'),
   (0.029578999, 'today'),
   (0.027567333, 'protect'),
   (0.022443784, 'fight'),
   (0.0185916, 'know'),
   (0.017841741, 'come'),
   (0.014891981, 'directly'),
   (0.013719389, 'contribute'),
   (0.013250231, 'want'),
   (0.012606937, 'stop'),
   (0.01238305, 'the number'),
   (0.011805759, 'your support'),
   (0.011403773, 'put'),
   (0.010010391, 'defeat'),
   (0.00966384, 'money'),
   (0.009628103, 'bring'),
   (0.009490166, 'raise'),
   (0.009346297, 'sincerely'),
   (0.0090498, 'this election'),
   (0.008804567, 'washington')],
  -1.8892670374015461),
 ([(0.68295604, 'texas'),
   (0.026186937, 'let'),
   (0.023971876, 'know'),
   (0.018205738, 'turn'),
   (0.012829695, 'touch'),
   (0.012097692, 'flip'),
   (0.011543, 'the state'),
   (0.009128757, 'blue'),
   (0.009032696, 'time'),
   (0.008653024, 'november'),
   (0.006732172, 'clear'),
   (0.005974513, 'go'),
   (0.0057735993, 'check'),
   (0.005050369, 'start'),
   (0.004811589, 'sincerely'),
   (0.0047808974, 'this email'),
   (0.004768212, 'win'),
   (0.004763503, 'see'),
   (0.004412575, 'the fight'),
   (0.0042599337, 'look')],
  -1.8914992731995495),
 ([(0.43576428, 'congress'),
   (0.048628457, 'fight'),
   (0.022696553, 'grow'),
   (0.022394573, 'represent'),
   (0.01797619, 'count'),
   (0.017721377, 'live'),
   (0.016094662, 'today'),
   (0.0144440895, 'deliver'),
   (0.012982008, 'work'),
   (0.011866155, 'understand'),
   (0.011362028, 'email_redacted'),
   (0.011189103, 'serve'),
   (0.011162931, 'a contribution'),
   (0.010806144, 'work family'),
   (0.010705924, 'run'),
   (0.010677847, 'the fight'),
   (0.0105698425, 'this email'),
   (0.010341653, 'ensure'),
   (0.010207406, 'congress po box'),
   (0.009929737, 'make')],
  -1.8976812812874766),
 ([(0.40977988, 'pitch'),
   (0.060885433, 'service'),
   (0.03137591, 'want'),
   (0.029675508, 'email'),
   (0.026083043, 'right'),
   (0.022801233, 'fight'),
   (0.020480027, 'reach'),
   (0.017392335, 'count'),
   (0.016961912, 'come'),
   (0.014989047, 'million'),
   (0.0138972895, 'anymore'),
   (0.013145713, 'any amount'),
   (0.009791281, 'view'),
   (0.0096651735, 'friend'),
   (0.00959585, 'election day'),
   (0.009008333, 'your help'),
   (0.008515638, 'your support'),
   (0.008367838, 'go'),
   (0.008309538, 'defend'),
   (0.008227128, 'the white house')],
  -1.9016396437735918),
 ([(0.07514209, 'go'),
   (0.067803875, 'people'),
   (0.05540365, 'talk'),
   (0.048194204, 'check'),
   (0.046313565, 'know'),
   (0.04348047, 'feel'),
   (0.039453115, 'soon'),
   (0.031903826, 'get'),
   (0.031360917, 'come'),
   (0.027246105, 'start'),
   (0.02478453, 'let'),
   (0.022498282, 'this email'),
   (0.01860279, 'right'),
   (0.017888464, 'remove'),
   (0.017035438, 'think'),
   (0.014131126, 'happen'),
   (0.013441319, 'touch'),
   (0.013060927, 'a lot'),
   (0.012771522, 'mean'),
   (0.01226768, 'folk')],
  -1.9068559368394011),
 ([(0.32745326, 'this election'),
   (0.08676443, 'win'),
   (0.0820902, 'stake'),
   (0.059499625, 'determine'),
   (0.035195254, 'important'),
   (0.028821532, 'right'),
   (0.02831436, 'the future'),
   (0.024331268, 'leave'),
   (0.022675712, 'high'),
   (0.020208746, 'count'),
   (0.016844342, 'election day'),
   (0.015331453, 'the line'),
   (0.012729978, 'decide'),
   (0.01129288, 'critical'),
   (0.00976202, 'fight'),
   (0.009666362, 'go'),
   (0.009404821, 'ensure'),
   (0.009402456, 'sit'),
   (0.008009142, 'afford'),
   (0.00684554, 'elect')],
  -1.9090293975777657),
 ([(0.067535125, 'spend'),
   (0.06186567, 'know'),
   (0.05380751, 'buy'),
   (0.048248373, 'attack'),
   (0.047630142, 'the truth'),
   (0.04731469, 'lie'),
   (0.037239604, 'try'),
   (0.035322256, 'raise'),
   (0.034399256, 'fight'),
   (0.033657003, 'money'),
   (0.024125766, 'our opponent'),
   (0.020566424, 'go'),
   (0.020182913, 'let'),
   (0.017220667, 'tell'),
   (0.015544677, 'run'),
   (0.015143812, 'this race'),
   (0.0145969605, 'spread'),
   (0.014590424, 'my opponent'),
   (0.013096122, 'stand'),
   (0.012100394, 'launch')],
  -1.918176054365685),
 ([(0.18031026, 'friend'),
   (0.08578247, 'visit'),
   (0.062591396, 'prefer'),
   (0.050914384, 'congress'),
   (0.050434366, 'count'),
   (0.04879334, 'want'),
   (0.030320415, 'privacy policy'),
   (0.027445568, 'chip'),
   (0.024278643, 'time'),
   (0.023132628, 'know'),
   (0.019812984, 'our opponent'),
   (0.014287501, 'today'),
   (0.01423366, 'victory'),
   (0.012693009, 'this seat'),
   (0.01245919, 'this race'),
   (0.010944025, 'your support'),
   (0.010905972, 'your help'),
   (0.010351272, 'any amount'),
   (0.009340595, 'this district'),
   (0.00850026, 'mean')],
  -1.927620525681628),
 ([(0.44271487, 'vote'),
   (0.13480121, 'mail'),
   (0.051071968, 'voting'),
   (0.04179068, 'early'),
   (0.018394897, 'hear'),
   (0.017270992, 'person'),
   (0.0154933985, 'election day'),
   (0.014460606, 'voter'),
   (0.013769083, 'plan'),
   (0.01297457, 'sure'),
   (0.010246033, 'cast'),
   (0.008537232, 'count'),
   (0.008384732, 'ensure'),
   (0.007784625, 'wait'),
   (0.0077752545, 'election'),
   (0.0071983463, 'the vote'),
   (0.0070855403, 'november'),
   (0.006701973, 'find'),
   (0.0063753817, 'choose'),
   (0.006183654, 'know')],
  -1.9526137379820858),
 ([(0.15906581, 'read'),
   (0.102780096, 'say'),
   (0.025473187, 'the coronavirus'),
   (0.022448326, 'people'),
   (0.020657375, 'release'),
   (0.019862149, 'pandemic'),
   (0.019588562, 'covid-19'),
   (0.018498208, 'include'),
   (0.017600562, 'call'),
   (0.014620747, 'lose'),
   (0.013618797, 'this week'),
   (0.01246615, 'continue'),
   (0.012375654, 'state'),
   (0.012217799, 'want'),
   (0.009809903, 'speak'),
   (0.009354879, 'spread'),
   (0.009298495, 'follow'),
   (0.009204134, 'take'),
   (0.008959528, 'allow'),
   (0.0086991405, 'open')],
  -1.9660215983323723),
 ([(0.21801771, 'politic'),
   (0.21413568, 'invest'),
   (0.09321265, 'the time'),
   (0.0517561, 'play'),
   (0.04902137, 'end'),
   (0.033301868, 'money'),
   (0.020240663, 'run'),
   (0.01835775, 'return'),
   (0.016498992, 'the people'),
   (0.01623747, 'bring'),
   (0.014673353, 'healthcare'),
   (0.012931559, 'congress'),
   (0.012546543, 'people'),
   (0.011136627, 'fight'),
   (0.011089992, 'add'),
   (0.010720542, 'provide'),
   (0.008645039, 'address'),
   (0.008585606, 'issue'),
   (0.0058938195, 'this district'),
   (0.0053755883, 'work')],
  -1.9689512717732105),
 ([(0.2650932, 'url'),
   (0.25809982, 'redacted'),
   (0.06673797, 'the link'),
   (0.04328311, '[[url redacted'),
   (0.038681593, 'this email'),
   (0.03740462, 'url redacted'),
   (0.037235722, 'this list'),
   (0.036885858, 'email'),
   (0.02809558, 'contact'),
   (0.025560038, 'question'),
   (0.024485718, 'provide'),
   (0.023300424, 'simply'),
   (0.022861533, 'follow'),
   (0.017646922, 'mailchimp'),
   (0.016350742, 'your browser'),
   (0.008669987, 'use'),
   (0.004931143, '[url redacted'),
   (0.004630967, 'update'),
   (0.0040987344, 'email_redacted'),
   (0.0032224834, 'write')],
  -1.9752296503471216),
 ([(0.04183871, 'democrats'),
   (0.03964879, 'email'),
   (0.039029032, 'the country'),
   (0.032827158, 'advance'),
   (0.030124253, 'elect'),
   (0.029175237, 'the state'),
   (0.024835154, 'stop'),
   (0.024379421, 'win'),
   (0.023420775, 'fight'),
   (0.023093067, 'a part'),
   (0.02213042, 'grassroots donor'),
   (0.021623801, 'our effort'),
   (0.021225795, 'depend'),
   (0.020425577, 'defend'),
   (0.020240197, 'stay'),
   (0.020229373, 'ensure'),
   (0.020203628, 'authorize'),
   (0.019794675, 'add'),
   (0.0195427, 'dedicated'),
   (0.019375404, "any candidate or candidate's committee")],
  -2.001004254486428),
 ([(0.1912985, 'the house'),
   (0.13138707, 'learn'),
   (0.11960397, 'pass'),
   (0.051461637, 'resource'),
   (0.05086205, '[url redacted'),
   (0.050308794, 'include'),
   (0.044485353, 'visit'),
   (0.019705174, 'support'),
   (0.017799942, 'the senate'),
   (0.016648911, '[[url redacted'),
   (0.014480602, 'our website'),
   (0.013211555, 'directly'),
   (0.0128016155, 'hold'),
   (0.0119219795, 'increase'),
   (0.011585425, 'provide'),
   (0.01124028, 'state'),
   (0.010324807, 'elect'),
   (0.009684547, 'take'),
   (0.008427837, 'mail'),
   (0.008190243, 'senate')],
  -2.0435207146023164),
 ([(0.13307753, 'share'),
   (0.056606103, 'forward'),
   (0.041357793, 'know'),
   (0.041089997, 'want'),
   (0.03976237, 'look'),
   (0.026820762, 'hear'),
   (0.026492614, 'social medium'),
   (0.026181724, 'the campaign'),
   (0.021756912, 'your friend'),
   (0.017727219, 'connect'),
   (0.017718425, 'let'),
   (0.014145971, 'come'),
   (0.0132261, 'meet'),
   (0.012487191, 'talk'),
   (0.012261107, 'family'),
   (0.010946951, 'feel'),
   (0.010851047, 'friend'),
   (0.010787645, 'spread'),
   (0.008487812, 'appreciate'),
   (0.008157897, 'important')],
  -2.05015461208606),
 ([(0.046254665, 'work'),
   (0.034062233, 'continue'),
   (0.03377402, 'provide'),
   (0.03245382, 'support'),
   (0.026040122, 'create'),
   (0.024848687, 'family'),
   (0.023576662, 'pandemic'),
   (0.021808198, 'pass'),
   (0.02125693, 'allow'),
   (0.018786103, 'ensure'),
   (0.01711995, 'our community'),
   (0.016380507, 'include'),
   (0.015896514, 'face'),
   (0.014698958, 'address'),
   (0.013205949, 'the state'),
   (0.013132233, 'improve'),
   (0.012269551, 'struggle'),
   (0.011591231, 'able'),
   (0.010673997, 'look'),
   (0.01044474, 'forward')],
  -2.073906252942278),
 ([(0.23923528, 'win'),
   (0.119133726, 'november'),
   (0.061801698, 'this race'),
   (0.04344021, 'your help'),
   (0.042898033, 'your support'),
   (0.035431016, 'go'),
   (0.02898419, 'continue'),
   (0.024634708, 'voter'),
   (0.019727917, 'let'),
   (0.016866252, 'a difference'),
   (0.016324993, 'beat'),
   (0.015731214, 'our campaign'),
   (0.015081456, 'build'),
   (0.015008484, 'make'),
   (0.014997046, 'ready'),
   (0.013551012, 'follow'),
   (0.012413999, 'this seat'),
   (0.011886837, 'victory'),
   (0.011700636, 'this district'),
   (0.010756209, 'every dollar')],
  -2.122885974865373),
 ([(0.47039056, 'love'),
   (0.24090765, 'new york'),
   (0.043720517, 'open'),
   (0.03307322, 'reserve'),
   (0.017005492, 'right'),
   (0.013402257, 'find'),
   (0.013216288, 'all right'),
   (0.010529283, 'say'),
   (0.009461823, 'support'),
   (0.009353592, 'call'),
   (0.0086860545, 'start'),
   (0.0075535146, 'sincerely'),
   (0.007046875, 'away'),
   (0.0067631807, 'tell'),
   (0.005867975, 'push'),
   (0.005659055, 'the election'),
   (0.0054069906, 'time'),
   (0.0052709086, 'the world'),
   (0.0042782384, 'campaign'),
   (0.004248294, 'let')],
  -2.129433365373251),
 ([(0.19911987, 'celebrate'),
   (0.17848678, 'this year'),
   (0.13212888, 'today'),
   (0.05166887, 'join'),
   (0.04415566, 'come'),
   (0.0318596, 'hope'),
   (0.026624668, 'want'),
   (0.024275543, 'community'),
   (0.021556178, 'friend'),
   (0.016896514, 'look'),
   (0.015730605, 'wish'),
   (0.011519913, 'good'),
   (0.010755149, 'forward'),
   (0.008469442, 'family'),
   (0.0077064596, 'honor'),
   (0.007602168, 'sincerely'),
   (0.007439181, 'turn'),
   (0.006297505, 'day'),
   (0.006134972, 'year'),
   (0.005980719, 'bring')],
  -2.159190241066599),
 ([(0.22422864, 'joe biden'),
   (0.08147753, 'president'),
   (0.08068258, 'donald trump'),
   (0.0775683, 'trump'),
   (0.05547426, 'biden'),
   (0.049431894, 'the white house'),
   (0.026127635, 'think'),
   (0.025856586, 'yes'),
   (0.017563142, 'know'),
   (0.016246973, 'choose'),
   (0.013495306, 'lead'),
   (0.012343172, 'hear'),
   (0.011438424, 'pick'),
   (0.01096438, 'tell'),
   (0.009978052, 'americans'),
   (0.009472437, 'elect'),
   (0.009410837, 'poll'),
   (0.008425049, 'the united states'),
   (0.00834325, 'november'),
   (0.008325053, 'the american people')],
  -2.2266572304386694),
 ([(0.4211175, 'mark'),
   (0.21894884, 'november 3rd'),
   (0.060341623, 'election day'),
   (0.021709489, 'the election'),
   (0.018902082, 'today'),
   (0.018572036, 'folk'),
   (0.016239611, 'choose'),
   (0.014519983, 'our team'),
   (0.013082749, 'friend'),
   (0.012847245, 'critical'),
   (0.012150814, 'contribute'),
   (0.012000301, 'ensure'),
   (0.011334451, 'participate'),
   (0.009141002, 'sure'),
   (0.0072388593, 'your support'),
   (0.0064223753, 'commit'),
   (0.005866727, 'advance'),
   (0.005717467, 'the senate'),
   (0.005350979, 'especially'),
   (0.0051925, 'represent')],
  -2.2346676578700375),
 ([(0.22571388, 'our state'),
   (0.1676982, 'yes'),
   (0.14891338, 'the ballot'),
   (0.02717967, 'this november'),
   (0.024574902, 'support'),
   (0.024039838, 'the state'),
   (0.023002598, 'elect'),
   (0.015527099, 'pass'),
   (0.015431574, 'the future'),
   (0.014121237, 'bring'),
   (0.012863, 'candidate'),
   (0.011606311, 'ensure'),
   (0.010593564, 'visit'),
   (0.010080918, 'more information'),
   (0.008903849, 'lead'),
   (0.008681315, 'our website'),
   (0.0083889505, 'today'),
   (0.008215056, 'november 3rd'),
   (0.008091326, 'thousand'),
   (0.0071747103, 'president')],
  -2.3913891156501297)]
LDA on full corpus complete!
