imported modules
unpickled corpus and dictionary files
Number of unique tokens: 531
Number of documents: 120633
logging setup successful
LDA run time: 8135.900364160538
Average topic coherence: -1.7678.
[([(0.08429864, 'this email'),
   (0.05581421, 'your address book'),
   (0.05223937, 'reserve'),
   (0.051887088, 'our mailing address'),
   (0.050023433, 'change'),
   (0.049714882, 'this list'),
   (0.049465317, 'opt'),
   (0.049114704, 'your preference'),
   (0.048892755, 'add'),
   (0.04861354, 'update'),
   (0.048580386, 'all right'),
   (0.048528716, 'our website'),
   (0.04805287, 'want'),
   (0.047105562, 'these email'),
   (0.039606933, 'mailchimp'),
   (0.037536904, 'email marketing powered'),
   (0.031918682, 'view'),
   (0.025399767, 'your browser'),
   (0.01434244, 'copyright'),
   (0.007366248, 'today')],
  -0.954363723878059),
 ([(0.11744277, 'contribute'),
   (0.043077882, 'president trump'),
   (0.028873617, 'donald j. trump'),
   (0.025863469, 'reach'),
   (0.025807125, 'the effort'),
   (0.025545053, 'make america great again'),
   (0.025454605, 'any amount'),
   (0.023694254, 'want'),
   (0.023077652, 'grassroots supporter'),
   (0.023008065, 'our grassroots supporter'),
   (0.022452423, 'your support'),
   (0.021816581, 'authorize'),
   (0.021277385, 'our team'),
   (0.021112991, 'a joint fundraising committee'),
   (0.020267801, 'an important way'),
   (0.020201001, 'believe'),
   (0.020141391, 'date'),
   (0.019438237, 'federal income tax purpose'),
   (0.019335857, 'appreciate'),
   (0.019289555, 'glad')],
  -1.0762931770080484),
 ([(0.001883277, 'chip'),
   (0.0018832666, 'win'),
   (0.0018832663, 'congress'),
   (0.0018832623, 'fight'),
   (0.0018832586, 'today'),
   (0.0018832583, 'know'),
   (0.001883258, 'want'),
   (0.0018832562, 'right'),
   (0.0018832561, 'work'),
   (0.0018832556, 'support'),
   (0.0018832544, 'elect'),
   (0.0018832523, 'email'),
   (0.0018832514, 'let'),
   (0.0018832509, 'this email'),
   (0.0018832505, 'get'),
   (0.0018832487, 'run'),
   (0.0018832487, 'email_redacted'),
   (0.0018832487, 'build'),
   (0.0018832487, 'hit'),
   (0.0018832486, 'reach')],
  -1.1973962818749573),
 ([(0.088926986, 'reserve'),
   (0.075966686, 'all right'),
   (0.06423208, 'update'),
   (0.06014121, 'change'),
   (0.058891594, 'want'),
   (0.056338936, 'this list'),
   (0.05615359, 'our mailing address'),
   (0.05581197, 'your preference'),
   (0.055399243, 'these email'),
   (0.022931961, 'your address book'),
   (0.020697577, 'mailchimp'),
   (0.020216523, 'email marketing powered'),
   (0.019258376, 'copyright'),
   (0.0160895, 'add'),
   (0.012344935, 'this email'),
   (0.0117431395, 'today'),
   (0.0113900425, 'friend'),
   (0.010432529, 'mail'),
   (0.010193936, 'let'),
   (0.008898136, 'leave')],
  -1.1983045370802636),
 ([(0.042107828, 'our email'),
   (0.039409023, 'few email'),
   (0.039391596, 'our top supporter'),
   (0.036460772, 'stand'),
   (0.03334028, 'fight'),
   (0.028587576, 'stay'),
   (0.02725992, 'touch'),
   (0.02612598, 'know'),
   (0.025457423, 'a crucial way'),
   (0.025256036, 'congress'),
   (0.025104962, 'believe'),
   (0.024947152, 'protect'),
   (0.024858551, 'right'),
   (0.023720661, 'email'),
   (0.02339604, 'this message'),
   (0.022711812, 'update'),
   (0.022315472, 'your support'),
   (0.02168152, 'your email address'),
   (0.021293126, '[[email_redacted]] | change'),
   (0.020897882, 'america')],
  -1.1995516661887258),
 ([(0.07579189, 'lose'),
   (0.070794314, 'know'),
   (0.07014364, 'ask'),
   (0.05679349, 'a lot'),
   (0.03088375, 'count'),
   (0.0291557, 'run'),
   (0.026142461, 'email'),
   (0.023039816, 'congress'),
   (0.021408526, 'win'),
   (0.020393318, 'elect'),
   (0.020124037, 'right'),
   (0.017009525, 'let'),
   (0.016601685, 'important'),
   (0.015964929, 'flip'),
   (0.015744748, 'get'),
   (0.015365312, 'go'),
   (0.014045093, 'defeat'),
   (0.012916914, 'your help'),
   (0.012503543, 'your support'),
   (0.012486455, 'chip')],
  -1.2068349516051766),
 ([(0.084880516, 'pass'),
   (0.04384236, 'end'),
   (0.04288063, 'fund'),
   (0.035656646, 'democrats'),
   (0.0328187, 'email'),
   (0.029034842, 'our movement'),
   (0.028557815, 'few email'),
   (0.02583114, 'd.c.'),
   (0.025703263, 'fix'),
   (0.020656127, 'history'),
   (0.019854425, 'know'),
   (0.01967129, 'our effort'),
   (0.019178305, 'win'),
   (0.019005155, 'dedicate'),
   (0.018652366, 'elect'),
   (0.018323855, 'support'),
   (0.017939463, 'push'),
   (0.017853256, 'give'),
   (0.017774198, 'want'),
   (0.017728198, 'fuel')],
  -1.2546330447171608),
 ([(0.144876, 'president'),
   (0.045563817, 'payment information'),
   (0.03848839, 'this email'),
   (0.034170125, 'your donation'),
   (0.032584947, 'save'),
   (0.025615375, 'email_redacted'),
   (0.024501784, 'actblue express'),
   (0.02203237, 'grassroots supporter'),
   (0.020868376, 'immediately'),
   (0.020309538, 'know'),
   (0.019627959, 'donald trump'),
   (0.019602943, 'right'),
   (0.017473914, 'few email'),
   (0.01695077, 'go'),
   (0.016261892, 'mail'),
   (0.016034137, 'the country'),
   (0.015492023, 'power'),
   (0.0152544845, 'win'),
   (0.012848994, 'fight'),
   (0.012274022, 'this campaign')],
  -1.3313556953947847),
 ([(0.1532516, 'immediately'),
   (0.14903882, 'your donation'),
   (0.12380773, 'save'),
   (0.12370526, 'actblue express'),
   (0.11234792, 'your payment information'),
   (0.04080622, 'chip'),
   (0.031649712, 'another amount'),
   (0.022507707, 'right'),
   (0.010974446, 'today'),
   (0.010318374, 'a donation'),
   (0.009817471, 'process'),
   (0.008995867, 'united states'),
   (0.0075197928, 'elect'),
   (0.007348819, 'run'),
   (0.006738486, 'fight'),
   (0.0066051036, 'a contribution'),
   (0.0065684794, 'election day'),
   (0.0056496426, 'raise'),
   (0.005478569, 'go'),
   (0.005218227, 'ensure')],
  -1.3732033661664895),
 ([(0.119452074, 'contact'),
   (0.061097417, 'any question'),
   (0.05833607, 'concern'),
   (0.051939845, 'appreciate'),
   (0.050366037, 'supporter'),
   (0.044791803, 'stay'),
   (0.04273517, 'update'),
   (0.042726036, 'believe'),
   (0.042668164, 'email'),
   (0.041215833, 'an important way'),
   (0.036670275, 'this email'),
   (0.034280367, 'email_redacted'),
   (0.03363132, 'your information'),
   (0.028479718, 'tax'),
   (0.027254147, 'gift'),
   (0.026962513, 'deductible'),
   (0.025552956, 'the campaign'),
   (0.024840951, 'hate'),
   (0.018997686, 'let'),
   (0.018776238, 'know')],
  -1.3733024509182339),
 ([(0.07033241, 'our campaign'),
   (0.05977412, 'this message'),
   (0.058352545, 'few email'),
   (0.048546184, 'supporter'),
   (0.03905753, 'prefer'),
   (0.034982696, 'critical'),
   (0.03134599, 'believe'),
   (0.031293318, 'email_redacted'),
   (0.030926855, 'stay'),
   (0.03065713, 'touch'),
   (0.029239401, 'a crucial way'),
   (0.028825764, 'power'),
   (0.028067846, 'email'),
   (0.02662679, 'update'),
   (0.025721364, 'your support'),
   (0.025357353, 'pac'),
   (0.024552042, '| click'),
   (0.022281703, 'your email address'),
   (0.02121669, '[[email_redacted]] | change'),
   (0.014796865, 'republicans')],
  -1.373423512335608),
 ([(0.09991989, 'run'),
   (0.07424875, 'congress'),
   (0.04566389, 'represent'),
   (0.04314306, 'long'),
   (0.04063308, 'email'),
   (0.038931485, 'washington'),
   (0.036518686, 'wish'),
   (0.02591609, 'stand'),
   (0.023106972, 'believe'),
   (0.022834921, 'this message'),
   (0.02071917, 'know'),
   (0.01921768, 'contribute'),
   (0.017766418, 'people'),
   (0.017284501, 'today'),
   (0.016497489, 'fight'),
   (0.015887596, 'our campaign'),
   (0.015575319, 'strong'),
   (0.01521751, 'error'),
   (0.013837378, 'bring'),
   (0.013549814, 'ready')],
  -1.3766879429398897),
 ([(0.1913198, 'order'),
   (0.08279272, 'commit'),
   (0.038212154, 'today'),
   (0.030340152, 'fight'),
   (0.028704992, 'want'),
   (0.025954094, 'work'),
   (0.025884936, 'protect'),
   (0.025113802, 'support'),
   (0.021875368, 'our country'),
   (0.021265881, 'your help'),
   (0.02064032, 'put'),
   (0.020410927, 'washington'),
   (0.020016005, 'right'),
   (0.0193748, 'bring'),
   (0.018793413, 'step'),
   (0.018532475, 'the senate'),
   (0.016951313, 'the people'),
   (0.016898554, 'serve'),
   (0.01639419, 'chip'),
   (0.016295217, 'know')],
  -1.3843524473548159),
 ([(0.12538853, 'endorsement'),
   (0.09412022, 'use'),
   (0.092766635, 'imply'),
   (0.086840436, 'uniform'),
   (0.08500232, 'photograph'),
   (0.073795125, 'job title'),
   (0.07073816, 'the department of defense'),
   (0.029020024, 'want'),
   (0.020997146, 'email_redacted'),
   (0.019251848, 'these email'),
   (0.018238017, 'this email'),
   (0.012768802, 'anymore'),
   (0.009164122, 'know'),
   (0.0083814, 'able'),
   (0.007854806, 'go'),
   (0.007781152, 'our campaign'),
   (0.0076205176, 'ask'),
   (0.006432322, 'folk'),
   (0.0063140104, 'try'),
   (0.0062036356, 'reach')],
  -1.3881038291771652),
 ([(0.13274534, 'wish'),
   (0.12756819, 'this message'),
   (0.12400524, 'long'),
   (0.12022132, 'believe'),
   (0.11082891, 'email'),
   (0.108344994, 'error'),
   (0.038199246, 'united states'),
   (0.02723508, 'today'),
   (0.016048219, 'know'),
   (0.007383472, 'your support'),
   (0.0073815924, 'united'),
   (0.006645953, 'let'),
   (0.0061053056, 'run'),
   (0.0058648237, 'good'),
   (0.005532382, 'time'),
   (0.0052926056, 'right'),
   (0.0051323483, 'the campaign'),
   (0.0048952447, 'go'),
   (0.0048070378, 'your help'),
   (0.0044272537, 'support')],
  -1.4066203558928632),
 ([(0.11433055, 'start'),
   (0.112025686, 'new york'),
   (0.04184132, 'join'),
   (0.036843423, 'information'),
   (0.0359463, 'sign'),
   (0.034777995, 'directly'),
   (0.032326903, 'follow'),
   (0.02782013, 'twitter'),
   (0.027705286, 'facebook'),
   (0.026497653, 'date'),
   (0.021996384, 'earn'),
   (0.021054242, 'provide'),
   (0.02075219, 'spread'),
   (0.020204842, 'go'),
   (0.019981809, 'support'),
   (0.019747172, 'the fight'),
   (0.018713512, 'step'),
   (0.018500376, 'your help'),
   (0.018428484, 'want'),
   (0.018138083, 'try')],
  -1.4327920507763756),
 ([(0.18111111, 'the senate'),
   (0.066915445, 'democrats'),
   (0.058407817, 'mitch mcconnell'),
   (0.043304257, 'flip'),
   (0.03331002, 'win'),
   (0.028883459, 'right'),
   (0.02591164, 'mcconnell'),
   (0.023144733, 'lose'),
   (0.021294873, 'defeat'),
   (0.019064778, 'take'),
   (0.018078633, 'rush'),
   (0.01773489, 'the supreme court'),
   (0.016380731, 'protect'),
   (0.0155584235, 'friend'),
   (0.014953312, 'the future'),
   (0.014500509, 'another amount'),
   (0.014059749, 'save'),
   (0.013897819, 'your donation'),
   (0.013074061, 'immediately'),
   (0.011556643, 'this race')],
  -1.4448682497259075),
 ([(0.085911766, 'ready'),
   (0.0852553, 'head'),
   (0.07037815, 'keep'),
   (0.06550675, 'know'),
   (0.030448398, 'want'),
   (0.030035602, 'proud'),
   (0.028061645, 'come'),
   (0.0272503, 'step'),
   (0.024411088, 'protect'),
   (0.024409626, 'sure'),
   (0.02437706, 'friend'),
   (0.023644518, 'stop'),
   (0.021760501, 'stand'),
   (0.019530935, 'way'),
   (0.018441452, 'close'),
   (0.016897969, 'read'),
   (0.016788794, 'important'),
   (0.016404849, 'join'),
   (0.015785515, 'support'),
   (0.015281429, 'find')],
  -1.4685926633957036),
 ([(0.068394095, 'elect'),
   (0.032689407, 'few email'),
   (0.029802483, 'this message'),
   (0.026042437, 'today'),
   (0.02225901, 'email_redacted'),
   (0.02103613, 'support'),
   (0.02057487, 'email'),
   (0.01860183, 'our email'),
   (0.018382348, 'democrats'),
   (0.016856363, 'update'),
   (0.01673405, 'change'),
   (0.015633674, 'our country'),
   (0.015232108, '| click'),
   (0.014316767, 'victory'),
   (0.01423239, 'your email address'),
   (0.01393988, 'want'),
   (0.01317415, 'expand'),
   (0.013140183, 'chip'),
   (0.012893057, 'protect'),
   (0.01280331, 'trump')],
  -1.4789256141035485),
 ([(0.13895315, 'the house'),
   (0.09364801, 'nancy pelosi'),
   (0.07802509, 'congress'),
   (0.043575563, 'the democrats'),
   (0.030081756, 'stop'),
   (0.025628297, 'today'),
   (0.0242917, 'republicans'),
   (0.023531498, 'fight'),
   (0.019506015, 'democrats'),
   (0.019377759, 'america'),
   (0.017411193, 'take'),
   (0.016679183, 'control'),
   (0.014752095, 'washington'),
   (0.014453291, 'let'),
   (0.013341466, 'time'),
   (0.011867435, 'your help'),
   (0.011011832, 'the country'),
   (0.010663802, 'november'),
   (0.010327853, 'our country'),
   (0.010247231, 'join')],
  -1.5688054762754),
 ([(0.09136453, 'this campaign'),
   (0.07994731, 'this fight'),
   (0.055990577, 'fight'),
   (0.050048683, 'the time'),
   (0.04256688, 'support'),
   (0.036497097, 'able'),
   (0.035417765, 'this email'),
   (0.034687284, 'hope'),
   (0.03203115, 'make'),
   (0.032011732, 'our campaign'),
   (0.031100858, 'a contribution'),
   (0.029987384, 'work'),
   (0.026732847, 'grateful'),
   (0.025813268, 'take'),
   (0.021198032, 'supporter'),
   (0.015610992, 'email_redacted'),
   (0.014305604, 'your support'),
   (0.012576358, 'find'),
   (0.011536537, 'the fight'),
   (0.011515744, 'count')],
  -1.5776596702654695),
 ([(0.27396628, 'people'),
   (0.03793074, 'politic'),
   (0.036716957, 'work'),
   (0.028358422, 'instead'),
   (0.019075535, 'fight'),
   (0.018536478, 'the people'),
   (0.017404407, 'come'),
   (0.016764337, 'put'),
   (0.016275903, 'make'),
   (0.015907248, 'power'),
   (0.01590701, 'mean'),
   (0.015327813, 'go'),
   (0.013994539, 'believe'),
   (0.013501238, 'time'),
   (0.013207731, 'special interest'),
   (0.012424335, 'change'),
   (0.01205899, 'bring'),
   (0.011538889, 'money'),
   (0.010763022, 'run'),
   (0.010062099, 'know')],
  -1.587314103134814),
 ([(0.08525336, 'touch'),
   (0.06863384, 'stay'),
   (0.06552057, 'supporter'),
   (0.06298767, 'our campaign'),
   (0.060168635, 'the good way'),
   (0.059279017, 'a donation'),
   (0.059260804, 'email'),
   (0.055314455, 'believe'),
   (0.05104536, 'support'),
   (0.040049713, 'few email'),
   (0.033601657, 'chip'),
   (0.029308923, 'congress'),
   (0.026528666, 'other amount'),
   (0.0125559475, 'get'),
   (0.012149144, 'congress po box'),
   (0.012001462, 'remove'),
   (0.011106614, 'go'),
   (0.009494527, 'folk'),
   (0.009259001, 'let'),
   (0.008194653, 'face')],
  -1.5922594876079954),
 ([(0.04109807, 'republicans'),
   (0.035230067, 'let'),
   (0.03103954, 'few email'),
   (0.023818323, 'follow'),
   (0.022479445, 'donald trump'),
   (0.022074033, 'win'),
   (0.020800289, 'increase'),
   (0.020599078, 'democrats'),
   (0.02055466, 'our democracy'),
   (0.018188752, 'authorize'),
   (0.017142216, 'beat'),
   (0.016896987, 'defeat'),
   (0.01664017, 'our email'),
   (0.016199792, '| click'),
   (0.016046068, 'trump'),
   (0.015865304, 'fight'),
   (0.014759297, 'sit'),
   (0.014730287, 'election'),
   (0.014596667, 'make'),
   (0.014515573, 'change')],
  -1.5998497283263293),
 ([(0.4311484, 'rush'),
   (0.168967, 'save'),
   (0.047545623, 'immediately'),
   (0.025959875, 'raise'),
   (0.023846257, 'step'),
   (0.021178186, 'right'),
   (0.019152235, 'another amount'),
   (0.017572008, 'close'),
   (0.017404558, 'run'),
   (0.017334243, 'a donation'),
   (0.015178687, 'tell'),
   (0.014665863, 'win'),
   (0.012019925, 'elect'),
   (0.009767439, 'late'),
   (0.009060087, 'lose'),
   (0.008971481, 'donation'),
   (0.008584089, 'time'),
   (0.007213834, 'fight'),
   (0.0066867177, 'few email'),
   (0.00638401, 'able')],
  -1.6126288710965762),
 ([(0.11133768, 'our goal'),
   (0.10880037, 'hit'),
   (0.084967196, 'midnight'),
   (0.06545314, 'reach'),
   (0.04931335, 'close'),
   (0.040175643, 'raise'),
   (0.032374844, 'tonight'),
   (0.028479343, 'away'),
   (0.028384345, 'meet'),
   (0.027941145, 'chip'),
   (0.02554767, 'midnight tonight'),
   (0.024828538, 'right'),
   (0.02413323, 'count'),
   (0.019902537, 'tomorrow'),
   (0.019273233, 'your help'),
   (0.019077891, 'short'),
   (0.018878205, 'leave'),
   (0.016449664, 'time'),
   (0.0123721985, 'important'),
   (0.010242982, 'your support')],
  -1.6157973793178333),
 ([(0.121010624, 'raise'),
   (0.05835052, 'this race'),
   (0.048695926, 'money'),
   (0.03690413, 'our opponent'),
   (0.032951634, 'today'),
   (0.03218069, 'close'),
   (0.030605156, 'go'),
   (0.02819236, 'come'),
   (0.023665987, 'right'),
   (0.023104383, 'know'),
   (0.022098208, 'fund'),
   (0.021747204, 'spend'),
   (0.018909242, 'our campaign'),
   (0.018777167, 'get'),
   (0.018617474, 'count'),
   (0.016047336, 'election day'),
   (0.015212023, 'outraise'),
   (0.014253019, 'mean'),
   (0.014109856, 'set'),
   (0.013647454, 'run')],
  -1.6276423764032093),
 ([(0.12559597, 'tonight'),
   (0.07150525, 'support'),
   (0.057341207, 'rely'),
   (0.05082556, 'grassroots supporter'),
   (0.044364724, 'democrats'),
   (0.03791373, 'authorize'),
   (0.03661718, 'any candidate or candidate’s committee'),
   (0.034856457, '[[url redacted'),
   (0.03460423, 'a contribution'),
   (0.031218253, 'washington'),
   (0.029017167, 'our work'),
   (0.028853612, 'contribution'),
   (0.027027698, 'few email'),
   (0.026884064, 'the u.s. senate'),
   (0.026835, 'dedicated'),
   (0.025339799, 'deductible'),
   (0.024921015, 'tax'),
   (0.024657723, 'gift'),
   (0.01690503, 'flip'),
   (0.01664466, 'team')],
  -1.6289375469129224),
 ([(0.406047, 'flip'),
   (0.13544634, 'this seat'),
   (0.104327105, 'blue'),
   (0.06712534, 'red'),
   (0.025886692, 'go'),
   (0.021728903, 'win'),
   (0.014461031, 'a donation'),
   (0.013910094, 'your help'),
   (0.013001402, 'right'),
   (0.012035251, 'run'),
   (0.009388587, 'the gop'),
   (0.009071104, 'come'),
   (0.008277386, 'democrats'),
   (0.008176069, 'the country'),
   (0.007830156, 'november'),
   (0.0075292373, 'finally'),
   (0.0068218717, 'know'),
   (0.006126129, 'this race'),
   (0.0056816237, 'history'),
   (0.0056161736, 'your support')],
  -1.6422263619255624),
 ([(0.33474424, 'friend'),
   (0.047682233, 'email'),
   (0.044175714, 'want'),
   (0.044139385, 'support'),
   (0.041389015, 'personally'),
   (0.034292806, 'know'),
   (0.029749759, 'elect'),
   (0.024056543, 'the campaign'),
   (0.021552045, 'understand'),
   (0.019918494, 'get'),
   (0.019417908, 'ask'),
   (0.016973559, 'your help'),
   (0.016834078, 'start'),
   (0.016513178, 'this campaign'),
   (0.015978536, 'a lot'),
   (0.015860898, 'sincerely'),
   (0.015674895, 'today'),
   (0.0145181725, 'ready'),
   (0.013463074, 'a contribution'),
   (0.012717863, 'change')],
  -1.6486350629288937),
 ([(0.20613004, 'respond'),
   (0.061650865, 'your family'),
   (0.039364632, 'directly'),
   (0.039175484, 'congress'),
   (0.0314699, 'hope'),
   (0.030641915, 'want'),
   (0.029034607, 'hear'),
   (0.025416497, 'this email'),
   (0.024169773, 'covid-19'),
   (0.022504278, 'email'),
   (0.022473263, 'our community'),
   (0.022004848, 'email_redacted'),
   (0.021206748, 'united states'),
   (0.020824766, 'inform'),
   (0.020782426, 'stay'),
   (0.020649629, 'safe'),
   (0.02009178, 'long'),
   (0.020013548, 'healthy'),
   (0.019929945, 'supporter'),
   (0.019880308, 'this message')],
  -1.6558929223179382),
 ([(0.31620848, 'express'),
   (0.05547811, 'other amount'),
   (0.052091926, 'save'),
   (0.048805144, 'your donation'),
   (0.04850393, 'actblue express'),
   (0.04769325, 'your payment information'),
   (0.04639827, 'immediately'),
   (0.02132132, 'chip'),
   (0.019821415, 'know'),
   (0.01832062, 'time'),
   (0.016617877, 'win'),
   (0.014414589, 'november'),
   (0.0134922955, 'build'),
   (0.011771353, 'the campaign'),
   (0.011225278, 'rely'),
   (0.010835411, 'clear'),
   (0.010623008, 'pitch'),
   (0.009511049, 'pause'),
   (0.008972413, 'let'),
   (0.008879346, 'appreciate')],
  -1.6616974375658877),
 ([(0.16960378, 'georgia'),
   (0.050071508, 'friend'),
   (0.040083952, 'blue'),
   (0.036814503, 'flip'),
   (0.03679247, 'run'),
   (0.033625223, 'fight'),
   (0.030927232, 'win'),
   (0.028422913, 'provide'),
   (0.027021084, 'democrats'),
   (0.025163647, 'email_redacted'),
   (0.024991581, 'elect'),
   (0.023933034, 'this email'),
   (0.021444298, 'the senate'),
   (0.017152874, 'spend'),
   (0.016122416, 'senate'),
   (0.014878685, 'health care'),
   (0.014218408, 'buy'),
   (0.014117581, 'this race'),
   (0.013956502, 'right'),
   (0.013139189, 'expand')],
  -1.6797536802757582),
 ([(0.71558857, 'chip'),
   (0.023813162, 'right'),
   (0.015177532, 'our campaign'),
   (0.013770215, 'today'),
   (0.0134483045, 'folk'),
   (0.012519505, 'immediately'),
   (0.011905222, 'another amount'),
   (0.009067218, 'any amount'),
   (0.0075523085, 'count'),
   (0.007259617, 'afford'),
   (0.0070090806, 'this election'),
   (0.006507626, 'know'),
   (0.0058754934, 'ask'),
   (0.0057454593, 'let'),
   (0.005253534, 'bring'),
   (0.005056217, 'few email'),
   (0.004407491, 'privacy policy'),
   (0.004350615, 'your help'),
   (0.0043473532, 'look'),
   (0.0041043763, 'fight')],
  -1.6814068843649412),
 ([(0.07355115, 'attack'),
   (0.05856098, 'fight'),
   (0.051157482, 'defeat'),
   (0.04025945, 'stand'),
   (0.038009144, 'want'),
   (0.03523672, 'try'),
   (0.03430636, 'your help'),
   (0.028727965, 'stop'),
   (0.026330119, 'spend'),
   (0.024931546, 'let'),
   (0.024662443, 'the left'),
   (0.024105635, 'right'),
   (0.022820486, 'destroy'),
   (0.019891586, 'know'),
   (0.019506713, 'today'),
   (0.016016947, 'republican'),
   (0.015562883, 'million'),
   (0.01304528, 'go'),
   (0.012515639, 'win'),
   (0.011953052, 'buy')],
  -1.6864514520854246),
 ([(0.120928675, 'secure'),
   (0.0758584, 'business'),
   (0.058313567, 'committed'),
   (0.05587107, 'bring'),
   (0.053686365, 'focus'),
   (0.043331053, 'home'),
   (0.042901672, 'promote'),
   (0.03211992, 'work'),
   (0.028515227, 'fight'),
   (0.018723184, 'learn'),
   (0.01854408, 'support'),
   (0.01851264, 'hope'),
   (0.017377123, 'protect'),
   (0.01712651, 'face'),
   (0.016246978, 'create'),
   (0.016149467, 'raise'),
   (0.015417724, 'spend'),
   (0.015358564, 'pass'),
   (0.015302029, 'americans'),
   (0.015204299, 'take')],
  -1.6967319752419185),
 ([(0.11211834, 'congress'),
   (0.09425379, 'team'),
   (0.09104953, 'fight'),
   (0.08409535, 'ensure'),
   (0.04589113, 'count'),
   (0.035672326, 'continue'),
   (0.03336442, 'the resource'),
   (0.030189376, 'chip'),
   (0.02471409, 'his campaign'),
   (0.024133787, 'the country'),
   (0.021139573, 'take'),
   (0.019874867, 'your support'),
   (0.018441137, 'congress p.o. box'),
   (0.01296937, 'run'),
   (0.011963335, 'sure'),
   (0.010568455, 'email_redacted'),
   (0.0105680665, 'election day'),
   (0.010554626, 'grassroots supporter'),
   (0.00972363, 'this message'),
   (0.009181188, 'step')],
  -1.7006843396074178),
 ([(0.20290975, 'voter'),
   (0.07036385, 'reach'),
   (0.055399396, 'talk'),
   (0.04478951, 'the district'),
   (0.043506786, 'our message'),
   (0.025918366, 'our campaign'),
   (0.021408007, 'your help'),
   (0.021055331, 'spread'),
   (0.018546123, 'connect'),
   (0.017206166, 'run'),
   (0.016121702, 'get'),
   (0.015404166, 'possible'),
   (0.0151392855, 'thousand'),
   (0.013433501, 'your support'),
   (0.0119779585, 'know'),
   (0.010792677, 'hear'),
   (0.010445825, 'start'),
   (0.010354303, 'this campaign'),
   (0.009750237, 'meet'),
   (0.00925739, 'go')],
  -1.7019292292213053),
 ([(0.112286516, 'stop'),
   (0.103358306, 'leader'),
   (0.09415019, 'create'),
   (0.09371084, 'this email'),
   (0.091165245, 'email_redacted'),
   (0.079584174, 'email'),
   (0.073706195, 'united states'),
   (0.045781836, 'facebook'),
   (0.04504841, '[[url redacted'),
   (0.04012746, 'twitter'),
   (0.029209271, 'today'),
   (0.022059828, 'elect'),
   (0.010745091, 'your support'),
   (0.008835238, 'support'),
   (0.0075439382, 'check'),
   (0.0061126016, 'join'),
   (0.005077976, 'make'),
   (0.0046171695, 'consider'),
   (0.0045153736, 'time'),
   (0.0042531453, 'your friend')],
  -1.7092457041675648),
 ([(0.24400865, 'president trump'),
   (0.07232862, 'the president'),
   (0.03283732, 'stop'),
   (0.03097253, 'text'),
   (0.02829012, 'stand'),
   (0.025057765, 'america'),
   (0.021241294, 'the american people'),
   (0.020628812, 'republicans'),
   (0.01933874, 'want'),
   (0.015773725, 'your support'),
   (0.014340342, 'authorize'),
   (0.012701891, 'step'),
   (0.012380592, 'defend'),
   (0.012160467, 'time'),
   (0.012151562, "any candidate or candidate's committee"),
   (0.011739098, 'the white house'),
   (0.011254354, 'call'),
   (0.010651876, 'our email'),
   (0.010636776, 'support'),
   (0.01057063, 'count')],
  -1.713686866177474),
 ([(0.12404016, 'deductible'),
   (0.11647891, 'gift'),
   (0.115716815, 'tax'),
   (0.06629349, 'contribution'),
   (0.06191013, 'email_redacted'),
   (0.057886865, 'this email'),
   (0.045105446, 'health care'),
   (0.03910991, 'know'),
   (0.022839809, 'right'),
   (0.01992705, 'washington'),
   (0.016655192, 'late'),
   (0.016115062, 'update'),
   (0.01499426, 'miss'),
   (0.013229204, 'fight'),
   (0.012103611, 'follow'),
   (0.011215166, 'stay'),
   (0.0110759055, 'away'),
   (0.010550588, 'your information'),
   (0.010453306, 'time'),
   (0.010384506, 'donald trump')],
  -1.715223907882415),
 ([(0.19339167, 'volunteer'),
   (0.09118506, 'sign'),
   (0.08453665, 'our campaign'),
   (0.06283973, 'the campaign'),
   (0.055580482, 'involve'),
   (0.038176335, 'support'),
   (0.024242347, 'join'),
   (0.022027737, 'your help'),
   (0.019259071, 'consider'),
   (0.018369464, 'continue'),
   (0.016169226, 'our team'),
   (0.015158344, 'your support'),
   (0.013503989, 'november'),
   (0.01325804, 'want'),
   (0.0126061365, 'today'),
   (0.011515251, 'far'),
   (0.010803448, 'the state'),
   (0.009805924, 'reach'),
   (0.0096927965, 'interested'),
   (0.009439823, 'work')],
  -1.7154292238581421),
 ([(0.30351946, 'hold'),
   (0.07743494, 'accountable'),
   (0.0755263, 'the truth'),
   (0.07371073, 'lie'),
   (0.053933967, 'know'),
   (0.027632523, 'let'),
   (0.016166663, 'stand'),
   (0.014829119, 'spread'),
   (0.014004111, 'time'),
   (0.0134626655, 'spend'),
   (0.011723564, 'take'),
   (0.011594648, 'run'),
   (0.011279917, 'tell'),
   (0.010265282, 'go'),
   (0.010222921, 'right'),
   (0.0092894, 'washington'),
   (0.008808285, 'refuse'),
   (0.0086013395, 'ensure'),
   (0.008500265, 'hear'),
   (0.008279606, 'think')],
  -1.7172076627268114),
 ([(0.18645637, 'pitch'),
   (0.0726478, 'our race'),
   (0.04432761, 'take'),
   (0.043777604, 'our campaign'),
   (0.038164567, 'email_redacted'),
   (0.036693085, 'corporate pac money'),
   (0.030769246, 'this email'),
   (0.023724739, 'today'),
   (0.021438278, 'spend'),
   (0.019355189, 'email'),
   (0.019192237, 'fight'),
   (0.019166818, 'mean'),
   (0.01731986, 'few email'),
   (0.016760476, 'a contribution'),
   (0.016477363, 'right'),
   (0.016441973, 'this race'),
   (0.014195464, 'rely'),
   (0.013526382, 'accept'),
   (0.0134473555, 'show'),
   (0.012200869, 'instead')],
  -1.7331234883286428),
 ([(0.06851152, 'our state'),
   (0.063910395, 'leadership'),
   (0.053245645, 'restore'),
   (0.05257366, 'opportunity'),
   (0.042192962, 'excited'),
   (0.039184045, 'our campaign'),
   (0.03881995, 'bring'),
   (0.036288828, 'lead'),
   (0.027922316, 'run'),
   (0.024152417, 'work'),
   (0.018923888, 'want'),
   (0.018571103, 'change'),
   (0.01781968, 'fund'),
   (0.016895298, 'support'),
   (0.016331282, 'care'),
   (0.016268024, 'ready'),
   (0.015653271, 'happen'),
   (0.015077875, 'our community'),
   (0.014115265, 'email'),
   (0.0131574785, 'the issue')],
  -1.7408366602954946),
 ([(0.0626244, 'defeat'),
   (0.0375601, 'depend'),
   (0.032692075, 'the country'),
   (0.032298744, 'want'),
   (0.032034926, 'fund'),
   (0.03195057, 'elect'),
   (0.03158056, 'our work'),
   (0.027998652, 'trump'),
   (0.027610196, 'few email'),
   (0.024242533, 'republicans'),
   (0.02124791, 'win'),
   (0.020595655, 'donation'),
   (0.019304706, 'chip'),
   (0.018238142, 'save'),
   (0.018107684, 'victory'),
   (0.018021762, 'money'),
   (0.017694617, 'end'),
   (0.0176048, 'stop'),
   (0.017549615, 'read'),
   (0.017425034, 'candidate')],
  -1.755250904095993),
 ([(0.33822247, 'win'),
   (0.0809693, 'november'),
   (0.058880527, 'this election'),
   (0.055938326, 'this race'),
   (0.048478305, 'go'),
   (0.03783138, 'your help'),
   (0.024428802, 'let'),
   (0.023184659, 'your support'),
   (0.017979128, 'victory'),
   (0.016522959, 'today'),
   (0.015690912, 'know'),
   (0.013912797, 'our campaign'),
   (0.013701142, 'right'),
   (0.011406335, 'important'),
   (0.011130059, 'ready'),
   (0.010865301, 'sure'),
   (0.010835233, 'big'),
   (0.009567716, 'stake'),
   (0.009033872, 'election'),
   (0.008709357, 'count')],
  -1.7679663649390696),
 ([(0.14762199, 'your contribution'),
   (0.090913914, 'process'),
   (0.08307982, 'congress'),
   (0.07278838, 'store'),
   (0.07011049, 'instantly'),
   (0.04561904, 'actblue express'),
   (0.032030325, 'pitch'),
   (0.0278429, 'elect'),
   (0.022630515, 'email_redacted'),
   (0.020202644, 'your help'),
   (0.019983005, 'express'),
   (0.018690504, 'this email'),
   (0.016004961, '[[url redacted'),
   (0.015125757, 'fight'),
   (0.014514667, 'box'),
   (0.014374481, 'day'),
   (0.014072899, 'right'),
   (0.013501503, 'understand'),
   (0.013375106, 'sure'),
   (0.012185035, 'struggle')],
  -1.768351470498732),
 ([(0.15851374, 'work'),
   (0.12595554, 'hard'),
   (0.071575284, 'this district'),
   (0.056716118, 'today'),
   (0.04529129, 'ahead'),
   (0.034467924, 'show'),
   (0.025783207, 'the finish line'),
   (0.025709447, 'election day'),
   (0.025266137, 'push'),
   (0.024421396, 'sure'),
   (0.02243128, 'november'),
   (0.022213846, 'win'),
   (0.020775398, 'start'),
   (0.018325584, 'fight'),
   (0.015765417, 'the line'),
   (0.014863842, 'your help'),
   (0.014456279, 'the people'),
   (0.013595917, 'reach'),
   (0.013480371, 'pick'),
   (0.012399374, 'know')],
  -1.7733730403400871),
 ([(0.42438442, 'senate'),
   (0.085165456, 'the u.s. senate'),
   (0.036548145, 'the senate'),
   (0.02641976, 'know'),
   (0.022667715, 'protect'),
   (0.018562581, 'run'),
   (0.018238666, 'people'),
   (0.01661746, 'pass'),
   (0.01455081, 'work'),
   (0.01443388, 'today'),
   (0.013282233, 'expand'),
   (0.012971984, 'strong'),
   (0.012689549, 'our campaign'),
   (0.012207266, 'authorize'),
   (0.011637649, 'let'),
   (0.011538178, 'raise'),
   (0.0113708945, 'understand'),
   (0.011216552, 'politic'),
   (0.011194429, 'health care'),
   (0.010887055, 'email')],
  -1.799997847890298),
 ([(0.2390402, 'visit'),
   (0.18910603, 'learn'),
   (0.13910411, 'request'),
   (0.11057385, '[[url redacted'),
   (0.07026846, '[url redacted'),
   (0.031964827, 'our website'),
   (0.019964805, 'mail'),
   (0.017548023, 'want'),
   (0.0135102, 'sure'),
   (0.012798094, 'follow'),
   (0.012192133, 'your support'),
   (0.010494364, 'represent'),
   (0.010443706, 'our team'),
   (0.010404589, 'today'),
   (0.0076468308, 'the campaign'),
   (0.0071114926, 'connect'),
   (0.006635522, 'elect'),
   (0.0062217982, 'buy'),
   (0.0060725757, 'allow'),
   (0.005444378, 'know')],
  -1.8089207663768314),
 ([(0.27797195, 'facebook'),
   (0.27342203, 'twitter'),
   (0.14927013, 'follow'),
   (0.09803636, 'instagram'),
   (0.027025998, 'join'),
   (0.023862612, 'our campaign'),
   (0.014268104, 'update'),
   (0.011343913, 'reach'),
   (0.011294942, 'directly'),
   (0.009113123, 'date'),
   (0.0072464016, 'right'),
   (0.007125699, 'give'),
   (0.0069136624, 'friend'),
   (0.006085947, 'connect'),
   (0.005035208, 'share'),
   (0.0048461654, 'social medium'),
   (0.004813991, 'sign'),
   (0.0047835205, 'your information'),
   (0.004614617, 'stop'),
   (0.004372754, 'today')],
  -1.8121003578566208),
 ([(0.12860714, 'medicare'),
   (0.047438037, 'pass'),
   (0.040751647, 'glad'),
   (0.04072931, 'chip'),
   (0.038297098, 'our team'),
   (0.036495224, 'our work'),
   (0.035528783, 'long'),
   (0.033106554, 'email_redacted'),
   (0.03148678, 'few email'),
   (0.02245398, 'know'),
   (0.021577863, 'fight'),
   (0.020612936, 'stand'),
   (0.020216603, 'the only way'),
   (0.01990193, 'drive'),
   (0.018281914, 'your help'),
   (0.018260429, 'afford'),
   (0.018033061, 'put'),
   (0.017934425, 'the way'),
   (0.017776279, 'healthcare'),
   (0.017464304, 'people')],
  -1.816060826667516),
 ([(0.38160515, 'end'),
   (0.16157839, 'month'),
   (0.13339335, 'deadline'),
   (0.10017985, 'goal'),
   (0.07673498, 'fundraising'),
   (0.019716218, 'hit'),
   (0.018132644, 'meet'),
   (0.017724179, 'critical'),
   (0.008193929, 'reach'),
   (0.008060602, 'year'),
   (0.006254894, 'crucial'),
   (0.00591828, 'big'),
   (0.0052287634, 'step'),
   (0.004830633, 'come'),
   (0.0046923226, 'tomorrow'),
   (0.0029670014, 'important'),
   (0.0026512682, 'the election'),
   (0.00232445, 'close'),
   (0.0022914703, 'count'),
   (0.0022540726, 'your support')],
  -1.8335770439150496),
 ([(0.32519576, 'hear'),
   (0.09231696, 'want'),
   (0.06097248, 'question'),
   (0.055633895, 'this email'),
   (0.04660724, 'long'),
   (0.04293697, 'email'),
   (0.042646773, 'inform'),
   (0.03577804, 'concern'),
   (0.031289335, 'contact'),
   (0.031279158, 'supporter'),
   (0.02667468, 'build'),
   (0.02020741, 'an important way'),
   (0.019432113, 'instantly'),
   (0.012604561, 'email_redacted'),
   (0.010999219, 'change'),
   (0.010242048, 'your email address'),
   (0.007384306, 'let'),
   (0.0066800225, 'authorize'),
   (0.005995243, 'po box'),
   (0.0059616524, 'depend')],
  -1.8360299685206543),
 ([(0.29755035, 'my campaign'),
   (0.20777778, 'my opponent'),
   (0.042645674, 'want'),
   (0.03370164, 'prefer'),
   (0.032132287, 'friend'),
   (0.031956054, 'count'),
   (0.031366855, 'visit'),
   (0.028255628, 'privacy policy'),
   (0.021563224, 'your support'),
   (0.01927472, 'support'),
   (0.014394583, 'time'),
   (0.013802649, 'stand'),
   (0.012683438, 'your help'),
   (0.009737072, 'know'),
   (0.009435369, 'spend'),
   (0.007879769, 'sincerely'),
   (0.007177877, 'hope'),
   (0.006926334, 'far'),
   (0.006643041, 'tell'),
   (0.0062697716, 'this race')],
  -1.8421499596673372),
 ([(0.10634347, 'this email'),
   (0.0999034, 'this list'),
   (0.09855405, 'update'),
   (0.08990771, 'your preference'),
   (0.07756378, 'these email'),
   (0.07740775, 'change'),
   (0.06752855, 'want'),
   (0.060473483, 'view'),
   (0.0531039, 'your browser'),
   (0.036143664, 'mailchimp'),
   (0.024663849, 'our mailing address'),
   (0.02443926, 'email_redacted'),
   (0.022008382, 'email'),
   (0.018956281, 'contact'),
   (0.014614816, 'question'),
   (0.013691967, 'simply'),
   (0.008531255, 'email marketing powered'),
   (0.008208272, 'today'),
   (0.00794699, '[url redacted'),
   (0.007016812, 'sincerely')],
  -1.8439026487095247),
 ([(0.0987946, 'reach'),
   (0.055693373, 'want'),
   (0.050914463, 'know'),
   (0.05025049, 'today'),
   (0.036999635, 'ask'),
   (0.036567662, 'sure'),
   (0.035156462, 'my team'),
   (0.033409398, 'your support'),
   (0.025550598, 'our campaign'),
   (0.02196024, 'able'),
   (0.019643752, 'go'),
   (0.019446926, 'your help'),
   (0.01894741, 'see'),
   (0.017778419, 'set'),
   (0.016859286, 'make'),
   (0.016487293, 'possible'),
   (0.015915193, 'yesterday'),
   (0.0155843785, 'mean'),
   (0.015121934, 'let'),
   (0.014499254, 'grateful')],
  -1.845109569033286),
 ([(0.13106748, 'address'),
   (0.10643087, 'change'),
   (0.082195535, '[[url redacted'),
   (0.080771275, 'update'),
   (0.0795676, 'stop'),
   (0.073516406, 'email'),
   (0.06680284, 'your email address'),
   (0.065969214, 'your name'),
   (0.018638419, 'support'),
   (0.01778901, 'today'),
   (0.011249265, 'start'),
   (0.010393791, 'bring'),
   (0.010132338, 'a contribution'),
   (0.0093231965, 'check'),
   (0.0089437, 'create'),
   (0.008659707, 'solidarity'),
   (0.008273965, 'use'),
   (0.0081258835, 'run'),
   (0.008103609, 'individual'),
   (0.0065576895, 'take')],
  -1.8464720203227434),
 ([(0.47103548, 'congress'),
   (0.06793612, 'want'),
   (0.052916322, 'this email'),
   (0.05241775, 'email_redacted'),
   (0.0369372, 'run'),
   (0.034018427, 'anymore'),
   (0.029402547, 'these email'),
   (0.025794806, 'today'),
   (0.013945241, 'washington'),
   (0.012505132, 'sure'),
   (0.01190039, 'right'),
   (0.011040507, 'po box'),
   (0.009595589, 'represent'),
   (0.0076150084, 'work'),
   (0.007047436, 'support'),
   (0.006832112, 'know'),
   (0.005916643, 'a contribution'),
   (0.005738873, 'go'),
   (0.0056437887, 'matter'),
   (0.0054905745, 'congress p.o. box')],
  -1.8511406784839999),
 ([(0.03656087, 'meet'),
   (0.030164462, 'place'),
   (0.029199198, 'host'),
   (0.028795503, 'discuss'),
   (0.020782307, 'support'),
   (0.018857785, 'update'),
   (0.018593965, 'change'),
   (0.01848424, 'want'),
   (0.016643228, 'this email'),
   (0.01659263, 'share'),
   (0.015783098, 'reserve'),
   (0.01554558, 'participate'),
   (0.014872217, 'donation'),
   (0.014433928, 'add'),
   (0.013881704, 'our campaign'),
   (0.013758388, 'ask'),
   (0.013450194, 'this list'),
   (0.013200891, 'deliver'),
   (0.012979072, 'attend'),
   (0.012930531, 'these email')],
  -1.8607019214496205),
 ([(0.13336289, 'election day'),
   (0.10733148, 'cast'),
   (0.09095425, 'mark'),
   (0.07793912, 'november 3rd'),
   (0.0711915, 'their ballot'),
   (0.051391535, 'voter'),
   (0.044736546, 'sure'),
   (0.04107046, 'the election'),
   (0.03666707, 'the vote'),
   (0.0259977, 'leave'),
   (0.021442132, 'this election'),
   (0.020981083, 'away'),
   (0.01928861, 'count'),
   (0.016674614, 'ensure'),
   (0.016116383, 'reach'),
   (0.012568186, 'make'),
   (0.010541755, 'today'),
   (0.009885369, 'folk'),
   (0.008782147, 'the finish line'),
   (0.008537347, 'mean')],
  -1.8653712043025295),
 ([(0.15967639, 'free'),
   (0.1559336, 'try'),
   (0.15030211, '[[url redacted'),
   (0.13411905, 'today'),
   (0.086579464, 'free today'),
   (0.086579464, 'email marketing'),
   (0.07114312, 'power'),
   (0.012538807, 'feel'),
   (0.011491471, 'sincerely'),
   (0.009024933, 'consider'),
   (0.007697355, 'support'),
   (0.006426839, 'make'),
   (0.005993998, 'share'),
   (0.0052506616, 'a donation'),
   (0.0047109355, 'your support'),
   (0.004628865, 'campaign'),
   (0.004181796, 'let'),
   (0.0033594954, 'know'),
   (0.0032823314, 'wait'),
   (0.0030370522, 'appreciate')],
  -1.877933072259993),
 ([(0.14289734, 'serve'),
   (0.10966878, 'the people'),
   (0.058168426, 'work'),
   (0.041554607, 'represent'),
   (0.039841823, 'run'),
   (0.035686072, 'grow'),
   (0.026688695, 'earn'),
   (0.022114854, 'know'),
   (0.021159034, 'support'),
   (0.019333573, 'join'),
   (0.018719513, 'elect'),
   (0.017978122, 'fight'),
   (0.016711911, 'continue'),
   (0.016071364, 'bring'),
   (0.012638636, 'service'),
   (0.010811807, 'spend'),
   (0.009857297, 'ensure'),
   (0.009502956, 'office'),
   (0.00925454, 'committed'),
   (0.009247351, 'our country')],
  -1.8807174141813223),
 ([(0.17306143, 'protect'),
   (0.121651076, 'fight'),
   (0.10072749, 'stand'),
   (0.056348514, 'defend'),
   (0.043231297, 'life'),
   (0.02809261, 'continue'),
   (0.024702229, 'our country'),
   (0.023227312, 'today'),
   (0.01964607, 'ensure'),
   (0.018759802, 'the fight'),
   (0.014132227, 'our democracy'),
   (0.01358636, 'the line'),
   (0.013057898, 'america'),
   (0.012506841, 'let'),
   (0.012441508, 'join'),
   (0.011840969, 'support'),
   (0.011133957, 'right'),
   (0.010826938, 'our nation'),
   (0.010407732, 'americans'),
   (0.010397517, 'clear')],
  -1.890711207853854),
 ([(0.041606825, 'democrats'),
   (0.036026336, 'email'),
   (0.03601239, 'the country'),
   (0.031788837, 'the state'),
   (0.030339362, 'advance'),
   (0.029338425, 'elect'),
   (0.024707537, 'win'),
   (0.023368156, 'stop'),
   (0.023283828, 'fight'),
   (0.022155913, 'our effort'),
   (0.021783046, 'a part'),
   (0.020523446, 'ensure'),
   (0.020453464, 'grassroots donor'),
   (0.01963048, 'depend'),
   (0.01917818, 'authorize'),
   (0.018981416, 'stay'),
   (0.018627193, 'defend'),
   (0.018392127, 'add'),
   (0.018297702, 'a contribution'),
   (0.01809861, 'washington')],
  -1.8909598144030773),
 ([(0.067352094, 'say'),
   (0.037841268, 'think'),
   (0.03292618, 'read'),
   (0.03018764, 'know'),
   (0.027868595, 'tell'),
   (0.02546836, 'go'),
   (0.024884712, 'want'),
   (0.020865953, 'come'),
   (0.018222805, 'time'),
   (0.016530592, 'live'),
   (0.015291317, 'believe'),
   (0.01528466, 'ask'),
   (0.015122822, 'give'),
   (0.013152731, 'take'),
   (0.0130080255, 'look'),
   (0.012647158, 'speak'),
   (0.0123532275, 'see'),
   (0.01141466, 'find'),
   (0.011294851, 'talk'),
   (0.011175173, 'write')],
  -1.8918319838159068),
 ([(0.45173764, 'match'),
   (0.12639241, 'offer'),
   (0.037892636, 'agree'),
   (0.024312282, 'your donation'),
   (0.020602047, 'come'),
   (0.01923128, 'email'),
   (0.017300516, 'step'),
   (0.016865138, 'every dollar'),
   (0.014963411, 'midnight'),
   (0.014600521, 'end'),
   (0.014465459, 'donation'),
   (0.013487497, 'go'),
   (0.012319146, 'your support'),
   (0.011439156, 'protect'),
   (0.0099081425, 'sure'),
   (0.008722605, 'fail'),
   (0.008598136, 'expand'),
   (0.008195255, 'authorize'),
   (0.008139227, 'democrats'),
   (0.0080930805, 'miss')],
  -1.901896214135175),
 ([(0.14566235, 'contribution'),
   (0.086994514, 'report'),
   (0.08249392, 'require'),
   (0.06357673, 'individual'),
   (0.058382608, 'contribute'),
   (0.052061427, 'deductible'),
   (0.051544894, 'corporation'),
   (0.044931125, 'use'),
   (0.04160469, 'election'),
   (0.040348373, 'accept'),
   (0.040052272, 'federal income tax purpose'),
   (0.028120108, 'tax'),
   (0.027696745, 'apply'),
   (0.017611053, 'include'),
   (0.013325438, 'provide'),
   (0.010263755, 'text'),
   (0.010194329, 'fund'),
   (0.008148292, 'the state'),
   (0.00807991, 'call'),
   (0.008028301, 'the campaign')],
  -1.903074034630811),
 ([(0.12419379, 'deserve'),
   (0.074309304, 'access'),
   (0.07209703, 'woman'),
   (0.06508548, 'well'),
   (0.057132177, 'fight'),
   (0.044201817, 'healthcare'),
   (0.036998585, 'expand'),
   (0.031010171, 'support'),
   (0.030517519, 'elect'),
   (0.02248345, 'ensure'),
   (0.01963351, 'health care'),
   (0.018137753, 'believe'),
   (0.017423464, 'work'),
   (0.015862467, 'include'),
   (0.014677708, 'improve'),
   (0.014274163, 'leader'),
   (0.013734944, 'today'),
   (0.013519978, 'increase'),
   (0.013398392, 'stand'),
   (0.0133355865, 'invest')],
  -1.9034677144539585),
 ([(0.13969304, 'endorse'),
   (0.10086766, 'support'),
   (0.0835305, 'proud'),
   (0.05607506, 'announce'),
   (0.050045874, 'today'),
   (0.040287647, 'join'),
   (0.03756194, 'fight'),
   (0.030209905, 'stand'),
   (0.026758775, 'work'),
   (0.024778353, 'the support'),
   (0.023535214, 'know'),
   (0.021070521, 'washington'),
   (0.019896816, 'elect'),
   (0.015520224, 'honor'),
   (0.015147628, 'say'),
   (0.01392051, 'election'),
   (0.013397625, 'include'),
   (0.012190858, 'represent'),
   (0.010048997, 'his campaign'),
   (0.009966256, 'make')],
  -1.9050945367286682),
 ([(0.51995313, 'vote'),
   (0.18880837, 'mail'),
   (0.051128544, 'voting'),
   (0.018955367, 'voter'),
   (0.014038925, 'november'),
   (0.013925102, 'ensure'),
   (0.012811382, 'our democracy'),
   (0.009471302, 'election'),
   (0.008401038, 'the election'),
   (0.0072112856, 'sure'),
   (0.0064637996, 'the vote'),
   (0.006463442, 'hear'),
   (0.006432627, 'know'),
   (0.0059517478, 'easy'),
   (0.005576143, 'important'),
   (0.0051911892, 'count'),
   (0.005023349, 'right'),
   (0.0048444797, 'this election'),
   (0.0047088694, 'republicans'),
   (0.004413925, 'this year')],
  -1.9109478657174033),
 ([(0.051526085, 'win'),
   (0.051003523, 'democrats'),
   (0.043625608, 'mitch mcconnell'),
   (0.04357523, 'fund'),
   (0.03431443, 'support'),
   (0.031865563, 'run'),
   (0.030229041, 'office'),
   (0.030012384, 'want'),
   (0.028327852, 'few email'),
   (0.025551552, 'promise'),
   (0.020857548, 'your help'),
   (0.019079361, 'a difference'),
   (0.01849878, 'replace'),
   (0.01828012, 'elect'),
   (0.017759115, 'this country'),
   (0.01763495, 'special interest'),
   (0.017368697, 'know'),
   (0.017060578, 'republicans'),
   (0.01694208, 'grassroots donor'),
   (0.01598711, 'fight')],
  -1.9110979217503428),
 ([(0.16302426, 'vote'),
   (0.05119033, 'person'),
   (0.051157314, 'find'),
   (0.045511264, 'the poll'),
   (0.045422602, 'early'),
   (0.043681297, 'election day'),
   (0.03472796, 'tomorrow'),
   (0.03461317, 'sure'),
   (0.026949065, 'open'),
   (0.026878556, 'today'),
   (0.022891225, 'return'),
   (0.020633018, 'count'),
   (0.017080368, 'poll'),
   (0.016531594, 'voting'),
   (0.015874885, 'close'),
   (0.015853126, 'drop'),
   (0.014264993, 'cast'),
   (0.013838687, 'time'),
   (0.011604571, 'hear'),
   (0.011561511, 'want')],
  -1.912965184109748),
 ([(0.25129518, 'get'),
   (0.18937157, 'thing'),
   (0.12106818, 'cut'),
   (0.060801044, 'want'),
   (0.030602526, 'sure'),
   (0.030575592, 'control'),
   (0.029004835, 'washington'),
   (0.02564821, 'support'),
   (0.02368843, 'put'),
   (0.0197504, 'earn'),
   (0.019696038, 'today'),
   (0.01688055, 'serve'),
   (0.016865963, 'hate'),
   (0.016108427, 'our country'),
   (0.015002306, 'woman'),
   (0.012636836, 'confirm'),
   (0.010882166, 'know'),
   (0.010495776, 'uniform'),
   (0.008110013, 'bad'),
   (0.005671737, 'look')],
  -1.9245237431140538),
 ([(0.2342238, 'state'),
   (0.08231946, 'more information'),
   (0.03908041, 'stay'),
   (0.034195356, 'support'),
   (0.03398725, 'event'),
   (0.030939883, 'person'),
   (0.030196851, 'contribute'),
   (0.027154783, 'make'),
   (0.026063284, 'consider'),
   (0.02592538, 'protect'),
   (0.024011748, 'run'),
   (0.023929155, 'expand'),
   (0.023642275, 'online'),
   (0.020963334, 'safe'),
   (0.020390412, 'home'),
   (0.018687855, 'visit'),
   (0.018106775, 'people'),
   (0.017360484, 'friend'),
   (0.016978528, 'rely'),
   (0.015680362, 'every dollar')],
  -1.932631749744176),
 ([(0.2200011, 'stay'),
   (0.17632592, 'safe'),
   (0.056101274, 'hope'),
   (0.05249343, 'healthy'),
   (0.034417484, 'home'),
   (0.03205243, 'continue'),
   (0.021722833, 'work'),
   (0.021459365, 'follow'),
   (0.020518301, 'person'),
   (0.01784354, 'your family'),
   (0.017230926, 'able'),
   (0.016954437, 'covid-19'),
   (0.013918989, 'online'),
   (0.013463246, 'sure'),
   (0.012542102, 'event'),
   (0.0121629415, 'date'),
   (0.011889124, 'keep'),
   (0.011424127, 'ensure'),
   (0.010906238, 'pandemic'),
   (0.010671709, 'our team')],
  -1.9379769333672883),
 ([(0.47612968, 'yes'),
   (0.24770217, 'this november'),
   (0.043565758, 'support'),
   (0.022424897, 'ask'),
   (0.021157984, 'pass'),
   (0.01921006, 'win'),
   (0.012266329, 'the ballot'),
   (0.011794005, 'count'),
   (0.011777598, 'more information'),
   (0.010796941, 'november 3rd'),
   (0.010280456, 'few email'),
   (0.007884085, 'sign'),
   (0.007207736, 'our website'),
   (0.0064823576, 'president'),
   (0.0059391744, 'ensure'),
   (0.0058340523, 'reach'),
   (0.005375235, 'matter'),
   (0.004858385, 'the country'),
   (0.0038322124, 'elect'),
   (0.0037393933, 'believe')],
  -1.971419879974054),
 ([(0.078165635, 'sign'),
   (0.057239912, 'call'),
   (0.042062484, 'know'),
   (0.035582155, 'let'),
   (0.031119123, 'join'),
   (0.03055585, 'this week'),
   (0.026656516, 'volunteer'),
   (0.026447635, 'drop'),
   (0.02609011, 'knock'),
   (0.021554863, 'voter'),
   (0.018370008, 'reach'),
   (0.01772163, 'make'),
   (0.016931642, 'start'),
   (0.014458199, 'want'),
   (0.014108946, 'your help'),
   (0.013999318, 'interested'),
   (0.01301339, '[url redacted'),
   (0.012949353, 'come'),
   (0.012608226, 'the district'),
   (0.012372694, 'write')],
  -1.9740062888448846),
 ([(0.08797393, 'work'),
   (0.06109153, 'our community'),
   (0.037655305, 'continue'),
   (0.037643753, 'pandemic'),
   (0.03134305, 'support'),
   (0.031071465, 'know'),
   (0.026458124, 'face'),
   (0.023466175, 'family'),
   (0.019736111, 'covid-19'),
   (0.019499436, 'look'),
   (0.01883864, 'important'),
   (0.018081687, 'care'),
   (0.017727824, 'want'),
   (0.017166344, 'hard'),
   (0.01531961, 'struggle'),
   (0.015271406, 'ensure'),
   (0.015011963, 'the coronavirus'),
   (0.014623732, 'provide'),
   (0.014208068, 'forward'),
   (0.013793847, 'understand')],
  -1.9761940916013079),
 ([(0.18466741, 'our district'),
   (0.17634216, 'view'),
   (0.17128168, 'this email'),
   (0.08829976, 'represent'),
   (0.07771934, 'feel'),
   (0.0619669, 'email_redacted'),
   (0.035129573, 'your browser'),
   (0.025332471, 'our community'),
   (0.012641132, 'a part'),
   (0.011232157, 'our campaign'),
   (0.010820239, 'forward'),
   (0.010429759, 'your help'),
   (0.009952523, 'connect'),
   (0.0082223555, 'run'),
   (0.0057853987, 'your support'),
   (0.005480819, 'bring'),
   (0.005219681, 'support'),
   (0.00516159, 'the future'),
   (0.0050984076, 'look'),
   (0.0041811657, 'high')],
  -1.9812184206015582),
 ([(0.35123685, 'trump'),
   (0.12760022, 'donald trump'),
   (0.032404546, 'defeat'),
   (0.030509867, 'the white house'),
   (0.02758839, 'elect'),
   (0.019270645, 'the country'),
   (0.018805379, 'the gop'),
   (0.018427657, 'fact'),
   (0.015729379, 'support'),
   (0.012027368, 'authorize'),
   (0.011772848, 'work'),
   (0.010921437, 'lose'),
   (0.010547628, 'try'),
   (0.009839985, 'the american people'),
   (0.009632689, 'let'),
   (0.009353241, 'play'),
   (0.009168351, 'focus'),
   (0.009008642, 'raise'),
   (0.008935709, 'use'),
   (0.007872375, 'happen')],
  -1.9901621743806661),
 ([(0.24057253, 'join'),
   (0.061842527, 'rsvp'),
   (0.0536258, 'hope'),
   (0.043990117, 'invite'),
   (0.03551778, 'host'),
   (0.034266386, 'the link'),
   (0.028296266, 'attend'),
   (0.027790405, 'forward'),
   (0.026278792, 'look'),
   (0.021164963, 'tomorrow'),
   (0.020322433, 'tonight'),
   (0.020142408, 'discuss'),
   (0.019585459, 'want'),
   (0.017244145, 'provide'),
   (0.015746623, 'talk'),
   (0.015497507, 'support'),
   (0.014531245, 'follow'),
   (0.013836193, '[url redacted'),
   (0.013791138, 'url redacted'),
   (0.013424565, 'excited')],
  -2.0188953508170373),
 ([(0.21444677, 'sign'),
   (0.13732715, 'add'),
   (0.10365264, 'your name'),
   (0.06862167, 'demand'),
   (0.032944907, 'stand'),
   (0.028769186, 'americans'),
   (0.026681034, 'pass'),
   (0.018188842, 'join'),
   (0.015258946, 'million'),
   (0.0146986805, 'tell'),
   (0.01378509, 'agree'),
   (0.013351287, 'call'),
   (0.0127677405, 'action'),
   (0.011901412, 'force'),
   (0.011652378, 'refuse'),
   (0.011196345, 'save'),
   (0.010995096, 'allow'),
   (0.009275846, 'stop'),
   (0.0089883385, 'let'),
   (0.008644595, 'act')],
  -2.0386048614073218),
 ([(0.15700163, 'the supreme court'),
   (0.1533914, 'fill'),
   (0.15284546, 'confirm'),
   (0.05256252, 'happy'),
   (0.03969238, 'stop'),
   (0.023941081, 'mitch mcconnell'),
   (0.019899169, 'end'),
   (0.017774733, 'count'),
   (0.015188231, 'the senate'),
   (0.0141742, 'prefer'),
   (0.01394404, 'the future'),
   (0.013806596, 'the american people'),
   (0.01350255, 'happen'),
   (0.012947835, 'mcconnell'),
   (0.01205516, 'go'),
   (0.010931237, 'announce'),
   (0.010650821, 'today'),
   (0.010482102, 'replace'),
   (0.010397516, 'decide'),
   (0.0098047815, 'let')],
  -2.045401479171561),
 ([(0.046383403, 'covid-19'),
   (0.039248787, 'provide'),
   (0.029923635, 'include'),
   (0.027168056, 'available'),
   (0.020091705, 'continue'),
   (0.019030519, '[[url redacted'),
   (0.016104754, 'open'),
   (0.01600047, 'find'),
   (0.015963057, 'allow'),
   (0.014528705, 'the state'),
   (0.014351176, 'work'),
   (0.0142776035, 'read'),
   (0.01391224, 'apply'),
   (0.013252073, 'offer'),
   (0.012941415, 'require'),
   (0.01164345, 'pandemic'),
   (0.011088815, 'use'),
   (0.011011029, 'business'),
   (0.010803639, 'home'),
   (0.010701831, 'remain')],
  -2.04677309382993),
 ([(0.17478684, 'this year'),
   (0.13346048, 'the ballot'),
   (0.12404948, 'office'),
   (0.10673213, 'love'),
   (0.075245604, 'elect'),
   (0.07374879, 'run'),
   (0.043306373, 'remove'),
   (0.01860037, 'candidate'),
   (0.018027505, 'change'),
   (0.015872112, 'include'),
   (0.015786365, 'election'),
   (0.014693492, 'soon'),
   (0.012508765, 'get'),
   (0.012248062, 'your support'),
   (0.011670569, 'create'),
   (0.011575818, 'thousand'),
   (0.01082005, 'feel'),
   (0.010065216, 'power'),
   (0.007530648, 'decide'),
   (0.0071296333, 'this email')],
  -2.0502762972209685),
 ([(0.23149236, 'share'),
   (0.17065752, 'watch'),
   (0.046884533, 'your friend'),
   (0.041420646, 'forward'),
   (0.029981839, 'family'),
   (0.026089862, 'social medium'),
   (0.024553634, 'know'),
   (0.023369556, 'live'),
   (0.023221575, 'want'),
   (0.0152137615, 'look'),
   (0.012546598, 'hope'),
   (0.011966319, 'spread'),
   (0.010910747, 'miss'),
   (0.0099922195, 'let'),
   (0.009899445, 'go'),
   (0.009690197, 'ask'),
   (0.009505307, 'release'),
   (0.008970109, 'excited'),
   (0.008836447, 'talk'),
   (0.007870598, 'listen')],
  -2.065791146949636),
 ([(0.12857136, 'deliver'),
   (0.06178161, 'work family'),
   (0.059688494, 'expand'),
   (0.048157662, 'fight'),
   (0.045727126, 'congress'),
   (0.038408056, 'today'),
   (0.03505399, 'a contribution'),
   (0.0323513, 'family'),
   (0.024740146, 'face'),
   (0.022470094, 'united states'),
   (0.021579675, 'make'),
   (0.019906037, 'message'),
   (0.01734759, 'this email'),
   (0.017043598, 'count'),
   (0.016654536, 'grow'),
   (0.016161393, 'the fight'),
   (0.015224383, 'understand'),
   (0.014947442, 'hard'),
   (0.014556259, 'live'),
   (0.014528064, 'pass')],
  -2.071712960822605),
 ([(0.65553427, 'contribute'),
   (0.08357199, 'win'),
   (0.04318854, 'meet'),
   (0.022205807, 'any amount'),
   (0.015043622, 'want'),
   (0.012140194, 'depend'),
   (0.011319438, 'the number'),
   (0.010119373, 'your support'),
   (0.009462847, 'include'),
   (0.009425198, 'cover'),
   (0.0092110345, 'apply'),
   (0.00897043, 'improve'),
   (0.008505516, 'a chance'),
   (0.008140089, 'open'),
   (0.00720917, 'call'),
   (0.0070772097, 'bring'),
   (0.00643241, 'text'),
   (0.00597822, 'today'),
   (0.005961619, 'appreciate'),
   (0.005592408, 'provide')],
  -2.101510593079455),
 ([(0.25844544, 'short'),
   (0.22892727, 'fall'),
   (0.1710643, 'track'),
   (0.051508613, 'afford'),
   (0.035306223, 'right'),
   (0.020569982, 'close'),
   (0.015402251, 'come'),
   (0.015066889, 'miss'),
   (0.013631496, 'our goal'),
   (0.013447305, 'step'),
   (0.011957619, 'simply'),
   (0.010166413, 'our campaign'),
   (0.009291277, 'hit'),
   (0.009191897, 'risk'),
   (0.008362883, 'stay'),
   (0.008061758, 'far'),
   (0.007986747, 'write'),
   (0.005930761, 'count'),
   (0.0053229895, 'the number'),
   (0.00529451, 'matter')],
  -2.12468249788094),
 ([(0.33302322, 'register'),
   (0.28080532, 'check'),
   (0.0781619, 'sure'),
   (0.070318945, 'vote'),
   (0.032991074, 'online'),
   (0.013657689, 'today'),
   (0.011902628, 'update'),
   (0.010801967, 'important'),
   (0.010301009, 'date'),
   (0.009719459, 'your friend'),
   (0.008904194, 'use'),
   (0.007657325, 'recently'),
   (0.007412753, 'miss'),
   (0.0059657013, '[url redacted'),
   (0.005957452, 'family'),
   (0.0054693255, 'ready'),
   (0.0052139317, 'find'),
   (0.0049427375, 'the link'),
   (0.004535877, 'the election'),
   (0.0041820323, 'want')],
  -2.1286809396368063),
 ([(0.123998076, 'celebrate'),
   (0.122162476, 'honor'),
   (0.08909951, 'today'),
   (0.07533006, 'remember'),
   (0.040886965, 'hope'),
   (0.036038753, 'come'),
   (0.021366686, 'give'),
   (0.020141974, 'let'),
   (0.020035127, 'our country'),
   (0.017090812, 'woman'),
   (0.016830008, 'love'),
   (0.016470267, 'continue'),
   (0.015443825, 'friend'),
   (0.015363609, 'day'),
   (0.015028576, 'look'),
   (0.014089578, 'serve'),
   (0.01399693, 'a moment'),
   (0.013947543, 'our nation'),
   (0.013217378, 'this year'),
   (0.011733247, 'grateful')],
  -2.1955807816611244),
 ([(0.42122987, 'joe biden'),
   (0.102794185, 'biden'),
   (0.044006325, 'donald trump'),
   (0.03585892, 'poll'),
   (0.02520137, 'trump'),
   (0.020860735, 'democrats'),
   (0.020786516, 'the white house'),
   (0.019327914, 'think'),
   (0.017552331, 'respond'),
   (0.015266292, 'know'),
   (0.013154292, 'lead'),
   (0.012947769, 'pick'),
   (0.012728842, 'president'),
   (0.01095239, 'support'),
   (0.010505315, 'plan'),
   (0.010411725, 'email_redacted'),
   (0.010137916, 'show'),
   (0.010109601, 'answer'),
   (0.009837628, 'confirm'),
   (0.0089124795, 'officially')],
  -2.2237209008774377),
 ([(0.066057086, 'action'),
   (0.055600215, 'justice'),
   (0.027695589, 'our country'),
   (0.022864705, 'america'),
   (0.021862376, 'change'),
   (0.020557849, 'this country'),
   (0.020523863, 'join'),
   (0.020035908, 'climate change'),
   (0.020008542, 'continue'),
   (0.018850192, 'take'),
   (0.017657045, 'the country'),
   (0.016865376, 'community'),
   (0.016609661, 'the world'),
   (0.015986234, 'call'),
   (0.015691232, 'the united states'),
   (0.015447811, 'solidarity'),
   (0.015179059, 'create'),
   (0.015082118, 'our nation'),
   (0.014415213, 'stand'),
   (0.0143965185, 'lead')],
  -2.2330408976377134),
 ([(0.76028347, 'texas'),
   (0.03516135, 'let'),
   (0.026103344, 'know'),
   (0.015394419, 'touch'),
   (0.014648884, 'the state'),
   (0.014290819, 'this email'),
   (0.012565907, 'time'),
   (0.009934267, 'clear'),
   (0.0090723755, 'go'),
   (0.007851292, 'november'),
   (0.0066594197, 'email_redacted'),
   (0.005858355, 'instagram'),
   (0.004607525, 'pull'),
   (0.0042583407, 'remove'),
   (0.0036236162, 'see'),
   (0.0036232867, 'candidate'),
   (0.0032907391, 'sincerely'),
   (0.003156679, 'look'),
   (0.0031141248, 'victory'),
   (0.0030354522, 'start')],
  -2.3020388742484283),
 ([(0.5937476, 'build'),
   (0.10065604, 'our movement'),
   (0.07966033, 'progress'),
   (0.026901195, 'solidarity'),
   (0.020586852, 'continue'),
   (0.017989332, 'invest'),
   (0.016651921, 'power'),
   (0.013919919, 'crucial'),
   (0.01045287, 'a part'),
   (0.009773041, 'rely'),
   (0.009580362, 'the issue'),
   (0.009267149, 'join'),
   (0.00804346, 'update'),
   (0.0065181535, 'our campaign'),
   (0.0050460994, 'prepare'),
   (0.004865732, 'community'),
   (0.0045536994, 'the united states'),
   (0.0041957423, 'believe'),
   (0.004194994, 'our team'),
   (0.003775217, 'understand')],
  -2.306284105153136),
 ([(0.44567057, 'turn'),
   (0.23546603, 'democrats'),
   (0.03875573, 'republicans'),
   (0.028914042, 'the ballot'),
   (0.022892494, 'november'),
   (0.0155543145, 'the white house'),
   (0.014699896, 'the election'),
   (0.012916983, 'the vote'),
   (0.008664048, 'control'),
   (0.008592718, 'know'),
   (0.008483782, 'the poll'),
   (0.0069158804, 'million'),
   (0.006818049, 'plan'),
   (0.006144972, 'americans'),
   (0.0058374996, 'hand'),
   (0.0057688877, 'give'),
   (0.0057412074, 'this election'),
   (0.0053538624, 'tell'),
   (0.005340102, 'see'),
   (0.0050801747, 'answer')],
  -2.3908845473670413),
 ([(0.59352154, '[[url redacted'),
   (0.120193616, 'finish'),
   (0.07463025, 'strong'),
   (0.04282394, 'url redacted'),
   (0.024738198, '[url redacted'),
   (0.013572674, 'time'),
   (0.012653637, 'let'),
   (0.011098147, 'tomorrow'),
   (0.009843243, 'write'),
   (0.0076108263, 'use'),
   (0.0061533162, 'your support'),
   (0.0060038813, 'find'),
   (0.0059356876, 'po box'),
   (0.0056121484, 'message'),
   (0.0052657644, 'social medium'),
   (0.005207853, 'online'),
   (0.0050507234, 'appreciate'),
   (0.0029915117, 'move'),
   (0.0026318138, 'this email'),
   (0.0026201697, 'the campaign')],
  -2.408525529168997),
 ([(0.48390508, 'begin'),
   (0.23487063, 'choose'),
   (0.076490596, 'participate'),
   (0.023125997, 'represent'),
   (0.018311292, 'start'),
   (0.015269986, 'open'),
   (0.012513264, 'important'),
   (0.011171755, 'use'),
   (0.011121408, 'pick'),
   (0.010763729, 'critical'),
   (0.009382847, 'candidate'),
   (0.008086599, 'answer'),
   (0.0065870606, 'hand'),
   (0.005610521, 'ask'),
   (0.005507089, 'date'),
   (0.0054860823, 'remain'),
   (0.0042577926, 'prepare'),
   (0.003872833, 'crucial'),
   (0.0031975822, 'possible'),
   (0.0031660043, 'hear')],
  -2.504356535420419)]
LDA on full corpus complete!
